[2024-02-17T23:55:33.530+0000] {processor.py:161} INFO - Started process (PID=56) to work on /home/airflow/.local/lib/python3.8/site-packages/airflow/example_dags/example_setup_teardown_taskflow.py
[2024-02-17T23:55:33.535+0000] {processor.py:830} INFO - Processing file /home/airflow/.local/lib/python3.8/site-packages/airflow/example_dags/example_setup_teardown_taskflow.py for tasks to queue
[2024-02-17T23:55:33.540+0000] {logging_mixin.py:188} INFO - [2024-02-17T23:55:33.539+0000] {dagbag.py:538} INFO - Filling up the DagBag from /home/airflow/.local/lib/python3.8/site-packages/airflow/example_dags/example_setup_teardown_taskflow.py
[2024-02-17T23:55:33.581+0000] {processor.py:840} INFO - DAG(s) 'example_setup_teardown_taskflow' retrieved from /home/airflow/.local/lib/python3.8/site-packages/airflow/example_dags/example_setup_teardown_taskflow.py
[2024-02-17T23:55:34.090+0000] {logging_mixin.py:188} INFO - [2024-02-17T23:55:34.088+0000] {override.py:1769} INFO - Created Permission View: can read on DAG:example_setup_teardown_taskflow
[2024-02-17T23:55:34.119+0000] {logging_mixin.py:188} INFO - [2024-02-17T23:55:34.118+0000] {override.py:1769} INFO - Created Permission View: can edit on DAG:example_setup_teardown_taskflow
[2024-02-17T23:55:34.135+0000] {logging_mixin.py:188} INFO - [2024-02-17T23:55:34.135+0000] {override.py:1769} INFO - Created Permission View: can delete on DAG:example_setup_teardown_taskflow
[2024-02-17T23:55:34.137+0000] {logging_mixin.py:188} INFO - [2024-02-17T23:55:34.137+0000] {dag.py:3036} INFO - Sync 1 DAGs
[2024-02-17T23:55:34.171+0000] {logging_mixin.py:188} INFO - [2024-02-17T23:55:34.171+0000] {dag.py:3058} INFO - Creating ORM DAG for example_setup_teardown_taskflow
[2024-02-17T23:55:34.210+0000] {logging_mixin.py:188} INFO - [2024-02-17T23:55:34.209+0000] {dag.py:3823} INFO - Setting next_dagrun for example_setup_teardown_taskflow to 2024-02-16 00:00:00+00:00, run_after=2024-02-17 00:00:00+00:00
[2024-02-17T23:55:34.331+0000] {processor.py:183} INFO - Processing /home/airflow/.local/lib/python3.8/site-packages/airflow/example_dags/example_setup_teardown_taskflow.py took 0.809 seconds
[2024-02-17T23:56:05.304+0000] {processor.py:161} INFO - Started process (PID=111) to work on /home/airflow/.local/lib/python3.8/site-packages/airflow/example_dags/example_setup_teardown_taskflow.py
[2024-02-17T23:56:05.306+0000] {processor.py:830} INFO - Processing file /home/airflow/.local/lib/python3.8/site-packages/airflow/example_dags/example_setup_teardown_taskflow.py for tasks to queue
[2024-02-17T23:56:05.310+0000] {logging_mixin.py:188} INFO - [2024-02-17T23:56:05.310+0000] {dagbag.py:538} INFO - Filling up the DagBag from /home/airflow/.local/lib/python3.8/site-packages/airflow/example_dags/example_setup_teardown_taskflow.py
[2024-02-17T23:56:05.332+0000] {processor.py:840} INFO - DAG(s) 'example_setup_teardown_taskflow' retrieved from /home/airflow/.local/lib/python3.8/site-packages/airflow/example_dags/example_setup_teardown_taskflow.py
[2024-02-17T23:56:05.390+0000] {logging_mixin.py:188} INFO - [2024-02-17T23:56:05.390+0000] {dag.py:3036} INFO - Sync 1 DAGs
[2024-02-17T23:56:05.439+0000] {logging_mixin.py:188} INFO - [2024-02-17T23:56:05.438+0000] {dag.py:3823} INFO - Setting next_dagrun for example_setup_teardown_taskflow to 2024-02-16 00:00:00+00:00, run_after=2024-02-17 00:00:00+00:00
[2024-02-17T23:56:05.482+0000] {processor.py:183} INFO - Processing /home/airflow/.local/lib/python3.8/site-packages/airflow/example_dags/example_setup_teardown_taskflow.py took 0.185 seconds
[2024-02-17T23:56:35.579+0000] {processor.py:161} INFO - Started process (PID=165) to work on /home/airflow/.local/lib/python3.8/site-packages/airflow/example_dags/example_setup_teardown_taskflow.py
[2024-02-17T23:56:35.581+0000] {processor.py:830} INFO - Processing file /home/airflow/.local/lib/python3.8/site-packages/airflow/example_dags/example_setup_teardown_taskflow.py for tasks to queue
[2024-02-17T23:56:35.584+0000] {logging_mixin.py:188} INFO - [2024-02-17T23:56:35.584+0000] {dagbag.py:538} INFO - Filling up the DagBag from /home/airflow/.local/lib/python3.8/site-packages/airflow/example_dags/example_setup_teardown_taskflow.py
[2024-02-17T23:56:35.600+0000] {processor.py:840} INFO - DAG(s) 'example_setup_teardown_taskflow' retrieved from /home/airflow/.local/lib/python3.8/site-packages/airflow/example_dags/example_setup_teardown_taskflow.py
[2024-02-17T23:56:35.623+0000] {logging_mixin.py:188} INFO - [2024-02-17T23:56:35.622+0000] {dag.py:3036} INFO - Sync 1 DAGs
[2024-02-17T23:56:35.661+0000] {logging_mixin.py:188} INFO - [2024-02-17T23:56:35.661+0000] {dag.py:3823} INFO - Setting next_dagrun for example_setup_teardown_taskflow to 2024-02-16 00:00:00+00:00, run_after=2024-02-17 00:00:00+00:00
[2024-02-17T23:56:35.694+0000] {processor.py:183} INFO - Processing /home/airflow/.local/lib/python3.8/site-packages/airflow/example_dags/example_setup_teardown_taskflow.py took 0.119 seconds
[2024-02-17T23:57:06.075+0000] {processor.py:161} INFO - Started process (PID=220) to work on /home/airflow/.local/lib/python3.8/site-packages/airflow/example_dags/example_setup_teardown_taskflow.py
[2024-02-17T23:57:06.078+0000] {processor.py:830} INFO - Processing file /home/airflow/.local/lib/python3.8/site-packages/airflow/example_dags/example_setup_teardown_taskflow.py for tasks to queue
[2024-02-17T23:57:06.085+0000] {logging_mixin.py:188} INFO - [2024-02-17T23:57:06.084+0000] {dagbag.py:538} INFO - Filling up the DagBag from /home/airflow/.local/lib/python3.8/site-packages/airflow/example_dags/example_setup_teardown_taskflow.py
[2024-02-17T23:57:06.111+0000] {processor.py:840} INFO - DAG(s) 'example_setup_teardown_taskflow' retrieved from /home/airflow/.local/lib/python3.8/site-packages/airflow/example_dags/example_setup_teardown_taskflow.py
[2024-02-17T23:57:06.261+0000] {logging_mixin.py:188} INFO - [2024-02-17T23:57:06.261+0000] {dag.py:3036} INFO - Sync 1 DAGs
[2024-02-17T23:57:06.297+0000] {logging_mixin.py:188} INFO - [2024-02-17T23:57:06.297+0000] {dag.py:3823} INFO - Setting next_dagrun for example_setup_teardown_taskflow to 2024-02-16 00:00:00+00:00, run_after=2024-02-17 00:00:00+00:00
[2024-02-17T23:57:06.330+0000] {processor.py:183} INFO - Processing /home/airflow/.local/lib/python3.8/site-packages/airflow/example_dags/example_setup_teardown_taskflow.py took 0.266 seconds
[2024-02-17T23:57:36.830+0000] {processor.py:161} INFO - Started process (PID=275) to work on /home/airflow/.local/lib/python3.8/site-packages/airflow/example_dags/example_setup_teardown_taskflow.py
[2024-02-17T23:57:36.832+0000] {processor.py:830} INFO - Processing file /home/airflow/.local/lib/python3.8/site-packages/airflow/example_dags/example_setup_teardown_taskflow.py for tasks to queue
[2024-02-17T23:57:36.836+0000] {logging_mixin.py:188} INFO - [2024-02-17T23:57:36.836+0000] {dagbag.py:538} INFO - Filling up the DagBag from /home/airflow/.local/lib/python3.8/site-packages/airflow/example_dags/example_setup_teardown_taskflow.py
[2024-02-17T23:57:36.856+0000] {processor.py:840} INFO - DAG(s) 'example_setup_teardown_taskflow' retrieved from /home/airflow/.local/lib/python3.8/site-packages/airflow/example_dags/example_setup_teardown_taskflow.py
[2024-02-17T23:57:36.895+0000] {logging_mixin.py:188} INFO - [2024-02-17T23:57:36.895+0000] {dag.py:3036} INFO - Sync 1 DAGs
[2024-02-17T23:57:36.936+0000] {logging_mixin.py:188} INFO - [2024-02-17T23:57:36.935+0000] {dag.py:3823} INFO - Setting next_dagrun for example_setup_teardown_taskflow to 2024-02-16 00:00:00+00:00, run_after=2024-02-17 00:00:00+00:00
[2024-02-17T23:57:36.982+0000] {processor.py:183} INFO - Processing /home/airflow/.local/lib/python3.8/site-packages/airflow/example_dags/example_setup_teardown_taskflow.py took 0.159 seconds
[2024-02-17T23:58:07.041+0000] {processor.py:161} INFO - Started process (PID=330) to work on /home/airflow/.local/lib/python3.8/site-packages/airflow/example_dags/example_setup_teardown_taskflow.py
[2024-02-17T23:58:07.043+0000] {processor.py:830} INFO - Processing file /home/airflow/.local/lib/python3.8/site-packages/airflow/example_dags/example_setup_teardown_taskflow.py for tasks to queue
[2024-02-17T23:58:07.047+0000] {logging_mixin.py:188} INFO - [2024-02-17T23:58:07.046+0000] {dagbag.py:538} INFO - Filling up the DagBag from /home/airflow/.local/lib/python3.8/site-packages/airflow/example_dags/example_setup_teardown_taskflow.py
[2024-02-17T23:58:07.065+0000] {processor.py:840} INFO - DAG(s) 'example_setup_teardown_taskflow' retrieved from /home/airflow/.local/lib/python3.8/site-packages/airflow/example_dags/example_setup_teardown_taskflow.py
[2024-02-17T23:58:07.122+0000] {logging_mixin.py:188} INFO - [2024-02-17T23:58:07.121+0000] {dag.py:3036} INFO - Sync 1 DAGs
[2024-02-17T23:58:07.156+0000] {logging_mixin.py:188} INFO - [2024-02-17T23:58:07.156+0000] {dag.py:3823} INFO - Setting next_dagrun for example_setup_teardown_taskflow to 2024-02-16 00:00:00+00:00, run_after=2024-02-17 00:00:00+00:00
[2024-02-17T23:58:07.186+0000] {processor.py:183} INFO - Processing /home/airflow/.local/lib/python3.8/site-packages/airflow/example_dags/example_setup_teardown_taskflow.py took 0.150 seconds
