[2024-02-17T23:55:35.632+0000] {processor.py:161} INFO - Started process (PID=61) to work on /home/airflow/.local/lib/python3.8/site-packages/airflow/example_dags/example_sensors.py
[2024-02-17T23:55:35.635+0000] {processor.py:830} INFO - Processing file /home/airflow/.local/lib/python3.8/site-packages/airflow/example_dags/example_sensors.py for tasks to queue
[2024-02-17T23:55:35.639+0000] {logging_mixin.py:188} INFO - [2024-02-17T23:55:35.638+0000] {dagbag.py:538} INFO - Filling up the DagBag from /home/airflow/.local/lib/python3.8/site-packages/airflow/example_dags/example_sensors.py
[2024-02-17T23:55:35.664+0000] {processor.py:840} INFO - DAG(s) 'example_sensors' retrieved from /home/airflow/.local/lib/python3.8/site-packages/airflow/example_dags/example_sensors.py
[2024-02-17T23:55:35.935+0000] {logging_mixin.py:188} INFO - [2024-02-17T23:55:35.934+0000] {override.py:1769} INFO - Created Permission View: can read on DAG:example_sensors
[2024-02-17T23:55:35.962+0000] {logging_mixin.py:188} INFO - [2024-02-17T23:55:35.962+0000] {override.py:1769} INFO - Created Permission View: can edit on DAG:example_sensors
[2024-02-17T23:55:35.981+0000] {logging_mixin.py:188} INFO - [2024-02-17T23:55:35.980+0000] {override.py:1769} INFO - Created Permission View: can delete on DAG:example_sensors
[2024-02-17T23:55:35.984+0000] {logging_mixin.py:188} INFO - [2024-02-17T23:55:35.983+0000] {dag.py:3036} INFO - Sync 1 DAGs
[2024-02-17T23:55:36.011+0000] {logging_mixin.py:188} INFO - [2024-02-17T23:55:36.010+0000] {dag.py:3058} INFO - Creating ORM DAG for example_sensors
[2024-02-17T23:55:36.012+0000] {logging_mixin.py:188} INFO - [2024-02-17T23:55:36.012+0000] {dag.py:3823} INFO - Setting next_dagrun for example_sensors to None, run_after=None
[2024-02-17T23:55:36.060+0000] {processor.py:183} INFO - Processing /home/airflow/.local/lib/python3.8/site-packages/airflow/example_dags/example_sensors.py took 0.436 seconds
[2024-02-17T23:56:07.046+0000] {processor.py:161} INFO - Started process (PID=116) to work on /home/airflow/.local/lib/python3.8/site-packages/airflow/example_dags/example_sensors.py
[2024-02-17T23:56:07.048+0000] {processor.py:830} INFO - Processing file /home/airflow/.local/lib/python3.8/site-packages/airflow/example_dags/example_sensors.py for tasks to queue
[2024-02-17T23:56:07.051+0000] {logging_mixin.py:188} INFO - [2024-02-17T23:56:07.051+0000] {dagbag.py:538} INFO - Filling up the DagBag from /home/airflow/.local/lib/python3.8/site-packages/airflow/example_dags/example_sensors.py
[2024-02-17T23:56:07.070+0000] {processor.py:840} INFO - DAG(s) 'example_sensors' retrieved from /home/airflow/.local/lib/python3.8/site-packages/airflow/example_dags/example_sensors.py
[2024-02-17T23:56:07.123+0000] {logging_mixin.py:188} INFO - [2024-02-17T23:56:07.123+0000] {dag.py:3036} INFO - Sync 1 DAGs
[2024-02-17T23:56:07.149+0000] {logging_mixin.py:188} INFO - [2024-02-17T23:56:07.149+0000] {dag.py:3823} INFO - Setting next_dagrun for example_sensors to None, run_after=None
[2024-02-17T23:56:07.198+0000] {processor.py:183} INFO - Processing /home/airflow/.local/lib/python3.8/site-packages/airflow/example_dags/example_sensors.py took 0.158 seconds
[2024-02-17T23:56:37.321+0000] {processor.py:161} INFO - Started process (PID=171) to work on /home/airflow/.local/lib/python3.8/site-packages/airflow/example_dags/example_sensors.py
[2024-02-17T23:56:37.323+0000] {processor.py:830} INFO - Processing file /home/airflow/.local/lib/python3.8/site-packages/airflow/example_dags/example_sensors.py for tasks to queue
[2024-02-17T23:56:37.326+0000] {logging_mixin.py:188} INFO - [2024-02-17T23:56:37.326+0000] {dagbag.py:538} INFO - Filling up the DagBag from /home/airflow/.local/lib/python3.8/site-packages/airflow/example_dags/example_sensors.py
[2024-02-17T23:56:37.344+0000] {processor.py:840} INFO - DAG(s) 'example_sensors' retrieved from /home/airflow/.local/lib/python3.8/site-packages/airflow/example_dags/example_sensors.py
[2024-02-17T23:56:37.366+0000] {logging_mixin.py:188} INFO - [2024-02-17T23:56:37.366+0000] {dag.py:3036} INFO - Sync 1 DAGs
[2024-02-17T23:56:37.389+0000] {logging_mixin.py:188} INFO - [2024-02-17T23:56:37.388+0000] {dag.py:3823} INFO - Setting next_dagrun for example_sensors to None, run_after=None
[2024-02-17T23:56:37.423+0000] {processor.py:183} INFO - Processing /home/airflow/.local/lib/python3.8/site-packages/airflow/example_dags/example_sensors.py took 0.109 seconds
[2024-02-17T23:57:08.231+0000] {processor.py:161} INFO - Started process (PID=226) to work on /home/airflow/.local/lib/python3.8/site-packages/airflow/example_dags/example_sensors.py
[2024-02-17T23:57:08.232+0000] {processor.py:830} INFO - Processing file /home/airflow/.local/lib/python3.8/site-packages/airflow/example_dags/example_sensors.py for tasks to queue
[2024-02-17T23:57:08.236+0000] {logging_mixin.py:188} INFO - [2024-02-17T23:57:08.235+0000] {dagbag.py:538} INFO - Filling up the DagBag from /home/airflow/.local/lib/python3.8/site-packages/airflow/example_dags/example_sensors.py
[2024-02-17T23:57:08.249+0000] {processor.py:840} INFO - DAG(s) 'example_sensors' retrieved from /home/airflow/.local/lib/python3.8/site-packages/airflow/example_dags/example_sensors.py
[2024-02-17T23:57:08.412+0000] {logging_mixin.py:188} INFO - [2024-02-17T23:57:08.412+0000] {dag.py:3036} INFO - Sync 1 DAGs
[2024-02-17T23:57:08.428+0000] {logging_mixin.py:188} INFO - [2024-02-17T23:57:08.428+0000] {dag.py:3823} INFO - Setting next_dagrun for example_sensors to None, run_after=None
[2024-02-17T23:57:08.462+0000] {processor.py:183} INFO - Processing /home/airflow/.local/lib/python3.8/site-packages/airflow/example_dags/example_sensors.py took 0.236 seconds
[2024-02-17T23:57:38.659+0000] {processor.py:161} INFO - Started process (PID=281) to work on /home/airflow/.local/lib/python3.8/site-packages/airflow/example_dags/example_sensors.py
[2024-02-17T23:57:38.660+0000] {processor.py:830} INFO - Processing file /home/airflow/.local/lib/python3.8/site-packages/airflow/example_dags/example_sensors.py for tasks to queue
[2024-02-17T23:57:38.667+0000] {logging_mixin.py:188} INFO - [2024-02-17T23:57:38.665+0000] {dagbag.py:538} INFO - Filling up the DagBag from /home/airflow/.local/lib/python3.8/site-packages/airflow/example_dags/example_sensors.py
[2024-02-17T23:57:38.698+0000] {processor.py:840} INFO - DAG(s) 'example_sensors' retrieved from /home/airflow/.local/lib/python3.8/site-packages/airflow/example_dags/example_sensors.py
[2024-02-17T23:57:38.751+0000] {logging_mixin.py:188} INFO - [2024-02-17T23:57:38.750+0000] {dag.py:3036} INFO - Sync 1 DAGs
[2024-02-17T23:57:38.770+0000] {logging_mixin.py:188} INFO - [2024-02-17T23:57:38.770+0000] {dag.py:3823} INFO - Setting next_dagrun for example_sensors to None, run_after=None
[2024-02-17T23:57:38.806+0000] {processor.py:183} INFO - Processing /home/airflow/.local/lib/python3.8/site-packages/airflow/example_dags/example_sensors.py took 0.152 seconds
[2024-02-17T23:58:09.915+0000] {processor.py:161} INFO - Started process (PID=336) to work on /home/airflow/.local/lib/python3.8/site-packages/airflow/example_dags/example_sensors.py
[2024-02-17T23:58:09.917+0000] {processor.py:830} INFO - Processing file /home/airflow/.local/lib/python3.8/site-packages/airflow/example_dags/example_sensors.py for tasks to queue
[2024-02-17T23:58:09.921+0000] {logging_mixin.py:188} INFO - [2024-02-17T23:58:09.920+0000] {dagbag.py:538} INFO - Filling up the DagBag from /home/airflow/.local/lib/python3.8/site-packages/airflow/example_dags/example_sensors.py
[2024-02-17T23:58:09.940+0000] {processor.py:840} INFO - DAG(s) 'example_sensors' retrieved from /home/airflow/.local/lib/python3.8/site-packages/airflow/example_dags/example_sensors.py
[2024-02-17T23:58:09.992+0000] {logging_mixin.py:188} INFO - [2024-02-17T23:58:09.992+0000] {dag.py:3036} INFO - Sync 1 DAGs
[2024-02-17T23:58:10.013+0000] {logging_mixin.py:188} INFO - [2024-02-17T23:58:10.013+0000] {dag.py:3823} INFO - Setting next_dagrun for example_sensors to None, run_after=None
[2024-02-17T23:58:10.049+0000] {processor.py:183} INFO - Processing /home/airflow/.local/lib/python3.8/site-packages/airflow/example_dags/example_sensors.py took 0.139 seconds
