[2024-02-17T23:55:34.533+0000] {processor.py:161} INFO - Started process (PID=58) to work on /home/airflow/.local/lib/python3.8/site-packages/airflow/example_dags/example_params_ui_tutorial.py
[2024-02-17T23:55:34.537+0000] {processor.py:830} INFO - Processing file /home/airflow/.local/lib/python3.8/site-packages/airflow/example_dags/example_params_ui_tutorial.py for tasks to queue
[2024-02-17T23:55:34.542+0000] {logging_mixin.py:188} INFO - [2024-02-17T23:55:34.541+0000] {dagbag.py:538} INFO - Filling up the DagBag from /home/airflow/.local/lib/python3.8/site-packages/airflow/example_dags/example_params_ui_tutorial.py
[2024-02-17T23:55:34.574+0000] {processor.py:840} INFO - DAG(s) 'example_params_ui_tutorial' retrieved from /home/airflow/.local/lib/python3.8/site-packages/airflow/example_dags/example_params_ui_tutorial.py
[2024-02-17T23:55:35.142+0000] {logging_mixin.py:188} INFO - [2024-02-17T23:55:35.141+0000] {override.py:1769} INFO - Created Permission View: can read on DAG:example_params_ui_tutorial
[2024-02-17T23:55:35.170+0000] {logging_mixin.py:188} INFO - [2024-02-17T23:55:35.169+0000] {override.py:1769} INFO - Created Permission View: can edit on DAG:example_params_ui_tutorial
[2024-02-17T23:55:35.187+0000] {logging_mixin.py:188} INFO - [2024-02-17T23:55:35.187+0000] {override.py:1769} INFO - Created Permission View: can delete on DAG:example_params_ui_tutorial
[2024-02-17T23:55:35.189+0000] {logging_mixin.py:188} INFO - [2024-02-17T23:55:35.188+0000] {dag.py:3036} INFO - Sync 1 DAGs
[2024-02-17T23:55:35.213+0000] {logging_mixin.py:188} INFO - [2024-02-17T23:55:35.213+0000] {dag.py:3058} INFO - Creating ORM DAG for example_params_ui_tutorial
[2024-02-17T23:55:35.218+0000] {logging_mixin.py:188} INFO - [2024-02-17T23:55:35.217+0000] {dag.py:3823} INFO - Setting next_dagrun for example_params_ui_tutorial to None, run_after=None
[2024-02-17T23:55:35.265+0000] {processor.py:183} INFO - Processing /home/airflow/.local/lib/python3.8/site-packages/airflow/example_dags/example_params_ui_tutorial.py took 0.738 seconds
[2024-02-17T23:56:05.821+0000] {processor.py:161} INFO - Started process (PID=113) to work on /home/airflow/.local/lib/python3.8/site-packages/airflow/example_dags/example_params_ui_tutorial.py
[2024-02-17T23:56:05.823+0000] {processor.py:830} INFO - Processing file /home/airflow/.local/lib/python3.8/site-packages/airflow/example_dags/example_params_ui_tutorial.py for tasks to queue
[2024-02-17T23:56:05.827+0000] {logging_mixin.py:188} INFO - [2024-02-17T23:56:05.826+0000] {dagbag.py:538} INFO - Filling up the DagBag from /home/airflow/.local/lib/python3.8/site-packages/airflow/example_dags/example_params_ui_tutorial.py
[2024-02-17T23:56:05.888+0000] {processor.py:840} INFO - DAG(s) 'example_params_ui_tutorial' retrieved from /home/airflow/.local/lib/python3.8/site-packages/airflow/example_dags/example_params_ui_tutorial.py
[2024-02-17T23:56:06.017+0000] {logging_mixin.py:188} INFO - [2024-02-17T23:56:06.016+0000] {dag.py:3036} INFO - Sync 1 DAGs
[2024-02-17T23:56:06.770+0000] {logging_mixin.py:188} INFO - [2024-02-17T23:56:06.769+0000] {dag.py:3823} INFO - Setting next_dagrun for example_params_ui_tutorial to None, run_after=None
[2024-02-17T23:56:06.833+0000] {processor.py:183} INFO - Processing /home/airflow/.local/lib/python3.8/site-packages/airflow/example_dags/example_params_ui_tutorial.py took 1.019 seconds
[2024-02-17T23:56:36.909+0000] {processor.py:161} INFO - Started process (PID=168) to work on /home/airflow/.local/lib/python3.8/site-packages/airflow/example_dags/example_params_ui_tutorial.py
[2024-02-17T23:56:36.911+0000] {processor.py:830} INFO - Processing file /home/airflow/.local/lib/python3.8/site-packages/airflow/example_dags/example_params_ui_tutorial.py for tasks to queue
[2024-02-17T23:56:36.915+0000] {logging_mixin.py:188} INFO - [2024-02-17T23:56:36.914+0000] {dagbag.py:538} INFO - Filling up the DagBag from /home/airflow/.local/lib/python3.8/site-packages/airflow/example_dags/example_params_ui_tutorial.py
[2024-02-17T23:56:36.938+0000] {processor.py:840} INFO - DAG(s) 'example_params_ui_tutorial' retrieved from /home/airflow/.local/lib/python3.8/site-packages/airflow/example_dags/example_params_ui_tutorial.py
[2024-02-17T23:56:36.970+0000] {logging_mixin.py:188} INFO - [2024-02-17T23:56:36.969+0000] {dag.py:3036} INFO - Sync 1 DAGs
[2024-02-17T23:56:37.007+0000] {logging_mixin.py:188} INFO - [2024-02-17T23:56:37.006+0000] {dag.py:3823} INFO - Setting next_dagrun for example_params_ui_tutorial to None, run_after=None
[2024-02-17T23:56:37.059+0000] {processor.py:183} INFO - Processing /home/airflow/.local/lib/python3.8/site-packages/airflow/example_dags/example_params_ui_tutorial.py took 0.156 seconds
[2024-02-17T23:57:07.501+0000] {processor.py:161} INFO - Started process (PID=223) to work on /home/airflow/.local/lib/python3.8/site-packages/airflow/example_dags/example_params_ui_tutorial.py
[2024-02-17T23:57:07.503+0000] {processor.py:830} INFO - Processing file /home/airflow/.local/lib/python3.8/site-packages/airflow/example_dags/example_params_ui_tutorial.py for tasks to queue
[2024-02-17T23:57:07.508+0000] {logging_mixin.py:188} INFO - [2024-02-17T23:57:07.508+0000] {dagbag.py:538} INFO - Filling up the DagBag from /home/airflow/.local/lib/python3.8/site-packages/airflow/example_dags/example_params_ui_tutorial.py
[2024-02-17T23:57:07.531+0000] {processor.py:840} INFO - DAG(s) 'example_params_ui_tutorial' retrieved from /home/airflow/.local/lib/python3.8/site-packages/airflow/example_dags/example_params_ui_tutorial.py
[2024-02-17T23:57:07.856+0000] {logging_mixin.py:188} INFO - [2024-02-17T23:57:07.855+0000] {dag.py:3036} INFO - Sync 1 DAGs
[2024-02-17T23:57:07.877+0000] {logging_mixin.py:188} INFO - [2024-02-17T23:57:07.877+0000] {dag.py:3823} INFO - Setting next_dagrun for example_params_ui_tutorial to None, run_after=None
[2024-02-17T23:57:07.917+0000] {processor.py:183} INFO - Processing /home/airflow/.local/lib/python3.8/site-packages/airflow/example_dags/example_params_ui_tutorial.py took 0.421 seconds
[2024-02-17T23:57:38.245+0000] {processor.py:161} INFO - Started process (PID=278) to work on /home/airflow/.local/lib/python3.8/site-packages/airflow/example_dags/example_params_ui_tutorial.py
[2024-02-17T23:57:38.247+0000] {processor.py:830} INFO - Processing file /home/airflow/.local/lib/python3.8/site-packages/airflow/example_dags/example_params_ui_tutorial.py for tasks to queue
[2024-02-17T23:57:38.251+0000] {logging_mixin.py:188} INFO - [2024-02-17T23:57:38.250+0000] {dagbag.py:538} INFO - Filling up the DagBag from /home/airflow/.local/lib/python3.8/site-packages/airflow/example_dags/example_params_ui_tutorial.py
[2024-02-17T23:57:38.272+0000] {processor.py:840} INFO - DAG(s) 'example_params_ui_tutorial' retrieved from /home/airflow/.local/lib/python3.8/site-packages/airflow/example_dags/example_params_ui_tutorial.py
[2024-02-17T23:57:38.381+0000] {logging_mixin.py:188} INFO - [2024-02-17T23:57:38.381+0000] {dag.py:3036} INFO - Sync 1 DAGs
[2024-02-17T23:57:38.403+0000] {logging_mixin.py:188} INFO - [2024-02-17T23:57:38.403+0000] {dag.py:3823} INFO - Setting next_dagrun for example_params_ui_tutorial to None, run_after=None
[2024-02-17T23:57:38.443+0000] {processor.py:183} INFO - Processing /home/airflow/.local/lib/python3.8/site-packages/airflow/example_dags/example_params_ui_tutorial.py took 0.204 seconds
[2024-02-17T23:58:09.326+0000] {processor.py:161} INFO - Started process (PID=333) to work on /home/airflow/.local/lib/python3.8/site-packages/airflow/example_dags/example_params_ui_tutorial.py
[2024-02-17T23:58:09.329+0000] {processor.py:830} INFO - Processing file /home/airflow/.local/lib/python3.8/site-packages/airflow/example_dags/example_params_ui_tutorial.py for tasks to queue
[2024-02-17T23:58:09.336+0000] {logging_mixin.py:188} INFO - [2024-02-17T23:58:09.334+0000] {dagbag.py:538} INFO - Filling up the DagBag from /home/airflow/.local/lib/python3.8/site-packages/airflow/example_dags/example_params_ui_tutorial.py
[2024-02-17T23:58:09.374+0000] {processor.py:840} INFO - DAG(s) 'example_params_ui_tutorial' retrieved from /home/airflow/.local/lib/python3.8/site-packages/airflow/example_dags/example_params_ui_tutorial.py
[2024-02-17T23:58:09.509+0000] {logging_mixin.py:188} INFO - [2024-02-17T23:58:09.508+0000] {dag.py:3036} INFO - Sync 1 DAGs
[2024-02-17T23:58:09.537+0000] {logging_mixin.py:188} INFO - [2024-02-17T23:58:09.537+0000] {dag.py:3823} INFO - Setting next_dagrun for example_params_ui_tutorial to None, run_after=None
[2024-02-17T23:58:09.576+0000] {processor.py:183} INFO - Processing /home/airflow/.local/lib/python3.8/site-packages/airflow/example_dags/example_params_ui_tutorial.py took 0.262 seconds
