[2024-02-17T23:55:32.740+0000] {processor.py:161} INFO - Started process (PID=48) to work on /home/airflow/.local/lib/python3.8/site-packages/airflow/example_dags/example_external_task_marker_dag.py
[2024-02-17T23:55:32.747+0000] {processor.py:830} INFO - Processing file /home/airflow/.local/lib/python3.8/site-packages/airflow/example_dags/example_external_task_marker_dag.py for tasks to queue
[2024-02-17T23:55:32.763+0000] {logging_mixin.py:188} INFO - [2024-02-17T23:55:32.762+0000] {dagbag.py:538} INFO - Filling up the DagBag from /home/airflow/.local/lib/python3.8/site-packages/airflow/example_dags/example_external_task_marker_dag.py
[2024-02-17T23:55:32.803+0000] {processor.py:840} INFO - DAG(s) 'example_external_task_marker_child', 'example_external_task_marker_parent' retrieved from /home/airflow/.local/lib/python3.8/site-packages/airflow/example_dags/example_external_task_marker_dag.py
[2024-02-17T23:55:33.171+0000] {logging_mixin.py:188} INFO - [2024-02-17T23:55:33.170+0000] {override.py:1769} INFO - Created Permission View: can read on DAG:example_external_task_marker_child
[2024-02-17T23:55:33.200+0000] {logging_mixin.py:188} INFO - [2024-02-17T23:55:33.199+0000] {override.py:1769} INFO - Created Permission View: can edit on DAG:example_external_task_marker_child
[2024-02-17T23:55:33.218+0000] {logging_mixin.py:188} INFO - [2024-02-17T23:55:33.217+0000] {override.py:1769} INFO - Created Permission View: can delete on DAG:example_external_task_marker_child
[2024-02-17T23:55:33.250+0000] {logging_mixin.py:188} INFO - [2024-02-17T23:55:33.249+0000] {override.py:1769} INFO - Created Permission View: can read on DAG:example_external_task_marker_parent
[2024-02-17T23:55:33.272+0000] {logging_mixin.py:188} INFO - [2024-02-17T23:55:33.271+0000] {override.py:1769} INFO - Created Permission View: can edit on DAG:example_external_task_marker_parent
[2024-02-17T23:55:33.304+0000] {logging_mixin.py:188} INFO - [2024-02-17T23:55:33.303+0000] {override.py:1769} INFO - Created Permission View: can delete on DAG:example_external_task_marker_parent
[2024-02-17T23:55:33.311+0000] {logging_mixin.py:188} INFO - [2024-02-17T23:55:33.310+0000] {dag.py:3036} INFO - Sync 2 DAGs
[2024-02-17T23:55:33.358+0000] {logging_mixin.py:188} INFO - [2024-02-17T23:55:33.357+0000] {dag.py:3058} INFO - Creating ORM DAG for example_external_task_marker_parent
[2024-02-17T23:55:33.361+0000] {logging_mixin.py:188} INFO - [2024-02-17T23:55:33.360+0000] {dag.py:3058} INFO - Creating ORM DAG for example_external_task_marker_child
[2024-02-17T23:55:33.368+0000] {logging_mixin.py:188} INFO - [2024-02-17T23:55:33.367+0000] {dag.py:3823} INFO - Setting next_dagrun for example_external_task_marker_child to None, run_after=None
[2024-02-17T23:55:33.371+0000] {logging_mixin.py:188} INFO - [2024-02-17T23:55:33.370+0000] {dag.py:3823} INFO - Setting next_dagrun for example_external_task_marker_parent to None, run_after=None
[2024-02-17T23:55:33.433+0000] {processor.py:183} INFO - Processing /home/airflow/.local/lib/python3.8/site-packages/airflow/example_dags/example_external_task_marker_dag.py took 0.699 seconds
[2024-02-17T23:56:03.943+0000] {processor.py:161} INFO - Started process (PID=109) to work on /home/airflow/.local/lib/python3.8/site-packages/airflow/example_dags/example_external_task_marker_dag.py
[2024-02-17T23:56:03.944+0000] {processor.py:830} INFO - Processing file /home/airflow/.local/lib/python3.8/site-packages/airflow/example_dags/example_external_task_marker_dag.py for tasks to queue
[2024-02-17T23:56:03.948+0000] {logging_mixin.py:188} INFO - [2024-02-17T23:56:03.948+0000] {dagbag.py:538} INFO - Filling up the DagBag from /home/airflow/.local/lib/python3.8/site-packages/airflow/example_dags/example_external_task_marker_dag.py
[2024-02-17T23:56:03.964+0000] {processor.py:840} INFO - DAG(s) 'example_external_task_marker_parent', 'example_external_task_marker_child' retrieved from /home/airflow/.local/lib/python3.8/site-packages/airflow/example_dags/example_external_task_marker_dag.py
[2024-02-17T23:56:04.020+0000] {logging_mixin.py:188} INFO - [2024-02-17T23:56:04.019+0000] {dag.py:3036} INFO - Sync 2 DAGs
[2024-02-17T23:56:04.049+0000] {logging_mixin.py:188} INFO - [2024-02-17T23:56:04.049+0000] {dag.py:3823} INFO - Setting next_dagrun for example_external_task_marker_child to None, run_after=None
[2024-02-17T23:56:04.058+0000] {logging_mixin.py:188} INFO - [2024-02-17T23:56:04.057+0000] {dag.py:3823} INFO - Setting next_dagrun for example_external_task_marker_parent to None, run_after=None
[2024-02-17T23:56:04.110+0000] {processor.py:183} INFO - Processing /home/airflow/.local/lib/python3.8/site-packages/airflow/example_dags/example_external_task_marker_dag.py took 0.174 seconds
[2024-02-17T23:56:34.451+0000] {processor.py:161} INFO - Started process (PID=163) to work on /home/airflow/.local/lib/python3.8/site-packages/airflow/example_dags/example_external_task_marker_dag.py
[2024-02-17T23:56:34.453+0000] {processor.py:830} INFO - Processing file /home/airflow/.local/lib/python3.8/site-packages/airflow/example_dags/example_external_task_marker_dag.py for tasks to queue
[2024-02-17T23:56:34.456+0000] {logging_mixin.py:188} INFO - [2024-02-17T23:56:34.455+0000] {dagbag.py:538} INFO - Filling up the DagBag from /home/airflow/.local/lib/python3.8/site-packages/airflow/example_dags/example_external_task_marker_dag.py
[2024-02-17T23:56:34.465+0000] {processor.py:840} INFO - DAG(s) 'example_external_task_marker_child', 'example_external_task_marker_parent' retrieved from /home/airflow/.local/lib/python3.8/site-packages/airflow/example_dags/example_external_task_marker_dag.py
[2024-02-17T23:56:34.486+0000] {logging_mixin.py:188} INFO - [2024-02-17T23:56:34.485+0000] {dag.py:3036} INFO - Sync 2 DAGs
[2024-02-17T23:56:34.507+0000] {logging_mixin.py:188} INFO - [2024-02-17T23:56:34.506+0000] {dag.py:3823} INFO - Setting next_dagrun for example_external_task_marker_child to None, run_after=None
[2024-02-17T23:56:34.513+0000] {logging_mixin.py:188} INFO - [2024-02-17T23:56:34.513+0000] {dag.py:3823} INFO - Setting next_dagrun for example_external_task_marker_parent to None, run_after=None
[2024-02-17T23:56:34.539+0000] {processor.py:183} INFO - Processing /home/airflow/.local/lib/python3.8/site-packages/airflow/example_dags/example_external_task_marker_dag.py took 0.092 seconds
[2024-02-17T23:57:05.398+0000] {processor.py:161} INFO - Started process (PID=218) to work on /home/airflow/.local/lib/python3.8/site-packages/airflow/example_dags/example_external_task_marker_dag.py
[2024-02-17T23:57:05.403+0000] {processor.py:830} INFO - Processing file /home/airflow/.local/lib/python3.8/site-packages/airflow/example_dags/example_external_task_marker_dag.py for tasks to queue
[2024-02-17T23:57:05.407+0000] {logging_mixin.py:188} INFO - [2024-02-17T23:57:05.407+0000] {dagbag.py:538} INFO - Filling up the DagBag from /home/airflow/.local/lib/python3.8/site-packages/airflow/example_dags/example_external_task_marker_dag.py
[2024-02-17T23:57:05.418+0000] {processor.py:840} INFO - DAG(s) 'example_external_task_marker_child', 'example_external_task_marker_parent' retrieved from /home/airflow/.local/lib/python3.8/site-packages/airflow/example_dags/example_external_task_marker_dag.py
[2024-02-17T23:57:05.611+0000] {logging_mixin.py:188} INFO - [2024-02-17T23:57:05.611+0000] {dag.py:3036} INFO - Sync 2 DAGs
[2024-02-17T23:57:05.633+0000] {logging_mixin.py:188} INFO - [2024-02-17T23:57:05.632+0000] {dag.py:3823} INFO - Setting next_dagrun for example_external_task_marker_child to None, run_after=None
[2024-02-17T23:57:05.639+0000] {logging_mixin.py:188} INFO - [2024-02-17T23:57:05.638+0000] {dag.py:3823} INFO - Setting next_dagrun for example_external_task_marker_parent to None, run_after=None
[2024-02-17T23:57:05.670+0000] {processor.py:183} INFO - Processing /home/airflow/.local/lib/python3.8/site-packages/airflow/example_dags/example_external_task_marker_dag.py took 0.277 seconds
[2024-02-17T23:57:35.799+0000] {processor.py:161} INFO - Started process (PID=273) to work on /home/airflow/.local/lib/python3.8/site-packages/airflow/example_dags/example_external_task_marker_dag.py
[2024-02-17T23:57:35.800+0000] {processor.py:830} INFO - Processing file /home/airflow/.local/lib/python3.8/site-packages/airflow/example_dags/example_external_task_marker_dag.py for tasks to queue
[2024-02-17T23:57:35.804+0000] {logging_mixin.py:188} INFO - [2024-02-17T23:57:35.803+0000] {dagbag.py:538} INFO - Filling up the DagBag from /home/airflow/.local/lib/python3.8/site-packages/airflow/example_dags/example_external_task_marker_dag.py
[2024-02-17T23:57:35.815+0000] {processor.py:840} INFO - DAG(s) 'example_external_task_marker_parent', 'example_external_task_marker_child' retrieved from /home/airflow/.local/lib/python3.8/site-packages/airflow/example_dags/example_external_task_marker_dag.py
[2024-02-17T23:57:35.859+0000] {logging_mixin.py:188} INFO - [2024-02-17T23:57:35.858+0000] {dag.py:3036} INFO - Sync 2 DAGs
[2024-02-17T23:57:35.881+0000] {logging_mixin.py:188} INFO - [2024-02-17T23:57:35.880+0000] {dag.py:3823} INFO - Setting next_dagrun for example_external_task_marker_child to None, run_after=None
[2024-02-17T23:57:35.887+0000] {logging_mixin.py:188} INFO - [2024-02-17T23:57:35.887+0000] {dag.py:3823} INFO - Setting next_dagrun for example_external_task_marker_parent to None, run_after=None
[2024-02-17T23:57:35.920+0000] {processor.py:183} INFO - Processing /home/airflow/.local/lib/python3.8/site-packages/airflow/example_dags/example_external_task_marker_dag.py took 0.126 seconds
[2024-02-17T23:58:06.019+0000] {processor.py:161} INFO - Started process (PID=328) to work on /home/airflow/.local/lib/python3.8/site-packages/airflow/example_dags/example_external_task_marker_dag.py
[2024-02-17T23:58:06.020+0000] {processor.py:830} INFO - Processing file /home/airflow/.local/lib/python3.8/site-packages/airflow/example_dags/example_external_task_marker_dag.py for tasks to queue
[2024-02-17T23:58:06.024+0000] {logging_mixin.py:188} INFO - [2024-02-17T23:58:06.023+0000] {dagbag.py:538} INFO - Filling up the DagBag from /home/airflow/.local/lib/python3.8/site-packages/airflow/example_dags/example_external_task_marker_dag.py
[2024-02-17T23:58:06.035+0000] {processor.py:840} INFO - DAG(s) 'example_external_task_marker_parent', 'example_external_task_marker_child' retrieved from /home/airflow/.local/lib/python3.8/site-packages/airflow/example_dags/example_external_task_marker_dag.py
[2024-02-17T23:58:06.082+0000] {logging_mixin.py:188} INFO - [2024-02-17T23:58:06.082+0000] {dag.py:3036} INFO - Sync 2 DAGs
[2024-02-17T23:58:06.110+0000] {logging_mixin.py:188} INFO - [2024-02-17T23:58:06.110+0000] {dag.py:3823} INFO - Setting next_dagrun for example_external_task_marker_child to None, run_after=None
[2024-02-17T23:58:06.118+0000] {logging_mixin.py:188} INFO - [2024-02-17T23:58:06.118+0000] {dag.py:3823} INFO - Setting next_dagrun for example_external_task_marker_parent to None, run_after=None
[2024-02-17T23:58:06.149+0000] {processor.py:183} INFO - Processing /home/airflow/.local/lib/python3.8/site-packages/airflow/example_dags/example_external_task_marker_dag.py took 0.136 seconds
