[2024-02-17T23:55:37.919+0000] {processor.py:161} INFO - Started process (PID=70) to work on /home/airflow/.local/lib/python3.8/site-packages/airflow/example_dags/example_datasets.py
[2024-02-17T23:55:37.921+0000] {processor.py:830} INFO - Processing file /home/airflow/.local/lib/python3.8/site-packages/airflow/example_dags/example_datasets.py for tasks to queue
[2024-02-17T23:55:37.924+0000] {logging_mixin.py:188} INFO - [2024-02-17T23:55:37.924+0000] {dagbag.py:538} INFO - Filling up the DagBag from /home/airflow/.local/lib/python3.8/site-packages/airflow/example_dags/example_datasets.py
[2024-02-17T23:55:37.946+0000] {processor.py:840} INFO - DAG(s) 'dataset_consumes_1', 'dataset_produces_2', 'dataset_consumes_1_never_scheduled', 'dataset_consumes_unknown_never_scheduled', 'dataset_consumes_1_and_2', 'dataset_produces_1' retrieved from /home/airflow/.local/lib/python3.8/site-packages/airflow/example_dags/example_datasets.py
[2024-02-17T23:55:38.153+0000] {logging_mixin.py:188} INFO - [2024-02-17T23:55:38.152+0000] {override.py:1769} INFO - Created Permission View: can read on DAG:dataset_consumes_1
[2024-02-17T23:55:38.176+0000] {logging_mixin.py:188} INFO - [2024-02-17T23:55:38.175+0000] {override.py:1769} INFO - Created Permission View: can edit on DAG:dataset_consumes_1
[2024-02-17T23:55:38.195+0000] {logging_mixin.py:188} INFO - [2024-02-17T23:55:38.194+0000] {override.py:1769} INFO - Created Permission View: can delete on DAG:dataset_consumes_1
[2024-02-17T23:55:38.230+0000] {logging_mixin.py:188} INFO - [2024-02-17T23:55:38.229+0000] {override.py:1769} INFO - Created Permission View: can read on DAG:dataset_produces_2
[2024-02-17T23:55:38.248+0000] {logging_mixin.py:188} INFO - [2024-02-17T23:55:38.247+0000] {override.py:1769} INFO - Created Permission View: can edit on DAG:dataset_produces_2
[2024-02-17T23:55:38.263+0000] {logging_mixin.py:188} INFO - [2024-02-17T23:55:38.263+0000] {override.py:1769} INFO - Created Permission View: can delete on DAG:dataset_produces_2
[2024-02-17T23:55:38.293+0000] {logging_mixin.py:188} INFO - [2024-02-17T23:55:38.292+0000] {override.py:1769} INFO - Created Permission View: can read on DAG:dataset_consumes_1_never_scheduled
[2024-02-17T23:55:38.309+0000] {logging_mixin.py:188} INFO - [2024-02-17T23:55:38.309+0000] {override.py:1769} INFO - Created Permission View: can edit on DAG:dataset_consumes_1_never_scheduled
[2024-02-17T23:55:38.325+0000] {logging_mixin.py:188} INFO - [2024-02-17T23:55:38.324+0000] {override.py:1769} INFO - Created Permission View: can delete on DAG:dataset_consumes_1_never_scheduled
[2024-02-17T23:55:38.350+0000] {logging_mixin.py:188} INFO - [2024-02-17T23:55:38.349+0000] {override.py:1769} INFO - Created Permission View: can read on DAG:dataset_consumes_unknown_never_scheduled
[2024-02-17T23:55:38.366+0000] {logging_mixin.py:188} INFO - [2024-02-17T23:55:38.365+0000] {override.py:1769} INFO - Created Permission View: can edit on DAG:dataset_consumes_unknown_never_scheduled
[2024-02-17T23:55:38.386+0000] {logging_mixin.py:188} INFO - [2024-02-17T23:55:38.385+0000] {override.py:1769} INFO - Created Permission View: can delete on DAG:dataset_consumes_unknown_never_scheduled
[2024-02-17T23:55:38.421+0000] {logging_mixin.py:188} INFO - [2024-02-17T23:55:38.420+0000] {override.py:1769} INFO - Created Permission View: can read on DAG:dataset_consumes_1_and_2
[2024-02-17T23:55:38.436+0000] {logging_mixin.py:188} INFO - [2024-02-17T23:55:38.435+0000] {override.py:1769} INFO - Created Permission View: can edit on DAG:dataset_consumes_1_and_2
[2024-02-17T23:55:38.454+0000] {logging_mixin.py:188} INFO - [2024-02-17T23:55:38.453+0000] {override.py:1769} INFO - Created Permission View: can delete on DAG:dataset_consumes_1_and_2
[2024-02-17T23:55:38.489+0000] {logging_mixin.py:188} INFO - [2024-02-17T23:55:38.488+0000] {override.py:1769} INFO - Created Permission View: can read on DAG:dataset_produces_1
[2024-02-17T23:55:38.513+0000] {logging_mixin.py:188} INFO - [2024-02-17T23:55:38.513+0000] {override.py:1769} INFO - Created Permission View: can edit on DAG:dataset_produces_1
[2024-02-17T23:55:38.533+0000] {logging_mixin.py:188} INFO - [2024-02-17T23:55:38.533+0000] {override.py:1769} INFO - Created Permission View: can delete on DAG:dataset_produces_1
[2024-02-17T23:55:38.535+0000] {logging_mixin.py:188} INFO - [2024-02-17T23:55:38.534+0000] {dag.py:3036} INFO - Sync 6 DAGs
[2024-02-17T23:55:38.561+0000] {logging_mixin.py:188} INFO - [2024-02-17T23:55:38.561+0000] {dag.py:3058} INFO - Creating ORM DAG for dataset_consumes_1_never_scheduled
[2024-02-17T23:55:38.563+0000] {logging_mixin.py:188} INFO - [2024-02-17T23:55:38.563+0000] {dag.py:3058} INFO - Creating ORM DAG for dataset_consumes_1
[2024-02-17T23:55:38.565+0000] {logging_mixin.py:188} INFO - [2024-02-17T23:55:38.565+0000] {dag.py:3058} INFO - Creating ORM DAG for dataset_consumes_1_and_2
[2024-02-17T23:55:38.568+0000] {logging_mixin.py:188} INFO - [2024-02-17T23:55:38.567+0000] {dag.py:3058} INFO - Creating ORM DAG for dataset_produces_2
[2024-02-17T23:55:38.570+0000] {logging_mixin.py:188} INFO - [2024-02-17T23:55:38.569+0000] {dag.py:3058} INFO - Creating ORM DAG for dataset_consumes_unknown_never_scheduled
[2024-02-17T23:55:38.575+0000] {logging_mixin.py:188} INFO - [2024-02-17T23:55:38.574+0000] {dag.py:3058} INFO - Creating ORM DAG for dataset_produces_1
[2024-02-17T23:55:38.597+0000] {logging_mixin.py:188} INFO - [2024-02-17T23:55:38.596+0000] {dag.py:3823} INFO - Setting next_dagrun for dataset_consumes_1 to None, run_after=None
[2024-02-17T23:55:38.600+0000] {logging_mixin.py:188} INFO - [2024-02-17T23:55:38.599+0000] {dag.py:3823} INFO - Setting next_dagrun for dataset_consumes_1_and_2 to None, run_after=None
[2024-02-17T23:55:38.602+0000] {logging_mixin.py:188} INFO - [2024-02-17T23:55:38.601+0000] {dag.py:3823} INFO - Setting next_dagrun for dataset_consumes_1_never_scheduled to None, run_after=None
[2024-02-17T23:55:38.604+0000] {logging_mixin.py:188} INFO - [2024-02-17T23:55:38.603+0000] {dag.py:3823} INFO - Setting next_dagrun for dataset_consumes_unknown_never_scheduled to None, run_after=None
[2024-02-17T23:55:38.610+0000] {logging_mixin.py:188} INFO - [2024-02-17T23:55:38.609+0000] {dag.py:3823} INFO - Setting next_dagrun for dataset_produces_1 to 2024-02-16 00:00:00+00:00, run_after=2024-02-17 00:00:00+00:00
[2024-02-17T23:55:38.611+0000] {logging_mixin.py:188} INFO - [2024-02-17T23:55:38.611+0000] {dag.py:3823} INFO - Setting next_dagrun for dataset_produces_2 to None, run_after=None
[2024-02-17T23:55:38.717+0000] {processor.py:183} INFO - Processing /home/airflow/.local/lib/python3.8/site-packages/airflow/example_dags/example_datasets.py took 0.803 seconds
[2024-02-17T23:56:09.543+0000] {processor.py:161} INFO - Started process (PID=126) to work on /home/airflow/.local/lib/python3.8/site-packages/airflow/example_dags/example_datasets.py
[2024-02-17T23:56:09.545+0000] {processor.py:830} INFO - Processing file /home/airflow/.local/lib/python3.8/site-packages/airflow/example_dags/example_datasets.py for tasks to queue
[2024-02-17T23:56:09.550+0000] {logging_mixin.py:188} INFO - [2024-02-17T23:56:09.549+0000] {dagbag.py:538} INFO - Filling up the DagBag from /home/airflow/.local/lib/python3.8/site-packages/airflow/example_dags/example_datasets.py
[2024-02-17T23:56:09.584+0000] {processor.py:840} INFO - DAG(s) 'dataset_produces_2', 'dataset_consumes_1_and_2', 'dataset_produces_1', 'dataset_consumes_1_never_scheduled', 'dataset_consumes_unknown_never_scheduled', 'dataset_consumes_1' retrieved from /home/airflow/.local/lib/python3.8/site-packages/airflow/example_dags/example_datasets.py
[2024-02-17T23:56:09.643+0000] {logging_mixin.py:188} INFO - [2024-02-17T23:56:09.642+0000] {dag.py:3036} INFO - Sync 6 DAGs
[2024-02-17T23:56:09.700+0000] {logging_mixin.py:188} INFO - [2024-02-17T23:56:09.700+0000] {dag.py:3823} INFO - Setting next_dagrun for dataset_consumes_1 to None, run_after=None
[2024-02-17T23:56:09.710+0000] {logging_mixin.py:188} INFO - [2024-02-17T23:56:09.710+0000] {dag.py:3823} INFO - Setting next_dagrun for dataset_consumes_1_and_2 to None, run_after=None
[2024-02-17T23:56:09.714+0000] {logging_mixin.py:188} INFO - [2024-02-17T23:56:09.714+0000] {dag.py:3823} INFO - Setting next_dagrun for dataset_consumes_1_never_scheduled to None, run_after=None
[2024-02-17T23:56:09.718+0000] {logging_mixin.py:188} INFO - [2024-02-17T23:56:09.718+0000] {dag.py:3823} INFO - Setting next_dagrun for dataset_consumes_unknown_never_scheduled to None, run_after=None
[2024-02-17T23:56:09.726+0000] {logging_mixin.py:188} INFO - [2024-02-17T23:56:09.726+0000] {dag.py:3823} INFO - Setting next_dagrun for dataset_produces_1 to 2024-02-16 00:00:00+00:00, run_after=2024-02-17 00:00:00+00:00
[2024-02-17T23:56:09.731+0000] {logging_mixin.py:188} INFO - [2024-02-17T23:56:09.730+0000] {dag.py:3823} INFO - Setting next_dagrun for dataset_produces_2 to None, run_after=None
[2024-02-17T23:56:09.830+0000] {processor.py:183} INFO - Processing /home/airflow/.local/lib/python3.8/site-packages/airflow/example_dags/example_datasets.py took 0.296 seconds
[2024-02-17T23:56:39.964+0000] {processor.py:161} INFO - Started process (PID=181) to work on /home/airflow/.local/lib/python3.8/site-packages/airflow/example_dags/example_datasets.py
[2024-02-17T23:56:39.966+0000] {processor.py:830} INFO - Processing file /home/airflow/.local/lib/python3.8/site-packages/airflow/example_dags/example_datasets.py for tasks to queue
[2024-02-17T23:56:39.970+0000] {logging_mixin.py:188} INFO - [2024-02-17T23:56:39.969+0000] {dagbag.py:538} INFO - Filling up the DagBag from /home/airflow/.local/lib/python3.8/site-packages/airflow/example_dags/example_datasets.py
[2024-02-17T23:56:39.990+0000] {processor.py:840} INFO - DAG(s) 'dataset_consumes_unknown_never_scheduled', 'dataset_consumes_1_and_2', 'dataset_produces_2', 'dataset_consumes_1', 'dataset_produces_1', 'dataset_consumes_1_never_scheduled' retrieved from /home/airflow/.local/lib/python3.8/site-packages/airflow/example_dags/example_datasets.py
[2024-02-17T23:56:40.326+0000] {logging_mixin.py:188} INFO - [2024-02-17T23:56:40.326+0000] {dag.py:3036} INFO - Sync 6 DAGs
[2024-02-17T23:56:40.361+0000] {logging_mixin.py:188} INFO - [2024-02-17T23:56:40.360+0000] {dag.py:3823} INFO - Setting next_dagrun for dataset_consumes_1 to None, run_after=None
[2024-02-17T23:56:40.368+0000] {logging_mixin.py:188} INFO - [2024-02-17T23:56:40.368+0000] {dag.py:3823} INFO - Setting next_dagrun for dataset_consumes_1_and_2 to None, run_after=None
[2024-02-17T23:56:40.373+0000] {logging_mixin.py:188} INFO - [2024-02-17T23:56:40.372+0000] {dag.py:3823} INFO - Setting next_dagrun for dataset_consumes_1_never_scheduled to None, run_after=None
[2024-02-17T23:56:40.378+0000] {logging_mixin.py:188} INFO - [2024-02-17T23:56:40.377+0000] {dag.py:3823} INFO - Setting next_dagrun for dataset_consumes_unknown_never_scheduled to None, run_after=None
[2024-02-17T23:56:40.384+0000] {logging_mixin.py:188} INFO - [2024-02-17T23:56:40.384+0000] {dag.py:3823} INFO - Setting next_dagrun for dataset_produces_1 to 2024-02-16 00:00:00+00:00, run_after=2024-02-17 00:00:00+00:00
[2024-02-17T23:56:40.387+0000] {logging_mixin.py:188} INFO - [2024-02-17T23:56:40.387+0000] {dag.py:3823} INFO - Setting next_dagrun for dataset_produces_2 to None, run_after=None
[2024-02-17T23:56:40.464+0000] {processor.py:183} INFO - Processing /home/airflow/.local/lib/python3.8/site-packages/airflow/example_dags/example_datasets.py took 0.505 seconds
[2024-02-17T23:57:10.643+0000] {processor.py:161} INFO - Started process (PID=237) to work on /home/airflow/.local/lib/python3.8/site-packages/airflow/example_dags/example_datasets.py
[2024-02-17T23:57:10.646+0000] {processor.py:830} INFO - Processing file /home/airflow/.local/lib/python3.8/site-packages/airflow/example_dags/example_datasets.py for tasks to queue
[2024-02-17T23:57:10.653+0000] {logging_mixin.py:188} INFO - [2024-02-17T23:57:10.652+0000] {dagbag.py:538} INFO - Filling up the DagBag from /home/airflow/.local/lib/python3.8/site-packages/airflow/example_dags/example_datasets.py
[2024-02-17T23:57:10.683+0000] {processor.py:840} INFO - DAG(s) 'dataset_consumes_1_and_2', 'dataset_consumes_unknown_never_scheduled', 'dataset_consumes_1_never_scheduled', 'dataset_produces_2', 'dataset_consumes_1', 'dataset_produces_1' retrieved from /home/airflow/.local/lib/python3.8/site-packages/airflow/example_dags/example_datasets.py
[2024-02-17T23:57:10.744+0000] {logging_mixin.py:188} INFO - [2024-02-17T23:57:10.744+0000] {dag.py:3036} INFO - Sync 6 DAGs
[2024-02-17T23:57:10.776+0000] {logging_mixin.py:188} INFO - [2024-02-17T23:57:10.775+0000] {dag.py:3823} INFO - Setting next_dagrun for dataset_consumes_1 to None, run_after=None
[2024-02-17T23:57:10.782+0000] {logging_mixin.py:188} INFO - [2024-02-17T23:57:10.782+0000] {dag.py:3823} INFO - Setting next_dagrun for dataset_consumes_1_and_2 to None, run_after=None
[2024-02-17T23:57:10.785+0000] {logging_mixin.py:188} INFO - [2024-02-17T23:57:10.785+0000] {dag.py:3823} INFO - Setting next_dagrun for dataset_consumes_1_never_scheduled to None, run_after=None
[2024-02-17T23:57:10.788+0000] {logging_mixin.py:188} INFO - [2024-02-17T23:57:10.788+0000] {dag.py:3823} INFO - Setting next_dagrun for dataset_consumes_unknown_never_scheduled to None, run_after=None
[2024-02-17T23:57:10.793+0000] {logging_mixin.py:188} INFO - [2024-02-17T23:57:10.793+0000] {dag.py:3823} INFO - Setting next_dagrun for dataset_produces_1 to 2024-02-16 00:00:00+00:00, run_after=2024-02-17 00:00:00+00:00
[2024-02-17T23:57:10.796+0000] {logging_mixin.py:188} INFO - [2024-02-17T23:57:10.796+0000] {dag.py:3823} INFO - Setting next_dagrun for dataset_produces_2 to None, run_after=None
[2024-02-17T23:57:10.853+0000] {processor.py:183} INFO - Processing /home/airflow/.local/lib/python3.8/site-packages/airflow/example_dags/example_datasets.py took 0.221 seconds
[2024-02-17T23:57:40.991+0000] {processor.py:161} INFO - Started process (PID=292) to work on /home/airflow/.local/lib/python3.8/site-packages/airflow/example_dags/example_datasets.py
[2024-02-17T23:57:40.993+0000] {processor.py:830} INFO - Processing file /home/airflow/.local/lib/python3.8/site-packages/airflow/example_dags/example_datasets.py for tasks to queue
[2024-02-17T23:57:40.997+0000] {logging_mixin.py:188} INFO - [2024-02-17T23:57:40.997+0000] {dagbag.py:538} INFO - Filling up the DagBag from /home/airflow/.local/lib/python3.8/site-packages/airflow/example_dags/example_datasets.py
[2024-02-17T23:57:41.015+0000] {processor.py:840} INFO - DAG(s) 'dataset_produces_1', 'dataset_produces_2', 'dataset_consumes_unknown_never_scheduled', 'dataset_consumes_1_and_2', 'dataset_consumes_1', 'dataset_consumes_1_never_scheduled' retrieved from /home/airflow/.local/lib/python3.8/site-packages/airflow/example_dags/example_datasets.py
[2024-02-17T23:57:41.078+0000] {logging_mixin.py:188} INFO - [2024-02-17T23:57:41.078+0000] {dag.py:3036} INFO - Sync 6 DAGs
[2024-02-17T23:57:41.112+0000] {logging_mixin.py:188} INFO - [2024-02-17T23:57:41.112+0000] {dag.py:3823} INFO - Setting next_dagrun for dataset_consumes_1 to None, run_after=None
[2024-02-17T23:57:41.119+0000] {logging_mixin.py:188} INFO - [2024-02-17T23:57:41.118+0000] {dag.py:3823} INFO - Setting next_dagrun for dataset_consumes_1_and_2 to None, run_after=None
[2024-02-17T23:57:41.122+0000] {logging_mixin.py:188} INFO - [2024-02-17T23:57:41.121+0000] {dag.py:3823} INFO - Setting next_dagrun for dataset_consumes_1_never_scheduled to None, run_after=None
[2024-02-17T23:57:41.125+0000] {logging_mixin.py:188} INFO - [2024-02-17T23:57:41.125+0000] {dag.py:3823} INFO - Setting next_dagrun for dataset_consumes_unknown_never_scheduled to None, run_after=None
[2024-02-17T23:57:41.130+0000] {logging_mixin.py:188} INFO - [2024-02-17T23:57:41.129+0000] {dag.py:3823} INFO - Setting next_dagrun for dataset_produces_1 to 2024-02-16 00:00:00+00:00, run_after=2024-02-17 00:00:00+00:00
[2024-02-17T23:57:41.133+0000] {logging_mixin.py:188} INFO - [2024-02-17T23:57:41.132+0000] {dag.py:3823} INFO - Setting next_dagrun for dataset_produces_2 to None, run_after=None
[2024-02-17T23:57:41.187+0000] {processor.py:183} INFO - Processing /home/airflow/.local/lib/python3.8/site-packages/airflow/example_dags/example_datasets.py took 0.202 seconds
[2024-02-17T23:58:11.286+0000] {processor.py:161} INFO - Started process (PID=347) to work on /home/airflow/.local/lib/python3.8/site-packages/airflow/example_dags/example_datasets.py
[2024-02-17T23:58:11.287+0000] {processor.py:830} INFO - Processing file /home/airflow/.local/lib/python3.8/site-packages/airflow/example_dags/example_datasets.py for tasks to queue
[2024-02-17T23:58:11.291+0000] {logging_mixin.py:188} INFO - [2024-02-17T23:58:11.290+0000] {dagbag.py:538} INFO - Filling up the DagBag from /home/airflow/.local/lib/python3.8/site-packages/airflow/example_dags/example_datasets.py
[2024-02-17T23:58:11.307+0000] {processor.py:840} INFO - DAG(s) 'dataset_produces_1', 'dataset_consumes_1_and_2', 'dataset_consumes_unknown_never_scheduled', 'dataset_consumes_1_never_scheduled', 'dataset_produces_2', 'dataset_consumes_1' retrieved from /home/airflow/.local/lib/python3.8/site-packages/airflow/example_dags/example_datasets.py
[2024-02-17T23:58:11.365+0000] {logging_mixin.py:188} INFO - [2024-02-17T23:58:11.365+0000] {dag.py:3036} INFO - Sync 6 DAGs
[2024-02-17T23:58:11.418+0000] {logging_mixin.py:188} INFO - [2024-02-17T23:58:11.417+0000] {dag.py:3823} INFO - Setting next_dagrun for dataset_consumes_1 to None, run_after=None
[2024-02-17T23:58:11.425+0000] {logging_mixin.py:188} INFO - [2024-02-17T23:58:11.425+0000] {dag.py:3823} INFO - Setting next_dagrun for dataset_consumes_1_and_2 to None, run_after=None
[2024-02-17T23:58:11.431+0000] {logging_mixin.py:188} INFO - [2024-02-17T23:58:11.431+0000] {dag.py:3823} INFO - Setting next_dagrun for dataset_consumes_1_never_scheduled to None, run_after=None
[2024-02-17T23:58:11.434+0000] {logging_mixin.py:188} INFO - [2024-02-17T23:58:11.433+0000] {dag.py:3823} INFO - Setting next_dagrun for dataset_consumes_unknown_never_scheduled to None, run_after=None
[2024-02-17T23:58:11.439+0000] {logging_mixin.py:188} INFO - [2024-02-17T23:58:11.438+0000] {dag.py:3823} INFO - Setting next_dagrun for dataset_produces_1 to 2024-02-16 00:00:00+00:00, run_after=2024-02-17 00:00:00+00:00
[2024-02-17T23:58:11.442+0000] {logging_mixin.py:188} INFO - [2024-02-17T23:58:11.441+0000] {dag.py:3823} INFO - Setting next_dagrun for dataset_produces_2 to None, run_after=None
[2024-02-17T23:58:11.494+0000] {processor.py:183} INFO - Processing /home/airflow/.local/lib/python3.8/site-packages/airflow/example_dags/example_datasets.py took 0.213 seconds
