[2024-02-17T23:55:42.022+0000] {processor.py:161} INFO - Started process (PID=84) to work on /home/airflow/.local/lib/python3.8/site-packages/airflow/example_dags/example_latest_only.py
[2024-02-17T23:55:42.024+0000] {processor.py:830} INFO - Processing file /home/airflow/.local/lib/python3.8/site-packages/airflow/example_dags/example_latest_only.py for tasks to queue
[2024-02-17T23:55:42.027+0000] {logging_mixin.py:188} INFO - [2024-02-17T23:55:42.026+0000] {dagbag.py:538} INFO - Filling up the DagBag from /home/airflow/.local/lib/python3.8/site-packages/airflow/example_dags/example_latest_only.py
[2024-02-17T23:55:42.038+0000] {processor.py:840} INFO - DAG(s) 'latest_only' retrieved from /home/airflow/.local/lib/python3.8/site-packages/airflow/example_dags/example_latest_only.py
[2024-02-17T23:55:42.249+0000] {logging_mixin.py:188} INFO - [2024-02-17T23:55:42.247+0000] {override.py:1769} INFO - Created Permission View: can read on DAG:latest_only
[2024-02-17T23:55:42.277+0000] {logging_mixin.py:188} INFO - [2024-02-17T23:55:42.276+0000] {override.py:1769} INFO - Created Permission View: can edit on DAG:latest_only
[2024-02-17T23:55:42.297+0000] {logging_mixin.py:188} INFO - [2024-02-17T23:55:42.296+0000] {override.py:1769} INFO - Created Permission View: can delete on DAG:latest_only
[2024-02-17T23:55:42.302+0000] {logging_mixin.py:188} INFO - [2024-02-17T23:55:42.301+0000] {dag.py:3036} INFO - Sync 1 DAGs
[2024-02-17T23:55:42.336+0000] {logging_mixin.py:188} INFO - [2024-02-17T23:55:42.336+0000] {dag.py:3058} INFO - Creating ORM DAG for latest_only
[2024-02-17T23:55:42.363+0000] {logging_mixin.py:188} INFO - [2024-02-17T23:55:42.363+0000] {dag.py:3823} INFO - Setting next_dagrun for latest_only to 2024-02-17 16:00:00+00:00, run_after=2024-02-17 20:00:00+00:00
[2024-02-17T23:55:42.403+0000] {processor.py:183} INFO - Processing /home/airflow/.local/lib/python3.8/site-packages/airflow/example_dags/example_latest_only.py took 0.387 seconds
[2024-02-17T23:56:12.454+0000] {processor.py:161} INFO - Started process (PID=139) to work on /home/airflow/.local/lib/python3.8/site-packages/airflow/example_dags/example_latest_only.py
[2024-02-17T23:56:12.457+0000] {processor.py:830} INFO - Processing file /home/airflow/.local/lib/python3.8/site-packages/airflow/example_dags/example_latest_only.py for tasks to queue
[2024-02-17T23:56:12.462+0000] {logging_mixin.py:188} INFO - [2024-02-17T23:56:12.461+0000] {dagbag.py:538} INFO - Filling up the DagBag from /home/airflow/.local/lib/python3.8/site-packages/airflow/example_dags/example_latest_only.py
[2024-02-17T23:56:12.474+0000] {processor.py:840} INFO - DAG(s) 'latest_only' retrieved from /home/airflow/.local/lib/python3.8/site-packages/airflow/example_dags/example_latest_only.py
[2024-02-17T23:56:12.565+0000] {logging_mixin.py:188} INFO - [2024-02-17T23:56:12.564+0000] {dag.py:3036} INFO - Sync 1 DAGs
[2024-02-17T23:56:12.689+0000] {logging_mixin.py:188} INFO - [2024-02-17T23:56:12.688+0000] {dag.py:3823} INFO - Setting next_dagrun for latest_only to 2024-02-17 16:00:00+00:00, run_after=2024-02-17 20:00:00+00:00
[2024-02-17T23:56:12.741+0000] {processor.py:183} INFO - Processing /home/airflow/.local/lib/python3.8/site-packages/airflow/example_dags/example_latest_only.py took 0.298 seconds
[2024-02-17T23:56:43.527+0000] {processor.py:161} INFO - Started process (PID=194) to work on /home/airflow/.local/lib/python3.8/site-packages/airflow/example_dags/example_latest_only.py
[2024-02-17T23:56:43.528+0000] {processor.py:830} INFO - Processing file /home/airflow/.local/lib/python3.8/site-packages/airflow/example_dags/example_latest_only.py for tasks to queue
[2024-02-17T23:56:43.531+0000] {logging_mixin.py:188} INFO - [2024-02-17T23:56:43.531+0000] {dagbag.py:538} INFO - Filling up the DagBag from /home/airflow/.local/lib/python3.8/site-packages/airflow/example_dags/example_latest_only.py
[2024-02-17T23:56:43.540+0000] {processor.py:840} INFO - DAG(s) 'latest_only' retrieved from /home/airflow/.local/lib/python3.8/site-packages/airflow/example_dags/example_latest_only.py
[2024-02-17T23:56:43.569+0000] {logging_mixin.py:188} INFO - [2024-02-17T23:56:43.569+0000] {dag.py:3036} INFO - Sync 1 DAGs
[2024-02-17T23:56:43.604+0000] {logging_mixin.py:188} INFO - [2024-02-17T23:56:43.603+0000] {dag.py:3823} INFO - Setting next_dagrun for latest_only to 2024-02-17 16:00:00+00:00, run_after=2024-02-17 20:00:00+00:00
[2024-02-17T23:56:43.634+0000] {processor.py:183} INFO - Processing /home/airflow/.local/lib/python3.8/site-packages/airflow/example_dags/example_latest_only.py took 0.111 seconds
[2024-02-17T23:57:14.006+0000] {processor.py:161} INFO - Started process (PID=249) to work on /home/airflow/.local/lib/python3.8/site-packages/airflow/example_dags/example_latest_only.py
[2024-02-17T23:57:14.007+0000] {processor.py:830} INFO - Processing file /home/airflow/.local/lib/python3.8/site-packages/airflow/example_dags/example_latest_only.py for tasks to queue
[2024-02-17T23:57:14.011+0000] {logging_mixin.py:188} INFO - [2024-02-17T23:57:14.010+0000] {dagbag.py:538} INFO - Filling up the DagBag from /home/airflow/.local/lib/python3.8/site-packages/airflow/example_dags/example_latest_only.py
[2024-02-17T23:57:14.021+0000] {processor.py:840} INFO - DAG(s) 'latest_only' retrieved from /home/airflow/.local/lib/python3.8/site-packages/airflow/example_dags/example_latest_only.py
[2024-02-17T23:57:14.060+0000] {logging_mixin.py:188} INFO - [2024-02-17T23:57:14.060+0000] {dag.py:3036} INFO - Sync 1 DAGs
[2024-02-17T23:57:14.098+0000] {logging_mixin.py:188} INFO - [2024-02-17T23:57:14.098+0000] {dag.py:3823} INFO - Setting next_dagrun for latest_only to 2024-02-17 16:00:00+00:00, run_after=2024-02-17 20:00:00+00:00
[2024-02-17T23:57:14.134+0000] {processor.py:183} INFO - Processing /home/airflow/.local/lib/python3.8/site-packages/airflow/example_dags/example_latest_only.py took 0.134 seconds
[2024-02-17T23:57:44.339+0000] {processor.py:161} INFO - Started process (PID=304) to work on /home/airflow/.local/lib/python3.8/site-packages/airflow/example_dags/example_latest_only.py
[2024-02-17T23:57:44.342+0000] {processor.py:830} INFO - Processing file /home/airflow/.local/lib/python3.8/site-packages/airflow/example_dags/example_latest_only.py for tasks to queue
[2024-02-17T23:57:44.349+0000] {logging_mixin.py:188} INFO - [2024-02-17T23:57:44.348+0000] {dagbag.py:538} INFO - Filling up the DagBag from /home/airflow/.local/lib/python3.8/site-packages/airflow/example_dags/example_latest_only.py
[2024-02-17T23:57:44.368+0000] {processor.py:840} INFO - DAG(s) 'latest_only' retrieved from /home/airflow/.local/lib/python3.8/site-packages/airflow/example_dags/example_latest_only.py
[2024-02-17T23:57:44.410+0000] {logging_mixin.py:188} INFO - [2024-02-17T23:57:44.410+0000] {dag.py:3036} INFO - Sync 1 DAGs
[2024-02-17T23:57:44.451+0000] {logging_mixin.py:188} INFO - [2024-02-17T23:57:44.451+0000] {dag.py:3823} INFO - Setting next_dagrun for latest_only to 2024-02-17 16:00:00+00:00, run_after=2024-02-17 20:00:00+00:00
[2024-02-17T23:57:44.485+0000] {processor.py:183} INFO - Processing /home/airflow/.local/lib/python3.8/site-packages/airflow/example_dags/example_latest_only.py took 0.157 seconds
