[2024-02-17T23:55:31.745+0000] {processor.py:161} INFO - Started process (PID=44) to work on /home/airflow/.local/lib/python3.8/site-packages/airflow/example_dags/example_branch_python_dop_operator_3.py
[2024-02-17T23:55:31.747+0000] {processor.py:830} INFO - Processing file /home/airflow/.local/lib/python3.8/site-packages/airflow/example_dags/example_branch_python_dop_operator_3.py for tasks to queue
[2024-02-17T23:55:31.752+0000] {logging_mixin.py:188} INFO - [2024-02-17T23:55:31.751+0000] {dagbag.py:538} INFO - Filling up the DagBag from /home/airflow/.local/lib/python3.8/site-packages/airflow/example_dags/example_branch_python_dop_operator_3.py
[2024-02-17T23:55:31.769+0000] {processor.py:840} INFO - DAG(s) 'example_branch_dop_operator_v3' retrieved from /home/airflow/.local/lib/python3.8/site-packages/airflow/example_dags/example_branch_python_dop_operator_3.py
[2024-02-17T23:55:31.989+0000] {logging_mixin.py:188} INFO - [2024-02-17T23:55:31.988+0000] {override.py:1769} INFO - Created Permission View: can read on DAG:example_branch_dop_operator_v3
[2024-02-17T23:55:32.013+0000] {logging_mixin.py:188} INFO - [2024-02-17T23:55:32.012+0000] {override.py:1769} INFO - Created Permission View: can edit on DAG:example_branch_dop_operator_v3
[2024-02-17T23:55:32.029+0000] {logging_mixin.py:188} INFO - [2024-02-17T23:55:32.028+0000] {override.py:1769} INFO - Created Permission View: can delete on DAG:example_branch_dop_operator_v3
[2024-02-17T23:55:32.030+0000] {logging_mixin.py:188} INFO - [2024-02-17T23:55:32.030+0000] {dag.py:3036} INFO - Sync 1 DAGs
[2024-02-17T23:55:32.055+0000] {logging_mixin.py:188} INFO - [2024-02-17T23:55:32.054+0000] {dag.py:3058} INFO - Creating ORM DAG for example_branch_dop_operator_v3
[2024-02-17T23:55:32.087+0000] {logging_mixin.py:188} INFO - [2024-02-17T23:55:32.087+0000] {dag.py:3823} INFO - Setting next_dagrun for example_branch_dop_operator_v3 to 2024-02-17 23:54:00+00:00, run_after=2024-02-17 23:55:00+00:00
[2024-02-17T23:55:32.135+0000] {processor.py:183} INFO - Processing /home/airflow/.local/lib/python3.8/site-packages/airflow/example_dags/example_branch_python_dop_operator_3.py took 0.395 seconds
[2024-02-17T23:56:02.861+0000] {processor.py:161} INFO - Started process (PID=99) to work on /home/airflow/.local/lib/python3.8/site-packages/airflow/example_dags/example_branch_python_dop_operator_3.py
[2024-02-17T23:56:02.863+0000] {processor.py:830} INFO - Processing file /home/airflow/.local/lib/python3.8/site-packages/airflow/example_dags/example_branch_python_dop_operator_3.py for tasks to queue
[2024-02-17T23:56:02.867+0000] {logging_mixin.py:188} INFO - [2024-02-17T23:56:02.866+0000] {dagbag.py:538} INFO - Filling up the DagBag from /home/airflow/.local/lib/python3.8/site-packages/airflow/example_dags/example_branch_python_dop_operator_3.py
[2024-02-17T23:56:02.886+0000] {processor.py:840} INFO - DAG(s) 'example_branch_dop_operator_v3' retrieved from /home/airflow/.local/lib/python3.8/site-packages/airflow/example_dags/example_branch_python_dop_operator_3.py
[2024-02-17T23:56:02.934+0000] {logging_mixin.py:188} INFO - [2024-02-17T23:56:02.934+0000] {dag.py:3036} INFO - Sync 1 DAGs
[2024-02-17T23:56:02.991+0000] {logging_mixin.py:188} INFO - [2024-02-17T23:56:02.990+0000] {dag.py:3823} INFO - Setting next_dagrun for example_branch_dop_operator_v3 to 2024-02-17 23:55:00+00:00, run_after=2024-02-17 23:56:00+00:00
[2024-02-17T23:56:03.067+0000] {processor.py:183} INFO - Processing /home/airflow/.local/lib/python3.8/site-packages/airflow/example_dags/example_branch_python_dop_operator_3.py took 0.213 seconds
[2024-02-17T23:56:33.170+0000] {processor.py:161} INFO - Started process (PID=153) to work on /home/airflow/.local/lib/python3.8/site-packages/airflow/example_dags/example_branch_python_dop_operator_3.py
[2024-02-17T23:56:33.171+0000] {processor.py:830} INFO - Processing file /home/airflow/.local/lib/python3.8/site-packages/airflow/example_dags/example_branch_python_dop_operator_3.py for tasks to queue
[2024-02-17T23:56:33.175+0000] {logging_mixin.py:188} INFO - [2024-02-17T23:56:33.174+0000] {dagbag.py:538} INFO - Filling up the DagBag from /home/airflow/.local/lib/python3.8/site-packages/airflow/example_dags/example_branch_python_dop_operator_3.py
[2024-02-17T23:56:33.190+0000] {processor.py:840} INFO - DAG(s) 'example_branch_dop_operator_v3' retrieved from /home/airflow/.local/lib/python3.8/site-packages/airflow/example_dags/example_branch_python_dop_operator_3.py
[2024-02-17T23:56:33.209+0000] {logging_mixin.py:188} INFO - [2024-02-17T23:56:33.209+0000] {dag.py:3036} INFO - Sync 1 DAGs
[2024-02-17T23:56:33.251+0000] {logging_mixin.py:188} INFO - [2024-02-17T23:56:33.250+0000] {dag.py:3823} INFO - Setting next_dagrun for example_branch_dop_operator_v3 to 2024-02-17 23:55:00+00:00, run_after=2024-02-17 23:56:00+00:00
[2024-02-17T23:56:33.284+0000] {processor.py:183} INFO - Processing /home/airflow/.local/lib/python3.8/site-packages/airflow/example_dags/example_branch_python_dop_operator_3.py took 0.119 seconds
[2024-02-17T23:57:03.942+0000] {processor.py:161} INFO - Started process (PID=214) to work on /home/airflow/.local/lib/python3.8/site-packages/airflow/example_dags/example_branch_python_dop_operator_3.py
[2024-02-17T23:57:03.943+0000] {processor.py:830} INFO - Processing file /home/airflow/.local/lib/python3.8/site-packages/airflow/example_dags/example_branch_python_dop_operator_3.py for tasks to queue
[2024-02-17T23:57:03.947+0000] {logging_mixin.py:188} INFO - [2024-02-17T23:57:03.946+0000] {dagbag.py:538} INFO - Filling up the DagBag from /home/airflow/.local/lib/python3.8/site-packages/airflow/example_dags/example_branch_python_dop_operator_3.py
[2024-02-17T23:57:03.979+0000] {processor.py:840} INFO - DAG(s) 'example_branch_dop_operator_v3' retrieved from /home/airflow/.local/lib/python3.8/site-packages/airflow/example_dags/example_branch_python_dop_operator_3.py
[2024-02-17T23:57:04.148+0000] {logging_mixin.py:188} INFO - [2024-02-17T23:57:04.147+0000] {dag.py:3036} INFO - Sync 1 DAGs
[2024-02-17T23:57:04.183+0000] {logging_mixin.py:188} INFO - [2024-02-17T23:57:04.183+0000] {dag.py:3823} INFO - Setting next_dagrun for example_branch_dop_operator_v3 to 2024-02-17 23:56:00+00:00, run_after=2024-02-17 23:57:00+00:00
[2024-02-17T23:57:04.217+0000] {processor.py:183} INFO - Processing /home/airflow/.local/lib/python3.8/site-packages/airflow/example_dags/example_branch_python_dop_operator_3.py took 0.281 seconds
[2024-02-17T23:57:34.272+0000] {processor.py:161} INFO - Started process (PID=269) to work on /home/airflow/.local/lib/python3.8/site-packages/airflow/example_dags/example_branch_python_dop_operator_3.py
[2024-02-17T23:57:34.273+0000] {processor.py:830} INFO - Processing file /home/airflow/.local/lib/python3.8/site-packages/airflow/example_dags/example_branch_python_dop_operator_3.py for tasks to queue
[2024-02-17T23:57:34.277+0000] {logging_mixin.py:188} INFO - [2024-02-17T23:57:34.276+0000] {dagbag.py:538} INFO - Filling up the DagBag from /home/airflow/.local/lib/python3.8/site-packages/airflow/example_dags/example_branch_python_dop_operator_3.py
[2024-02-17T23:57:34.293+0000] {processor.py:840} INFO - DAG(s) 'example_branch_dop_operator_v3' retrieved from /home/airflow/.local/lib/python3.8/site-packages/airflow/example_dags/example_branch_python_dop_operator_3.py
[2024-02-17T23:57:34.336+0000] {logging_mixin.py:188} INFO - [2024-02-17T23:57:34.336+0000] {dag.py:3036} INFO - Sync 1 DAGs
[2024-02-17T23:57:34.386+0000] {logging_mixin.py:188} INFO - [2024-02-17T23:57:34.386+0000] {dag.py:3823} INFO - Setting next_dagrun for example_branch_dop_operator_v3 to 2024-02-17 23:56:00+00:00, run_after=2024-02-17 23:57:00+00:00
[2024-02-17T23:57:34.424+0000] {processor.py:183} INFO - Processing /home/airflow/.local/lib/python3.8/site-packages/airflow/example_dags/example_branch_python_dop_operator_3.py took 0.157 seconds
[2024-02-17T23:58:04.489+0000] {processor.py:161} INFO - Started process (PID=324) to work on /home/airflow/.local/lib/python3.8/site-packages/airflow/example_dags/example_branch_python_dop_operator_3.py
[2024-02-17T23:58:04.491+0000] {processor.py:830} INFO - Processing file /home/airflow/.local/lib/python3.8/site-packages/airflow/example_dags/example_branch_python_dop_operator_3.py for tasks to queue
[2024-02-17T23:58:04.495+0000] {logging_mixin.py:188} INFO - [2024-02-17T23:58:04.494+0000] {dagbag.py:538} INFO - Filling up the DagBag from /home/airflow/.local/lib/python3.8/site-packages/airflow/example_dags/example_branch_python_dop_operator_3.py
[2024-02-17T23:58:04.512+0000] {processor.py:840} INFO - DAG(s) 'example_branch_dop_operator_v3' retrieved from /home/airflow/.local/lib/python3.8/site-packages/airflow/example_dags/example_branch_python_dop_operator_3.py
[2024-02-17T23:58:04.547+0000] {logging_mixin.py:188} INFO - [2024-02-17T23:58:04.547+0000] {dag.py:3036} INFO - Sync 1 DAGs
[2024-02-17T23:58:04.595+0000] {logging_mixin.py:188} INFO - [2024-02-17T23:58:04.595+0000] {dag.py:3823} INFO - Setting next_dagrun for example_branch_dop_operator_v3 to 2024-02-17 23:57:00+00:00, run_after=2024-02-17 23:58:00+00:00
[2024-02-17T23:58:04.630+0000] {processor.py:183} INFO - Processing /home/airflow/.local/lib/python3.8/site-packages/airflow/example_dags/example_branch_python_dop_operator_3.py took 0.147 seconds
