[2024-02-17T23:55:40.182+0000] {processor.py:161} INFO - Started process (PID=76) to work on /home/airflow/.local/lib/python3.8/site-packages/airflow/example_dags/example_kubernetes_executor.py
[2024-02-17T23:55:40.187+0000] {processor.py:830} INFO - Processing file /home/airflow/.local/lib/python3.8/site-packages/airflow/example_dags/example_kubernetes_executor.py for tasks to queue
[2024-02-17T23:55:40.197+0000] {logging_mixin.py:188} INFO - [2024-02-17T23:55:40.195+0000] {dagbag.py:538} INFO - Filling up the DagBag from /home/airflow/.local/lib/python3.8/site-packages/airflow/example_dags/example_kubernetes_executor.py
[2024-02-17T23:55:40.312+0000] {processor.py:840} INFO - DAG(s) 'example_kubernetes_executor' retrieved from /home/airflow/.local/lib/python3.8/site-packages/airflow/example_dags/example_kubernetes_executor.py
[2024-02-17T23:55:40.670+0000] {logging_mixin.py:188} INFO - [2024-02-17T23:55:40.669+0000] {override.py:1769} INFO - Created Permission View: can read on DAG:example_kubernetes_executor
[2024-02-17T23:55:40.695+0000] {logging_mixin.py:188} INFO - [2024-02-17T23:55:40.694+0000] {override.py:1769} INFO - Created Permission View: can edit on DAG:example_kubernetes_executor
[2024-02-17T23:55:40.713+0000] {logging_mixin.py:188} INFO - [2024-02-17T23:55:40.712+0000] {override.py:1769} INFO - Created Permission View: can delete on DAG:example_kubernetes_executor
[2024-02-17T23:55:40.714+0000] {logging_mixin.py:188} INFO - [2024-02-17T23:55:40.714+0000] {dag.py:3036} INFO - Sync 1 DAGs
[2024-02-17T23:55:40.739+0000] {logging_mixin.py:188} INFO - [2024-02-17T23:55:40.739+0000] {dag.py:3058} INFO - Creating ORM DAG for example_kubernetes_executor
[2024-02-17T23:55:40.741+0000] {logging_mixin.py:188} INFO - [2024-02-17T23:55:40.741+0000] {dag.py:3823} INFO - Setting next_dagrun for example_kubernetes_executor to None, run_after=None
[2024-02-17T23:55:40.776+0000] {processor.py:183} INFO - Processing /home/airflow/.local/lib/python3.8/site-packages/airflow/example_dags/example_kubernetes_executor.py took 0.602 seconds
[2024-02-17T23:56:11.200+0000] {processor.py:161} INFO - Started process (PID=131) to work on /home/airflow/.local/lib/python3.8/site-packages/airflow/example_dags/example_kubernetes_executor.py
[2024-02-17T23:56:11.205+0000] {processor.py:830} INFO - Processing file /home/airflow/.local/lib/python3.8/site-packages/airflow/example_dags/example_kubernetes_executor.py for tasks to queue
[2024-02-17T23:56:11.208+0000] {logging_mixin.py:188} INFO - [2024-02-17T23:56:11.208+0000] {dagbag.py:538} INFO - Filling up the DagBag from /home/airflow/.local/lib/python3.8/site-packages/airflow/example_dags/example_kubernetes_executor.py
[2024-02-17T23:56:11.247+0000] {processor.py:840} INFO - DAG(s) 'example_kubernetes_executor' retrieved from /home/airflow/.local/lib/python3.8/site-packages/airflow/example_dags/example_kubernetes_executor.py
[2024-02-17T23:56:11.334+0000] {logging_mixin.py:188} INFO - [2024-02-17T23:56:11.334+0000] {dag.py:3036} INFO - Sync 1 DAGs
[2024-02-17T23:56:11.364+0000] {logging_mixin.py:188} INFO - [2024-02-17T23:56:11.363+0000] {dag.py:3823} INFO - Setting next_dagrun for example_kubernetes_executor to None, run_after=None
[2024-02-17T23:56:11.411+0000] {processor.py:183} INFO - Processing /home/airflow/.local/lib/python3.8/site-packages/airflow/example_dags/example_kubernetes_executor.py took 0.218 seconds
[2024-02-17T23:56:41.753+0000] {processor.py:161} INFO - Started process (PID=186) to work on /home/airflow/.local/lib/python3.8/site-packages/airflow/example_dags/example_kubernetes_executor.py
[2024-02-17T23:56:41.756+0000] {processor.py:830} INFO - Processing file /home/airflow/.local/lib/python3.8/site-packages/airflow/example_dags/example_kubernetes_executor.py for tasks to queue
[2024-02-17T23:56:41.762+0000] {logging_mixin.py:188} INFO - [2024-02-17T23:56:41.762+0000] {dagbag.py:538} INFO - Filling up the DagBag from /home/airflow/.local/lib/python3.8/site-packages/airflow/example_dags/example_kubernetes_executor.py
[2024-02-17T23:56:41.794+0000] {processor.py:840} INFO - DAG(s) 'example_kubernetes_executor' retrieved from /home/airflow/.local/lib/python3.8/site-packages/airflow/example_dags/example_kubernetes_executor.py
[2024-02-17T23:56:41.866+0000] {logging_mixin.py:188} INFO - [2024-02-17T23:56:41.866+0000] {dag.py:3036} INFO - Sync 1 DAGs
[2024-02-17T23:56:41.889+0000] {logging_mixin.py:188} INFO - [2024-02-17T23:56:41.889+0000] {dag.py:3823} INFO - Setting next_dagrun for example_kubernetes_executor to None, run_after=None
[2024-02-17T23:56:41.928+0000] {processor.py:183} INFO - Processing /home/airflow/.local/lib/python3.8/site-packages/airflow/example_dags/example_kubernetes_executor.py took 0.190 seconds
[2024-02-17T23:57:12.057+0000] {processor.py:161} INFO - Started process (PID=241) to work on /home/airflow/.local/lib/python3.8/site-packages/airflow/example_dags/example_kubernetes_executor.py
[2024-02-17T23:57:12.060+0000] {processor.py:830} INFO - Processing file /home/airflow/.local/lib/python3.8/site-packages/airflow/example_dags/example_kubernetes_executor.py for tasks to queue
[2024-02-17T23:57:12.068+0000] {logging_mixin.py:188} INFO - [2024-02-17T23:57:12.067+0000] {dagbag.py:538} INFO - Filling up the DagBag from /home/airflow/.local/lib/python3.8/site-packages/airflow/example_dags/example_kubernetes_executor.py
[2024-02-17T23:57:12.099+0000] {processor.py:840} INFO - DAG(s) 'example_kubernetes_executor' retrieved from /home/airflow/.local/lib/python3.8/site-packages/airflow/example_dags/example_kubernetes_executor.py
[2024-02-17T23:57:12.170+0000] {logging_mixin.py:188} INFO - [2024-02-17T23:57:12.169+0000] {dag.py:3036} INFO - Sync 1 DAGs
[2024-02-17T23:57:12.193+0000] {logging_mixin.py:188} INFO - [2024-02-17T23:57:12.192+0000] {dag.py:3823} INFO - Setting next_dagrun for example_kubernetes_executor to None, run_after=None
[2024-02-17T23:57:12.229+0000] {processor.py:183} INFO - Processing /home/airflow/.local/lib/python3.8/site-packages/airflow/example_dags/example_kubernetes_executor.py took 0.185 seconds
[2024-02-17T23:57:42.402+0000] {processor.py:161} INFO - Started process (PID=296) to work on /home/airflow/.local/lib/python3.8/site-packages/airflow/example_dags/example_kubernetes_executor.py
[2024-02-17T23:57:42.405+0000] {processor.py:830} INFO - Processing file /home/airflow/.local/lib/python3.8/site-packages/airflow/example_dags/example_kubernetes_executor.py for tasks to queue
[2024-02-17T23:57:42.412+0000] {logging_mixin.py:188} INFO - [2024-02-17T23:57:42.411+0000] {dagbag.py:538} INFO - Filling up the DagBag from /home/airflow/.local/lib/python3.8/site-packages/airflow/example_dags/example_kubernetes_executor.py
[2024-02-17T23:57:42.465+0000] {processor.py:840} INFO - DAG(s) 'example_kubernetes_executor' retrieved from /home/airflow/.local/lib/python3.8/site-packages/airflow/example_dags/example_kubernetes_executor.py
[2024-02-17T23:57:42.529+0000] {logging_mixin.py:188} INFO - [2024-02-17T23:57:42.529+0000] {dag.py:3036} INFO - Sync 1 DAGs
[2024-02-17T23:57:42.551+0000] {logging_mixin.py:188} INFO - [2024-02-17T23:57:42.550+0000] {dag.py:3823} INFO - Setting next_dagrun for example_kubernetes_executor to None, run_after=None
[2024-02-17T23:57:42.582+0000] {processor.py:183} INFO - Processing /home/airflow/.local/lib/python3.8/site-packages/airflow/example_dags/example_kubernetes_executor.py took 0.191 seconds
[2024-02-17T23:58:12.665+0000] {processor.py:161} INFO - Started process (PID=351) to work on /home/airflow/.local/lib/python3.8/site-packages/airflow/example_dags/example_kubernetes_executor.py
[2024-02-17T23:58:12.667+0000] {processor.py:830} INFO - Processing file /home/airflow/.local/lib/python3.8/site-packages/airflow/example_dags/example_kubernetes_executor.py for tasks to queue
[2024-02-17T23:58:12.671+0000] {logging_mixin.py:188} INFO - [2024-02-17T23:58:12.670+0000] {dagbag.py:538} INFO - Filling up the DagBag from /home/airflow/.local/lib/python3.8/site-packages/airflow/example_dags/example_kubernetes_executor.py
[2024-02-17T23:58:12.713+0000] {processor.py:840} INFO - DAG(s) 'example_kubernetes_executor' retrieved from /home/airflow/.local/lib/python3.8/site-packages/airflow/example_dags/example_kubernetes_executor.py
[2024-02-17T23:58:12.819+0000] {logging_mixin.py:188} INFO - [2024-02-17T23:58:12.818+0000] {dag.py:3036} INFO - Sync 1 DAGs
[2024-02-17T23:58:12.861+0000] {logging_mixin.py:188} INFO - [2024-02-17T23:58:12.860+0000] {dag.py:3823} INFO - Setting next_dagrun for example_kubernetes_executor to None, run_after=None
[2024-02-17T23:58:12.931+0000] {processor.py:183} INFO - Processing /home/airflow/.local/lib/python3.8/site-packages/airflow/example_dags/example_kubernetes_executor.py took 0.272 seconds
