[2024-02-17T23:55:36.657+0000] {processor.py:161} INFO - Started process (PID=65) to work on /home/airflow/.local/lib/python3.8/site-packages/airflow/example_dags/example_branch_labels.py
[2024-02-17T23:55:36.659+0000] {processor.py:830} INFO - Processing file /home/airflow/.local/lib/python3.8/site-packages/airflow/example_dags/example_branch_labels.py for tasks to queue
[2024-02-17T23:55:36.663+0000] {logging_mixin.py:188} INFO - [2024-02-17T23:55:36.662+0000] {dagbag.py:538} INFO - Filling up the DagBag from /home/airflow/.local/lib/python3.8/site-packages/airflow/example_dags/example_branch_labels.py
[2024-02-17T23:55:36.682+0000] {processor.py:840} INFO - DAG(s) 'example_branch_labels' retrieved from /home/airflow/.local/lib/python3.8/site-packages/airflow/example_dags/example_branch_labels.py
[2024-02-17T23:55:36.942+0000] {logging_mixin.py:188} INFO - [2024-02-17T23:55:36.937+0000] {override.py:1769} INFO - Created Permission View: can read on DAG:example_branch_labels
[2024-02-17T23:55:36.969+0000] {logging_mixin.py:188} INFO - [2024-02-17T23:55:36.968+0000] {override.py:1769} INFO - Created Permission View: can edit on DAG:example_branch_labels
[2024-02-17T23:55:36.999+0000] {logging_mixin.py:188} INFO - [2024-02-17T23:55:36.998+0000] {override.py:1769} INFO - Created Permission View: can delete on DAG:example_branch_labels
[2024-02-17T23:55:37.001+0000] {logging_mixin.py:188} INFO - [2024-02-17T23:55:37.000+0000] {dag.py:3036} INFO - Sync 1 DAGs
[2024-02-17T23:55:37.032+0000] {logging_mixin.py:188} INFO - [2024-02-17T23:55:37.031+0000] {dag.py:3058} INFO - Creating ORM DAG for example_branch_labels
[2024-02-17T23:55:37.060+0000] {logging_mixin.py:188} INFO - [2024-02-17T23:55:37.060+0000] {dag.py:3823} INFO - Setting next_dagrun for example_branch_labels to 2024-02-16 00:00:00+00:00, run_after=2024-02-17 00:00:00+00:00
[2024-02-17T23:55:37.102+0000] {processor.py:183} INFO - Processing /home/airflow/.local/lib/python3.8/site-packages/airflow/example_dags/example_branch_labels.py took 0.456 seconds
[2024-02-17T23:56:07.540+0000] {processor.py:161} INFO - Started process (PID=120) to work on /home/airflow/.local/lib/python3.8/site-packages/airflow/example_dags/example_branch_labels.py
[2024-02-17T23:56:07.542+0000] {processor.py:830} INFO - Processing file /home/airflow/.local/lib/python3.8/site-packages/airflow/example_dags/example_branch_labels.py for tasks to queue
[2024-02-17T23:56:07.547+0000] {logging_mixin.py:188} INFO - [2024-02-17T23:56:07.546+0000] {dagbag.py:538} INFO - Filling up the DagBag from /home/airflow/.local/lib/python3.8/site-packages/airflow/example_dags/example_branch_labels.py
[2024-02-17T23:56:07.566+0000] {processor.py:840} INFO - DAG(s) 'example_branch_labels' retrieved from /home/airflow/.local/lib/python3.8/site-packages/airflow/example_dags/example_branch_labels.py
[2024-02-17T23:56:07.623+0000] {logging_mixin.py:188} INFO - [2024-02-17T23:56:07.622+0000] {dag.py:3036} INFO - Sync 1 DAGs
[2024-02-17T23:56:07.677+0000] {logging_mixin.py:188} INFO - [2024-02-17T23:56:07.677+0000] {dag.py:3823} INFO - Setting next_dagrun for example_branch_labels to 2024-02-16 00:00:00+00:00, run_after=2024-02-17 00:00:00+00:00
[2024-02-17T23:56:07.728+0000] {processor.py:183} INFO - Processing /home/airflow/.local/lib/python3.8/site-packages/airflow/example_dags/example_branch_labels.py took 0.195 seconds
[2024-02-17T23:56:37.868+0000] {processor.py:161} INFO - Started process (PID=175) to work on /home/airflow/.local/lib/python3.8/site-packages/airflow/example_dags/example_branch_labels.py
[2024-02-17T23:56:37.869+0000] {processor.py:830} INFO - Processing file /home/airflow/.local/lib/python3.8/site-packages/airflow/example_dags/example_branch_labels.py for tasks to queue
[2024-02-17T23:56:37.872+0000] {logging_mixin.py:188} INFO - [2024-02-17T23:56:37.872+0000] {dagbag.py:538} INFO - Filling up the DagBag from /home/airflow/.local/lib/python3.8/site-packages/airflow/example_dags/example_branch_labels.py
[2024-02-17T23:56:37.884+0000] {processor.py:840} INFO - DAG(s) 'example_branch_labels' retrieved from /home/airflow/.local/lib/python3.8/site-packages/airflow/example_dags/example_branch_labels.py
[2024-02-17T23:56:37.904+0000] {logging_mixin.py:188} INFO - [2024-02-17T23:56:37.904+0000] {dag.py:3036} INFO - Sync 1 DAGs
[2024-02-17T23:56:37.944+0000] {logging_mixin.py:188} INFO - [2024-02-17T23:56:37.944+0000] {dag.py:3823} INFO - Setting next_dagrun for example_branch_labels to 2024-02-16 00:00:00+00:00, run_after=2024-02-17 00:00:00+00:00
[2024-02-17T23:56:37.972+0000] {processor.py:183} INFO - Processing /home/airflow/.local/lib/python3.8/site-packages/airflow/example_dags/example_branch_labels.py took 0.110 seconds
[2024-02-17T23:57:08.797+0000] {processor.py:161} INFO - Started process (PID=230) to work on /home/airflow/.local/lib/python3.8/site-packages/airflow/example_dags/example_branch_labels.py
[2024-02-17T23:57:08.799+0000] {processor.py:830} INFO - Processing file /home/airflow/.local/lib/python3.8/site-packages/airflow/example_dags/example_branch_labels.py for tasks to queue
[2024-02-17T23:57:08.802+0000] {logging_mixin.py:188} INFO - [2024-02-17T23:57:08.802+0000] {dagbag.py:538} INFO - Filling up the DagBag from /home/airflow/.local/lib/python3.8/site-packages/airflow/example_dags/example_branch_labels.py
[2024-02-17T23:57:08.818+0000] {processor.py:840} INFO - DAG(s) 'example_branch_labels' retrieved from /home/airflow/.local/lib/python3.8/site-packages/airflow/example_dags/example_branch_labels.py
[2024-02-17T23:57:08.970+0000] {logging_mixin.py:188} INFO - [2024-02-17T23:57:08.970+0000] {dag.py:3036} INFO - Sync 1 DAGs
[2024-02-17T23:57:09.002+0000] {logging_mixin.py:188} INFO - [2024-02-17T23:57:09.002+0000] {dag.py:3823} INFO - Setting next_dagrun for example_branch_labels to 2024-02-16 00:00:00+00:00, run_after=2024-02-17 00:00:00+00:00
[2024-02-17T23:57:09.037+0000] {processor.py:183} INFO - Processing /home/airflow/.local/lib/python3.8/site-packages/airflow/example_dags/example_branch_labels.py took 0.244 seconds
[2024-02-17T23:57:39.233+0000] {processor.py:161} INFO - Started process (PID=285) to work on /home/airflow/.local/lib/python3.8/site-packages/airflow/example_dags/example_branch_labels.py
[2024-02-17T23:57:39.234+0000] {processor.py:830} INFO - Processing file /home/airflow/.local/lib/python3.8/site-packages/airflow/example_dags/example_branch_labels.py for tasks to queue
[2024-02-17T23:57:39.238+0000] {logging_mixin.py:188} INFO - [2024-02-17T23:57:39.238+0000] {dagbag.py:538} INFO - Filling up the DagBag from /home/airflow/.local/lib/python3.8/site-packages/airflow/example_dags/example_branch_labels.py
[2024-02-17T23:57:39.252+0000] {processor.py:840} INFO - DAG(s) 'example_branch_labels' retrieved from /home/airflow/.local/lib/python3.8/site-packages/airflow/example_dags/example_branch_labels.py
[2024-02-17T23:57:39.291+0000] {logging_mixin.py:188} INFO - [2024-02-17T23:57:39.290+0000] {dag.py:3036} INFO - Sync 1 DAGs
[2024-02-17T23:57:39.330+0000] {logging_mixin.py:188} INFO - [2024-02-17T23:57:39.329+0000] {dag.py:3823} INFO - Setting next_dagrun for example_branch_labels to 2024-02-16 00:00:00+00:00, run_after=2024-02-17 00:00:00+00:00
[2024-02-17T23:57:39.364+0000] {processor.py:183} INFO - Processing /home/airflow/.local/lib/python3.8/site-packages/airflow/example_dags/example_branch_labels.py took 0.137 seconds
[2024-02-17T23:58:10.465+0000] {processor.py:161} INFO - Started process (PID=340) to work on /home/airflow/.local/lib/python3.8/site-packages/airflow/example_dags/example_branch_labels.py
[2024-02-17T23:58:10.467+0000] {processor.py:830} INFO - Processing file /home/airflow/.local/lib/python3.8/site-packages/airflow/example_dags/example_branch_labels.py for tasks to queue
[2024-02-17T23:58:10.471+0000] {logging_mixin.py:188} INFO - [2024-02-17T23:58:10.470+0000] {dagbag.py:538} INFO - Filling up the DagBag from /home/airflow/.local/lib/python3.8/site-packages/airflow/example_dags/example_branch_labels.py
[2024-02-17T23:58:10.489+0000] {processor.py:840} INFO - DAG(s) 'example_branch_labels' retrieved from /home/airflow/.local/lib/python3.8/site-packages/airflow/example_dags/example_branch_labels.py
[2024-02-17T23:58:10.537+0000] {logging_mixin.py:188} INFO - [2024-02-17T23:58:10.536+0000] {dag.py:3036} INFO - Sync 1 DAGs
[2024-02-17T23:58:10.584+0000] {logging_mixin.py:188} INFO - [2024-02-17T23:58:10.584+0000] {dag.py:3823} INFO - Setting next_dagrun for example_branch_labels to 2024-02-16 00:00:00+00:00, run_after=2024-02-17 00:00:00+00:00
[2024-02-17T23:58:10.619+0000] {processor.py:183} INFO - Processing /home/airflow/.local/lib/python3.8/site-packages/airflow/example_dags/example_branch_labels.py took 0.160 seconds
