[2024-02-17T23:55:38.065+0000] {processor.py:161} INFO - Started process (PID=71) to work on /home/airflow/.local/lib/python3.8/site-packages/airflow/example_dags/example_complex.py
[2024-02-17T23:55:38.067+0000] {processor.py:830} INFO - Processing file /home/airflow/.local/lib/python3.8/site-packages/airflow/example_dags/example_complex.py for tasks to queue
[2024-02-17T23:55:38.072+0000] {logging_mixin.py:188} INFO - [2024-02-17T23:55:38.071+0000] {dagbag.py:538} INFO - Filling up the DagBag from /home/airflow/.local/lib/python3.8/site-packages/airflow/example_dags/example_complex.py
[2024-02-17T23:55:38.102+0000] {processor.py:840} INFO - DAG(s) 'example_complex' retrieved from /home/airflow/.local/lib/python3.8/site-packages/airflow/example_dags/example_complex.py
[2024-02-17T23:55:38.343+0000] {logging_mixin.py:188} INFO - [2024-02-17T23:55:38.342+0000] {override.py:1769} INFO - Created Permission View: can read on DAG:example_complex
[2024-02-17T23:55:38.367+0000] {logging_mixin.py:188} INFO - [2024-02-17T23:55:38.366+0000] {override.py:1769} INFO - Created Permission View: can edit on DAG:example_complex
[2024-02-17T23:55:38.383+0000] {logging_mixin.py:188} INFO - [2024-02-17T23:55:38.383+0000] {override.py:1769} INFO - Created Permission View: can delete on DAG:example_complex
[2024-02-17T23:55:38.385+0000] {logging_mixin.py:188} INFO - [2024-02-17T23:55:38.384+0000] {dag.py:3036} INFO - Sync 1 DAGs
[2024-02-17T23:55:38.407+0000] {logging_mixin.py:188} INFO - [2024-02-17T23:55:38.407+0000] {dag.py:3058} INFO - Creating ORM DAG for example_complex
[2024-02-17T23:55:38.409+0000] {logging_mixin.py:188} INFO - [2024-02-17T23:55:38.409+0000] {dag.py:3823} INFO - Setting next_dagrun for example_complex to None, run_after=None
[2024-02-17T23:55:38.453+0000] {processor.py:183} INFO - Processing /home/airflow/.local/lib/python3.8/site-packages/airflow/example_dags/example_complex.py took 0.394 seconds
[2024-02-17T23:56:08.520+0000] {processor.py:161} INFO - Started process (PID=125) to work on /home/airflow/.local/lib/python3.8/site-packages/airflow/example_dags/example_complex.py
[2024-02-17T23:56:08.523+0000] {processor.py:830} INFO - Processing file /home/airflow/.local/lib/python3.8/site-packages/airflow/example_dags/example_complex.py for tasks to queue
[2024-02-17T23:56:08.530+0000] {logging_mixin.py:188} INFO - [2024-02-17T23:56:08.529+0000] {dagbag.py:538} INFO - Filling up the DagBag from /home/airflow/.local/lib/python3.8/site-packages/airflow/example_dags/example_complex.py
[2024-02-17T23:56:08.554+0000] {processor.py:840} INFO - DAG(s) 'example_complex' retrieved from /home/airflow/.local/lib/python3.8/site-packages/airflow/example_dags/example_complex.py
[2024-02-17T23:56:08.623+0000] {logging_mixin.py:188} INFO - [2024-02-17T23:56:08.622+0000] {dag.py:3036} INFO - Sync 1 DAGs
[2024-02-17T23:56:08.650+0000] {logging_mixin.py:188} INFO - [2024-02-17T23:56:08.650+0000] {dag.py:3823} INFO - Setting next_dagrun for example_complex to None, run_after=None
[2024-02-17T23:56:08.692+0000] {processor.py:183} INFO - Processing /home/airflow/.local/lib/python3.8/site-packages/airflow/example_dags/example_complex.py took 0.179 seconds
[2024-02-17T23:56:39.624+0000] {processor.py:161} INFO - Started process (PID=180) to work on /home/airflow/.local/lib/python3.8/site-packages/airflow/example_dags/example_complex.py
[2024-02-17T23:56:39.626+0000] {processor.py:830} INFO - Processing file /home/airflow/.local/lib/python3.8/site-packages/airflow/example_dags/example_complex.py for tasks to queue
[2024-02-17T23:56:39.633+0000] {logging_mixin.py:188} INFO - [2024-02-17T23:56:39.632+0000] {dagbag.py:538} INFO - Filling up the DagBag from /home/airflow/.local/lib/python3.8/site-packages/airflow/example_dags/example_complex.py
[2024-02-17T23:56:39.652+0000] {processor.py:840} INFO - DAG(s) 'example_complex' retrieved from /home/airflow/.local/lib/python3.8/site-packages/airflow/example_dags/example_complex.py
[2024-02-17T23:56:39.860+0000] {logging_mixin.py:188} INFO - [2024-02-17T23:56:39.860+0000] {dag.py:3036} INFO - Sync 1 DAGs
[2024-02-17T23:56:39.890+0000] {logging_mixin.py:188} INFO - [2024-02-17T23:56:39.889+0000] {dag.py:3823} INFO - Setting next_dagrun for example_complex to None, run_after=None
[2024-02-17T23:56:39.926+0000] {processor.py:183} INFO - Processing /home/airflow/.local/lib/python3.8/site-packages/airflow/example_dags/example_complex.py took 0.307 seconds
[2024-02-17T23:57:10.456+0000] {processor.py:161} INFO - Started process (PID=235) to work on /home/airflow/.local/lib/python3.8/site-packages/airflow/example_dags/example_complex.py
[2024-02-17T23:57:10.457+0000] {processor.py:830} INFO - Processing file /home/airflow/.local/lib/python3.8/site-packages/airflow/example_dags/example_complex.py for tasks to queue
[2024-02-17T23:57:10.461+0000] {logging_mixin.py:188} INFO - [2024-02-17T23:57:10.460+0000] {dagbag.py:538} INFO - Filling up the DagBag from /home/airflow/.local/lib/python3.8/site-packages/airflow/example_dags/example_complex.py
[2024-02-17T23:57:10.481+0000] {processor.py:840} INFO - DAG(s) 'example_complex' retrieved from /home/airflow/.local/lib/python3.8/site-packages/airflow/example_dags/example_complex.py
[2024-02-17T23:57:10.537+0000] {logging_mixin.py:188} INFO - [2024-02-17T23:57:10.536+0000] {dag.py:3036} INFO - Sync 1 DAGs
[2024-02-17T23:57:10.553+0000] {logging_mixin.py:188} INFO - [2024-02-17T23:57:10.553+0000] {dag.py:3823} INFO - Setting next_dagrun for example_complex to None, run_after=None
[2024-02-17T23:57:10.590+0000] {processor.py:183} INFO - Processing /home/airflow/.local/lib/python3.8/site-packages/airflow/example_dags/example_complex.py took 0.139 seconds
[2024-02-17T23:57:40.807+0000] {processor.py:161} INFO - Started process (PID=290) to work on /home/airflow/.local/lib/python3.8/site-packages/airflow/example_dags/example_complex.py
[2024-02-17T23:57:40.808+0000] {processor.py:830} INFO - Processing file /home/airflow/.local/lib/python3.8/site-packages/airflow/example_dags/example_complex.py for tasks to queue
[2024-02-17T23:57:40.812+0000] {logging_mixin.py:188} INFO - [2024-02-17T23:57:40.811+0000] {dagbag.py:538} INFO - Filling up the DagBag from /home/airflow/.local/lib/python3.8/site-packages/airflow/example_dags/example_complex.py
[2024-02-17T23:57:40.832+0000] {processor.py:840} INFO - DAG(s) 'example_complex' retrieved from /home/airflow/.local/lib/python3.8/site-packages/airflow/example_dags/example_complex.py
[2024-02-17T23:57:40.887+0000] {logging_mixin.py:188} INFO - [2024-02-17T23:57:40.887+0000] {dag.py:3036} INFO - Sync 1 DAGs
[2024-02-17T23:57:40.909+0000] {logging_mixin.py:188} INFO - [2024-02-17T23:57:40.909+0000] {dag.py:3823} INFO - Setting next_dagrun for example_complex to None, run_after=None
[2024-02-17T23:57:40.945+0000] {processor.py:183} INFO - Processing /home/airflow/.local/lib/python3.8/site-packages/airflow/example_dags/example_complex.py took 0.143 seconds
[2024-02-17T23:58:11.105+0000] {processor.py:161} INFO - Started process (PID=345) to work on /home/airflow/.local/lib/python3.8/site-packages/airflow/example_dags/example_complex.py
[2024-02-17T23:58:11.106+0000] {processor.py:830} INFO - Processing file /home/airflow/.local/lib/python3.8/site-packages/airflow/example_dags/example_complex.py for tasks to queue
[2024-02-17T23:58:11.109+0000] {logging_mixin.py:188} INFO - [2024-02-17T23:58:11.109+0000] {dagbag.py:538} INFO - Filling up the DagBag from /home/airflow/.local/lib/python3.8/site-packages/airflow/example_dags/example_complex.py
[2024-02-17T23:58:11.126+0000] {processor.py:840} INFO - DAG(s) 'example_complex' retrieved from /home/airflow/.local/lib/python3.8/site-packages/airflow/example_dags/example_complex.py
[2024-02-17T23:58:11.183+0000] {logging_mixin.py:188} INFO - [2024-02-17T23:58:11.182+0000] {dag.py:3036} INFO - Sync 1 DAGs
[2024-02-17T23:58:11.201+0000] {logging_mixin.py:188} INFO - [2024-02-17T23:58:11.201+0000] {dag.py:3823} INFO - Setting next_dagrun for example_complex to None, run_after=None
[2024-02-17T23:58:11.231+0000] {processor.py:183} INFO - Processing /home/airflow/.local/lib/python3.8/site-packages/airflow/example_dags/example_complex.py took 0.135 seconds
