[2024-02-17T23:55:37.337+0000] {processor.py:161} INFO - Started process (PID=68) to work on /home/airflow/.local/lib/python3.8/site-packages/airflow/example_dags/example_branch_operator.py
[2024-02-17T23:55:37.340+0000] {processor.py:830} INFO - Processing file /home/airflow/.local/lib/python3.8/site-packages/airflow/example_dags/example_branch_operator.py for tasks to queue
[2024-02-17T23:55:37.345+0000] {logging_mixin.py:188} INFO - [2024-02-17T23:55:37.344+0000] {dagbag.py:538} INFO - Filling up the DagBag from /home/airflow/.local/lib/python3.8/site-packages/airflow/example_dags/example_branch_operator.py
[2024-02-17T23:55:37.411+0000] {processor.py:840} INFO - DAG(s) 'example_branch_operator' retrieved from /home/airflow/.local/lib/python3.8/site-packages/airflow/example_dags/example_branch_operator.py
[2024-02-17T23:55:37.692+0000] {logging_mixin.py:188} INFO - [2024-02-17T23:55:37.691+0000] {override.py:1769} INFO - Created Permission View: can read on DAG:example_branch_operator
[2024-02-17T23:55:37.716+0000] {logging_mixin.py:188} INFO - [2024-02-17T23:55:37.715+0000] {override.py:1769} INFO - Created Permission View: can edit on DAG:example_branch_operator
[2024-02-17T23:55:37.733+0000] {logging_mixin.py:188} INFO - [2024-02-17T23:55:37.732+0000] {override.py:1769} INFO - Created Permission View: can delete on DAG:example_branch_operator
[2024-02-17T23:55:37.734+0000] {logging_mixin.py:188} INFO - [2024-02-17T23:55:37.734+0000] {dag.py:3036} INFO - Sync 1 DAGs
[2024-02-17T23:55:37.760+0000] {logging_mixin.py:188} INFO - [2024-02-17T23:55:37.760+0000] {dag.py:3058} INFO - Creating ORM DAG for example_branch_operator
[2024-02-17T23:55:37.782+0000] {logging_mixin.py:188} INFO - [2024-02-17T23:55:37.782+0000] {dag.py:3823} INFO - Setting next_dagrun for example_branch_operator to 2024-02-16 00:00:00+00:00, run_after=2024-02-17 00:00:00+00:00
[2024-02-17T23:55:37.868+0000] {processor.py:183} INFO - Processing /home/airflow/.local/lib/python3.8/site-packages/airflow/example_dags/example_branch_operator.py took 0.539 seconds
[2024-02-17T23:56:07.975+0000] {processor.py:161} INFO - Started process (PID=123) to work on /home/airflow/.local/lib/python3.8/site-packages/airflow/example_dags/example_branch_operator.py
[2024-02-17T23:56:07.978+0000] {processor.py:830} INFO - Processing file /home/airflow/.local/lib/python3.8/site-packages/airflow/example_dags/example_branch_operator.py for tasks to queue
[2024-02-17T23:56:07.987+0000] {logging_mixin.py:188} INFO - [2024-02-17T23:56:07.985+0000] {dagbag.py:538} INFO - Filling up the DagBag from /home/airflow/.local/lib/python3.8/site-packages/airflow/example_dags/example_branch_operator.py
[2024-02-17T23:56:08.071+0000] {processor.py:840} INFO - DAG(s) 'example_branch_operator' retrieved from /home/airflow/.local/lib/python3.8/site-packages/airflow/example_dags/example_branch_operator.py
[2024-02-17T23:56:08.135+0000] {logging_mixin.py:188} INFO - [2024-02-17T23:56:08.134+0000] {dag.py:3036} INFO - Sync 1 DAGs
[2024-02-17T23:56:08.194+0000] {logging_mixin.py:188} INFO - [2024-02-17T23:56:08.193+0000] {dag.py:3823} INFO - Setting next_dagrun for example_branch_operator to 2024-02-16 00:00:00+00:00, run_after=2024-02-17 00:00:00+00:00
[2024-02-17T23:56:08.252+0000] {processor.py:183} INFO - Processing /home/airflow/.local/lib/python3.8/site-packages/airflow/example_dags/example_branch_operator.py took 0.283 seconds
[2024-02-17T23:56:39.175+0000] {processor.py:161} INFO - Started process (PID=178) to work on /home/airflow/.local/lib/python3.8/site-packages/airflow/example_dags/example_branch_operator.py
[2024-02-17T23:56:39.176+0000] {processor.py:830} INFO - Processing file /home/airflow/.local/lib/python3.8/site-packages/airflow/example_dags/example_branch_operator.py for tasks to queue
[2024-02-17T23:56:39.180+0000] {logging_mixin.py:188} INFO - [2024-02-17T23:56:39.179+0000] {dagbag.py:538} INFO - Filling up the DagBag from /home/airflow/.local/lib/python3.8/site-packages/airflow/example_dags/example_branch_operator.py
[2024-02-17T23:56:39.249+0000] {processor.py:840} INFO - DAG(s) 'example_branch_operator' retrieved from /home/airflow/.local/lib/python3.8/site-packages/airflow/example_dags/example_branch_operator.py
[2024-02-17T23:56:39.513+0000] {logging_mixin.py:188} INFO - [2024-02-17T23:56:39.512+0000] {dag.py:3036} INFO - Sync 1 DAGs
[2024-02-17T23:56:39.553+0000] {logging_mixin.py:188} INFO - [2024-02-17T23:56:39.552+0000] {dag.py:3823} INFO - Setting next_dagrun for example_branch_operator to 2024-02-16 00:00:00+00:00, run_after=2024-02-17 00:00:00+00:00
[2024-02-17T23:56:39.591+0000] {processor.py:183} INFO - Processing /home/airflow/.local/lib/python3.8/site-packages/airflow/example_dags/example_branch_operator.py took 0.422 seconds
[2024-02-17T23:57:10.224+0000] {processor.py:161} INFO - Started process (PID=233) to work on /home/airflow/.local/lib/python3.8/site-packages/airflow/example_dags/example_branch_operator.py
[2024-02-17T23:57:10.227+0000] {processor.py:830} INFO - Processing file /home/airflow/.local/lib/python3.8/site-packages/airflow/example_dags/example_branch_operator.py for tasks to queue
[2024-02-17T23:57:10.234+0000] {logging_mixin.py:188} INFO - [2024-02-17T23:57:10.233+0000] {dagbag.py:538} INFO - Filling up the DagBag from /home/airflow/.local/lib/python3.8/site-packages/airflow/example_dags/example_branch_operator.py
[2024-02-17T23:57:10.289+0000] {processor.py:840} INFO - DAG(s) 'example_branch_operator' retrieved from /home/airflow/.local/lib/python3.8/site-packages/airflow/example_dags/example_branch_operator.py
[2024-02-17T23:57:10.337+0000] {logging_mixin.py:188} INFO - [2024-02-17T23:57:10.336+0000] {dag.py:3036} INFO - Sync 1 DAGs
[2024-02-17T23:57:10.399+0000] {logging_mixin.py:188} INFO - [2024-02-17T23:57:10.399+0000] {dag.py:3823} INFO - Setting next_dagrun for example_branch_operator to 2024-02-16 00:00:00+00:00, run_after=2024-02-17 00:00:00+00:00
[2024-02-17T23:57:10.437+0000] {processor.py:183} INFO - Processing /home/airflow/.local/lib/python3.8/site-packages/airflow/example_dags/example_branch_operator.py took 0.225 seconds
[2024-02-17T23:57:40.570+0000] {processor.py:161} INFO - Started process (PID=288) to work on /home/airflow/.local/lib/python3.8/site-packages/airflow/example_dags/example_branch_operator.py
[2024-02-17T23:57:40.571+0000] {processor.py:830} INFO - Processing file /home/airflow/.local/lib/python3.8/site-packages/airflow/example_dags/example_branch_operator.py for tasks to queue
[2024-02-17T23:57:40.577+0000] {logging_mixin.py:188} INFO - [2024-02-17T23:57:40.576+0000] {dagbag.py:538} INFO - Filling up the DagBag from /home/airflow/.local/lib/python3.8/site-packages/airflow/example_dags/example_branch_operator.py
[2024-02-17T23:57:40.641+0000] {processor.py:840} INFO - DAG(s) 'example_branch_operator' retrieved from /home/airflow/.local/lib/python3.8/site-packages/airflow/example_dags/example_branch_operator.py
[2024-02-17T23:57:40.690+0000] {logging_mixin.py:188} INFO - [2024-02-17T23:57:40.690+0000] {dag.py:3036} INFO - Sync 1 DAGs
[2024-02-17T23:57:40.726+0000] {logging_mixin.py:188} INFO - [2024-02-17T23:57:40.726+0000] {dag.py:3823} INFO - Setting next_dagrun for example_branch_operator to 2024-02-16 00:00:00+00:00, run_after=2024-02-17 00:00:00+00:00
[2024-02-17T23:57:40.756+0000] {processor.py:183} INFO - Processing /home/airflow/.local/lib/python3.8/site-packages/airflow/example_dags/example_branch_operator.py took 0.190 seconds
[2024-02-17T23:58:10.833+0000] {processor.py:161} INFO - Started process (PID=343) to work on /home/airflow/.local/lib/python3.8/site-packages/airflow/example_dags/example_branch_operator.py
[2024-02-17T23:58:10.834+0000] {processor.py:830} INFO - Processing file /home/airflow/.local/lib/python3.8/site-packages/airflow/example_dags/example_branch_operator.py for tasks to queue
[2024-02-17T23:58:10.842+0000] {logging_mixin.py:188} INFO - [2024-02-17T23:58:10.841+0000] {dagbag.py:538} INFO - Filling up the DagBag from /home/airflow/.local/lib/python3.8/site-packages/airflow/example_dags/example_branch_operator.py
[2024-02-17T23:58:10.885+0000] {processor.py:840} INFO - DAG(s) 'example_branch_operator' retrieved from /home/airflow/.local/lib/python3.8/site-packages/airflow/example_dags/example_branch_operator.py
[2024-02-17T23:58:10.940+0000] {logging_mixin.py:188} INFO - [2024-02-17T23:58:10.939+0000] {dag.py:3036} INFO - Sync 1 DAGs
[2024-02-17T23:58:10.982+0000] {logging_mixin.py:188} INFO - [2024-02-17T23:58:10.981+0000] {dag.py:3823} INFO - Setting next_dagrun for example_branch_operator to 2024-02-16 00:00:00+00:00, run_after=2024-02-17 00:00:00+00:00
[2024-02-17T23:58:11.018+0000] {processor.py:183} INFO - Processing /home/airflow/.local/lib/python3.8/site-packages/airflow/example_dags/example_branch_operator.py took 0.191 seconds
