[2024-02-17T23:55:31.696+0000] {processor.py:161} INFO - Started process (PID=43) to work on /home/airflow/.local/lib/python3.8/site-packages/airflow/example_dags/example_subdag_operator.py
[2024-02-17T23:55:31.698+0000] {processor.py:830} INFO - Processing file /home/airflow/.local/lib/python3.8/site-packages/airflow/example_dags/example_subdag_operator.py for tasks to queue
[2024-02-17T23:55:31.703+0000] {logging_mixin.py:188} INFO - [2024-02-17T23:55:31.702+0000] {dagbag.py:538} INFO - Filling up the DagBag from /home/airflow/.local/lib/python3.8/site-packages/airflow/example_dags/example_subdag_operator.py
[2024-02-17T23:55:31.757+0000] {processor.py:840} INFO - DAG(s) 'example_subdag_operator.section-1', 'example_subdag_operator.section-2', 'example_subdag_operator' retrieved from /home/airflow/.local/lib/python3.8/site-packages/airflow/example_dags/example_subdag_operator.py
[2024-02-17T23:55:31.963+0000] {logging_mixin.py:188} INFO - [2024-02-17T23:55:31.962+0000] {override.py:1769} INFO - Created Permission View: can read on DAG:example_subdag_operator
[2024-02-17T23:55:31.987+0000] {logging_mixin.py:188} INFO - [2024-02-17T23:55:31.986+0000] {override.py:1769} INFO - Created Permission View: can edit on DAG:example_subdag_operator
[2024-02-17T23:55:32.003+0000] {logging_mixin.py:188} INFO - [2024-02-17T23:55:32.003+0000] {override.py:1769} INFO - Created Permission View: can delete on DAG:example_subdag_operator
[2024-02-17T23:55:32.006+0000] {logging_mixin.py:188} INFO - [2024-02-17T23:55:32.005+0000] {dag.py:3036} INFO - Sync 3 DAGs
[2024-02-17T23:55:32.029+0000] {logging_mixin.py:188} INFO - [2024-02-17T23:55:32.029+0000] {dag.py:3058} INFO - Creating ORM DAG for example_subdag_operator.section-2
[2024-02-17T23:55:32.032+0000] {logging_mixin.py:188} INFO - [2024-02-17T23:55:32.031+0000] {dag.py:3058} INFO - Creating ORM DAG for example_subdag_operator.section-1
[2024-02-17T23:55:32.034+0000] {logging_mixin.py:188} INFO - [2024-02-17T23:55:32.033+0000] {dag.py:3058} INFO - Creating ORM DAG for example_subdag_operator
[2024-02-17T23:55:32.054+0000] {logging_mixin.py:188} INFO - [2024-02-17T23:55:32.054+0000] {dag.py:3823} INFO - Setting next_dagrun for example_subdag_operator to 2022-01-01 00:00:00+00:00, run_after=2022-01-01 00:00:00+00:00
[2024-02-17T23:55:32.058+0000] {logging_mixin.py:188} INFO - [2024-02-17T23:55:32.057+0000] {dag.py:3823} INFO - Setting next_dagrun for example_subdag_operator.section-1 to None, run_after=None
[2024-02-17T23:55:32.062+0000] {logging_mixin.py:188} INFO - [2024-02-17T23:55:32.062+0000] {dag.py:3823} INFO - Setting next_dagrun for example_subdag_operator.section-2 to None, run_after=None
[2024-02-17T23:55:32.092+0000] {logging_mixin.py:188} INFO - [2024-02-17T23:55:32.091+0000] {dag.py:3036} INFO - Sync 2 DAGs
[2024-02-17T23:55:32.104+0000] {logging_mixin.py:188} INFO - [2024-02-17T23:55:32.104+0000] {dag.py:3823} INFO - Setting next_dagrun for example_subdag_operator.section-1 to None, run_after=None
[2024-02-17T23:55:32.112+0000] {logging_mixin.py:188} INFO - [2024-02-17T23:55:32.111+0000] {dag.py:3823} INFO - Setting next_dagrun for example_subdag_operator.section-2 to None, run_after=None
[2024-02-17T23:55:32.137+0000] {processor.py:183} INFO - Processing /home/airflow/.local/lib/python3.8/site-packages/airflow/example_dags/example_subdag_operator.py took 0.448 seconds
[2024-02-17T23:56:02.585+0000] {processor.py:161} INFO - Started process (PID=98) to work on /home/airflow/.local/lib/python3.8/site-packages/airflow/example_dags/example_subdag_operator.py
[2024-02-17T23:56:02.587+0000] {processor.py:830} INFO - Processing file /home/airflow/.local/lib/python3.8/site-packages/airflow/example_dags/example_subdag_operator.py for tasks to queue
[2024-02-17T23:56:02.591+0000] {logging_mixin.py:188} INFO - [2024-02-17T23:56:02.591+0000] {dagbag.py:538} INFO - Filling up the DagBag from /home/airflow/.local/lib/python3.8/site-packages/airflow/example_dags/example_subdag_operator.py
[2024-02-17T23:56:02.656+0000] {processor.py:840} INFO - DAG(s) 'example_subdag_operator.section-1', 'example_subdag_operator.section-2', 'example_subdag_operator' retrieved from /home/airflow/.local/lib/python3.8/site-packages/airflow/example_dags/example_subdag_operator.py
[2024-02-17T23:56:02.691+0000] {logging_mixin.py:188} INFO - [2024-02-17T23:56:02.690+0000] {dag.py:3036} INFO - Sync 3 DAGs
[2024-02-17T23:56:02.744+0000] {logging_mixin.py:188} INFO - [2024-02-17T23:56:02.743+0000] {dag.py:3823} INFO - Setting next_dagrun for example_subdag_operator to 2022-01-01 00:00:00+00:00, run_after=2022-01-01 00:00:00+00:00
[2024-02-17T23:56:02.751+0000] {logging_mixin.py:188} INFO - [2024-02-17T23:56:02.751+0000] {dag.py:3823} INFO - Setting next_dagrun for example_subdag_operator.section-1 to None, run_after=None
[2024-02-17T23:56:02.757+0000] {logging_mixin.py:188} INFO - [2024-02-17T23:56:02.757+0000] {dag.py:3823} INFO - Setting next_dagrun for example_subdag_operator.section-2 to None, run_after=None
[2024-02-17T23:56:02.772+0000] {logging_mixin.py:188} INFO - [2024-02-17T23:56:02.772+0000] {dag.py:3036} INFO - Sync 2 DAGs
[2024-02-17T23:56:02.784+0000] {logging_mixin.py:188} INFO - [2024-02-17T23:56:02.784+0000] {dag.py:3823} INFO - Setting next_dagrun for example_subdag_operator.section-1 to None, run_after=None
[2024-02-17T23:56:02.786+0000] {logging_mixin.py:188} INFO - [2024-02-17T23:56:02.785+0000] {dag.py:3823} INFO - Setting next_dagrun for example_subdag_operator.section-2 to None, run_after=None
[2024-02-17T23:56:02.817+0000] {processor.py:183} INFO - Processing /home/airflow/.local/lib/python3.8/site-packages/airflow/example_dags/example_subdag_operator.py took 0.239 seconds
[2024-02-17T23:56:32.989+0000] {processor.py:161} INFO - Started process (PID=152) to work on /home/airflow/.local/lib/python3.8/site-packages/airflow/example_dags/example_subdag_operator.py
[2024-02-17T23:56:32.991+0000] {processor.py:830} INFO - Processing file /home/airflow/.local/lib/python3.8/site-packages/airflow/example_dags/example_subdag_operator.py for tasks to queue
[2024-02-17T23:56:32.997+0000] {logging_mixin.py:188} INFO - [2024-02-17T23:56:32.996+0000] {dagbag.py:538} INFO - Filling up the DagBag from /home/airflow/.local/lib/python3.8/site-packages/airflow/example_dags/example_subdag_operator.py
[2024-02-17T23:56:33.036+0000] {processor.py:840} INFO - DAG(s) 'example_subdag_operator.section-1', 'example_subdag_operator.section-2', 'example_subdag_operator' retrieved from /home/airflow/.local/lib/python3.8/site-packages/airflow/example_dags/example_subdag_operator.py
[2024-02-17T23:56:33.042+0000] {logging_mixin.py:188} INFO - [2024-02-17T23:56:33.042+0000] {dag.py:3036} INFO - Sync 3 DAGs
[2024-02-17T23:56:33.074+0000] {logging_mixin.py:188} INFO - [2024-02-17T23:56:33.074+0000] {dag.py:3823} INFO - Setting next_dagrun for example_subdag_operator to 2022-01-01 00:00:00+00:00, run_after=2022-01-01 00:00:00+00:00
[2024-02-17T23:56:33.080+0000] {logging_mixin.py:188} INFO - [2024-02-17T23:56:33.080+0000] {dag.py:3823} INFO - Setting next_dagrun for example_subdag_operator.section-1 to None, run_after=None
[2024-02-17T23:56:33.084+0000] {logging_mixin.py:188} INFO - [2024-02-17T23:56:33.083+0000] {dag.py:3823} INFO - Setting next_dagrun for example_subdag_operator.section-2 to None, run_after=None
[2024-02-17T23:56:33.096+0000] {logging_mixin.py:188} INFO - [2024-02-17T23:56:33.096+0000] {dag.py:3036} INFO - Sync 2 DAGs
[2024-02-17T23:56:33.105+0000] {logging_mixin.py:188} INFO - [2024-02-17T23:56:33.105+0000] {dag.py:3823} INFO - Setting next_dagrun for example_subdag_operator.section-1 to None, run_after=None
[2024-02-17T23:56:33.106+0000] {logging_mixin.py:188} INFO - [2024-02-17T23:56:33.106+0000] {dag.py:3823} INFO - Setting next_dagrun for example_subdag_operator.section-2 to None, run_after=None
[2024-02-17T23:56:33.128+0000] {processor.py:183} INFO - Processing /home/airflow/.local/lib/python3.8/site-packages/airflow/example_dags/example_subdag_operator.py took 0.144 seconds
[2024-02-17T23:57:03.674+0000] {processor.py:161} INFO - Started process (PID=213) to work on /home/airflow/.local/lib/python3.8/site-packages/airflow/example_dags/example_subdag_operator.py
[2024-02-17T23:57:03.675+0000] {processor.py:830} INFO - Processing file /home/airflow/.local/lib/python3.8/site-packages/airflow/example_dags/example_subdag_operator.py for tasks to queue
[2024-02-17T23:57:03.679+0000] {logging_mixin.py:188} INFO - [2024-02-17T23:57:03.679+0000] {dagbag.py:538} INFO - Filling up the DagBag from /home/airflow/.local/lib/python3.8/site-packages/airflow/example_dags/example_subdag_operator.py
[2024-02-17T23:57:03.722+0000] {processor.py:840} INFO - DAG(s) 'example_subdag_operator.section-1', 'example_subdag_operator.section-2', 'example_subdag_operator' retrieved from /home/airflow/.local/lib/python3.8/site-packages/airflow/example_dags/example_subdag_operator.py
[2024-02-17T23:57:03.880+0000] {logging_mixin.py:188} INFO - [2024-02-17T23:57:03.880+0000] {dag.py:3036} INFO - Sync 3 DAGs
[2024-02-17T23:57:03.921+0000] {logging_mixin.py:188} INFO - [2024-02-17T23:57:03.920+0000] {dag.py:3823} INFO - Setting next_dagrun for example_subdag_operator to 2022-01-01 00:00:00+00:00, run_after=2022-01-01 00:00:00+00:00
[2024-02-17T23:57:03.932+0000] {logging_mixin.py:188} INFO - [2024-02-17T23:57:03.932+0000] {dag.py:3823} INFO - Setting next_dagrun for example_subdag_operator.section-1 to None, run_after=None
[2024-02-17T23:57:03.937+0000] {logging_mixin.py:188} INFO - [2024-02-17T23:57:03.937+0000] {dag.py:3823} INFO - Setting next_dagrun for example_subdag_operator.section-2 to None, run_after=None
[2024-02-17T23:57:03.956+0000] {logging_mixin.py:188} INFO - [2024-02-17T23:57:03.956+0000] {dag.py:3036} INFO - Sync 2 DAGs
[2024-02-17T23:57:03.967+0000] {logging_mixin.py:188} INFO - [2024-02-17T23:57:03.967+0000] {dag.py:3823} INFO - Setting next_dagrun for example_subdag_operator.section-1 to None, run_after=None
[2024-02-17T23:57:03.968+0000] {logging_mixin.py:188} INFO - [2024-02-17T23:57:03.968+0000] {dag.py:3823} INFO - Setting next_dagrun for example_subdag_operator.section-2 to None, run_after=None
[2024-02-17T23:57:03.992+0000] {processor.py:183} INFO - Processing /home/airflow/.local/lib/python3.8/site-packages/airflow/example_dags/example_subdag_operator.py took 0.324 seconds
[2024-02-17T23:57:34.069+0000] {processor.py:161} INFO - Started process (PID=268) to work on /home/airflow/.local/lib/python3.8/site-packages/airflow/example_dags/example_subdag_operator.py
[2024-02-17T23:57:34.071+0000] {processor.py:830} INFO - Processing file /home/airflow/.local/lib/python3.8/site-packages/airflow/example_dags/example_subdag_operator.py for tasks to queue
[2024-02-17T23:57:34.075+0000] {logging_mixin.py:188} INFO - [2024-02-17T23:57:34.074+0000] {dagbag.py:538} INFO - Filling up the DagBag from /home/airflow/.local/lib/python3.8/site-packages/airflow/example_dags/example_subdag_operator.py
[2024-02-17T23:57:34.120+0000] {processor.py:840} INFO - DAG(s) 'example_subdag_operator.section-1', 'example_subdag_operator.section-2', 'example_subdag_operator' retrieved from /home/airflow/.local/lib/python3.8/site-packages/airflow/example_dags/example_subdag_operator.py
[2024-02-17T23:57:34.148+0000] {logging_mixin.py:188} INFO - [2024-02-17T23:57:34.148+0000] {dag.py:3036} INFO - Sync 3 DAGs
[2024-02-17T23:57:34.184+0000] {logging_mixin.py:188} INFO - [2024-02-17T23:57:34.184+0000] {dag.py:3823} INFO - Setting next_dagrun for example_subdag_operator to 2022-01-01 00:00:00+00:00, run_after=2022-01-01 00:00:00+00:00
[2024-02-17T23:57:34.191+0000] {logging_mixin.py:188} INFO - [2024-02-17T23:57:34.191+0000] {dag.py:3823} INFO - Setting next_dagrun for example_subdag_operator.section-1 to None, run_after=None
[2024-02-17T23:57:34.195+0000] {logging_mixin.py:188} INFO - [2024-02-17T23:57:34.194+0000] {dag.py:3823} INFO - Setting next_dagrun for example_subdag_operator.section-2 to None, run_after=None
[2024-02-17T23:57:34.208+0000] {logging_mixin.py:188} INFO - [2024-02-17T23:57:34.208+0000] {dag.py:3036} INFO - Sync 2 DAGs
[2024-02-17T23:57:34.219+0000] {logging_mixin.py:188} INFO - [2024-02-17T23:57:34.219+0000] {dag.py:3823} INFO - Setting next_dagrun for example_subdag_operator.section-1 to None, run_after=None
[2024-02-17T23:57:34.220+0000] {logging_mixin.py:188} INFO - [2024-02-17T23:57:34.220+0000] {dag.py:3823} INFO - Setting next_dagrun for example_subdag_operator.section-2 to None, run_after=None
[2024-02-17T23:57:34.245+0000] {processor.py:183} INFO - Processing /home/airflow/.local/lib/python3.8/site-packages/airflow/example_dags/example_subdag_operator.py took 0.182 seconds
[2024-02-17T23:58:04.463+0000] {processor.py:161} INFO - Started process (PID=323) to work on /home/airflow/.local/lib/python3.8/site-packages/airflow/example_dags/example_subdag_operator.py
[2024-02-17T23:58:04.465+0000] {processor.py:830} INFO - Processing file /home/airflow/.local/lib/python3.8/site-packages/airflow/example_dags/example_subdag_operator.py for tasks to queue
[2024-02-17T23:58:04.468+0000] {logging_mixin.py:188} INFO - [2024-02-17T23:58:04.467+0000] {dagbag.py:538} INFO - Filling up the DagBag from /home/airflow/.local/lib/python3.8/site-packages/airflow/example_dags/example_subdag_operator.py
[2024-02-17T23:58:04.514+0000] {processor.py:840} INFO - DAG(s) 'example_subdag_operator.section-1', 'example_subdag_operator.section-2', 'example_subdag_operator' retrieved from /home/airflow/.local/lib/python3.8/site-packages/airflow/example_dags/example_subdag_operator.py
[2024-02-17T23:58:04.541+0000] {logging_mixin.py:188} INFO - [2024-02-17T23:58:04.540+0000] {dag.py:3036} INFO - Sync 3 DAGs
[2024-02-17T23:58:04.580+0000] {logging_mixin.py:188} INFO - [2024-02-17T23:58:04.579+0000] {dag.py:3823} INFO - Setting next_dagrun for example_subdag_operator to 2022-01-01 00:00:00+00:00, run_after=2022-01-01 00:00:00+00:00
[2024-02-17T23:58:04.586+0000] {logging_mixin.py:188} INFO - [2024-02-17T23:58:04.586+0000] {dag.py:3823} INFO - Setting next_dagrun for example_subdag_operator.section-1 to None, run_after=None
[2024-02-17T23:58:04.590+0000] {logging_mixin.py:188} INFO - [2024-02-17T23:58:04.590+0000] {dag.py:3823} INFO - Setting next_dagrun for example_subdag_operator.section-2 to None, run_after=None
[2024-02-17T23:58:04.613+0000] {logging_mixin.py:188} INFO - [2024-02-17T23:58:04.613+0000] {dag.py:3036} INFO - Sync 2 DAGs
[2024-02-17T23:58:04.623+0000] {logging_mixin.py:188} INFO - [2024-02-17T23:58:04.622+0000] {dag.py:3823} INFO - Setting next_dagrun for example_subdag_operator.section-1 to None, run_after=None
[2024-02-17T23:58:04.624+0000] {logging_mixin.py:188} INFO - [2024-02-17T23:58:04.623+0000] {dag.py:3823} INFO - Setting next_dagrun for example_subdag_operator.section-2 to None, run_after=None
[2024-02-17T23:58:04.645+0000] {processor.py:183} INFO - Processing /home/airflow/.local/lib/python3.8/site-packages/airflow/example_dags/example_subdag_operator.py took 0.188 seconds
