[2024-02-17T23:55:36.192+0000] {processor.py:161} INFO - Started process (PID=64) to work on /home/airflow/.local/lib/python3.8/site-packages/airflow/example_dags/example_branch_datetime_operator.py
[2024-02-17T23:55:36.194+0000] {processor.py:830} INFO - Processing file /home/airflow/.local/lib/python3.8/site-packages/airflow/example_dags/example_branch_datetime_operator.py for tasks to queue
[2024-02-17T23:55:36.199+0000] {logging_mixin.py:188} INFO - [2024-02-17T23:55:36.198+0000] {dagbag.py:538} INFO - Filling up the DagBag from /home/airflow/.local/lib/python3.8/site-packages/airflow/example_dags/example_branch_datetime_operator.py
[2024-02-17T23:55:36.221+0000] {processor.py:840} INFO - DAG(s) 'example_branch_datetime_operator_3', 'example_branch_datetime_operator_2', 'example_branch_datetime_operator' retrieved from /home/airflow/.local/lib/python3.8/site-packages/airflow/example_dags/example_branch_datetime_operator.py
[2024-02-17T23:55:36.455+0000] {logging_mixin.py:188} INFO - [2024-02-17T23:55:36.454+0000] {override.py:1769} INFO - Created Permission View: can read on DAG:example_branch_datetime_operator_3
[2024-02-17T23:55:36.485+0000] {logging_mixin.py:188} INFO - [2024-02-17T23:55:36.485+0000] {override.py:1769} INFO - Created Permission View: can edit on DAG:example_branch_datetime_operator_3
[2024-02-17T23:55:36.504+0000] {logging_mixin.py:188} INFO - [2024-02-17T23:55:36.503+0000] {override.py:1769} INFO - Created Permission View: can delete on DAG:example_branch_datetime_operator_3
[2024-02-17T23:55:36.536+0000] {logging_mixin.py:188} INFO - [2024-02-17T23:55:36.536+0000] {override.py:1769} INFO - Created Permission View: can read on DAG:example_branch_datetime_operator_2
[2024-02-17T23:55:36.555+0000] {logging_mixin.py:188} INFO - [2024-02-17T23:55:36.554+0000] {override.py:1769} INFO - Created Permission View: can edit on DAG:example_branch_datetime_operator_2
[2024-02-17T23:55:36.574+0000] {logging_mixin.py:188} INFO - [2024-02-17T23:55:36.573+0000] {override.py:1769} INFO - Created Permission View: can delete on DAG:example_branch_datetime_operator_2
[2024-02-17T23:55:36.609+0000] {logging_mixin.py:188} INFO - [2024-02-17T23:55:36.609+0000] {override.py:1769} INFO - Created Permission View: can read on DAG:example_branch_datetime_operator
[2024-02-17T23:55:36.627+0000] {logging_mixin.py:188} INFO - [2024-02-17T23:55:36.627+0000] {override.py:1769} INFO - Created Permission View: can edit on DAG:example_branch_datetime_operator
[2024-02-17T23:55:36.647+0000] {logging_mixin.py:188} INFO - [2024-02-17T23:55:36.646+0000] {override.py:1769} INFO - Created Permission View: can delete on DAG:example_branch_datetime_operator
[2024-02-17T23:55:36.653+0000] {logging_mixin.py:188} INFO - [2024-02-17T23:55:36.653+0000] {dag.py:3036} INFO - Sync 3 DAGs
[2024-02-17T23:55:36.684+0000] {logging_mixin.py:188} INFO - [2024-02-17T23:55:36.683+0000] {dag.py:3058} INFO - Creating ORM DAG for example_branch_datetime_operator_2
[2024-02-17T23:55:36.686+0000] {logging_mixin.py:188} INFO - [2024-02-17T23:55:36.685+0000] {dag.py:3058} INFO - Creating ORM DAG for example_branch_datetime_operator
[2024-02-17T23:55:36.687+0000] {logging_mixin.py:188} INFO - [2024-02-17T23:55:36.687+0000] {dag.py:3058} INFO - Creating ORM DAG for example_branch_datetime_operator_3
[2024-02-17T23:55:36.713+0000] {logging_mixin.py:188} INFO - [2024-02-17T23:55:36.712+0000] {dag.py:3823} INFO - Setting next_dagrun for example_branch_datetime_operator to 2024-02-16 00:00:00+00:00, run_after=2024-02-17 00:00:00+00:00
[2024-02-17T23:55:36.720+0000] {logging_mixin.py:188} INFO - [2024-02-17T23:55:36.719+0000] {dag.py:3823} INFO - Setting next_dagrun for example_branch_datetime_operator_2 to 2024-02-16 00:00:00+00:00, run_after=2024-02-17 00:00:00+00:00
[2024-02-17T23:55:36.725+0000] {logging_mixin.py:188} INFO - [2024-02-17T23:55:36.725+0000] {dag.py:3823} INFO - Setting next_dagrun for example_branch_datetime_operator_3 to 2024-02-16 00:00:00+00:00, run_after=2024-02-17 00:00:00+00:00
[2024-02-17T23:55:36.774+0000] {processor.py:183} INFO - Processing /home/airflow/.local/lib/python3.8/site-packages/airflow/example_dags/example_branch_datetime_operator.py took 0.589 seconds
[2024-02-17T23:56:07.393+0000] {processor.py:161} INFO - Started process (PID=119) to work on /home/airflow/.local/lib/python3.8/site-packages/airflow/example_dags/example_branch_datetime_operator.py
[2024-02-17T23:56:07.396+0000] {processor.py:830} INFO - Processing file /home/airflow/.local/lib/python3.8/site-packages/airflow/example_dags/example_branch_datetime_operator.py for tasks to queue
[2024-02-17T23:56:07.404+0000] {logging_mixin.py:188} INFO - [2024-02-17T23:56:07.403+0000] {dagbag.py:538} INFO - Filling up the DagBag from /home/airflow/.local/lib/python3.8/site-packages/airflow/example_dags/example_branch_datetime_operator.py
[2024-02-17T23:56:07.447+0000] {processor.py:840} INFO - DAG(s) 'example_branch_datetime_operator', 'example_branch_datetime_operator_3', 'example_branch_datetime_operator_2' retrieved from /home/airflow/.local/lib/python3.8/site-packages/airflow/example_dags/example_branch_datetime_operator.py
[2024-02-17T23:56:07.526+0000] {logging_mixin.py:188} INFO - [2024-02-17T23:56:07.525+0000] {dag.py:3036} INFO - Sync 3 DAGs
[2024-02-17T23:56:07.583+0000] {logging_mixin.py:188} INFO - [2024-02-17T23:56:07.582+0000] {dag.py:3823} INFO - Setting next_dagrun for example_branch_datetime_operator to 2024-02-16 00:00:00+00:00, run_after=2024-02-17 00:00:00+00:00
[2024-02-17T23:56:07.596+0000] {logging_mixin.py:188} INFO - [2024-02-17T23:56:07.595+0000] {dag.py:3823} INFO - Setting next_dagrun for example_branch_datetime_operator_2 to 2024-02-16 00:00:00+00:00, run_after=2024-02-17 00:00:00+00:00
[2024-02-17T23:56:07.603+0000] {logging_mixin.py:188} INFO - [2024-02-17T23:56:07.603+0000] {dag.py:3823} INFO - Setting next_dagrun for example_branch_datetime_operator_3 to 2024-02-16 00:00:00+00:00, run_after=2024-02-17 00:00:00+00:00
[2024-02-17T23:56:07.666+0000] {processor.py:183} INFO - Processing /home/airflow/.local/lib/python3.8/site-packages/airflow/example_dags/example_branch_datetime_operator.py took 0.287 seconds
[2024-02-17T23:56:37.710+0000] {processor.py:161} INFO - Started process (PID=174) to work on /home/airflow/.local/lib/python3.8/site-packages/airflow/example_dags/example_branch_datetime_operator.py
[2024-02-17T23:56:37.711+0000] {processor.py:830} INFO - Processing file /home/airflow/.local/lib/python3.8/site-packages/airflow/example_dags/example_branch_datetime_operator.py for tasks to queue
[2024-02-17T23:56:37.715+0000] {logging_mixin.py:188} INFO - [2024-02-17T23:56:37.714+0000] {dagbag.py:538} INFO - Filling up the DagBag from /home/airflow/.local/lib/python3.8/site-packages/airflow/example_dags/example_branch_datetime_operator.py
[2024-02-17T23:56:37.731+0000] {processor.py:840} INFO - DAG(s) 'example_branch_datetime_operator_3', 'example_branch_datetime_operator_2', 'example_branch_datetime_operator' retrieved from /home/airflow/.local/lib/python3.8/site-packages/airflow/example_dags/example_branch_datetime_operator.py
[2024-02-17T23:56:37.754+0000] {logging_mixin.py:188} INFO - [2024-02-17T23:56:37.754+0000] {dag.py:3036} INFO - Sync 3 DAGs
[2024-02-17T23:56:37.795+0000] {logging_mixin.py:188} INFO - [2024-02-17T23:56:37.794+0000] {dag.py:3823} INFO - Setting next_dagrun for example_branch_datetime_operator to 2024-02-16 00:00:00+00:00, run_after=2024-02-17 00:00:00+00:00
[2024-02-17T23:56:37.802+0000] {logging_mixin.py:188} INFO - [2024-02-17T23:56:37.802+0000] {dag.py:3823} INFO - Setting next_dagrun for example_branch_datetime_operator_2 to 2024-02-16 00:00:00+00:00, run_after=2024-02-17 00:00:00+00:00
[2024-02-17T23:56:37.808+0000] {logging_mixin.py:188} INFO - [2024-02-17T23:56:37.808+0000] {dag.py:3823} INFO - Setting next_dagrun for example_branch_datetime_operator_3 to 2024-02-16 00:00:00+00:00, run_after=2024-02-17 00:00:00+00:00
[2024-02-17T23:56:37.835+0000] {processor.py:183} INFO - Processing /home/airflow/.local/lib/python3.8/site-packages/airflow/example_dags/example_branch_datetime_operator.py took 0.131 seconds
[2024-02-17T23:57:08.525+0000] {processor.py:161} INFO - Started process (PID=229) to work on /home/airflow/.local/lib/python3.8/site-packages/airflow/example_dags/example_branch_datetime_operator.py
[2024-02-17T23:57:08.527+0000] {processor.py:830} INFO - Processing file /home/airflow/.local/lib/python3.8/site-packages/airflow/example_dags/example_branch_datetime_operator.py for tasks to queue
[2024-02-17T23:57:08.530+0000] {logging_mixin.py:188} INFO - [2024-02-17T23:57:08.530+0000] {dagbag.py:538} INFO - Filling up the DagBag from /home/airflow/.local/lib/python3.8/site-packages/airflow/example_dags/example_branch_datetime_operator.py
[2024-02-17T23:57:08.545+0000] {processor.py:840} INFO - DAG(s) 'example_branch_datetime_operator_3', 'example_branch_datetime_operator', 'example_branch_datetime_operator_2' retrieved from /home/airflow/.local/lib/python3.8/site-packages/airflow/example_dags/example_branch_datetime_operator.py
[2024-02-17T23:57:08.777+0000] {logging_mixin.py:188} INFO - [2024-02-17T23:57:08.776+0000] {dag.py:3036} INFO - Sync 3 DAGs
[2024-02-17T23:57:08.821+0000] {logging_mixin.py:188} INFO - [2024-02-17T23:57:08.820+0000] {dag.py:3823} INFO - Setting next_dagrun for example_branch_datetime_operator to 2024-02-16 00:00:00+00:00, run_after=2024-02-17 00:00:00+00:00
[2024-02-17T23:57:08.830+0000] {logging_mixin.py:188} INFO - [2024-02-17T23:57:08.830+0000] {dag.py:3823} INFO - Setting next_dagrun for example_branch_datetime_operator_2 to 2024-02-16 00:00:00+00:00, run_after=2024-02-17 00:00:00+00:00
[2024-02-17T23:57:08.836+0000] {logging_mixin.py:188} INFO - [2024-02-17T23:57:08.835+0000] {dag.py:3823} INFO - Setting next_dagrun for example_branch_datetime_operator_3 to 2024-02-16 00:00:00+00:00, run_after=2024-02-17 00:00:00+00:00
[2024-02-17T23:57:08.866+0000] {processor.py:183} INFO - Processing /home/airflow/.local/lib/python3.8/site-packages/airflow/example_dags/example_branch_datetime_operator.py took 0.346 seconds
[2024-02-17T23:57:39.040+0000] {processor.py:161} INFO - Started process (PID=284) to work on /home/airflow/.local/lib/python3.8/site-packages/airflow/example_dags/example_branch_datetime_operator.py
[2024-02-17T23:57:39.043+0000] {processor.py:830} INFO - Processing file /home/airflow/.local/lib/python3.8/site-packages/airflow/example_dags/example_branch_datetime_operator.py for tasks to queue
[2024-02-17T23:57:39.047+0000] {logging_mixin.py:188} INFO - [2024-02-17T23:57:39.046+0000] {dagbag.py:538} INFO - Filling up the DagBag from /home/airflow/.local/lib/python3.8/site-packages/airflow/example_dags/example_branch_datetime_operator.py
[2024-02-17T23:57:39.073+0000] {processor.py:840} INFO - DAG(s) 'example_branch_datetime_operator_3', 'example_branch_datetime_operator_2', 'example_branch_datetime_operator' retrieved from /home/airflow/.local/lib/python3.8/site-packages/airflow/example_dags/example_branch_datetime_operator.py
[2024-02-17T23:57:39.133+0000] {logging_mixin.py:188} INFO - [2024-02-17T23:57:39.133+0000] {dag.py:3036} INFO - Sync 3 DAGs
[2024-02-17T23:57:39.182+0000] {logging_mixin.py:188} INFO - [2024-02-17T23:57:39.181+0000] {dag.py:3823} INFO - Setting next_dagrun for example_branch_datetime_operator to 2024-02-16 00:00:00+00:00, run_after=2024-02-17 00:00:00+00:00
[2024-02-17T23:57:39.193+0000] {logging_mixin.py:188} INFO - [2024-02-17T23:57:39.192+0000] {dag.py:3823} INFO - Setting next_dagrun for example_branch_datetime_operator_2 to 2024-02-16 00:00:00+00:00, run_after=2024-02-17 00:00:00+00:00
[2024-02-17T23:57:39.199+0000] {logging_mixin.py:188} INFO - [2024-02-17T23:57:39.198+0000] {dag.py:3823} INFO - Setting next_dagrun for example_branch_datetime_operator_3 to 2024-02-16 00:00:00+00:00, run_after=2024-02-17 00:00:00+00:00
[2024-02-17T23:57:39.229+0000] {processor.py:183} INFO - Processing /home/airflow/.local/lib/python3.8/site-packages/airflow/example_dags/example_branch_datetime_operator.py took 0.202 seconds
[2024-02-17T23:58:10.254+0000] {processor.py:161} INFO - Started process (PID=339) to work on /home/airflow/.local/lib/python3.8/site-packages/airflow/example_dags/example_branch_datetime_operator.py
[2024-02-17T23:58:10.255+0000] {processor.py:830} INFO - Processing file /home/airflow/.local/lib/python3.8/site-packages/airflow/example_dags/example_branch_datetime_operator.py for tasks to queue
[2024-02-17T23:58:10.259+0000] {logging_mixin.py:188} INFO - [2024-02-17T23:58:10.259+0000] {dagbag.py:538} INFO - Filling up the DagBag from /home/airflow/.local/lib/python3.8/site-packages/airflow/example_dags/example_branch_datetime_operator.py
[2024-02-17T23:58:10.276+0000] {processor.py:840} INFO - DAG(s) 'example_branch_datetime_operator_2', 'example_branch_datetime_operator_3', 'example_branch_datetime_operator' retrieved from /home/airflow/.local/lib/python3.8/site-packages/airflow/example_dags/example_branch_datetime_operator.py
[2024-02-17T23:58:10.321+0000] {logging_mixin.py:188} INFO - [2024-02-17T23:58:10.320+0000] {dag.py:3036} INFO - Sync 3 DAGs
[2024-02-17T23:58:10.360+0000] {logging_mixin.py:188} INFO - [2024-02-17T23:58:10.359+0000] {dag.py:3823} INFO - Setting next_dagrun for example_branch_datetime_operator to 2024-02-16 00:00:00+00:00, run_after=2024-02-17 00:00:00+00:00
[2024-02-17T23:58:10.370+0000] {logging_mixin.py:188} INFO - [2024-02-17T23:58:10.369+0000] {dag.py:3823} INFO - Setting next_dagrun for example_branch_datetime_operator_2 to 2024-02-16 00:00:00+00:00, run_after=2024-02-17 00:00:00+00:00
[2024-02-17T23:58:10.376+0000] {logging_mixin.py:188} INFO - [2024-02-17T23:58:10.376+0000] {dag.py:3823} INFO - Setting next_dagrun for example_branch_datetime_operator_3 to 2024-02-16 00:00:00+00:00, run_after=2024-02-17 00:00:00+00:00
[2024-02-17T23:58:10.415+0000] {processor.py:183} INFO - Processing /home/airflow/.local/lib/python3.8/site-packages/airflow/example_dags/example_branch_datetime_operator.py took 0.166 seconds
