[2024-02-17T23:55:30.714+0000] {processor.py:161} INFO - Started process (PID=40) to work on /home/airflow/.local/lib/python3.8/site-packages/airflow/example_dags/example_local_kubernetes_executor.py
[2024-02-17T23:55:30.716+0000] {processor.py:830} INFO - Processing file /home/airflow/.local/lib/python3.8/site-packages/airflow/example_dags/example_local_kubernetes_executor.py for tasks to queue
[2024-02-17T23:55:30.718+0000] {logging_mixin.py:188} INFO - [2024-02-17T23:55:30.718+0000] {dagbag.py:538} INFO - Filling up the DagBag from /home/airflow/.local/lib/python3.8/site-packages/airflow/example_dags/example_local_kubernetes_executor.py
[2024-02-17T23:55:30.737+0000] {processor.py:840} INFO - DAG(s) 'example_local_kubernetes_executor' retrieved from /home/airflow/.local/lib/python3.8/site-packages/airflow/example_dags/example_local_kubernetes_executor.py
[2024-02-17T23:55:30.987+0000] {logging_mixin.py:188} INFO - [2024-02-17T23:55:30.986+0000] {override.py:1769} INFO - Created Permission View: can read on DAG:example_local_kubernetes_executor
[2024-02-17T23:55:31.011+0000] {logging_mixin.py:188} INFO - [2024-02-17T23:55:31.010+0000] {override.py:1769} INFO - Created Permission View: can edit on DAG:example_local_kubernetes_executor
[2024-02-17T23:55:31.030+0000] {logging_mixin.py:188} INFO - [2024-02-17T23:55:31.028+0000] {override.py:1769} INFO - Created Permission View: can delete on DAG:example_local_kubernetes_executor
[2024-02-17T23:55:31.032+0000] {logging_mixin.py:188} INFO - [2024-02-17T23:55:31.032+0000] {dag.py:3036} INFO - Sync 1 DAGs
[2024-02-17T23:55:31.066+0000] {logging_mixin.py:188} INFO - [2024-02-17T23:55:31.065+0000] {dag.py:3058} INFO - Creating ORM DAG for example_local_kubernetes_executor
[2024-02-17T23:55:31.068+0000] {logging_mixin.py:188} INFO - [2024-02-17T23:55:31.067+0000] {dag.py:3823} INFO - Setting next_dagrun for example_local_kubernetes_executor to None, run_after=None
[2024-02-17T23:55:31.110+0000] {processor.py:183} INFO - Processing /home/airflow/.local/lib/python3.8/site-packages/airflow/example_dags/example_local_kubernetes_executor.py took 0.401 seconds
[2024-02-17T23:56:01.899+0000] {processor.py:161} INFO - Started process (PID=95) to work on /home/airflow/.local/lib/python3.8/site-packages/airflow/example_dags/example_local_kubernetes_executor.py
[2024-02-17T23:56:01.901+0000] {processor.py:830} INFO - Processing file /home/airflow/.local/lib/python3.8/site-packages/airflow/example_dags/example_local_kubernetes_executor.py for tasks to queue
[2024-02-17T23:56:01.906+0000] {logging_mixin.py:188} INFO - [2024-02-17T23:56:01.905+0000] {dagbag.py:538} INFO - Filling up the DagBag from /home/airflow/.local/lib/python3.8/site-packages/airflow/example_dags/example_local_kubernetes_executor.py
[2024-02-17T23:56:01.930+0000] {processor.py:840} INFO - DAG(s) 'example_local_kubernetes_executor' retrieved from /home/airflow/.local/lib/python3.8/site-packages/airflow/example_dags/example_local_kubernetes_executor.py
[2024-02-17T23:56:01.998+0000] {logging_mixin.py:188} INFO - [2024-02-17T23:56:01.997+0000] {dag.py:3036} INFO - Sync 1 DAGs
[2024-02-17T23:56:02.022+0000] {logging_mixin.py:188} INFO - [2024-02-17T23:56:02.022+0000] {dag.py:3823} INFO - Setting next_dagrun for example_local_kubernetes_executor to None, run_after=None
[2024-02-17T23:56:02.069+0000] {processor.py:183} INFO - Processing /home/airflow/.local/lib/python3.8/site-packages/airflow/example_dags/example_local_kubernetes_executor.py took 0.176 seconds
[2024-02-17T23:56:32.586+0000] {processor.py:161} INFO - Started process (PID=149) to work on /home/airflow/.local/lib/python3.8/site-packages/airflow/example_dags/example_local_kubernetes_executor.py
[2024-02-17T23:56:32.588+0000] {processor.py:830} INFO - Processing file /home/airflow/.local/lib/python3.8/site-packages/airflow/example_dags/example_local_kubernetes_executor.py for tasks to queue
[2024-02-17T23:56:32.591+0000] {logging_mixin.py:188} INFO - [2024-02-17T23:56:32.591+0000] {dagbag.py:538} INFO - Filling up the DagBag from /home/airflow/.local/lib/python3.8/site-packages/airflow/example_dags/example_local_kubernetes_executor.py
[2024-02-17T23:56:32.604+0000] {processor.py:840} INFO - DAG(s) 'example_local_kubernetes_executor' retrieved from /home/airflow/.local/lib/python3.8/site-packages/airflow/example_dags/example_local_kubernetes_executor.py
[2024-02-17T23:56:32.624+0000] {logging_mixin.py:188} INFO - [2024-02-17T23:56:32.624+0000] {dag.py:3036} INFO - Sync 1 DAGs
[2024-02-17T23:56:32.644+0000] {logging_mixin.py:188} INFO - [2024-02-17T23:56:32.644+0000] {dag.py:3823} INFO - Setting next_dagrun for example_local_kubernetes_executor to None, run_after=None
[2024-02-17T23:56:32.673+0000] {processor.py:183} INFO - Processing /home/airflow/.local/lib/python3.8/site-packages/airflow/example_dags/example_local_kubernetes_executor.py took 0.091 seconds
[2024-02-17T23:57:03.286+0000] {processor.py:161} INFO - Started process (PID=204) to work on /home/airflow/.local/lib/python3.8/site-packages/airflow/example_dags/example_local_kubernetes_executor.py
[2024-02-17T23:57:03.288+0000] {processor.py:830} INFO - Processing file /home/airflow/.local/lib/python3.8/site-packages/airflow/example_dags/example_local_kubernetes_executor.py for tasks to queue
[2024-02-17T23:57:03.291+0000] {logging_mixin.py:188} INFO - [2024-02-17T23:57:03.291+0000] {dagbag.py:538} INFO - Filling up the DagBag from /home/airflow/.local/lib/python3.8/site-packages/airflow/example_dags/example_local_kubernetes_executor.py
[2024-02-17T23:57:03.306+0000] {processor.py:840} INFO - DAG(s) 'example_local_kubernetes_executor' retrieved from /home/airflow/.local/lib/python3.8/site-packages/airflow/example_dags/example_local_kubernetes_executor.py
[2024-02-17T23:57:03.515+0000] {logging_mixin.py:188} INFO - [2024-02-17T23:57:03.514+0000] {dag.py:3036} INFO - Sync 1 DAGs
[2024-02-17T23:57:03.539+0000] {logging_mixin.py:188} INFO - [2024-02-17T23:57:03.538+0000] {dag.py:3823} INFO - Setting next_dagrun for example_local_kubernetes_executor to None, run_after=None
[2024-02-17T23:57:03.584+0000] {processor.py:183} INFO - Processing /home/airflow/.local/lib/python3.8/site-packages/airflow/example_dags/example_local_kubernetes_executor.py took 0.304 seconds
[2024-02-17T23:57:33.674+0000] {processor.py:161} INFO - Started process (PID=260) to work on /home/airflow/.local/lib/python3.8/site-packages/airflow/example_dags/example_local_kubernetes_executor.py
[2024-02-17T23:57:33.676+0000] {processor.py:830} INFO - Processing file /home/airflow/.local/lib/python3.8/site-packages/airflow/example_dags/example_local_kubernetes_executor.py for tasks to queue
[2024-02-17T23:57:33.680+0000] {logging_mixin.py:188} INFO - [2024-02-17T23:57:33.679+0000] {dagbag.py:538} INFO - Filling up the DagBag from /home/airflow/.local/lib/python3.8/site-packages/airflow/example_dags/example_local_kubernetes_executor.py
[2024-02-17T23:57:33.698+0000] {processor.py:840} INFO - DAG(s) 'example_local_kubernetes_executor' retrieved from /home/airflow/.local/lib/python3.8/site-packages/airflow/example_dags/example_local_kubernetes_executor.py
[2024-02-17T23:57:33.755+0000] {logging_mixin.py:188} INFO - [2024-02-17T23:57:33.755+0000] {dag.py:3036} INFO - Sync 1 DAGs
[2024-02-17T23:57:33.778+0000] {logging_mixin.py:188} INFO - [2024-02-17T23:57:33.777+0000] {dag.py:3823} INFO - Setting next_dagrun for example_local_kubernetes_executor to None, run_after=None
[2024-02-17T23:57:33.813+0000] {processor.py:183} INFO - Processing /home/airflow/.local/lib/python3.8/site-packages/airflow/example_dags/example_local_kubernetes_executor.py took 0.145 seconds
[2024-02-17T23:58:04.104+0000] {processor.py:161} INFO - Started process (PID=320) to work on /home/airflow/.local/lib/python3.8/site-packages/airflow/example_dags/example_local_kubernetes_executor.py
[2024-02-17T23:58:04.106+0000] {processor.py:830} INFO - Processing file /home/airflow/.local/lib/python3.8/site-packages/airflow/example_dags/example_local_kubernetes_executor.py for tasks to queue
[2024-02-17T23:58:04.111+0000] {logging_mixin.py:188} INFO - [2024-02-17T23:58:04.110+0000] {dagbag.py:538} INFO - Filling up the DagBag from /home/airflow/.local/lib/python3.8/site-packages/airflow/example_dags/example_local_kubernetes_executor.py
[2024-02-17T23:58:04.125+0000] {processor.py:840} INFO - DAG(s) 'example_local_kubernetes_executor' retrieved from /home/airflow/.local/lib/python3.8/site-packages/airflow/example_dags/example_local_kubernetes_executor.py
[2024-02-17T23:58:04.182+0000] {logging_mixin.py:188} INFO - [2024-02-17T23:58:04.182+0000] {dag.py:3036} INFO - Sync 1 DAGs
[2024-02-17T23:58:04.200+0000] {logging_mixin.py:188} INFO - [2024-02-17T23:58:04.200+0000] {dag.py:3823} INFO - Setting next_dagrun for example_local_kubernetes_executor to None, run_after=None
[2024-02-17T23:58:04.230+0000] {processor.py:183} INFO - Processing /home/airflow/.local/lib/python3.8/site-packages/airflow/example_dags/example_local_kubernetes_executor.py took 0.131 seconds
