[2024-02-17T23:55:32.194+0000] {processor.py:161} INFO - Started process (PID=46) to work on /home/airflow/.local/lib/python3.8/site-packages/airflow/example_dags/example_task_group.py
[2024-02-17T23:55:32.196+0000] {processor.py:830} INFO - Processing file /home/airflow/.local/lib/python3.8/site-packages/airflow/example_dags/example_task_group.py for tasks to queue
[2024-02-17T23:55:32.199+0000] {logging_mixin.py:188} INFO - [2024-02-17T23:55:32.198+0000] {dagbag.py:538} INFO - Filling up the DagBag from /home/airflow/.local/lib/python3.8/site-packages/airflow/example_dags/example_task_group.py
[2024-02-17T23:55:32.214+0000] {processor.py:840} INFO - DAG(s) 'example_task_group' retrieved from /home/airflow/.local/lib/python3.8/site-packages/airflow/example_dags/example_task_group.py
[2024-02-17T23:55:32.503+0000] {logging_mixin.py:188} INFO - [2024-02-17T23:55:32.500+0000] {override.py:1769} INFO - Created Permission View: can read on DAG:example_task_group
[2024-02-17T23:55:32.532+0000] {logging_mixin.py:188} INFO - [2024-02-17T23:55:32.531+0000] {override.py:1769} INFO - Created Permission View: can edit on DAG:example_task_group
[2024-02-17T23:55:32.553+0000] {logging_mixin.py:188} INFO - [2024-02-17T23:55:32.552+0000] {override.py:1769} INFO - Created Permission View: can delete on DAG:example_task_group
[2024-02-17T23:55:32.555+0000] {logging_mixin.py:188} INFO - [2024-02-17T23:55:32.554+0000] {dag.py:3036} INFO - Sync 1 DAGs
[2024-02-17T23:55:32.586+0000] {logging_mixin.py:188} INFO - [2024-02-17T23:55:32.586+0000] {dag.py:3058} INFO - Creating ORM DAG for example_task_group
[2024-02-17T23:55:32.608+0000] {logging_mixin.py:188} INFO - [2024-02-17T23:55:32.608+0000] {dag.py:3823} INFO - Setting next_dagrun for example_task_group to 2024-02-16 00:00:00+00:00, run_after=2024-02-17 00:00:00+00:00
[2024-02-17T23:55:32.655+0000] {processor.py:183} INFO - Processing /home/airflow/.local/lib/python3.8/site-packages/airflow/example_dags/example_task_group.py took 0.467 seconds
[2024-02-17T23:56:03.455+0000] {processor.py:161} INFO - Started process (PID=107) to work on /home/airflow/.local/lib/python3.8/site-packages/airflow/example_dags/example_task_group.py
[2024-02-17T23:56:03.458+0000] {processor.py:830} INFO - Processing file /home/airflow/.local/lib/python3.8/site-packages/airflow/example_dags/example_task_group.py for tasks to queue
[2024-02-17T23:56:03.467+0000] {logging_mixin.py:188} INFO - [2024-02-17T23:56:03.466+0000] {dagbag.py:538} INFO - Filling up the DagBag from /home/airflow/.local/lib/python3.8/site-packages/airflow/example_dags/example_task_group.py
[2024-02-17T23:56:03.507+0000] {processor.py:840} INFO - DAG(s) 'example_task_group' retrieved from /home/airflow/.local/lib/python3.8/site-packages/airflow/example_dags/example_task_group.py
[2024-02-17T23:56:03.587+0000] {logging_mixin.py:188} INFO - [2024-02-17T23:56:03.586+0000] {dag.py:3036} INFO - Sync 1 DAGs
[2024-02-17T23:56:03.643+0000] {logging_mixin.py:188} INFO - [2024-02-17T23:56:03.642+0000] {dag.py:3823} INFO - Setting next_dagrun for example_task_group to 2024-02-16 00:00:00+00:00, run_after=2024-02-17 00:00:00+00:00
[2024-02-17T23:56:03.688+0000] {processor.py:183} INFO - Processing /home/airflow/.local/lib/python3.8/site-packages/airflow/example_dags/example_task_group.py took 0.251 seconds
[2024-02-17T23:56:34.193+0000] {processor.py:161} INFO - Started process (PID=161) to work on /home/airflow/.local/lib/python3.8/site-packages/airflow/example_dags/example_task_group.py
[2024-02-17T23:56:34.195+0000] {processor.py:830} INFO - Processing file /home/airflow/.local/lib/python3.8/site-packages/airflow/example_dags/example_task_group.py for tasks to queue
[2024-02-17T23:56:34.198+0000] {logging_mixin.py:188} INFO - [2024-02-17T23:56:34.197+0000] {dagbag.py:538} INFO - Filling up the DagBag from /home/airflow/.local/lib/python3.8/site-packages/airflow/example_dags/example_task_group.py
[2024-02-17T23:56:34.211+0000] {processor.py:840} INFO - DAG(s) 'example_task_group' retrieved from /home/airflow/.local/lib/python3.8/site-packages/airflow/example_dags/example_task_group.py
[2024-02-17T23:56:34.234+0000] {logging_mixin.py:188} INFO - [2024-02-17T23:56:34.233+0000] {dag.py:3036} INFO - Sync 1 DAGs
[2024-02-17T23:56:34.275+0000] {logging_mixin.py:188} INFO - [2024-02-17T23:56:34.274+0000] {dag.py:3823} INFO - Setting next_dagrun for example_task_group to 2024-02-16 00:00:00+00:00, run_after=2024-02-17 00:00:00+00:00
[2024-02-17T23:56:34.316+0000] {processor.py:183} INFO - Processing /home/airflow/.local/lib/python3.8/site-packages/airflow/example_dags/example_task_group.py took 0.128 seconds
[2024-02-17T23:57:05.073+0000] {processor.py:161} INFO - Started process (PID=216) to work on /home/airflow/.local/lib/python3.8/site-packages/airflow/example_dags/example_task_group.py
[2024-02-17T23:57:05.075+0000] {processor.py:830} INFO - Processing file /home/airflow/.local/lib/python3.8/site-packages/airflow/example_dags/example_task_group.py for tasks to queue
[2024-02-17T23:57:05.079+0000] {logging_mixin.py:188} INFO - [2024-02-17T23:57:05.078+0000] {dagbag.py:538} INFO - Filling up the DagBag from /home/airflow/.local/lib/python3.8/site-packages/airflow/example_dags/example_task_group.py
[2024-02-17T23:57:05.091+0000] {processor.py:840} INFO - DAG(s) 'example_task_group' retrieved from /home/airflow/.local/lib/python3.8/site-packages/airflow/example_dags/example_task_group.py
[2024-02-17T23:57:05.282+0000] {logging_mixin.py:188} INFO - [2024-02-17T23:57:05.282+0000] {dag.py:3036} INFO - Sync 1 DAGs
[2024-02-17T23:57:05.318+0000] {logging_mixin.py:188} INFO - [2024-02-17T23:57:05.318+0000] {dag.py:3823} INFO - Setting next_dagrun for example_task_group to 2024-02-16 00:00:00+00:00, run_after=2024-02-17 00:00:00+00:00
[2024-02-17T23:57:05.356+0000] {processor.py:183} INFO - Processing /home/airflow/.local/lib/python3.8/site-packages/airflow/example_dags/example_task_group.py took 0.294 seconds
[2024-02-17T23:57:35.485+0000] {processor.py:161} INFO - Started process (PID=271) to work on /home/airflow/.local/lib/python3.8/site-packages/airflow/example_dags/example_task_group.py
[2024-02-17T23:57:35.488+0000] {processor.py:830} INFO - Processing file /home/airflow/.local/lib/python3.8/site-packages/airflow/example_dags/example_task_group.py for tasks to queue
[2024-02-17T23:57:35.495+0000] {logging_mixin.py:188} INFO - [2024-02-17T23:57:35.494+0000] {dagbag.py:538} INFO - Filling up the DagBag from /home/airflow/.local/lib/python3.8/site-packages/airflow/example_dags/example_task_group.py
[2024-02-17T23:57:35.509+0000] {processor.py:840} INFO - DAG(s) 'example_task_group' retrieved from /home/airflow/.local/lib/python3.8/site-packages/airflow/example_dags/example_task_group.py
[2024-02-17T23:57:35.549+0000] {logging_mixin.py:188} INFO - [2024-02-17T23:57:35.548+0000] {dag.py:3036} INFO - Sync 1 DAGs
[2024-02-17T23:57:35.592+0000] {logging_mixin.py:188} INFO - [2024-02-17T23:57:35.591+0000] {dag.py:3823} INFO - Setting next_dagrun for example_task_group to 2024-02-16 00:00:00+00:00, run_after=2024-02-17 00:00:00+00:00
[2024-02-17T23:57:35.628+0000] {processor.py:183} INFO - Processing /home/airflow/.local/lib/python3.8/site-packages/airflow/example_dags/example_task_group.py took 0.148 seconds
[2024-02-17T23:58:05.716+0000] {processor.py:161} INFO - Started process (PID=326) to work on /home/airflow/.local/lib/python3.8/site-packages/airflow/example_dags/example_task_group.py
[2024-02-17T23:58:05.717+0000] {processor.py:830} INFO - Processing file /home/airflow/.local/lib/python3.8/site-packages/airflow/example_dags/example_task_group.py for tasks to queue
[2024-02-17T23:58:05.721+0000] {logging_mixin.py:188} INFO - [2024-02-17T23:58:05.720+0000] {dagbag.py:538} INFO - Filling up the DagBag from /home/airflow/.local/lib/python3.8/site-packages/airflow/example_dags/example_task_group.py
[2024-02-17T23:58:05.740+0000] {processor.py:840} INFO - DAG(s) 'example_task_group' retrieved from /home/airflow/.local/lib/python3.8/site-packages/airflow/example_dags/example_task_group.py
[2024-02-17T23:58:05.803+0000] {logging_mixin.py:188} INFO - [2024-02-17T23:58:05.803+0000] {dag.py:3036} INFO - Sync 1 DAGs
[2024-02-17T23:58:05.847+0000] {logging_mixin.py:188} INFO - [2024-02-17T23:58:05.847+0000] {dag.py:3823} INFO - Setting next_dagrun for example_task_group to 2024-02-16 00:00:00+00:00, run_after=2024-02-17 00:00:00+00:00
[2024-02-17T23:58:05.886+0000] {processor.py:183} INFO - Processing /home/airflow/.local/lib/python3.8/site-packages/airflow/example_dags/example_task_group.py took 0.179 seconds
