[2024-02-17T23:55:31.170+0000] {processor.py:161} INFO - Started process (PID=42) to work on /home/airflow/.local/lib/python3.8/site-packages/airflow/example_dags/example_sla_dag.py
[2024-02-17T23:55:31.174+0000] {processor.py:830} INFO - Processing file /home/airflow/.local/lib/python3.8/site-packages/airflow/example_dags/example_sla_dag.py for tasks to queue
[2024-02-17T23:55:31.178+0000] {logging_mixin.py:188} INFO - [2024-02-17T23:55:31.178+0000] {dagbag.py:538} INFO - Filling up the DagBag from /home/airflow/.local/lib/python3.8/site-packages/airflow/example_dags/example_sla_dag.py
[2024-02-17T23:55:31.202+0000] {processor.py:840} INFO - DAG(s) 'example_sla_dag' retrieved from /home/airflow/.local/lib/python3.8/site-packages/airflow/example_dags/example_sla_dag.py
[2024-02-17T23:55:31.427+0000] {logging_mixin.py:188} INFO - [2024-02-17T23:55:31.426+0000] {override.py:1769} INFO - Created Permission View: can read on DAG:example_sla_dag
[2024-02-17T23:55:31.451+0000] {logging_mixin.py:188} INFO - [2024-02-17T23:55:31.450+0000] {override.py:1769} INFO - Created Permission View: can edit on DAG:example_sla_dag
[2024-02-17T23:55:31.472+0000] {logging_mixin.py:188} INFO - [2024-02-17T23:55:31.471+0000] {override.py:1769} INFO - Created Permission View: can delete on DAG:example_sla_dag
[2024-02-17T23:55:31.474+0000] {logging_mixin.py:188} INFO - [2024-02-17T23:55:31.473+0000] {dag.py:3036} INFO - Sync 1 DAGs
[2024-02-17T23:55:31.501+0000] {logging_mixin.py:188} INFO - [2024-02-17T23:55:31.500+0000] {dag.py:3058} INFO - Creating ORM DAG for example_sla_dag
[2024-02-17T23:55:31.525+0000] {logging_mixin.py:188} INFO - [2024-02-17T23:55:31.525+0000] {dag.py:3823} INFO - Setting next_dagrun for example_sla_dag to 2024-02-17 23:52:00+00:00, run_after=2024-02-17 23:54:00+00:00
[2024-02-17T23:55:31.640+0000] {processor.py:183} INFO - Processing /home/airflow/.local/lib/python3.8/site-packages/airflow/example_dags/example_sla_dag.py took 0.477 seconds
[2024-02-17T23:56:02.337+0000] {processor.py:161} INFO - Started process (PID=97) to work on /home/airflow/.local/lib/python3.8/site-packages/airflow/example_dags/example_sla_dag.py
[2024-02-17T23:56:02.339+0000] {processor.py:830} INFO - Processing file /home/airflow/.local/lib/python3.8/site-packages/airflow/example_dags/example_sla_dag.py for tasks to queue
[2024-02-17T23:56:02.343+0000] {logging_mixin.py:188} INFO - [2024-02-17T23:56:02.342+0000] {dagbag.py:538} INFO - Filling up the DagBag from /home/airflow/.local/lib/python3.8/site-packages/airflow/example_dags/example_sla_dag.py
[2024-02-17T23:56:02.362+0000] {processor.py:840} INFO - DAG(s) 'example_sla_dag' retrieved from /home/airflow/.local/lib/python3.8/site-packages/airflow/example_dags/example_sla_dag.py
[2024-02-17T23:56:02.408+0000] {logging_mixin.py:188} INFO - [2024-02-17T23:56:02.407+0000] {dag.py:3036} INFO - Sync 1 DAGs
[2024-02-17T23:56:02.496+0000] {logging_mixin.py:188} INFO - [2024-02-17T23:56:02.495+0000] {dag.py:3823} INFO - Setting next_dagrun for example_sla_dag to 2024-02-17 23:54:00+00:00, run_after=2024-02-17 23:56:00+00:00
[2024-02-17T23:56:02.543+0000] {processor.py:183} INFO - Processing /home/airflow/.local/lib/python3.8/site-packages/airflow/example_dags/example_sla_dag.py took 0.214 seconds
[2024-02-17T23:56:32.842+0000] {processor.py:161} INFO - Started process (PID=151) to work on /home/airflow/.local/lib/python3.8/site-packages/airflow/example_dags/example_sla_dag.py
[2024-02-17T23:56:32.844+0000] {processor.py:830} INFO - Processing file /home/airflow/.local/lib/python3.8/site-packages/airflow/example_dags/example_sla_dag.py for tasks to queue
[2024-02-17T23:56:32.847+0000] {logging_mixin.py:188} INFO - [2024-02-17T23:56:32.847+0000] {dagbag.py:538} INFO - Filling up the DagBag from /home/airflow/.local/lib/python3.8/site-packages/airflow/example_dags/example_sla_dag.py
[2024-02-17T23:56:32.861+0000] {processor.py:840} INFO - DAG(s) 'example_sla_dag' retrieved from /home/airflow/.local/lib/python3.8/site-packages/airflow/example_dags/example_sla_dag.py
[2024-02-17T23:56:32.882+0000] {logging_mixin.py:188} INFO - [2024-02-17T23:56:32.882+0000] {dag.py:3036} INFO - Sync 1 DAGs
[2024-02-17T23:56:32.924+0000] {logging_mixin.py:188} INFO - [2024-02-17T23:56:32.924+0000] {dag.py:3823} INFO - Setting next_dagrun for example_sla_dag to 2024-02-17 23:54:00+00:00, run_after=2024-02-17 23:56:00+00:00
[2024-02-17T23:56:32.955+0000] {processor.py:183} INFO - Processing /home/airflow/.local/lib/python3.8/site-packages/airflow/example_dags/example_sla_dag.py took 0.118 seconds
[2024-02-17T23:57:03.628+0000] {processor.py:161} INFO - Started process (PID=212) to work on /home/airflow/.local/lib/python3.8/site-packages/airflow/example_dags/example_sla_dag.py
[2024-02-17T23:57:03.630+0000] {processor.py:830} INFO - Processing file /home/airflow/.local/lib/python3.8/site-packages/airflow/example_dags/example_sla_dag.py for tasks to queue
[2024-02-17T23:57:03.634+0000] {logging_mixin.py:188} INFO - [2024-02-17T23:57:03.633+0000] {dagbag.py:538} INFO - Filling up the DagBag from /home/airflow/.local/lib/python3.8/site-packages/airflow/example_dags/example_sla_dag.py
[2024-02-17T23:57:03.653+0000] {processor.py:840} INFO - DAG(s) 'example_sla_dag' retrieved from /home/airflow/.local/lib/python3.8/site-packages/airflow/example_dags/example_sla_dag.py
[2024-02-17T23:57:03.825+0000] {logging_mixin.py:188} INFO - [2024-02-17T23:57:03.824+0000] {dag.py:3036} INFO - Sync 1 DAGs
[2024-02-17T23:57:03.867+0000] {logging_mixin.py:188} INFO - [2024-02-17T23:57:03.867+0000] {dag.py:3823} INFO - Setting next_dagrun for example_sla_dag to 2024-02-17 23:54:00+00:00, run_after=2024-02-17 23:56:00+00:00
[2024-02-17T23:57:03.903+0000] {processor.py:183} INFO - Processing /home/airflow/.local/lib/python3.8/site-packages/airflow/example_dags/example_sla_dag.py took 0.282 seconds
[2024-02-17T23:57:34.058+0000] {processor.py:161} INFO - Started process (PID=267) to work on /home/airflow/.local/lib/python3.8/site-packages/airflow/example_dags/example_sla_dag.py
[2024-02-17T23:57:34.062+0000] {processor.py:830} INFO - Processing file /home/airflow/.local/lib/python3.8/site-packages/airflow/example_dags/example_sla_dag.py for tasks to queue
[2024-02-17T23:57:34.069+0000] {logging_mixin.py:188} INFO - [2024-02-17T23:57:34.068+0000] {dagbag.py:538} INFO - Filling up the DagBag from /home/airflow/.local/lib/python3.8/site-packages/airflow/example_dags/example_sla_dag.py
[2024-02-17T23:57:34.085+0000] {processor.py:840} INFO - DAG(s) 'example_sla_dag' retrieved from /home/airflow/.local/lib/python3.8/site-packages/airflow/example_dags/example_sla_dag.py
[2024-02-17T23:57:34.140+0000] {logging_mixin.py:188} INFO - [2024-02-17T23:57:34.139+0000] {dag.py:3036} INFO - Sync 1 DAGs
[2024-02-17T23:57:34.188+0000] {logging_mixin.py:188} INFO - [2024-02-17T23:57:34.187+0000] {dag.py:3823} INFO - Setting next_dagrun for example_sla_dag to 2024-02-17 23:54:00+00:00, run_after=2024-02-17 23:56:00+00:00
[2024-02-17T23:57:34.230+0000] {processor.py:183} INFO - Processing /home/airflow/.local/lib/python3.8/site-packages/airflow/example_dags/example_sla_dag.py took 0.183 seconds
[2024-02-17T23:58:04.303+0000] {processor.py:161} INFO - Started process (PID=322) to work on /home/airflow/.local/lib/python3.8/site-packages/airflow/example_dags/example_sla_dag.py
[2024-02-17T23:58:04.305+0000] {processor.py:830} INFO - Processing file /home/airflow/.local/lib/python3.8/site-packages/airflow/example_dags/example_sla_dag.py for tasks to queue
[2024-02-17T23:58:04.309+0000] {logging_mixin.py:188} INFO - [2024-02-17T23:58:04.308+0000] {dagbag.py:538} INFO - Filling up the DagBag from /home/airflow/.local/lib/python3.8/site-packages/airflow/example_dags/example_sla_dag.py
[2024-02-17T23:58:04.325+0000] {processor.py:840} INFO - DAG(s) 'example_sla_dag' retrieved from /home/airflow/.local/lib/python3.8/site-packages/airflow/example_dags/example_sla_dag.py
[2024-02-17T23:58:04.362+0000] {logging_mixin.py:188} INFO - [2024-02-17T23:58:04.361+0000] {dag.py:3036} INFO - Sync 1 DAGs
[2024-02-17T23:58:04.406+0000] {logging_mixin.py:188} INFO - [2024-02-17T23:58:04.405+0000] {dag.py:3823} INFO - Setting next_dagrun for example_sla_dag to 2024-02-17 23:56:00+00:00, run_after=2024-02-17 23:58:00+00:00
[2024-02-17T23:58:04.447+0000] {processor.py:183} INFO - Processing /home/airflow/.local/lib/python3.8/site-packages/airflow/example_dags/example_sla_dag.py took 0.150 seconds
