[2024-02-18T21:28:32.771+0000] {taskinstance.py:1956} INFO - Dependencies all met for dep_context=non-requeueable deps ti=<TaskInstance: etl_reddit_pipeline.reddit_extraction manual__2024-02-18T21:28:31.151174+00:00 [queued]>
[2024-02-18T21:28:32.783+0000] {taskinstance.py:1956} INFO - Dependencies all met for dep_context=requeueable deps ti=<TaskInstance: etl_reddit_pipeline.reddit_extraction manual__2024-02-18T21:28:31.151174+00:00 [queued]>
[2024-02-18T21:28:32.783+0000] {taskinstance.py:2170} INFO - Starting attempt 1 of 1
[2024-02-18T21:28:32.802+0000] {taskinstance.py:2191} INFO - Executing <Task(PythonOperator): reddit_extraction> on 2024-02-18 21:28:31.151174+00:00
[2024-02-18T21:28:32.813+0000] {standard_task_runner.py:60} INFO - Started process 58 to run task
[2024-02-18T21:28:32.817+0000] {standard_task_runner.py:87} INFO - Running: ['airflow', 'tasks', 'run', 'etl_reddit_pipeline', 'reddit_extraction', 'manual__2024-02-18T21:28:31.151174+00:00', '--job-id', '7', '--raw', '--subdir', 'DAGS_FOLDER/reddit_dag.py', '--cfg-path', '/tmp/tmp_42wjx_x']
[2024-02-18T21:28:32.818+0000] {standard_task_runner.py:88} INFO - Job 7: Subtask reddit_extraction
[2024-02-18T21:28:32.878+0000] {task_command.py:423} INFO - Running <TaskInstance: etl_reddit_pipeline.reddit_extraction manual__2024-02-18T21:28:31.151174+00:00 [running]> on host 4d6cde8f1146
[2024-02-18T21:28:32.987+0000] {taskinstance.py:2480} INFO - Exporting env vars: AIRFLOW_CTX_DAG_OWNER='ACHRAF ZHAR' AIRFLOW_CTX_DAG_ID='etl_reddit_pipeline' AIRFLOW_CTX_TASK_ID='reddit_extraction' AIRFLOW_CTX_EXECUTION_DATE='2024-02-18T21:28:31.151174+00:00' AIRFLOW_CTX_TRY_NUMBER='1' AIRFLOW_CTX_DAG_RUN_ID='manual__2024-02-18T21:28:31.151174+00:00'
[2024-02-18T21:28:32.991+0000] {logging_mixin.py:188} INFO - Connected to reddit !
[2024-02-18T21:28:34.668+0000] {logging_mixin.py:188} INFO - 1atf4a9
[2024-02-18T21:28:34.668+0000] {logging_mixin.py:188} INFO - 1ats09x
[2024-02-18T21:28:34.669+0000] {logging_mixin.py:188} INFO - 1atfh60
[2024-02-18T21:28:34.669+0000] {logging_mixin.py:188} INFO - 1atv2mf
[2024-02-18T21:28:34.669+0000] {logging_mixin.py:188} INFO - 1atbz2r
[2024-02-18T21:28:34.670+0000] {logging_mixin.py:188} INFO - 1ate462
[2024-02-18T21:28:34.670+0000] {logging_mixin.py:188} INFO - 1atcluu
[2024-02-18T21:28:34.670+0000] {logging_mixin.py:188} INFO - 1atjc42
[2024-02-18T21:28:34.670+0000] {logging_mixin.py:188} INFO - 1athun1
[2024-02-18T21:28:34.670+0000] {logging_mixin.py:188} INFO - 1atjk6z
[2024-02-18T21:28:34.671+0000] {logging_mixin.py:188} INFO - 1atp98u
[2024-02-18T21:28:34.671+0000] {logging_mixin.py:188} INFO - 1atsr92
[2024-02-18T21:28:34.671+0000] {logging_mixin.py:188} INFO - 1atqf97
[2024-02-18T21:28:34.671+0000] {logging_mixin.py:188} INFO - 1atpoff
[2024-02-18T21:28:34.672+0000] {logging_mixin.py:188} INFO - 1atdb4s
[2024-02-18T21:28:34.672+0000] {logging_mixin.py:188} INFO - 1ato2l9
[2024-02-18T21:28:34.672+0000] {logging_mixin.py:188} INFO - 1attlqm
[2024-02-18T21:28:34.672+0000] {logging_mixin.py:188} INFO - 1atg8li
[2024-02-18T21:28:34.673+0000] {logging_mixin.py:188} INFO - 1atk9lb
[2024-02-18T21:28:34.673+0000] {logging_mixin.py:188} INFO - 1atu23a
[2024-02-18T21:28:34.673+0000] {logging_mixin.py:188} INFO - 1atfoty
[2024-02-18T21:28:34.673+0000] {logging_mixin.py:188} INFO - 1atufov
[2024-02-18T21:28:34.673+0000] {logging_mixin.py:188} INFO - 1au0jvb
[2024-02-18T21:28:34.674+0000] {logging_mixin.py:188} INFO - 1atibyi
[2024-02-18T21:28:34.674+0000] {logging_mixin.py:188} INFO - 1atfq04
[2024-02-18T21:28:34.674+0000] {logging_mixin.py:188} INFO - 1atyz15
[2024-02-18T21:28:34.674+0000] {logging_mixin.py:188} INFO - 1atu3n5
[2024-02-18T21:28:34.674+0000] {logging_mixin.py:188} INFO - 1atklui
[2024-02-18T21:28:34.675+0000] {logging_mixin.py:188} INFO - 1atg483
[2024-02-18T21:28:34.675+0000] {logging_mixin.py:188} INFO - 1atwrsf
[2024-02-18T21:28:34.675+0000] {logging_mixin.py:188} INFO - 1atuf7c
[2024-02-18T21:28:34.675+0000] {logging_mixin.py:188} INFO - 1atm7pi
[2024-02-18T21:28:34.675+0000] {logging_mixin.py:188} INFO - 1atkxp5
[2024-02-18T21:28:34.676+0000] {logging_mixin.py:188} INFO - 1atic0p
[2024-02-18T21:28:34.676+0000] {logging_mixin.py:188} INFO - 1atztce
[2024-02-18T21:28:34.676+0000] {logging_mixin.py:188} INFO - 1at9kf7
[2024-02-18T21:28:34.676+0000] {logging_mixin.py:188} INFO - 1atteif
[2024-02-18T21:28:34.677+0000] {logging_mixin.py:188} INFO - 1attjpd
[2024-02-18T21:28:34.677+0000] {logging_mixin.py:188} INFO - 1atha46
[2024-02-18T21:28:34.677+0000] {logging_mixin.py:188} INFO - 1au062a
[2024-02-18T21:28:34.678+0000] {logging_mixin.py:188} INFO - 1atmsx9
[2024-02-18T21:28:34.678+0000] {logging_mixin.py:188} INFO - 1atlti0
[2024-02-18T21:28:34.678+0000] {logging_mixin.py:188} INFO - 1attkps
[2024-02-18T21:28:34.679+0000] {logging_mixin.py:188} INFO - 1au0e9d
[2024-02-18T21:28:34.679+0000] {logging_mixin.py:188} INFO - 1atlpsi
[2024-02-18T21:28:34.680+0000] {logging_mixin.py:188} INFO - 1atzrqi
[2024-02-18T21:28:34.680+0000] {logging_mixin.py:188} INFO - 1au0dwc
[2024-02-18T21:28:34.680+0000] {logging_mixin.py:188} INFO - 1au1hid
[2024-02-18T21:28:34.681+0000] {logging_mixin.py:188} INFO - 1au1lu6
[2024-02-18T21:28:34.681+0000] {logging_mixin.py:188} INFO - 1atba0e
[2024-02-18T21:28:34.681+0000] {logging_mixin.py:188} INFO - 1au1knx
[2024-02-18T21:28:34.682+0000] {python.py:201} INFO - Done. Returned value was: None
[2024-02-18T21:28:34.695+0000] {taskinstance.py:1138} INFO - Marking task as SUCCESS. dag_id=etl_reddit_pipeline, task_id=reddit_extraction, execution_date=20240218T212831, start_date=20240218T212832, end_date=20240218T212834
[2024-02-18T21:28:34.754+0000] {local_task_job_runner.py:234} INFO - Task exited with return code 0
[2024-02-18T21:28:34.781+0000] {taskinstance.py:3280} INFO - 0 downstream tasks scheduled from follow-on schedule check
