[2024-02-18T13:20:20.391+0000] {processor.py:161} INFO - Started process (PID=76) to work on /home/airflow/.local/lib/python3.8/site-packages/airflow/example_dags/example_setup_teardown.py
[2024-02-18T13:20:20.392+0000] {processor.py:830} INFO - Processing file /home/airflow/.local/lib/python3.8/site-packages/airflow/example_dags/example_setup_teardown.py for tasks to queue
[2024-02-18T13:20:20.396+0000] {logging_mixin.py:188} INFO - [2024-02-18T13:20:20.395+0000] {dagbag.py:538} INFO - Filling up the DagBag from /home/airflow/.local/lib/python3.8/site-packages/airflow/example_dags/example_setup_teardown.py
[2024-02-18T13:20:20.408+0000] {processor.py:840} INFO - DAG(s) 'example_setup_teardown' retrieved from /home/airflow/.local/lib/python3.8/site-packages/airflow/example_dags/example_setup_teardown.py
[2024-02-18T13:20:20.444+0000] {logging_mixin.py:188} INFO - [2024-02-18T13:20:20.443+0000] {dag.py:3036} INFO - Sync 1 DAGs
[2024-02-18T13:20:20.485+0000] {logging_mixin.py:188} INFO - [2024-02-18T13:20:20.484+0000] {dag.py:3823} INFO - Setting next_dagrun for example_setup_teardown to 2024-02-17 00:00:00+00:00, run_after=2024-02-18 00:00:00+00:00
[2024-02-18T13:20:20.523+0000] {processor.py:183} INFO - Processing /home/airflow/.local/lib/python3.8/site-packages/airflow/example_dags/example_setup_teardown.py took 0.138 seconds
[2024-02-18T13:20:51.065+0000] {processor.py:161} INFO - Started process (PID=131) to work on /home/airflow/.local/lib/python3.8/site-packages/airflow/example_dags/example_setup_teardown.py
[2024-02-18T13:20:51.067+0000] {processor.py:830} INFO - Processing file /home/airflow/.local/lib/python3.8/site-packages/airflow/example_dags/example_setup_teardown.py for tasks to queue
[2024-02-18T13:20:51.071+0000] {logging_mixin.py:188} INFO - [2024-02-18T13:20:51.070+0000] {dagbag.py:538} INFO - Filling up the DagBag from /home/airflow/.local/lib/python3.8/site-packages/airflow/example_dags/example_setup_teardown.py
[2024-02-18T13:20:51.085+0000] {processor.py:840} INFO - DAG(s) 'example_setup_teardown' retrieved from /home/airflow/.local/lib/python3.8/site-packages/airflow/example_dags/example_setup_teardown.py
[2024-02-18T13:20:51.140+0000] {logging_mixin.py:188} INFO - [2024-02-18T13:20:51.140+0000] {dag.py:3036} INFO - Sync 1 DAGs
[2024-02-18T13:20:51.190+0000] {logging_mixin.py:188} INFO - [2024-02-18T13:20:51.189+0000] {dag.py:3823} INFO - Setting next_dagrun for example_setup_teardown to 2024-02-17 00:00:00+00:00, run_after=2024-02-18 00:00:00+00:00
[2024-02-18T13:20:51.238+0000] {processor.py:183} INFO - Processing /home/airflow/.local/lib/python3.8/site-packages/airflow/example_dags/example_setup_teardown.py took 0.179 seconds
[2024-02-18T13:21:21.807+0000] {processor.py:161} INFO - Started process (PID=186) to work on /home/airflow/.local/lib/python3.8/site-packages/airflow/example_dags/example_setup_teardown.py
[2024-02-18T13:21:21.809+0000] {processor.py:830} INFO - Processing file /home/airflow/.local/lib/python3.8/site-packages/airflow/example_dags/example_setup_teardown.py for tasks to queue
[2024-02-18T13:21:21.815+0000] {logging_mixin.py:188} INFO - [2024-02-18T13:21:21.813+0000] {dagbag.py:538} INFO - Filling up the DagBag from /home/airflow/.local/lib/python3.8/site-packages/airflow/example_dags/example_setup_teardown.py
[2024-02-18T13:21:21.832+0000] {processor.py:840} INFO - DAG(s) 'example_setup_teardown' retrieved from /home/airflow/.local/lib/python3.8/site-packages/airflow/example_dags/example_setup_teardown.py
[2024-02-18T13:21:21.895+0000] {logging_mixin.py:188} INFO - [2024-02-18T13:21:21.894+0000] {dag.py:3036} INFO - Sync 1 DAGs
[2024-02-18T13:21:21.949+0000] {logging_mixin.py:188} INFO - [2024-02-18T13:21:21.948+0000] {dag.py:3823} INFO - Setting next_dagrun for example_setup_teardown to 2024-02-17 00:00:00+00:00, run_after=2024-02-18 00:00:00+00:00
[2024-02-18T13:21:21.993+0000] {processor.py:183} INFO - Processing /home/airflow/.local/lib/python3.8/site-packages/airflow/example_dags/example_setup_teardown.py took 0.194 seconds
[2024-02-18T13:21:52.619+0000] {processor.py:161} INFO - Started process (PID=241) to work on /home/airflow/.local/lib/python3.8/site-packages/airflow/example_dags/example_setup_teardown.py
[2024-02-18T13:21:52.621+0000] {processor.py:830} INFO - Processing file /home/airflow/.local/lib/python3.8/site-packages/airflow/example_dags/example_setup_teardown.py for tasks to queue
[2024-02-18T13:21:52.625+0000] {logging_mixin.py:188} INFO - [2024-02-18T13:21:52.624+0000] {dagbag.py:538} INFO - Filling up the DagBag from /home/airflow/.local/lib/python3.8/site-packages/airflow/example_dags/example_setup_teardown.py
[2024-02-18T13:21:52.639+0000] {processor.py:840} INFO - DAG(s) 'example_setup_teardown' retrieved from /home/airflow/.local/lib/python3.8/site-packages/airflow/example_dags/example_setup_teardown.py
[2024-02-18T13:21:52.683+0000] {logging_mixin.py:188} INFO - [2024-02-18T13:21:52.683+0000] {dag.py:3036} INFO - Sync 1 DAGs
[2024-02-18T13:21:52.736+0000] {logging_mixin.py:188} INFO - [2024-02-18T13:21:52.735+0000] {dag.py:3823} INFO - Setting next_dagrun for example_setup_teardown to 2024-02-17 00:00:00+00:00, run_after=2024-02-18 00:00:00+00:00
[2024-02-18T13:21:52.775+0000] {processor.py:183} INFO - Processing /home/airflow/.local/lib/python3.8/site-packages/airflow/example_dags/example_setup_teardown.py took 0.163 seconds
[2024-02-18T13:22:22.947+0000] {processor.py:161} INFO - Started process (PID=296) to work on /home/airflow/.local/lib/python3.8/site-packages/airflow/example_dags/example_setup_teardown.py
[2024-02-18T13:22:22.948+0000] {processor.py:830} INFO - Processing file /home/airflow/.local/lib/python3.8/site-packages/airflow/example_dags/example_setup_teardown.py for tasks to queue
[2024-02-18T13:22:22.951+0000] {logging_mixin.py:188} INFO - [2024-02-18T13:22:22.951+0000] {dagbag.py:538} INFO - Filling up the DagBag from /home/airflow/.local/lib/python3.8/site-packages/airflow/example_dags/example_setup_teardown.py
[2024-02-18T13:22:22.963+0000] {processor.py:840} INFO - DAG(s) 'example_setup_teardown' retrieved from /home/airflow/.local/lib/python3.8/site-packages/airflow/example_dags/example_setup_teardown.py
[2024-02-18T13:22:23.002+0000] {logging_mixin.py:188} INFO - [2024-02-18T13:22:23.001+0000] {dag.py:3036} INFO - Sync 1 DAGs
[2024-02-18T13:22:23.039+0000] {logging_mixin.py:188} INFO - [2024-02-18T13:22:23.038+0000] {dag.py:3823} INFO - Setting next_dagrun for example_setup_teardown to 2024-02-17 00:00:00+00:00, run_after=2024-02-18 00:00:00+00:00
[2024-02-18T13:22:23.072+0000] {processor.py:183} INFO - Processing /home/airflow/.local/lib/python3.8/site-packages/airflow/example_dags/example_setup_teardown.py took 0.130 seconds
[2024-02-18T13:22:53.705+0000] {processor.py:161} INFO - Started process (PID=351) to work on /home/airflow/.local/lib/python3.8/site-packages/airflow/example_dags/example_setup_teardown.py
[2024-02-18T13:22:53.706+0000] {processor.py:830} INFO - Processing file /home/airflow/.local/lib/python3.8/site-packages/airflow/example_dags/example_setup_teardown.py for tasks to queue
[2024-02-18T13:22:53.710+0000] {logging_mixin.py:188} INFO - [2024-02-18T13:22:53.709+0000] {dagbag.py:538} INFO - Filling up the DagBag from /home/airflow/.local/lib/python3.8/site-packages/airflow/example_dags/example_setup_teardown.py
[2024-02-18T13:22:53.723+0000] {processor.py:840} INFO - DAG(s) 'example_setup_teardown' retrieved from /home/airflow/.local/lib/python3.8/site-packages/airflow/example_dags/example_setup_teardown.py
[2024-02-18T13:22:53.758+0000] {logging_mixin.py:188} INFO - [2024-02-18T13:22:53.757+0000] {dag.py:3036} INFO - Sync 1 DAGs
[2024-02-18T13:22:53.790+0000] {logging_mixin.py:188} INFO - [2024-02-18T13:22:53.790+0000] {dag.py:3823} INFO - Setting next_dagrun for example_setup_teardown to 2024-02-17 00:00:00+00:00, run_after=2024-02-18 00:00:00+00:00
[2024-02-18T13:22:53.824+0000] {processor.py:183} INFO - Processing /home/airflow/.local/lib/python3.8/site-packages/airflow/example_dags/example_setup_teardown.py took 0.124 seconds
[2024-02-18T13:23:24.164+0000] {processor.py:161} INFO - Started process (PID=406) to work on /home/airflow/.local/lib/python3.8/site-packages/airflow/example_dags/example_setup_teardown.py
[2024-02-18T13:23:24.166+0000] {processor.py:830} INFO - Processing file /home/airflow/.local/lib/python3.8/site-packages/airflow/example_dags/example_setup_teardown.py for tasks to queue
[2024-02-18T13:23:24.170+0000] {logging_mixin.py:188} INFO - [2024-02-18T13:23:24.169+0000] {dagbag.py:538} INFO - Filling up the DagBag from /home/airflow/.local/lib/python3.8/site-packages/airflow/example_dags/example_setup_teardown.py
[2024-02-18T13:23:24.182+0000] {processor.py:840} INFO - DAG(s) 'example_setup_teardown' retrieved from /home/airflow/.local/lib/python3.8/site-packages/airflow/example_dags/example_setup_teardown.py
[2024-02-18T13:23:24.225+0000] {logging_mixin.py:188} INFO - [2024-02-18T13:23:24.225+0000] {dag.py:3036} INFO - Sync 1 DAGs
[2024-02-18T13:23:24.262+0000] {logging_mixin.py:188} INFO - [2024-02-18T13:23:24.261+0000] {dag.py:3823} INFO - Setting next_dagrun for example_setup_teardown to 2024-02-17 00:00:00+00:00, run_after=2024-02-18 00:00:00+00:00
[2024-02-18T13:23:24.296+0000] {processor.py:183} INFO - Processing /home/airflow/.local/lib/python3.8/site-packages/airflow/example_dags/example_setup_teardown.py took 0.137 seconds
[2024-02-18T13:23:54.384+0000] {processor.py:161} INFO - Started process (PID=461) to work on /home/airflow/.local/lib/python3.8/site-packages/airflow/example_dags/example_setup_teardown.py
[2024-02-18T13:23:54.386+0000] {processor.py:830} INFO - Processing file /home/airflow/.local/lib/python3.8/site-packages/airflow/example_dags/example_setup_teardown.py for tasks to queue
[2024-02-18T13:23:54.389+0000] {logging_mixin.py:188} INFO - [2024-02-18T13:23:54.389+0000] {dagbag.py:538} INFO - Filling up the DagBag from /home/airflow/.local/lib/python3.8/site-packages/airflow/example_dags/example_setup_teardown.py
[2024-02-18T13:23:54.401+0000] {processor.py:840} INFO - DAG(s) 'example_setup_teardown' retrieved from /home/airflow/.local/lib/python3.8/site-packages/airflow/example_dags/example_setup_teardown.py
[2024-02-18T13:23:54.445+0000] {logging_mixin.py:188} INFO - [2024-02-18T13:23:54.445+0000] {dag.py:3036} INFO - Sync 1 DAGs
[2024-02-18T13:23:54.485+0000] {logging_mixin.py:188} INFO - [2024-02-18T13:23:54.484+0000] {dag.py:3823} INFO - Setting next_dagrun for example_setup_teardown to 2024-02-17 00:00:00+00:00, run_after=2024-02-18 00:00:00+00:00
[2024-02-18T13:23:54.521+0000] {processor.py:183} INFO - Processing /home/airflow/.local/lib/python3.8/site-packages/airflow/example_dags/example_setup_teardown.py took 0.141 seconds
[2024-02-18T13:24:24.699+0000] {processor.py:161} INFO - Started process (PID=516) to work on /home/airflow/.local/lib/python3.8/site-packages/airflow/example_dags/example_setup_teardown.py
[2024-02-18T13:24:24.700+0000] {processor.py:830} INFO - Processing file /home/airflow/.local/lib/python3.8/site-packages/airflow/example_dags/example_setup_teardown.py for tasks to queue
[2024-02-18T13:24:24.704+0000] {logging_mixin.py:188} INFO - [2024-02-18T13:24:24.703+0000] {dagbag.py:538} INFO - Filling up the DagBag from /home/airflow/.local/lib/python3.8/site-packages/airflow/example_dags/example_setup_teardown.py
[2024-02-18T13:24:24.715+0000] {processor.py:840} INFO - DAG(s) 'example_setup_teardown' retrieved from /home/airflow/.local/lib/python3.8/site-packages/airflow/example_dags/example_setup_teardown.py
[2024-02-18T13:24:24.752+0000] {logging_mixin.py:188} INFO - [2024-02-18T13:24:24.751+0000] {dag.py:3036} INFO - Sync 1 DAGs
[2024-02-18T13:24:24.792+0000] {logging_mixin.py:188} INFO - [2024-02-18T13:24:24.792+0000] {dag.py:3823} INFO - Setting next_dagrun for example_setup_teardown to 2024-02-17 00:00:00+00:00, run_after=2024-02-18 00:00:00+00:00
[2024-02-18T13:24:24.829+0000] {processor.py:183} INFO - Processing /home/airflow/.local/lib/python3.8/site-packages/airflow/example_dags/example_setup_teardown.py took 0.135 seconds
[2024-02-18T13:24:55.480+0000] {processor.py:161} INFO - Started process (PID=571) to work on /home/airflow/.local/lib/python3.8/site-packages/airflow/example_dags/example_setup_teardown.py
[2024-02-18T13:24:55.482+0000] {processor.py:830} INFO - Processing file /home/airflow/.local/lib/python3.8/site-packages/airflow/example_dags/example_setup_teardown.py for tasks to queue
[2024-02-18T13:24:55.485+0000] {logging_mixin.py:188} INFO - [2024-02-18T13:24:55.485+0000] {dagbag.py:538} INFO - Filling up the DagBag from /home/airflow/.local/lib/python3.8/site-packages/airflow/example_dags/example_setup_teardown.py
[2024-02-18T13:24:55.498+0000] {processor.py:840} INFO - DAG(s) 'example_setup_teardown' retrieved from /home/airflow/.local/lib/python3.8/site-packages/airflow/example_dags/example_setup_teardown.py
[2024-02-18T13:24:55.540+0000] {logging_mixin.py:188} INFO - [2024-02-18T13:24:55.539+0000] {dag.py:3036} INFO - Sync 1 DAGs
[2024-02-18T13:24:55.578+0000] {logging_mixin.py:188} INFO - [2024-02-18T13:24:55.578+0000] {dag.py:3823} INFO - Setting next_dagrun for example_setup_teardown to 2024-02-17 00:00:00+00:00, run_after=2024-02-18 00:00:00+00:00
[2024-02-18T13:24:55.618+0000] {processor.py:183} INFO - Processing /home/airflow/.local/lib/python3.8/site-packages/airflow/example_dags/example_setup_teardown.py took 0.144 seconds
[2024-02-18T13:25:26.176+0000] {processor.py:161} INFO - Started process (PID=626) to work on /home/airflow/.local/lib/python3.8/site-packages/airflow/example_dags/example_setup_teardown.py
[2024-02-18T13:25:26.178+0000] {processor.py:830} INFO - Processing file /home/airflow/.local/lib/python3.8/site-packages/airflow/example_dags/example_setup_teardown.py for tasks to queue
[2024-02-18T13:25:26.182+0000] {logging_mixin.py:188} INFO - [2024-02-18T13:25:26.181+0000] {dagbag.py:538} INFO - Filling up the DagBag from /home/airflow/.local/lib/python3.8/site-packages/airflow/example_dags/example_setup_teardown.py
[2024-02-18T13:25:26.198+0000] {processor.py:840} INFO - DAG(s) 'example_setup_teardown' retrieved from /home/airflow/.local/lib/python3.8/site-packages/airflow/example_dags/example_setup_teardown.py
[2024-02-18T13:25:26.249+0000] {logging_mixin.py:188} INFO - [2024-02-18T13:25:26.248+0000] {dag.py:3036} INFO - Sync 1 DAGs
[2024-02-18T13:25:26.301+0000] {logging_mixin.py:188} INFO - [2024-02-18T13:25:26.300+0000] {dag.py:3823} INFO - Setting next_dagrun for example_setup_teardown to 2024-02-17 00:00:00+00:00, run_after=2024-02-18 00:00:00+00:00
[2024-02-18T13:25:26.346+0000] {processor.py:183} INFO - Processing /home/airflow/.local/lib/python3.8/site-packages/airflow/example_dags/example_setup_teardown.py took 0.176 seconds
[2024-02-18T13:25:56.905+0000] {processor.py:161} INFO - Started process (PID=681) to work on /home/airflow/.local/lib/python3.8/site-packages/airflow/example_dags/example_setup_teardown.py
[2024-02-18T13:25:56.907+0000] {processor.py:830} INFO - Processing file /home/airflow/.local/lib/python3.8/site-packages/airflow/example_dags/example_setup_teardown.py for tasks to queue
[2024-02-18T13:25:56.910+0000] {logging_mixin.py:188} INFO - [2024-02-18T13:25:56.910+0000] {dagbag.py:538} INFO - Filling up the DagBag from /home/airflow/.local/lib/python3.8/site-packages/airflow/example_dags/example_setup_teardown.py
[2024-02-18T13:25:56.920+0000] {processor.py:840} INFO - DAG(s) 'example_setup_teardown' retrieved from /home/airflow/.local/lib/python3.8/site-packages/airflow/example_dags/example_setup_teardown.py
[2024-02-18T13:25:56.956+0000] {logging_mixin.py:188} INFO - [2024-02-18T13:25:56.956+0000] {dag.py:3036} INFO - Sync 1 DAGs
[2024-02-18T13:25:57.001+0000] {logging_mixin.py:188} INFO - [2024-02-18T13:25:57.001+0000] {dag.py:3823} INFO - Setting next_dagrun for example_setup_teardown to 2024-02-17 00:00:00+00:00, run_after=2024-02-18 00:00:00+00:00
[2024-02-18T13:25:57.032+0000] {processor.py:183} INFO - Processing /home/airflow/.local/lib/python3.8/site-packages/airflow/example_dags/example_setup_teardown.py took 0.131 seconds
[2024-02-18T13:26:27.615+0000] {processor.py:161} INFO - Started process (PID=736) to work on /home/airflow/.local/lib/python3.8/site-packages/airflow/example_dags/example_setup_teardown.py
[2024-02-18T13:26:27.616+0000] {processor.py:830} INFO - Processing file /home/airflow/.local/lib/python3.8/site-packages/airflow/example_dags/example_setup_teardown.py for tasks to queue
[2024-02-18T13:26:27.620+0000] {logging_mixin.py:188} INFO - [2024-02-18T13:26:27.619+0000] {dagbag.py:538} INFO - Filling up the DagBag from /home/airflow/.local/lib/python3.8/site-packages/airflow/example_dags/example_setup_teardown.py
[2024-02-18T13:26:27.630+0000] {processor.py:840} INFO - DAG(s) 'example_setup_teardown' retrieved from /home/airflow/.local/lib/python3.8/site-packages/airflow/example_dags/example_setup_teardown.py
[2024-02-18T13:26:27.670+0000] {logging_mixin.py:188} INFO - [2024-02-18T13:26:27.669+0000] {dag.py:3036} INFO - Sync 1 DAGs
[2024-02-18T13:26:27.723+0000] {logging_mixin.py:188} INFO - [2024-02-18T13:26:27.723+0000] {dag.py:3823} INFO - Setting next_dagrun for example_setup_teardown to 2024-02-17 00:00:00+00:00, run_after=2024-02-18 00:00:00+00:00
[2024-02-18T13:26:27.774+0000] {processor.py:183} INFO - Processing /home/airflow/.local/lib/python3.8/site-packages/airflow/example_dags/example_setup_teardown.py took 0.164 seconds
[2024-02-18T13:26:58.214+0000] {processor.py:161} INFO - Started process (PID=791) to work on /home/airflow/.local/lib/python3.8/site-packages/airflow/example_dags/example_setup_teardown.py
[2024-02-18T13:26:58.216+0000] {processor.py:830} INFO - Processing file /home/airflow/.local/lib/python3.8/site-packages/airflow/example_dags/example_setup_teardown.py for tasks to queue
[2024-02-18T13:26:58.220+0000] {logging_mixin.py:188} INFO - [2024-02-18T13:26:58.219+0000] {dagbag.py:538} INFO - Filling up the DagBag from /home/airflow/.local/lib/python3.8/site-packages/airflow/example_dags/example_setup_teardown.py
[2024-02-18T13:26:58.233+0000] {processor.py:840} INFO - DAG(s) 'example_setup_teardown' retrieved from /home/airflow/.local/lib/python3.8/site-packages/airflow/example_dags/example_setup_teardown.py
[2024-02-18T13:26:58.276+0000] {logging_mixin.py:188} INFO - [2024-02-18T13:26:58.275+0000] {dag.py:3036} INFO - Sync 1 DAGs
[2024-02-18T13:26:58.331+0000] {logging_mixin.py:188} INFO - [2024-02-18T13:26:58.331+0000] {dag.py:3823} INFO - Setting next_dagrun for example_setup_teardown to 2024-02-17 00:00:00+00:00, run_after=2024-02-18 00:00:00+00:00
[2024-02-18T13:26:58.377+0000] {processor.py:183} INFO - Processing /home/airflow/.local/lib/python3.8/site-packages/airflow/example_dags/example_setup_teardown.py took 0.168 seconds
[2024-02-18T13:27:28.627+0000] {processor.py:161} INFO - Started process (PID=846) to work on /home/airflow/.local/lib/python3.8/site-packages/airflow/example_dags/example_setup_teardown.py
[2024-02-18T13:27:28.630+0000] {processor.py:830} INFO - Processing file /home/airflow/.local/lib/python3.8/site-packages/airflow/example_dags/example_setup_teardown.py for tasks to queue
[2024-02-18T13:27:28.633+0000] {logging_mixin.py:188} INFO - [2024-02-18T13:27:28.633+0000] {dagbag.py:538} INFO - Filling up the DagBag from /home/airflow/.local/lib/python3.8/site-packages/airflow/example_dags/example_setup_teardown.py
[2024-02-18T13:27:28.650+0000] {processor.py:840} INFO - DAG(s) 'example_setup_teardown' retrieved from /home/airflow/.local/lib/python3.8/site-packages/airflow/example_dags/example_setup_teardown.py
[2024-02-18T13:27:28.690+0000] {logging_mixin.py:188} INFO - [2024-02-18T13:27:28.690+0000] {dag.py:3036} INFO - Sync 1 DAGs
[2024-02-18T13:27:28.727+0000] {logging_mixin.py:188} INFO - [2024-02-18T13:27:28.727+0000] {dag.py:3823} INFO - Setting next_dagrun for example_setup_teardown to 2024-02-17 00:00:00+00:00, run_after=2024-02-18 00:00:00+00:00
[2024-02-18T13:27:28.760+0000] {processor.py:183} INFO - Processing /home/airflow/.local/lib/python3.8/site-packages/airflow/example_dags/example_setup_teardown.py took 0.138 seconds
