[2024-02-18T13:20:17.366+0000] {processor.py:161} INFO - Started process (PID=57) to work on /home/airflow/.local/lib/python3.8/site-packages/airflow/example_dags/example_task_group_decorator.py
[2024-02-18T13:20:17.369+0000] {processor.py:830} INFO - Processing file /home/airflow/.local/lib/python3.8/site-packages/airflow/example_dags/example_task_group_decorator.py for tasks to queue
[2024-02-18T13:20:17.377+0000] {logging_mixin.py:188} INFO - [2024-02-18T13:20:17.375+0000] {dagbag.py:538} INFO - Filling up the DagBag from /home/airflow/.local/lib/python3.8/site-packages/airflow/example_dags/example_task_group_decorator.py
[2024-02-18T13:20:17.438+0000] {processor.py:840} INFO - DAG(s) 'example_task_group_decorator' retrieved from /home/airflow/.local/lib/python3.8/site-packages/airflow/example_dags/example_task_group_decorator.py
[2024-02-18T13:20:17.514+0000] {logging_mixin.py:188} INFO - [2024-02-18T13:20:17.513+0000] {dag.py:3036} INFO - Sync 1 DAGs
[2024-02-18T13:20:17.568+0000] {logging_mixin.py:188} INFO - [2024-02-18T13:20:17.567+0000] {dag.py:3823} INFO - Setting next_dagrun for example_task_group_decorator to 2024-02-17 00:00:00+00:00, run_after=2024-02-18 00:00:00+00:00
[2024-02-18T13:20:17.614+0000] {processor.py:183} INFO - Processing /home/airflow/.local/lib/python3.8/site-packages/airflow/example_dags/example_task_group_decorator.py took 0.256 seconds
[2024-02-18T13:20:47.676+0000] {processor.py:161} INFO - Started process (PID=111) to work on /home/airflow/.local/lib/python3.8/site-packages/airflow/example_dags/example_task_group_decorator.py
[2024-02-18T13:20:47.677+0000] {processor.py:830} INFO - Processing file /home/airflow/.local/lib/python3.8/site-packages/airflow/example_dags/example_task_group_decorator.py for tasks to queue
[2024-02-18T13:20:47.682+0000] {logging_mixin.py:188} INFO - [2024-02-18T13:20:47.681+0000] {dagbag.py:538} INFO - Filling up the DagBag from /home/airflow/.local/lib/python3.8/site-packages/airflow/example_dags/example_task_group_decorator.py
[2024-02-18T13:20:47.714+0000] {processor.py:840} INFO - DAG(s) 'example_task_group_decorator' retrieved from /home/airflow/.local/lib/python3.8/site-packages/airflow/example_dags/example_task_group_decorator.py
[2024-02-18T13:20:47.760+0000] {logging_mixin.py:188} INFO - [2024-02-18T13:20:47.759+0000] {dag.py:3036} INFO - Sync 1 DAGs
[2024-02-18T13:20:47.796+0000] {logging_mixin.py:188} INFO - [2024-02-18T13:20:47.796+0000] {dag.py:3823} INFO - Setting next_dagrun for example_task_group_decorator to 2024-02-17 00:00:00+00:00, run_after=2024-02-18 00:00:00+00:00
[2024-02-18T13:20:47.836+0000] {processor.py:183} INFO - Processing /home/airflow/.local/lib/python3.8/site-packages/airflow/example_dags/example_task_group_decorator.py took 0.165 seconds
[2024-02-18T13:21:17.893+0000] {processor.py:161} INFO - Started process (PID=166) to work on /home/airflow/.local/lib/python3.8/site-packages/airflow/example_dags/example_task_group_decorator.py
[2024-02-18T13:21:17.894+0000] {processor.py:830} INFO - Processing file /home/airflow/.local/lib/python3.8/site-packages/airflow/example_dags/example_task_group_decorator.py for tasks to queue
[2024-02-18T13:21:17.898+0000] {logging_mixin.py:188} INFO - [2024-02-18T13:21:17.897+0000] {dagbag.py:538} INFO - Filling up the DagBag from /home/airflow/.local/lib/python3.8/site-packages/airflow/example_dags/example_task_group_decorator.py
[2024-02-18T13:21:17.931+0000] {processor.py:840} INFO - DAG(s) 'example_task_group_decorator' retrieved from /home/airflow/.local/lib/python3.8/site-packages/airflow/example_dags/example_task_group_decorator.py
[2024-02-18T13:21:17.988+0000] {logging_mixin.py:188} INFO - [2024-02-18T13:21:17.988+0000] {dag.py:3036} INFO - Sync 1 DAGs
[2024-02-18T13:21:18.028+0000] {logging_mixin.py:188} INFO - [2024-02-18T13:21:18.027+0000] {dag.py:3823} INFO - Setting next_dagrun for example_task_group_decorator to 2024-02-17 00:00:00+00:00, run_after=2024-02-18 00:00:00+00:00
[2024-02-18T13:21:18.059+0000] {processor.py:183} INFO - Processing /home/airflow/.local/lib/python3.8/site-packages/airflow/example_dags/example_task_group_decorator.py took 0.172 seconds
[2024-02-18T13:21:48.581+0000] {processor.py:161} INFO - Started process (PID=221) to work on /home/airflow/.local/lib/python3.8/site-packages/airflow/example_dags/example_task_group_decorator.py
[2024-02-18T13:21:48.585+0000] {processor.py:830} INFO - Processing file /home/airflow/.local/lib/python3.8/site-packages/airflow/example_dags/example_task_group_decorator.py for tasks to queue
[2024-02-18T13:21:48.588+0000] {logging_mixin.py:188} INFO - [2024-02-18T13:21:48.588+0000] {dagbag.py:538} INFO - Filling up the DagBag from /home/airflow/.local/lib/python3.8/site-packages/airflow/example_dags/example_task_group_decorator.py
[2024-02-18T13:21:48.617+0000] {processor.py:840} INFO - DAG(s) 'example_task_group_decorator' retrieved from /home/airflow/.local/lib/python3.8/site-packages/airflow/example_dags/example_task_group_decorator.py
[2024-02-18T13:21:48.662+0000] {logging_mixin.py:188} INFO - [2024-02-18T13:21:48.661+0000] {dag.py:3036} INFO - Sync 1 DAGs
[2024-02-18T13:21:48.702+0000] {logging_mixin.py:188} INFO - [2024-02-18T13:21:48.702+0000] {dag.py:3823} INFO - Setting next_dagrun for example_task_group_decorator to 2024-02-17 00:00:00+00:00, run_after=2024-02-18 00:00:00+00:00
[2024-02-18T13:21:48.736+0000] {processor.py:183} INFO - Processing /home/airflow/.local/lib/python3.8/site-packages/airflow/example_dags/example_task_group_decorator.py took 0.161 seconds
[2024-02-18T13:22:19.051+0000] {processor.py:161} INFO - Started process (PID=276) to work on /home/airflow/.local/lib/python3.8/site-packages/airflow/example_dags/example_task_group_decorator.py
[2024-02-18T13:22:19.052+0000] {processor.py:830} INFO - Processing file /home/airflow/.local/lib/python3.8/site-packages/airflow/example_dags/example_task_group_decorator.py for tasks to queue
[2024-02-18T13:22:19.056+0000] {logging_mixin.py:188} INFO - [2024-02-18T13:22:19.055+0000] {dagbag.py:538} INFO - Filling up the DagBag from /home/airflow/.local/lib/python3.8/site-packages/airflow/example_dags/example_task_group_decorator.py
[2024-02-18T13:22:19.081+0000] {processor.py:840} INFO - DAG(s) 'example_task_group_decorator' retrieved from /home/airflow/.local/lib/python3.8/site-packages/airflow/example_dags/example_task_group_decorator.py
[2024-02-18T13:22:19.127+0000] {logging_mixin.py:188} INFO - [2024-02-18T13:22:19.126+0000] {dag.py:3036} INFO - Sync 1 DAGs
[2024-02-18T13:22:19.161+0000] {logging_mixin.py:188} INFO - [2024-02-18T13:22:19.160+0000] {dag.py:3823} INFO - Setting next_dagrun for example_task_group_decorator to 2024-02-17 00:00:00+00:00, run_after=2024-02-18 00:00:00+00:00
[2024-02-18T13:22:19.191+0000] {processor.py:183} INFO - Processing /home/airflow/.local/lib/python3.8/site-packages/airflow/example_dags/example_task_group_decorator.py took 0.146 seconds
[2024-02-18T13:22:50.041+0000] {processor.py:161} INFO - Started process (PID=331) to work on /home/airflow/.local/lib/python3.8/site-packages/airflow/example_dags/example_task_group_decorator.py
[2024-02-18T13:22:50.043+0000] {processor.py:830} INFO - Processing file /home/airflow/.local/lib/python3.8/site-packages/airflow/example_dags/example_task_group_decorator.py for tasks to queue
[2024-02-18T13:22:50.046+0000] {logging_mixin.py:188} INFO - [2024-02-18T13:22:50.045+0000] {dagbag.py:538} INFO - Filling up the DagBag from /home/airflow/.local/lib/python3.8/site-packages/airflow/example_dags/example_task_group_decorator.py
[2024-02-18T13:22:50.067+0000] {processor.py:840} INFO - DAG(s) 'example_task_group_decorator' retrieved from /home/airflow/.local/lib/python3.8/site-packages/airflow/example_dags/example_task_group_decorator.py
[2024-02-18T13:22:50.103+0000] {logging_mixin.py:188} INFO - [2024-02-18T13:22:50.103+0000] {dag.py:3036} INFO - Sync 1 DAGs
[2024-02-18T13:22:50.138+0000] {logging_mixin.py:188} INFO - [2024-02-18T13:22:50.137+0000] {dag.py:3823} INFO - Setting next_dagrun for example_task_group_decorator to 2024-02-17 00:00:00+00:00, run_after=2024-02-18 00:00:00+00:00
[2024-02-18T13:22:50.170+0000] {processor.py:183} INFO - Processing /home/airflow/.local/lib/python3.8/site-packages/airflow/example_dags/example_task_group_decorator.py took 0.133 seconds
[2024-02-18T13:23:20.202+0000] {processor.py:161} INFO - Started process (PID=386) to work on /home/airflow/.local/lib/python3.8/site-packages/airflow/example_dags/example_task_group_decorator.py
[2024-02-18T13:23:20.204+0000] {processor.py:830} INFO - Processing file /home/airflow/.local/lib/python3.8/site-packages/airflow/example_dags/example_task_group_decorator.py for tasks to queue
[2024-02-18T13:23:20.207+0000] {logging_mixin.py:188} INFO - [2024-02-18T13:23:20.206+0000] {dagbag.py:538} INFO - Filling up the DagBag from /home/airflow/.local/lib/python3.8/site-packages/airflow/example_dags/example_task_group_decorator.py
[2024-02-18T13:23:20.228+0000] {processor.py:840} INFO - DAG(s) 'example_task_group_decorator' retrieved from /home/airflow/.local/lib/python3.8/site-packages/airflow/example_dags/example_task_group_decorator.py
[2024-02-18T13:23:20.271+0000] {logging_mixin.py:188} INFO - [2024-02-18T13:23:20.271+0000] {dag.py:3036} INFO - Sync 1 DAGs
[2024-02-18T13:23:20.310+0000] {logging_mixin.py:188} INFO - [2024-02-18T13:23:20.309+0000] {dag.py:3823} INFO - Setting next_dagrun for example_task_group_decorator to 2024-02-17 00:00:00+00:00, run_after=2024-02-18 00:00:00+00:00
[2024-02-18T13:23:20.345+0000] {processor.py:183} INFO - Processing /home/airflow/.local/lib/python3.8/site-packages/airflow/example_dags/example_task_group_decorator.py took 0.148 seconds
[2024-02-18T13:23:50.478+0000] {processor.py:161} INFO - Started process (PID=441) to work on /home/airflow/.local/lib/python3.8/site-packages/airflow/example_dags/example_task_group_decorator.py
[2024-02-18T13:23:50.479+0000] {processor.py:830} INFO - Processing file /home/airflow/.local/lib/python3.8/site-packages/airflow/example_dags/example_task_group_decorator.py for tasks to queue
[2024-02-18T13:23:50.483+0000] {logging_mixin.py:188} INFO - [2024-02-18T13:23:50.482+0000] {dagbag.py:538} INFO - Filling up the DagBag from /home/airflow/.local/lib/python3.8/site-packages/airflow/example_dags/example_task_group_decorator.py
[2024-02-18T13:23:50.504+0000] {processor.py:840} INFO - DAG(s) 'example_task_group_decorator' retrieved from /home/airflow/.local/lib/python3.8/site-packages/airflow/example_dags/example_task_group_decorator.py
[2024-02-18T13:23:50.541+0000] {logging_mixin.py:188} INFO - [2024-02-18T13:23:50.540+0000] {dag.py:3036} INFO - Sync 1 DAGs
[2024-02-18T13:23:50.569+0000] {logging_mixin.py:188} INFO - [2024-02-18T13:23:50.569+0000] {dag.py:3823} INFO - Setting next_dagrun for example_task_group_decorator to 2024-02-17 00:00:00+00:00, run_after=2024-02-18 00:00:00+00:00
[2024-02-18T13:23:50.597+0000] {processor.py:183} INFO - Processing /home/airflow/.local/lib/python3.8/site-packages/airflow/example_dags/example_task_group_decorator.py took 0.123 seconds
[2024-02-18T13:24:20.917+0000] {processor.py:161} INFO - Started process (PID=496) to work on /home/airflow/.local/lib/python3.8/site-packages/airflow/example_dags/example_task_group_decorator.py
[2024-02-18T13:24:20.918+0000] {processor.py:830} INFO - Processing file /home/airflow/.local/lib/python3.8/site-packages/airflow/example_dags/example_task_group_decorator.py for tasks to queue
[2024-02-18T13:24:20.922+0000] {logging_mixin.py:188} INFO - [2024-02-18T13:24:20.921+0000] {dagbag.py:538} INFO - Filling up the DagBag from /home/airflow/.local/lib/python3.8/site-packages/airflow/example_dags/example_task_group_decorator.py
[2024-02-18T13:24:20.944+0000] {processor.py:840} INFO - DAG(s) 'example_task_group_decorator' retrieved from /home/airflow/.local/lib/python3.8/site-packages/airflow/example_dags/example_task_group_decorator.py
[2024-02-18T13:24:20.986+0000] {logging_mixin.py:188} INFO - [2024-02-18T13:24:20.986+0000] {dag.py:3036} INFO - Sync 1 DAGs
[2024-02-18T13:24:21.016+0000] {logging_mixin.py:188} INFO - [2024-02-18T13:24:21.016+0000] {dag.py:3823} INFO - Setting next_dagrun for example_task_group_decorator to 2024-02-17 00:00:00+00:00, run_after=2024-02-18 00:00:00+00:00
[2024-02-18T13:24:21.053+0000] {processor.py:183} INFO - Processing /home/airflow/.local/lib/python3.8/site-packages/airflow/example_dags/example_task_group_decorator.py took 0.141 seconds
[2024-02-18T13:24:51.388+0000] {processor.py:161} INFO - Started process (PID=551) to work on /home/airflow/.local/lib/python3.8/site-packages/airflow/example_dags/example_task_group_decorator.py
[2024-02-18T13:24:51.390+0000] {processor.py:830} INFO - Processing file /home/airflow/.local/lib/python3.8/site-packages/airflow/example_dags/example_task_group_decorator.py for tasks to queue
[2024-02-18T13:24:51.395+0000] {logging_mixin.py:188} INFO - [2024-02-18T13:24:51.394+0000] {dagbag.py:538} INFO - Filling up the DagBag from /home/airflow/.local/lib/python3.8/site-packages/airflow/example_dags/example_task_group_decorator.py
[2024-02-18T13:24:51.422+0000] {processor.py:840} INFO - DAG(s) 'example_task_group_decorator' retrieved from /home/airflow/.local/lib/python3.8/site-packages/airflow/example_dags/example_task_group_decorator.py
[2024-02-18T13:24:51.468+0000] {logging_mixin.py:188} INFO - [2024-02-18T13:24:51.468+0000] {dag.py:3036} INFO - Sync 1 DAGs
[2024-02-18T13:24:51.506+0000] {logging_mixin.py:188} INFO - [2024-02-18T13:24:51.505+0000] {dag.py:3823} INFO - Setting next_dagrun for example_task_group_decorator to 2024-02-17 00:00:00+00:00, run_after=2024-02-18 00:00:00+00:00
[2024-02-18T13:24:51.542+0000] {processor.py:183} INFO - Processing /home/airflow/.local/lib/python3.8/site-packages/airflow/example_dags/example_task_group_decorator.py took 0.158 seconds
[2024-02-18T13:25:21.794+0000] {processor.py:161} INFO - Started process (PID=606) to work on /home/airflow/.local/lib/python3.8/site-packages/airflow/example_dags/example_task_group_decorator.py
[2024-02-18T13:25:21.796+0000] {processor.py:830} INFO - Processing file /home/airflow/.local/lib/python3.8/site-packages/airflow/example_dags/example_task_group_decorator.py for tasks to queue
[2024-02-18T13:25:21.801+0000] {logging_mixin.py:188} INFO - [2024-02-18T13:25:21.800+0000] {dagbag.py:538} INFO - Filling up the DagBag from /home/airflow/.local/lib/python3.8/site-packages/airflow/example_dags/example_task_group_decorator.py
[2024-02-18T13:25:21.835+0000] {processor.py:840} INFO - DAG(s) 'example_task_group_decorator' retrieved from /home/airflow/.local/lib/python3.8/site-packages/airflow/example_dags/example_task_group_decorator.py
[2024-02-18T13:25:21.893+0000] {logging_mixin.py:188} INFO - [2024-02-18T13:25:21.892+0000] {dag.py:3036} INFO - Sync 1 DAGs
[2024-02-18T13:25:21.936+0000] {logging_mixin.py:188} INFO - [2024-02-18T13:25:21.935+0000] {dag.py:3823} INFO - Setting next_dagrun for example_task_group_decorator to 2024-02-17 00:00:00+00:00, run_after=2024-02-18 00:00:00+00:00
[2024-02-18T13:25:21.975+0000] {processor.py:183} INFO - Processing /home/airflow/.local/lib/python3.8/site-packages/airflow/example_dags/example_task_group_decorator.py took 0.188 seconds
[2024-02-18T13:25:52.129+0000] {processor.py:161} INFO - Started process (PID=661) to work on /home/airflow/.local/lib/python3.8/site-packages/airflow/example_dags/example_task_group_decorator.py
[2024-02-18T13:25:52.131+0000] {processor.py:830} INFO - Processing file /home/airflow/.local/lib/python3.8/site-packages/airflow/example_dags/example_task_group_decorator.py for tasks to queue
[2024-02-18T13:25:52.134+0000] {logging_mixin.py:188} INFO - [2024-02-18T13:25:52.133+0000] {dagbag.py:538} INFO - Filling up the DagBag from /home/airflow/.local/lib/python3.8/site-packages/airflow/example_dags/example_task_group_decorator.py
[2024-02-18T13:25:52.158+0000] {processor.py:840} INFO - DAG(s) 'example_task_group_decorator' retrieved from /home/airflow/.local/lib/python3.8/site-packages/airflow/example_dags/example_task_group_decorator.py
[2024-02-18T13:25:52.201+0000] {logging_mixin.py:188} INFO - [2024-02-18T13:25:52.201+0000] {dag.py:3036} INFO - Sync 1 DAGs
[2024-02-18T13:25:52.235+0000] {logging_mixin.py:188} INFO - [2024-02-18T13:25:52.234+0000] {dag.py:3823} INFO - Setting next_dagrun for example_task_group_decorator to 2024-02-17 00:00:00+00:00, run_after=2024-02-18 00:00:00+00:00
[2024-02-18T13:25:52.266+0000] {processor.py:183} INFO - Processing /home/airflow/.local/lib/python3.8/site-packages/airflow/example_dags/example_task_group_decorator.py took 0.141 seconds
[2024-02-18T13:26:22.450+0000] {processor.py:161} INFO - Started process (PID=716) to work on /home/airflow/.local/lib/python3.8/site-packages/airflow/example_dags/example_task_group_decorator.py
[2024-02-18T13:26:22.451+0000] {processor.py:830} INFO - Processing file /home/airflow/.local/lib/python3.8/site-packages/airflow/example_dags/example_task_group_decorator.py for tasks to queue
[2024-02-18T13:26:22.455+0000] {logging_mixin.py:188} INFO - [2024-02-18T13:26:22.454+0000] {dagbag.py:538} INFO - Filling up the DagBag from /home/airflow/.local/lib/python3.8/site-packages/airflow/example_dags/example_task_group_decorator.py
[2024-02-18T13:26:22.474+0000] {processor.py:840} INFO - DAG(s) 'example_task_group_decorator' retrieved from /home/airflow/.local/lib/python3.8/site-packages/airflow/example_dags/example_task_group_decorator.py
[2024-02-18T13:26:22.510+0000] {logging_mixin.py:188} INFO - [2024-02-18T13:26:22.509+0000] {dag.py:3036} INFO - Sync 1 DAGs
[2024-02-18T13:26:22.542+0000] {logging_mixin.py:188} INFO - [2024-02-18T13:26:22.542+0000] {dag.py:3823} INFO - Setting next_dagrun for example_task_group_decorator to 2024-02-17 00:00:00+00:00, run_after=2024-02-18 00:00:00+00:00
[2024-02-18T13:26:22.579+0000] {processor.py:183} INFO - Processing /home/airflow/.local/lib/python3.8/site-packages/airflow/example_dags/example_task_group_decorator.py took 0.133 seconds
[2024-02-18T13:26:53.301+0000] {processor.py:161} INFO - Started process (PID=771) to work on /home/airflow/.local/lib/python3.8/site-packages/airflow/example_dags/example_task_group_decorator.py
[2024-02-18T13:26:53.303+0000] {processor.py:830} INFO - Processing file /home/airflow/.local/lib/python3.8/site-packages/airflow/example_dags/example_task_group_decorator.py for tasks to queue
[2024-02-18T13:26:53.306+0000] {logging_mixin.py:188} INFO - [2024-02-18T13:26:53.305+0000] {dagbag.py:538} INFO - Filling up the DagBag from /home/airflow/.local/lib/python3.8/site-packages/airflow/example_dags/example_task_group_decorator.py
[2024-02-18T13:26:53.326+0000] {processor.py:840} INFO - DAG(s) 'example_task_group_decorator' retrieved from /home/airflow/.local/lib/python3.8/site-packages/airflow/example_dags/example_task_group_decorator.py
[2024-02-18T13:26:53.363+0000] {logging_mixin.py:188} INFO - [2024-02-18T13:26:53.363+0000] {dag.py:3036} INFO - Sync 1 DAGs
[2024-02-18T13:26:53.398+0000] {logging_mixin.py:188} INFO - [2024-02-18T13:26:53.398+0000] {dag.py:3823} INFO - Setting next_dagrun for example_task_group_decorator to 2024-02-17 00:00:00+00:00, run_after=2024-02-18 00:00:00+00:00
[2024-02-18T13:26:53.423+0000] {processor.py:183} INFO - Processing /home/airflow/.local/lib/python3.8/site-packages/airflow/example_dags/example_task_group_decorator.py took 0.127 seconds
[2024-02-18T13:27:24.461+0000] {processor.py:161} INFO - Started process (PID=826) to work on /home/airflow/.local/lib/python3.8/site-packages/airflow/example_dags/example_task_group_decorator.py
[2024-02-18T13:27:24.464+0000] {processor.py:830} INFO - Processing file /home/airflow/.local/lib/python3.8/site-packages/airflow/example_dags/example_task_group_decorator.py for tasks to queue
[2024-02-18T13:27:24.467+0000] {logging_mixin.py:188} INFO - [2024-02-18T13:27:24.466+0000] {dagbag.py:538} INFO - Filling up the DagBag from /home/airflow/.local/lib/python3.8/site-packages/airflow/example_dags/example_task_group_decorator.py
[2024-02-18T13:27:24.492+0000] {processor.py:840} INFO - DAG(s) 'example_task_group_decorator' retrieved from /home/airflow/.local/lib/python3.8/site-packages/airflow/example_dags/example_task_group_decorator.py
[2024-02-18T13:27:24.535+0000] {logging_mixin.py:188} INFO - [2024-02-18T13:27:24.535+0000] {dag.py:3036} INFO - Sync 1 DAGs
[2024-02-18T13:27:24.571+0000] {logging_mixin.py:188} INFO - [2024-02-18T13:27:24.571+0000] {dag.py:3823} INFO - Setting next_dagrun for example_task_group_decorator to 2024-02-17 00:00:00+00:00, run_after=2024-02-18 00:00:00+00:00
[2024-02-18T13:27:24.605+0000] {processor.py:183} INFO - Processing /home/airflow/.local/lib/python3.8/site-packages/airflow/example_dags/example_task_group_decorator.py took 0.150 seconds
[2024-02-18T13:27:54.914+0000] {processor.py:161} INFO - Started process (PID=881) to work on /home/airflow/.local/lib/python3.8/site-packages/airflow/example_dags/example_task_group_decorator.py
[2024-02-18T13:27:54.915+0000] {processor.py:830} INFO - Processing file /home/airflow/.local/lib/python3.8/site-packages/airflow/example_dags/example_task_group_decorator.py for tasks to queue
[2024-02-18T13:27:54.918+0000] {logging_mixin.py:188} INFO - [2024-02-18T13:27:54.918+0000] {dagbag.py:538} INFO - Filling up the DagBag from /home/airflow/.local/lib/python3.8/site-packages/airflow/example_dags/example_task_group_decorator.py
[2024-02-18T13:27:54.939+0000] {processor.py:840} INFO - DAG(s) 'example_task_group_decorator' retrieved from /home/airflow/.local/lib/python3.8/site-packages/airflow/example_dags/example_task_group_decorator.py
[2024-02-18T13:27:54.977+0000] {logging_mixin.py:188} INFO - [2024-02-18T13:27:54.976+0000] {dag.py:3036} INFO - Sync 1 DAGs
[2024-02-18T13:27:55.009+0000] {logging_mixin.py:188} INFO - [2024-02-18T13:27:55.009+0000] {dag.py:3823} INFO - Setting next_dagrun for example_task_group_decorator to 2024-02-17 00:00:00+00:00, run_after=2024-02-18 00:00:00+00:00
[2024-02-18T13:27:55.037+0000] {processor.py:183} INFO - Processing /home/airflow/.local/lib/python3.8/site-packages/airflow/example_dags/example_task_group_decorator.py took 0.128 seconds
