[2024-02-18T13:20:18.712+0000] {processor.py:161} INFO - Started process (PID=66) to work on /home/airflow/.local/lib/python3.8/site-packages/airflow/example_dags/example_branch_operator.py
[2024-02-18T13:20:18.721+0000] {processor.py:830} INFO - Processing file /home/airflow/.local/lib/python3.8/site-packages/airflow/example_dags/example_branch_operator.py for tasks to queue
[2024-02-18T13:20:18.731+0000] {logging_mixin.py:188} INFO - [2024-02-18T13:20:18.726+0000] {dagbag.py:538} INFO - Filling up the DagBag from /home/airflow/.local/lib/python3.8/site-packages/airflow/example_dags/example_branch_operator.py
[2024-02-18T13:20:18.790+0000] {processor.py:840} INFO - DAG(s) 'example_branch_operator' retrieved from /home/airflow/.local/lib/python3.8/site-packages/airflow/example_dags/example_branch_operator.py
[2024-02-18T13:20:19.080+0000] {logging_mixin.py:188} INFO - [2024-02-18T13:20:19.080+0000] {dag.py:3036} INFO - Sync 1 DAGs
[2024-02-18T13:20:19.122+0000] {logging_mixin.py:188} INFO - [2024-02-18T13:20:19.121+0000] {dag.py:3823} INFO - Setting next_dagrun for example_branch_operator to 2024-02-17 00:00:00+00:00, run_after=2024-02-18 00:00:00+00:00
[2024-02-18T13:20:19.158+0000] {processor.py:183} INFO - Processing /home/airflow/.local/lib/python3.8/site-packages/airflow/example_dags/example_branch_operator.py took 0.469 seconds
[2024-02-18T13:20:49.898+0000] {processor.py:161} INFO - Started process (PID=121) to work on /home/airflow/.local/lib/python3.8/site-packages/airflow/example_dags/example_branch_operator.py
[2024-02-18T13:20:49.900+0000] {processor.py:830} INFO - Processing file /home/airflow/.local/lib/python3.8/site-packages/airflow/example_dags/example_branch_operator.py for tasks to queue
[2024-02-18T13:20:49.904+0000] {logging_mixin.py:188} INFO - [2024-02-18T13:20:49.903+0000] {dagbag.py:538} INFO - Filling up the DagBag from /home/airflow/.local/lib/python3.8/site-packages/airflow/example_dags/example_branch_operator.py
[2024-02-18T13:20:49.967+0000] {processor.py:840} INFO - DAG(s) 'example_branch_operator' retrieved from /home/airflow/.local/lib/python3.8/site-packages/airflow/example_dags/example_branch_operator.py
[2024-02-18T13:20:50.053+0000] {logging_mixin.py:188} INFO - [2024-02-18T13:20:50.052+0000] {dag.py:3036} INFO - Sync 1 DAGs
[2024-02-18T13:20:50.121+0000] {logging_mixin.py:188} INFO - [2024-02-18T13:20:50.121+0000] {dag.py:3823} INFO - Setting next_dagrun for example_branch_operator to 2024-02-17 00:00:00+00:00, run_after=2024-02-18 00:00:00+00:00
[2024-02-18T13:20:50.195+0000] {processor.py:183} INFO - Processing /home/airflow/.local/lib/python3.8/site-packages/airflow/example_dags/example_branch_operator.py took 0.302 seconds
[2024-02-18T13:21:20.800+0000] {processor.py:161} INFO - Started process (PID=176) to work on /home/airflow/.local/lib/python3.8/site-packages/airflow/example_dags/example_branch_operator.py
[2024-02-18T13:21:20.802+0000] {processor.py:830} INFO - Processing file /home/airflow/.local/lib/python3.8/site-packages/airflow/example_dags/example_branch_operator.py for tasks to queue
[2024-02-18T13:21:20.806+0000] {logging_mixin.py:188} INFO - [2024-02-18T13:21:20.805+0000] {dagbag.py:538} INFO - Filling up the DagBag from /home/airflow/.local/lib/python3.8/site-packages/airflow/example_dags/example_branch_operator.py
[2024-02-18T13:21:20.846+0000] {processor.py:840} INFO - DAG(s) 'example_branch_operator' retrieved from /home/airflow/.local/lib/python3.8/site-packages/airflow/example_dags/example_branch_operator.py
[2024-02-18T13:21:20.908+0000] {logging_mixin.py:188} INFO - [2024-02-18T13:21:20.908+0000] {dag.py:3036} INFO - Sync 1 DAGs
[2024-02-18T13:21:20.950+0000] {logging_mixin.py:188} INFO - [2024-02-18T13:21:20.950+0000] {dag.py:3823} INFO - Setting next_dagrun for example_branch_operator to 2024-02-17 00:00:00+00:00, run_after=2024-02-18 00:00:00+00:00
[2024-02-18T13:21:20.987+0000] {processor.py:183} INFO - Processing /home/airflow/.local/lib/python3.8/site-packages/airflow/example_dags/example_branch_operator.py took 0.193 seconds
[2024-02-18T13:21:51.434+0000] {processor.py:161} INFO - Started process (PID=231) to work on /home/airflow/.local/lib/python3.8/site-packages/airflow/example_dags/example_branch_operator.py
[2024-02-18T13:21:51.437+0000] {processor.py:830} INFO - Processing file /home/airflow/.local/lib/python3.8/site-packages/airflow/example_dags/example_branch_operator.py for tasks to queue
[2024-02-18T13:21:51.443+0000] {logging_mixin.py:188} INFO - [2024-02-18T13:21:51.442+0000] {dagbag.py:538} INFO - Filling up the DagBag from /home/airflow/.local/lib/python3.8/site-packages/airflow/example_dags/example_branch_operator.py
[2024-02-18T13:21:51.472+0000] {processor.py:840} INFO - DAG(s) 'example_branch_operator' retrieved from /home/airflow/.local/lib/python3.8/site-packages/airflow/example_dags/example_branch_operator.py
[2024-02-18T13:21:51.528+0000] {logging_mixin.py:188} INFO - [2024-02-18T13:21:51.528+0000] {dag.py:3036} INFO - Sync 1 DAGs
[2024-02-18T13:21:51.572+0000] {logging_mixin.py:188} INFO - [2024-02-18T13:21:51.572+0000] {dag.py:3823} INFO - Setting next_dagrun for example_branch_operator to 2024-02-17 00:00:00+00:00, run_after=2024-02-18 00:00:00+00:00
[2024-02-18T13:21:51.612+0000] {processor.py:183} INFO - Processing /home/airflow/.local/lib/python3.8/site-packages/airflow/example_dags/example_branch_operator.py took 0.186 seconds
[2024-02-18T13:22:21.964+0000] {processor.py:161} INFO - Started process (PID=286) to work on /home/airflow/.local/lib/python3.8/site-packages/airflow/example_dags/example_branch_operator.py
[2024-02-18T13:22:21.969+0000] {processor.py:830} INFO - Processing file /home/airflow/.local/lib/python3.8/site-packages/airflow/example_dags/example_branch_operator.py for tasks to queue
[2024-02-18T13:22:21.974+0000] {logging_mixin.py:188} INFO - [2024-02-18T13:22:21.973+0000] {dagbag.py:538} INFO - Filling up the DagBag from /home/airflow/.local/lib/python3.8/site-packages/airflow/example_dags/example_branch_operator.py
[2024-02-18T13:22:22.007+0000] {processor.py:840} INFO - DAG(s) 'example_branch_operator' retrieved from /home/airflow/.local/lib/python3.8/site-packages/airflow/example_dags/example_branch_operator.py
[2024-02-18T13:22:22.063+0000] {logging_mixin.py:188} INFO - [2024-02-18T13:22:22.063+0000] {dag.py:3036} INFO - Sync 1 DAGs
[2024-02-18T13:22:22.104+0000] {logging_mixin.py:188} INFO - [2024-02-18T13:22:22.104+0000] {dag.py:3823} INFO - Setting next_dagrun for example_branch_operator to 2024-02-17 00:00:00+00:00, run_after=2024-02-18 00:00:00+00:00
[2024-02-18T13:22:22.138+0000] {processor.py:183} INFO - Processing /home/airflow/.local/lib/python3.8/site-packages/airflow/example_dags/example_branch_operator.py took 0.186 seconds
[2024-02-18T13:22:52.778+0000] {processor.py:161} INFO - Started process (PID=341) to work on /home/airflow/.local/lib/python3.8/site-packages/airflow/example_dags/example_branch_operator.py
[2024-02-18T13:22:52.779+0000] {processor.py:830} INFO - Processing file /home/airflow/.local/lib/python3.8/site-packages/airflow/example_dags/example_branch_operator.py for tasks to queue
[2024-02-18T13:22:52.782+0000] {logging_mixin.py:188} INFO - [2024-02-18T13:22:52.781+0000] {dagbag.py:538} INFO - Filling up the DagBag from /home/airflow/.local/lib/python3.8/site-packages/airflow/example_dags/example_branch_operator.py
[2024-02-18T13:22:52.810+0000] {processor.py:840} INFO - DAG(s) 'example_branch_operator' retrieved from /home/airflow/.local/lib/python3.8/site-packages/airflow/example_dags/example_branch_operator.py
[2024-02-18T13:22:52.859+0000] {logging_mixin.py:188} INFO - [2024-02-18T13:22:52.859+0000] {dag.py:3036} INFO - Sync 1 DAGs
[2024-02-18T13:22:52.903+0000] {logging_mixin.py:188} INFO - [2024-02-18T13:22:52.902+0000] {dag.py:3823} INFO - Setting next_dagrun for example_branch_operator to 2024-02-17 00:00:00+00:00, run_after=2024-02-18 00:00:00+00:00
[2024-02-18T13:22:52.937+0000] {processor.py:183} INFO - Processing /home/airflow/.local/lib/python3.8/site-packages/airflow/example_dags/example_branch_operator.py took 0.165 seconds
[2024-02-18T13:23:23.087+0000] {processor.py:161} INFO - Started process (PID=396) to work on /home/airflow/.local/lib/python3.8/site-packages/airflow/example_dags/example_branch_operator.py
[2024-02-18T13:23:23.089+0000] {processor.py:830} INFO - Processing file /home/airflow/.local/lib/python3.8/site-packages/airflow/example_dags/example_branch_operator.py for tasks to queue
[2024-02-18T13:23:23.094+0000] {logging_mixin.py:188} INFO - [2024-02-18T13:23:23.093+0000] {dagbag.py:538} INFO - Filling up the DagBag from /home/airflow/.local/lib/python3.8/site-packages/airflow/example_dags/example_branch_operator.py
[2024-02-18T13:23:23.134+0000] {processor.py:840} INFO - DAG(s) 'example_branch_operator' retrieved from /home/airflow/.local/lib/python3.8/site-packages/airflow/example_dags/example_branch_operator.py
[2024-02-18T13:23:23.194+0000] {logging_mixin.py:188} INFO - [2024-02-18T13:23:23.194+0000] {dag.py:3036} INFO - Sync 1 DAGs
[2024-02-18T13:23:23.235+0000] {logging_mixin.py:188} INFO - [2024-02-18T13:23:23.234+0000] {dag.py:3823} INFO - Setting next_dagrun for example_branch_operator to 2024-02-17 00:00:00+00:00, run_after=2024-02-18 00:00:00+00:00
[2024-02-18T13:23:23.273+0000] {processor.py:183} INFO - Processing /home/airflow/.local/lib/python3.8/site-packages/airflow/example_dags/example_branch_operator.py took 0.190 seconds
[2024-02-18T13:23:53.395+0000] {processor.py:161} INFO - Started process (PID=451) to work on /home/airflow/.local/lib/python3.8/site-packages/airflow/example_dags/example_branch_operator.py
[2024-02-18T13:23:53.397+0000] {processor.py:830} INFO - Processing file /home/airflow/.local/lib/python3.8/site-packages/airflow/example_dags/example_branch_operator.py for tasks to queue
[2024-02-18T13:23:53.402+0000] {logging_mixin.py:188} INFO - [2024-02-18T13:23:53.401+0000] {dagbag.py:538} INFO - Filling up the DagBag from /home/airflow/.local/lib/python3.8/site-packages/airflow/example_dags/example_branch_operator.py
[2024-02-18T13:23:53.462+0000] {processor.py:840} INFO - DAG(s) 'example_branch_operator' retrieved from /home/airflow/.local/lib/python3.8/site-packages/airflow/example_dags/example_branch_operator.py
[2024-02-18T13:23:53.518+0000] {logging_mixin.py:188} INFO - [2024-02-18T13:23:53.518+0000] {dag.py:3036} INFO - Sync 1 DAGs
[2024-02-18T13:23:53.563+0000] {logging_mixin.py:188} INFO - [2024-02-18T13:23:53.563+0000] {dag.py:3823} INFO - Setting next_dagrun for example_branch_operator to 2024-02-17 00:00:00+00:00, run_after=2024-02-18 00:00:00+00:00
[2024-02-18T13:23:53.608+0000] {processor.py:183} INFO - Processing /home/airflow/.local/lib/python3.8/site-packages/airflow/example_dags/example_branch_operator.py took 0.218 seconds
[2024-02-18T13:24:23.778+0000] {processor.py:161} INFO - Started process (PID=506) to work on /home/airflow/.local/lib/python3.8/site-packages/airflow/example_dags/example_branch_operator.py
[2024-02-18T13:24:23.780+0000] {processor.py:830} INFO - Processing file /home/airflow/.local/lib/python3.8/site-packages/airflow/example_dags/example_branch_operator.py for tasks to queue
[2024-02-18T13:24:23.784+0000] {logging_mixin.py:188} INFO - [2024-02-18T13:24:23.783+0000] {dagbag.py:538} INFO - Filling up the DagBag from /home/airflow/.local/lib/python3.8/site-packages/airflow/example_dags/example_branch_operator.py
[2024-02-18T13:24:23.816+0000] {processor.py:840} INFO - DAG(s) 'example_branch_operator' retrieved from /home/airflow/.local/lib/python3.8/site-packages/airflow/example_dags/example_branch_operator.py
[2024-02-18T13:24:23.863+0000] {logging_mixin.py:188} INFO - [2024-02-18T13:24:23.862+0000] {dag.py:3036} INFO - Sync 1 DAGs
[2024-02-18T13:24:23.901+0000] {logging_mixin.py:188} INFO - [2024-02-18T13:24:23.901+0000] {dag.py:3823} INFO - Setting next_dagrun for example_branch_operator to 2024-02-17 00:00:00+00:00, run_after=2024-02-18 00:00:00+00:00
[2024-02-18T13:24:23.937+0000] {processor.py:183} INFO - Processing /home/airflow/.local/lib/python3.8/site-packages/airflow/example_dags/example_branch_operator.py took 0.165 seconds
[2024-02-18T13:24:54.420+0000] {processor.py:161} INFO - Started process (PID=561) to work on /home/airflow/.local/lib/python3.8/site-packages/airflow/example_dags/example_branch_operator.py
[2024-02-18T13:24:54.423+0000] {processor.py:830} INFO - Processing file /home/airflow/.local/lib/python3.8/site-packages/airflow/example_dags/example_branch_operator.py for tasks to queue
[2024-02-18T13:24:54.427+0000] {logging_mixin.py:188} INFO - [2024-02-18T13:24:54.427+0000] {dagbag.py:538} INFO - Filling up the DagBag from /home/airflow/.local/lib/python3.8/site-packages/airflow/example_dags/example_branch_operator.py
[2024-02-18T13:24:54.466+0000] {processor.py:840} INFO - DAG(s) 'example_branch_operator' retrieved from /home/airflow/.local/lib/python3.8/site-packages/airflow/example_dags/example_branch_operator.py
[2024-02-18T13:24:54.517+0000] {logging_mixin.py:188} INFO - [2024-02-18T13:24:54.516+0000] {dag.py:3036} INFO - Sync 1 DAGs
[2024-02-18T13:24:54.560+0000] {logging_mixin.py:188} INFO - [2024-02-18T13:24:54.559+0000] {dag.py:3823} INFO - Setting next_dagrun for example_branch_operator to 2024-02-17 00:00:00+00:00, run_after=2024-02-18 00:00:00+00:00
[2024-02-18T13:24:54.595+0000] {processor.py:183} INFO - Processing /home/airflow/.local/lib/python3.8/site-packages/airflow/example_dags/example_branch_operator.py took 0.188 seconds
[2024-02-18T13:25:24.890+0000] {processor.py:161} INFO - Started process (PID=616) to work on /home/airflow/.local/lib/python3.8/site-packages/airflow/example_dags/example_branch_operator.py
[2024-02-18T13:25:24.892+0000] {processor.py:830} INFO - Processing file /home/airflow/.local/lib/python3.8/site-packages/airflow/example_dags/example_branch_operator.py for tasks to queue
[2024-02-18T13:25:24.896+0000] {logging_mixin.py:188} INFO - [2024-02-18T13:25:24.895+0000] {dagbag.py:538} INFO - Filling up the DagBag from /home/airflow/.local/lib/python3.8/site-packages/airflow/example_dags/example_branch_operator.py
[2024-02-18T13:25:24.931+0000] {processor.py:840} INFO - DAG(s) 'example_branch_operator' retrieved from /home/airflow/.local/lib/python3.8/site-packages/airflow/example_dags/example_branch_operator.py
[2024-02-18T13:25:24.990+0000] {logging_mixin.py:188} INFO - [2024-02-18T13:25:24.989+0000] {dag.py:3036} INFO - Sync 1 DAGs
[2024-02-18T13:25:25.041+0000] {logging_mixin.py:188} INFO - [2024-02-18T13:25:25.040+0000] {dag.py:3823} INFO - Setting next_dagrun for example_branch_operator to 2024-02-17 00:00:00+00:00, run_after=2024-02-18 00:00:00+00:00
[2024-02-18T13:25:25.082+0000] {processor.py:183} INFO - Processing /home/airflow/.local/lib/python3.8/site-packages/airflow/example_dags/example_branch_operator.py took 0.198 seconds
[2024-02-18T13:25:55.170+0000] {processor.py:161} INFO - Started process (PID=671) to work on /home/airflow/.local/lib/python3.8/site-packages/airflow/example_dags/example_branch_operator.py
[2024-02-18T13:25:55.173+0000] {processor.py:830} INFO - Processing file /home/airflow/.local/lib/python3.8/site-packages/airflow/example_dags/example_branch_operator.py for tasks to queue
[2024-02-18T13:25:55.179+0000] {logging_mixin.py:188} INFO - [2024-02-18T13:25:55.178+0000] {dagbag.py:538} INFO - Filling up the DagBag from /home/airflow/.local/lib/python3.8/site-packages/airflow/example_dags/example_branch_operator.py
[2024-02-18T13:25:55.253+0000] {processor.py:840} INFO - DAG(s) 'example_branch_operator' retrieved from /home/airflow/.local/lib/python3.8/site-packages/airflow/example_dags/example_branch_operator.py
[2024-02-18T13:25:55.372+0000] {logging_mixin.py:188} INFO - [2024-02-18T13:25:55.371+0000] {dag.py:3036} INFO - Sync 1 DAGs
[2024-02-18T13:25:55.435+0000] {logging_mixin.py:188} INFO - [2024-02-18T13:25:55.435+0000] {dag.py:3823} INFO - Setting next_dagrun for example_branch_operator to 2024-02-17 00:00:00+00:00, run_after=2024-02-18 00:00:00+00:00
[2024-02-18T13:25:55.479+0000] {processor.py:183} INFO - Processing /home/airflow/.local/lib/python3.8/site-packages/airflow/example_dags/example_branch_operator.py took 0.341 seconds
[2024-02-18T13:26:25.560+0000] {processor.py:161} INFO - Started process (PID=726) to work on /home/airflow/.local/lib/python3.8/site-packages/airflow/example_dags/example_branch_operator.py
[2024-02-18T13:26:25.561+0000] {processor.py:830} INFO - Processing file /home/airflow/.local/lib/python3.8/site-packages/airflow/example_dags/example_branch_operator.py for tasks to queue
[2024-02-18T13:26:25.564+0000] {logging_mixin.py:188} INFO - [2024-02-18T13:26:25.564+0000] {dagbag.py:538} INFO - Filling up the DagBag from /home/airflow/.local/lib/python3.8/site-packages/airflow/example_dags/example_branch_operator.py
[2024-02-18T13:26:25.589+0000] {processor.py:840} INFO - DAG(s) 'example_branch_operator' retrieved from /home/airflow/.local/lib/python3.8/site-packages/airflow/example_dags/example_branch_operator.py
[2024-02-18T13:26:25.637+0000] {logging_mixin.py:188} INFO - [2024-02-18T13:26:25.636+0000] {dag.py:3036} INFO - Sync 1 DAGs
[2024-02-18T13:26:25.680+0000] {logging_mixin.py:188} INFO - [2024-02-18T13:26:25.679+0000] {dag.py:3823} INFO - Setting next_dagrun for example_branch_operator to 2024-02-17 00:00:00+00:00, run_after=2024-02-18 00:00:00+00:00
[2024-02-18T13:26:25.713+0000] {processor.py:183} INFO - Processing /home/airflow/.local/lib/python3.8/site-packages/airflow/example_dags/example_branch_operator.py took 0.158 seconds
[2024-02-18T13:26:56.237+0000] {processor.py:161} INFO - Started process (PID=781) to work on /home/airflow/.local/lib/python3.8/site-packages/airflow/example_dags/example_branch_operator.py
[2024-02-18T13:26:56.238+0000] {processor.py:830} INFO - Processing file /home/airflow/.local/lib/python3.8/site-packages/airflow/example_dags/example_branch_operator.py for tasks to queue
[2024-02-18T13:26:56.244+0000] {logging_mixin.py:188} INFO - [2024-02-18T13:26:56.243+0000] {dagbag.py:538} INFO - Filling up the DagBag from /home/airflow/.local/lib/python3.8/site-packages/airflow/example_dags/example_branch_operator.py
[2024-02-18T13:26:56.296+0000] {processor.py:840} INFO - DAG(s) 'example_branch_operator' retrieved from /home/airflow/.local/lib/python3.8/site-packages/airflow/example_dags/example_branch_operator.py
[2024-02-18T13:26:56.353+0000] {logging_mixin.py:188} INFO - [2024-02-18T13:26:56.353+0000] {dag.py:3036} INFO - Sync 1 DAGs
[2024-02-18T13:26:56.390+0000] {logging_mixin.py:188} INFO - [2024-02-18T13:26:56.390+0000] {dag.py:3823} INFO - Setting next_dagrun for example_branch_operator to 2024-02-17 00:00:00+00:00, run_after=2024-02-18 00:00:00+00:00
[2024-02-18T13:26:56.416+0000] {processor.py:183} INFO - Processing /home/airflow/.local/lib/python3.8/site-packages/airflow/example_dags/example_branch_operator.py took 0.183 seconds
[2024-02-18T13:27:26.612+0000] {processor.py:161} INFO - Started process (PID=836) to work on /home/airflow/.local/lib/python3.8/site-packages/airflow/example_dags/example_branch_operator.py
[2024-02-18T13:27:26.618+0000] {processor.py:830} INFO - Processing file /home/airflow/.local/lib/python3.8/site-packages/airflow/example_dags/example_branch_operator.py for tasks to queue
[2024-02-18T13:27:26.629+0000] {logging_mixin.py:188} INFO - [2024-02-18T13:27:26.628+0000] {dagbag.py:538} INFO - Filling up the DagBag from /home/airflow/.local/lib/python3.8/site-packages/airflow/example_dags/example_branch_operator.py
[2024-02-18T13:27:26.679+0000] {processor.py:840} INFO - DAG(s) 'example_branch_operator' retrieved from /home/airflow/.local/lib/python3.8/site-packages/airflow/example_dags/example_branch_operator.py
[2024-02-18T13:27:26.756+0000] {logging_mixin.py:188} INFO - [2024-02-18T13:27:26.755+0000] {dag.py:3036} INFO - Sync 1 DAGs
[2024-02-18T13:27:26.803+0000] {logging_mixin.py:188} INFO - [2024-02-18T13:27:26.802+0000] {dag.py:3823} INFO - Setting next_dagrun for example_branch_operator to 2024-02-17 00:00:00+00:00, run_after=2024-02-18 00:00:00+00:00
[2024-02-18T13:27:26.837+0000] {processor.py:183} INFO - Processing /home/airflow/.local/lib/python3.8/site-packages/airflow/example_dags/example_branch_operator.py took 0.237 seconds
[2024-02-18T13:27:56.914+0000] {processor.py:161} INFO - Started process (PID=891) to work on /home/airflow/.local/lib/python3.8/site-packages/airflow/example_dags/example_branch_operator.py
[2024-02-18T13:27:56.917+0000] {processor.py:830} INFO - Processing file /home/airflow/.local/lib/python3.8/site-packages/airflow/example_dags/example_branch_operator.py for tasks to queue
[2024-02-18T13:27:56.923+0000] {logging_mixin.py:188} INFO - [2024-02-18T13:27:56.922+0000] {dagbag.py:538} INFO - Filling up the DagBag from /home/airflow/.local/lib/python3.8/site-packages/airflow/example_dags/example_branch_operator.py
[2024-02-18T13:27:56.977+0000] {processor.py:840} INFO - DAG(s) 'example_branch_operator' retrieved from /home/airflow/.local/lib/python3.8/site-packages/airflow/example_dags/example_branch_operator.py
[2024-02-18T13:27:57.027+0000] {logging_mixin.py:188} INFO - [2024-02-18T13:27:57.027+0000] {dag.py:3036} INFO - Sync 1 DAGs
[2024-02-18T13:27:57.071+0000] {logging_mixin.py:188} INFO - [2024-02-18T13:27:57.070+0000] {dag.py:3823} INFO - Setting next_dagrun for example_branch_operator to 2024-02-17 00:00:00+00:00, run_after=2024-02-18 00:00:00+00:00
[2024-02-18T13:27:57.111+0000] {processor.py:183} INFO - Processing /home/airflow/.local/lib/python3.8/site-packages/airflow/example_dags/example_branch_operator.py took 0.207 seconds
