[2024-02-18T13:20:16.031+0000] {processor.py:161} INFO - Started process (PID=48) to work on /home/airflow/.local/lib/python3.8/site-packages/airflow/example_dags/example_branch_python_dop_operator_3.py
[2024-02-18T13:20:16.033+0000] {processor.py:830} INFO - Processing file /home/airflow/.local/lib/python3.8/site-packages/airflow/example_dags/example_branch_python_dop_operator_3.py for tasks to queue
[2024-02-18T13:20:16.036+0000] {logging_mixin.py:188} INFO - [2024-02-18T13:20:16.035+0000] {dagbag.py:538} INFO - Filling up the DagBag from /home/airflow/.local/lib/python3.8/site-packages/airflow/example_dags/example_branch_python_dop_operator_3.py
[2024-02-18T13:20:16.052+0000] {processor.py:840} INFO - DAG(s) 'example_branch_dop_operator_v3' retrieved from /home/airflow/.local/lib/python3.8/site-packages/airflow/example_dags/example_branch_python_dop_operator_3.py
[2024-02-18T13:20:16.123+0000] {logging_mixin.py:188} INFO - [2024-02-18T13:20:16.122+0000] {dag.py:3036} INFO - Sync 1 DAGs
[2024-02-18T13:20:16.200+0000] {logging_mixin.py:188} INFO - [2024-02-18T13:20:16.200+0000] {dag.py:3823} INFO - Setting next_dagrun for example_branch_dop_operator_v3 to 2024-02-18 13:19:00+00:00, run_after=2024-02-18 13:20:00+00:00
[2024-02-18T13:20:16.246+0000] {processor.py:183} INFO - Processing /home/airflow/.local/lib/python3.8/site-packages/airflow/example_dags/example_branch_python_dop_operator_3.py took 0.220 seconds
[2024-02-18T13:20:46.472+0000] {processor.py:161} INFO - Started process (PID=103) to work on /home/airflow/.local/lib/python3.8/site-packages/airflow/example_dags/example_branch_python_dop_operator_3.py
[2024-02-18T13:20:46.474+0000] {processor.py:830} INFO - Processing file /home/airflow/.local/lib/python3.8/site-packages/airflow/example_dags/example_branch_python_dop_operator_3.py for tasks to queue
[2024-02-18T13:20:46.478+0000] {logging_mixin.py:188} INFO - [2024-02-18T13:20:46.477+0000] {dagbag.py:538} INFO - Filling up the DagBag from /home/airflow/.local/lib/python3.8/site-packages/airflow/example_dags/example_branch_python_dop_operator_3.py
[2024-02-18T13:20:46.497+0000] {processor.py:840} INFO - DAG(s) 'example_branch_dop_operator_v3' retrieved from /home/airflow/.local/lib/python3.8/site-packages/airflow/example_dags/example_branch_python_dop_operator_3.py
[2024-02-18T13:20:46.541+0000] {logging_mixin.py:188} INFO - [2024-02-18T13:20:46.540+0000] {dag.py:3036} INFO - Sync 1 DAGs
[2024-02-18T13:20:46.588+0000] {logging_mixin.py:188} INFO - [2024-02-18T13:20:46.588+0000] {dag.py:3823} INFO - Setting next_dagrun for example_branch_dop_operator_v3 to 2024-02-18 13:19:00+00:00, run_after=2024-02-18 13:20:00+00:00
[2024-02-18T13:20:46.630+0000] {processor.py:183} INFO - Processing /home/airflow/.local/lib/python3.8/site-packages/airflow/example_dags/example_branch_python_dop_operator_3.py took 0.165 seconds
[2024-02-18T13:21:17.214+0000] {processor.py:161} INFO - Started process (PID=158) to work on /home/airflow/.local/lib/python3.8/site-packages/airflow/example_dags/example_branch_python_dop_operator_3.py
[2024-02-18T13:21:17.216+0000] {processor.py:830} INFO - Processing file /home/airflow/.local/lib/python3.8/site-packages/airflow/example_dags/example_branch_python_dop_operator_3.py for tasks to queue
[2024-02-18T13:21:17.220+0000] {logging_mixin.py:188} INFO - [2024-02-18T13:21:17.219+0000] {dagbag.py:538} INFO - Filling up the DagBag from /home/airflow/.local/lib/python3.8/site-packages/airflow/example_dags/example_branch_python_dop_operator_3.py
[2024-02-18T13:21:17.233+0000] {processor.py:840} INFO - DAG(s) 'example_branch_dop_operator_v3' retrieved from /home/airflow/.local/lib/python3.8/site-packages/airflow/example_dags/example_branch_python_dop_operator_3.py
[2024-02-18T13:21:17.268+0000] {logging_mixin.py:188} INFO - [2024-02-18T13:21:17.267+0000] {dag.py:3036} INFO - Sync 1 DAGs
[2024-02-18T13:21:17.310+0000] {logging_mixin.py:188} INFO - [2024-02-18T13:21:17.310+0000] {dag.py:3823} INFO - Setting next_dagrun for example_branch_dop_operator_v3 to 2024-02-18 13:20:00+00:00, run_after=2024-02-18 13:21:00+00:00
[2024-02-18T13:21:17.345+0000] {processor.py:183} INFO - Processing /home/airflow/.local/lib/python3.8/site-packages/airflow/example_dags/example_branch_python_dop_operator_3.py took 0.136 seconds
[2024-02-18T13:21:47.673+0000] {processor.py:161} INFO - Started process (PID=213) to work on /home/airflow/.local/lib/python3.8/site-packages/airflow/example_dags/example_branch_python_dop_operator_3.py
[2024-02-18T13:21:47.675+0000] {processor.py:830} INFO - Processing file /home/airflow/.local/lib/python3.8/site-packages/airflow/example_dags/example_branch_python_dop_operator_3.py for tasks to queue
[2024-02-18T13:21:47.678+0000] {logging_mixin.py:188} INFO - [2024-02-18T13:21:47.677+0000] {dagbag.py:538} INFO - Filling up the DagBag from /home/airflow/.local/lib/python3.8/site-packages/airflow/example_dags/example_branch_python_dop_operator_3.py
[2024-02-18T13:21:47.692+0000] {processor.py:840} INFO - DAG(s) 'example_branch_dop_operator_v3' retrieved from /home/airflow/.local/lib/python3.8/site-packages/airflow/example_dags/example_branch_python_dop_operator_3.py
[2024-02-18T13:21:47.745+0000] {logging_mixin.py:188} INFO - [2024-02-18T13:21:47.744+0000] {dag.py:3036} INFO - Sync 1 DAGs
[2024-02-18T13:21:47.802+0000] {logging_mixin.py:188} INFO - [2024-02-18T13:21:47.801+0000] {dag.py:3823} INFO - Setting next_dagrun for example_branch_dop_operator_v3 to 2024-02-18 13:20:00+00:00, run_after=2024-02-18 13:21:00+00:00
[2024-02-18T13:21:47.845+0000] {processor.py:183} INFO - Processing /home/airflow/.local/lib/python3.8/site-packages/airflow/example_dags/example_branch_python_dop_operator_3.py took 0.176 seconds
[2024-02-18T13:22:18.387+0000] {processor.py:161} INFO - Started process (PID=268) to work on /home/airflow/.local/lib/python3.8/site-packages/airflow/example_dags/example_branch_python_dop_operator_3.py
[2024-02-18T13:22:18.389+0000] {processor.py:830} INFO - Processing file /home/airflow/.local/lib/python3.8/site-packages/airflow/example_dags/example_branch_python_dop_operator_3.py for tasks to queue
[2024-02-18T13:22:18.392+0000] {logging_mixin.py:188} INFO - [2024-02-18T13:22:18.391+0000] {dagbag.py:538} INFO - Filling up the DagBag from /home/airflow/.local/lib/python3.8/site-packages/airflow/example_dags/example_branch_python_dop_operator_3.py
[2024-02-18T13:22:18.407+0000] {processor.py:840} INFO - DAG(s) 'example_branch_dop_operator_v3' retrieved from /home/airflow/.local/lib/python3.8/site-packages/airflow/example_dags/example_branch_python_dop_operator_3.py
[2024-02-18T13:22:18.446+0000] {logging_mixin.py:188} INFO - [2024-02-18T13:22:18.446+0000] {dag.py:3036} INFO - Sync 1 DAGs
[2024-02-18T13:22:18.494+0000] {logging_mixin.py:188} INFO - [2024-02-18T13:22:18.493+0000] {dag.py:3823} INFO - Setting next_dagrun for example_branch_dop_operator_v3 to 2024-02-18 13:21:00+00:00, run_after=2024-02-18 13:22:00+00:00
[2024-02-18T13:22:18.535+0000] {processor.py:183} INFO - Processing /home/airflow/.local/lib/python3.8/site-packages/airflow/example_dags/example_branch_python_dop_operator_3.py took 0.152 seconds
[2024-02-18T13:22:49.081+0000] {processor.py:161} INFO - Started process (PID=323) to work on /home/airflow/.local/lib/python3.8/site-packages/airflow/example_dags/example_branch_python_dop_operator_3.py
[2024-02-18T13:22:49.083+0000] {processor.py:830} INFO - Processing file /home/airflow/.local/lib/python3.8/site-packages/airflow/example_dags/example_branch_python_dop_operator_3.py for tasks to queue
[2024-02-18T13:22:49.089+0000] {logging_mixin.py:188} INFO - [2024-02-18T13:22:49.087+0000] {dagbag.py:538} INFO - Filling up the DagBag from /home/airflow/.local/lib/python3.8/site-packages/airflow/example_dags/example_branch_python_dop_operator_3.py
[2024-02-18T13:22:49.112+0000] {processor.py:840} INFO - DAG(s) 'example_branch_dop_operator_v3' retrieved from /home/airflow/.local/lib/python3.8/site-packages/airflow/example_dags/example_branch_python_dop_operator_3.py
[2024-02-18T13:22:49.160+0000] {logging_mixin.py:188} INFO - [2024-02-18T13:22:49.160+0000] {dag.py:3036} INFO - Sync 1 DAGs
[2024-02-18T13:22:49.212+0000] {logging_mixin.py:188} INFO - [2024-02-18T13:22:49.211+0000] {dag.py:3823} INFO - Setting next_dagrun for example_branch_dop_operator_v3 to 2024-02-18 13:21:00+00:00, run_after=2024-02-18 13:22:00+00:00
[2024-02-18T13:22:49.246+0000] {processor.py:183} INFO - Processing /home/airflow/.local/lib/python3.8/site-packages/airflow/example_dags/example_branch_python_dop_operator_3.py took 0.171 seconds
[2024-02-18T13:23:19.496+0000] {processor.py:161} INFO - Started process (PID=378) to work on /home/airflow/.local/lib/python3.8/site-packages/airflow/example_dags/example_branch_python_dop_operator_3.py
[2024-02-18T13:23:19.498+0000] {processor.py:830} INFO - Processing file /home/airflow/.local/lib/python3.8/site-packages/airflow/example_dags/example_branch_python_dop_operator_3.py for tasks to queue
[2024-02-18T13:23:19.502+0000] {logging_mixin.py:188} INFO - [2024-02-18T13:23:19.501+0000] {dagbag.py:538} INFO - Filling up the DagBag from /home/airflow/.local/lib/python3.8/site-packages/airflow/example_dags/example_branch_python_dop_operator_3.py
[2024-02-18T13:23:19.519+0000] {processor.py:840} INFO - DAG(s) 'example_branch_dop_operator_v3' retrieved from /home/airflow/.local/lib/python3.8/site-packages/airflow/example_dags/example_branch_python_dop_operator_3.py
[2024-02-18T13:23:19.561+0000] {logging_mixin.py:188} INFO - [2024-02-18T13:23:19.561+0000] {dag.py:3036} INFO - Sync 1 DAGs
[2024-02-18T13:23:19.617+0000] {logging_mixin.py:188} INFO - [2024-02-18T13:23:19.616+0000] {dag.py:3823} INFO - Setting next_dagrun for example_branch_dop_operator_v3 to 2024-02-18 13:22:00+00:00, run_after=2024-02-18 13:23:00+00:00
[2024-02-18T13:23:19.659+0000] {processor.py:183} INFO - Processing /home/airflow/.local/lib/python3.8/site-packages/airflow/example_dags/example_branch_python_dop_operator_3.py took 0.169 seconds
[2024-02-18T13:23:49.847+0000] {processor.py:161} INFO - Started process (PID=433) to work on /home/airflow/.local/lib/python3.8/site-packages/airflow/example_dags/example_branch_python_dop_operator_3.py
[2024-02-18T13:23:49.850+0000] {processor.py:830} INFO - Processing file /home/airflow/.local/lib/python3.8/site-packages/airflow/example_dags/example_branch_python_dop_operator_3.py for tasks to queue
[2024-02-18T13:23:49.855+0000] {logging_mixin.py:188} INFO - [2024-02-18T13:23:49.854+0000] {dagbag.py:538} INFO - Filling up the DagBag from /home/airflow/.local/lib/python3.8/site-packages/airflow/example_dags/example_branch_python_dop_operator_3.py
[2024-02-18T13:23:49.875+0000] {processor.py:840} INFO - DAG(s) 'example_branch_dop_operator_v3' retrieved from /home/airflow/.local/lib/python3.8/site-packages/airflow/example_dags/example_branch_python_dop_operator_3.py
[2024-02-18T13:23:49.914+0000] {logging_mixin.py:188} INFO - [2024-02-18T13:23:49.914+0000] {dag.py:3036} INFO - Sync 1 DAGs
[2024-02-18T13:23:49.967+0000] {logging_mixin.py:188} INFO - [2024-02-18T13:23:49.966+0000] {dag.py:3823} INFO - Setting next_dagrun for example_branch_dop_operator_v3 to 2024-02-18 13:22:00+00:00, run_after=2024-02-18 13:23:00+00:00
[2024-02-18T13:23:49.999+0000] {processor.py:183} INFO - Processing /home/airflow/.local/lib/python3.8/site-packages/airflow/example_dags/example_branch_python_dop_operator_3.py took 0.158 seconds
[2024-02-18T13:24:20.180+0000] {processor.py:161} INFO - Started process (PID=488) to work on /home/airflow/.local/lib/python3.8/site-packages/airflow/example_dags/example_branch_python_dop_operator_3.py
[2024-02-18T13:24:20.182+0000] {processor.py:830} INFO - Processing file /home/airflow/.local/lib/python3.8/site-packages/airflow/example_dags/example_branch_python_dop_operator_3.py for tasks to queue
[2024-02-18T13:24:20.185+0000] {logging_mixin.py:188} INFO - [2024-02-18T13:24:20.184+0000] {dagbag.py:538} INFO - Filling up the DagBag from /home/airflow/.local/lib/python3.8/site-packages/airflow/example_dags/example_branch_python_dop_operator_3.py
[2024-02-18T13:24:20.201+0000] {processor.py:840} INFO - DAG(s) 'example_branch_dop_operator_v3' retrieved from /home/airflow/.local/lib/python3.8/site-packages/airflow/example_dags/example_branch_python_dop_operator_3.py
[2024-02-18T13:24:20.236+0000] {logging_mixin.py:188} INFO - [2024-02-18T13:24:20.236+0000] {dag.py:3036} INFO - Sync 1 DAGs
[2024-02-18T13:24:20.277+0000] {logging_mixin.py:188} INFO - [2024-02-18T13:24:20.277+0000] {dag.py:3823} INFO - Setting next_dagrun for example_branch_dop_operator_v3 to 2024-02-18 13:23:00+00:00, run_after=2024-02-18 13:24:00+00:00
[2024-02-18T13:24:20.312+0000] {processor.py:183} INFO - Processing /home/airflow/.local/lib/python3.8/site-packages/airflow/example_dags/example_branch_python_dop_operator_3.py took 0.136 seconds
[2024-02-18T13:24:50.497+0000] {processor.py:161} INFO - Started process (PID=543) to work on /home/airflow/.local/lib/python3.8/site-packages/airflow/example_dags/example_branch_python_dop_operator_3.py
[2024-02-18T13:24:50.501+0000] {processor.py:830} INFO - Processing file /home/airflow/.local/lib/python3.8/site-packages/airflow/example_dags/example_branch_python_dop_operator_3.py for tasks to queue
[2024-02-18T13:24:50.505+0000] {logging_mixin.py:188} INFO - [2024-02-18T13:24:50.504+0000] {dagbag.py:538} INFO - Filling up the DagBag from /home/airflow/.local/lib/python3.8/site-packages/airflow/example_dags/example_branch_python_dop_operator_3.py
[2024-02-18T13:24:50.524+0000] {processor.py:840} INFO - DAG(s) 'example_branch_dop_operator_v3' retrieved from /home/airflow/.local/lib/python3.8/site-packages/airflow/example_dags/example_branch_python_dop_operator_3.py
[2024-02-18T13:24:50.561+0000] {logging_mixin.py:188} INFO - [2024-02-18T13:24:50.560+0000] {dag.py:3036} INFO - Sync 1 DAGs
[2024-02-18T13:24:50.608+0000] {logging_mixin.py:188} INFO - [2024-02-18T13:24:50.608+0000] {dag.py:3823} INFO - Setting next_dagrun for example_branch_dop_operator_v3 to 2024-02-18 13:23:00+00:00, run_after=2024-02-18 13:24:00+00:00
[2024-02-18T13:24:50.646+0000] {processor.py:183} INFO - Processing /home/airflow/.local/lib/python3.8/site-packages/airflow/example_dags/example_branch_python_dop_operator_3.py took 0.155 seconds
[2024-02-18T13:25:20.735+0000] {processor.py:161} INFO - Started process (PID=597) to work on /home/airflow/.local/lib/python3.8/site-packages/airflow/example_dags/example_branch_python_dop_operator_3.py
[2024-02-18T13:25:20.737+0000] {processor.py:830} INFO - Processing file /home/airflow/.local/lib/python3.8/site-packages/airflow/example_dags/example_branch_python_dop_operator_3.py for tasks to queue
[2024-02-18T13:25:20.740+0000] {logging_mixin.py:188} INFO - [2024-02-18T13:25:20.739+0000] {dagbag.py:538} INFO - Filling up the DagBag from /home/airflow/.local/lib/python3.8/site-packages/airflow/example_dags/example_branch_python_dop_operator_3.py
[2024-02-18T13:25:20.755+0000] {processor.py:840} INFO - DAG(s) 'example_branch_dop_operator_v3' retrieved from /home/airflow/.local/lib/python3.8/site-packages/airflow/example_dags/example_branch_python_dop_operator_3.py
[2024-02-18T13:25:20.791+0000] {logging_mixin.py:188} INFO - [2024-02-18T13:25:20.791+0000] {dag.py:3036} INFO - Sync 1 DAGs
[2024-02-18T13:25:20.834+0000] {logging_mixin.py:188} INFO - [2024-02-18T13:25:20.834+0000] {dag.py:3823} INFO - Setting next_dagrun for example_branch_dop_operator_v3 to 2024-02-18 13:24:00+00:00, run_after=2024-02-18 13:25:00+00:00
[2024-02-18T13:25:20.871+0000] {processor.py:183} INFO - Processing /home/airflow/.local/lib/python3.8/site-packages/airflow/example_dags/example_branch_python_dop_operator_3.py took 0.140 seconds
[2024-02-18T13:25:51.040+0000] {processor.py:161} INFO - Started process (PID=652) to work on /home/airflow/.local/lib/python3.8/site-packages/airflow/example_dags/example_branch_python_dop_operator_3.py
[2024-02-18T13:25:51.042+0000] {processor.py:830} INFO - Processing file /home/airflow/.local/lib/python3.8/site-packages/airflow/example_dags/example_branch_python_dop_operator_3.py for tasks to queue
[2024-02-18T13:25:51.046+0000] {logging_mixin.py:188} INFO - [2024-02-18T13:25:51.045+0000] {dagbag.py:538} INFO - Filling up the DagBag from /home/airflow/.local/lib/python3.8/site-packages/airflow/example_dags/example_branch_python_dop_operator_3.py
[2024-02-18T13:25:51.062+0000] {processor.py:840} INFO - DAG(s) 'example_branch_dop_operator_v3' retrieved from /home/airflow/.local/lib/python3.8/site-packages/airflow/example_dags/example_branch_python_dop_operator_3.py
[2024-02-18T13:25:51.099+0000] {logging_mixin.py:188} INFO - [2024-02-18T13:25:51.099+0000] {dag.py:3036} INFO - Sync 1 DAGs
[2024-02-18T13:25:51.143+0000] {logging_mixin.py:188} INFO - [2024-02-18T13:25:51.142+0000] {dag.py:3823} INFO - Setting next_dagrun for example_branch_dop_operator_v3 to 2024-02-18 13:24:00+00:00, run_after=2024-02-18 13:25:00+00:00
[2024-02-18T13:25:51.179+0000] {processor.py:183} INFO - Processing /home/airflow/.local/lib/python3.8/site-packages/airflow/example_dags/example_branch_python_dop_operator_3.py took 0.145 seconds
[2024-02-18T13:26:21.413+0000] {processor.py:161} INFO - Started process (PID=707) to work on /home/airflow/.local/lib/python3.8/site-packages/airflow/example_dags/example_branch_python_dop_operator_3.py
[2024-02-18T13:26:21.414+0000] {processor.py:830} INFO - Processing file /home/airflow/.local/lib/python3.8/site-packages/airflow/example_dags/example_branch_python_dop_operator_3.py for tasks to queue
[2024-02-18T13:26:21.417+0000] {logging_mixin.py:188} INFO - [2024-02-18T13:26:21.416+0000] {dagbag.py:538} INFO - Filling up the DagBag from /home/airflow/.local/lib/python3.8/site-packages/airflow/example_dags/example_branch_python_dop_operator_3.py
[2024-02-18T13:26:21.432+0000] {processor.py:840} INFO - DAG(s) 'example_branch_dop_operator_v3' retrieved from /home/airflow/.local/lib/python3.8/site-packages/airflow/example_dags/example_branch_python_dop_operator_3.py
[2024-02-18T13:26:21.467+0000] {logging_mixin.py:188} INFO - [2024-02-18T13:26:21.466+0000] {dag.py:3036} INFO - Sync 1 DAGs
[2024-02-18T13:26:21.514+0000] {logging_mixin.py:188} INFO - [2024-02-18T13:26:21.513+0000] {dag.py:3823} INFO - Setting next_dagrun for example_branch_dop_operator_v3 to 2024-02-18 13:25:00+00:00, run_after=2024-02-18 13:26:00+00:00
[2024-02-18T13:26:21.547+0000] {processor.py:183} INFO - Processing /home/airflow/.local/lib/python3.8/site-packages/airflow/example_dags/example_branch_python_dop_operator_3.py took 0.139 seconds
[2024-02-18T13:26:52.153+0000] {processor.py:161} INFO - Started process (PID=762) to work on /home/airflow/.local/lib/python3.8/site-packages/airflow/example_dags/example_branch_python_dop_operator_3.py
[2024-02-18T13:26:52.155+0000] {processor.py:830} INFO - Processing file /home/airflow/.local/lib/python3.8/site-packages/airflow/example_dags/example_branch_python_dop_operator_3.py for tasks to queue
[2024-02-18T13:26:52.159+0000] {logging_mixin.py:188} INFO - [2024-02-18T13:26:52.158+0000] {dagbag.py:538} INFO - Filling up the DagBag from /home/airflow/.local/lib/python3.8/site-packages/airflow/example_dags/example_branch_python_dop_operator_3.py
[2024-02-18T13:26:52.173+0000] {processor.py:840} INFO - DAG(s) 'example_branch_dop_operator_v3' retrieved from /home/airflow/.local/lib/python3.8/site-packages/airflow/example_dags/example_branch_python_dop_operator_3.py
[2024-02-18T13:26:52.208+0000] {logging_mixin.py:188} INFO - [2024-02-18T13:26:52.207+0000] {dag.py:3036} INFO - Sync 1 DAGs
[2024-02-18T13:26:52.252+0000] {logging_mixin.py:188} INFO - [2024-02-18T13:26:52.251+0000] {dag.py:3823} INFO - Setting next_dagrun for example_branch_dop_operator_v3 to 2024-02-18 13:25:00+00:00, run_after=2024-02-18 13:26:00+00:00
[2024-02-18T13:26:52.283+0000] {processor.py:183} INFO - Processing /home/airflow/.local/lib/python3.8/site-packages/airflow/example_dags/example_branch_python_dop_operator_3.py took 0.134 seconds
[2024-02-18T13:27:22.556+0000] {processor.py:161} INFO - Started process (PID=817) to work on /home/airflow/.local/lib/python3.8/site-packages/airflow/example_dags/example_branch_python_dop_operator_3.py
[2024-02-18T13:27:22.558+0000] {processor.py:830} INFO - Processing file /home/airflow/.local/lib/python3.8/site-packages/airflow/example_dags/example_branch_python_dop_operator_3.py for tasks to queue
[2024-02-18T13:27:22.561+0000] {logging_mixin.py:188} INFO - [2024-02-18T13:27:22.560+0000] {dagbag.py:538} INFO - Filling up the DagBag from /home/airflow/.local/lib/python3.8/site-packages/airflow/example_dags/example_branch_python_dop_operator_3.py
[2024-02-18T13:27:22.573+0000] {processor.py:840} INFO - DAG(s) 'example_branch_dop_operator_v3' retrieved from /home/airflow/.local/lib/python3.8/site-packages/airflow/example_dags/example_branch_python_dop_operator_3.py
[2024-02-18T13:27:22.602+0000] {logging_mixin.py:188} INFO - [2024-02-18T13:27:22.601+0000] {dag.py:3036} INFO - Sync 1 DAGs
[2024-02-18T13:27:22.647+0000] {logging_mixin.py:188} INFO - [2024-02-18T13:27:22.647+0000] {dag.py:3823} INFO - Setting next_dagrun for example_branch_dop_operator_v3 to 2024-02-18 13:26:00+00:00, run_after=2024-02-18 13:27:00+00:00
[2024-02-18T13:27:22.675+0000] {processor.py:183} INFO - Processing /home/airflow/.local/lib/python3.8/site-packages/airflow/example_dags/example_branch_python_dop_operator_3.py took 0.123 seconds
[2024-02-18T13:27:53.013+0000] {processor.py:161} INFO - Started process (PID=872) to work on /home/airflow/.local/lib/python3.8/site-packages/airflow/example_dags/example_branch_python_dop_operator_3.py
[2024-02-18T13:27:53.015+0000] {processor.py:830} INFO - Processing file /home/airflow/.local/lib/python3.8/site-packages/airflow/example_dags/example_branch_python_dop_operator_3.py for tasks to queue
[2024-02-18T13:27:53.019+0000] {logging_mixin.py:188} INFO - [2024-02-18T13:27:53.018+0000] {dagbag.py:538} INFO - Filling up the DagBag from /home/airflow/.local/lib/python3.8/site-packages/airflow/example_dags/example_branch_python_dop_operator_3.py
[2024-02-18T13:27:53.035+0000] {processor.py:840} INFO - DAG(s) 'example_branch_dop_operator_v3' retrieved from /home/airflow/.local/lib/python3.8/site-packages/airflow/example_dags/example_branch_python_dop_operator_3.py
[2024-02-18T13:27:53.076+0000] {logging_mixin.py:188} INFO - [2024-02-18T13:27:53.076+0000] {dag.py:3036} INFO - Sync 1 DAGs
[2024-02-18T13:27:53.122+0000] {logging_mixin.py:188} INFO - [2024-02-18T13:27:53.122+0000] {dag.py:3823} INFO - Setting next_dagrun for example_branch_dop_operator_v3 to 2024-02-18 13:26:00+00:00, run_after=2024-02-18 13:27:00+00:00
[2024-02-18T13:27:53.158+0000] {processor.py:183} INFO - Processing /home/airflow/.local/lib/python3.8/site-packages/airflow/example_dags/example_branch_python_dop_operator_3.py took 0.150 seconds
