[2024-02-18T13:20:14.634+0000] {processor.py:161} INFO - Started process (PID=41) to work on /home/airflow/.local/lib/python3.8/site-packages/airflow/example_dags/example_python_operator.py
[2024-02-18T13:20:14.637+0000] {processor.py:830} INFO - Processing file /home/airflow/.local/lib/python3.8/site-packages/airflow/example_dags/example_python_operator.py for tasks to queue
[2024-02-18T13:20:14.642+0000] {logging_mixin.py:188} INFO - [2024-02-18T13:20:14.642+0000] {dagbag.py:538} INFO - Filling up the DagBag from /home/airflow/.local/lib/python3.8/site-packages/airflow/example_dags/example_python_operator.py
[2024-02-18T13:20:14.683+0000] {processor.py:840} INFO - DAG(s) 'example_python_operator' retrieved from /home/airflow/.local/lib/python3.8/site-packages/airflow/example_dags/example_python_operator.py
[2024-02-18T13:20:14.948+0000] {logging_mixin.py:188} INFO - [2024-02-18T13:20:14.947+0000] {dag.py:3036} INFO - Sync 1 DAGs
[2024-02-18T13:20:14.976+0000] {logging_mixin.py:188} INFO - [2024-02-18T13:20:14.975+0000] {dag.py:3823} INFO - Setting next_dagrun for example_python_operator to None, run_after=None
[2024-02-18T13:20:15.027+0000] {processor.py:183} INFO - Processing /home/airflow/.local/lib/python3.8/site-packages/airflow/example_dags/example_python_operator.py took 0.404 seconds
[2024-02-18T13:20:45.655+0000] {processor.py:161} INFO - Started process (PID=96) to work on /home/airflow/.local/lib/python3.8/site-packages/airflow/example_dags/example_python_operator.py
[2024-02-18T13:20:45.657+0000] {processor.py:830} INFO - Processing file /home/airflow/.local/lib/python3.8/site-packages/airflow/example_dags/example_python_operator.py for tasks to queue
[2024-02-18T13:20:45.661+0000] {logging_mixin.py:188} INFO - [2024-02-18T13:20:45.660+0000] {dagbag.py:538} INFO - Filling up the DagBag from /home/airflow/.local/lib/python3.8/site-packages/airflow/example_dags/example_python_operator.py
[2024-02-18T13:20:45.680+0000] {processor.py:840} INFO - DAG(s) 'example_python_operator' retrieved from /home/airflow/.local/lib/python3.8/site-packages/airflow/example_dags/example_python_operator.py
[2024-02-18T13:20:45.718+0000] {logging_mixin.py:188} INFO - [2024-02-18T13:20:45.718+0000] {dag.py:3036} INFO - Sync 1 DAGs
[2024-02-18T13:20:45.741+0000] {logging_mixin.py:188} INFO - [2024-02-18T13:20:45.741+0000] {dag.py:3823} INFO - Setting next_dagrun for example_python_operator to None, run_after=None
[2024-02-18T13:20:45.776+0000] {processor.py:183} INFO - Processing /home/airflow/.local/lib/python3.8/site-packages/airflow/example_dags/example_python_operator.py took 0.125 seconds
[2024-02-18T13:21:16.369+0000] {processor.py:161} INFO - Started process (PID=151) to work on /home/airflow/.local/lib/python3.8/site-packages/airflow/example_dags/example_python_operator.py
[2024-02-18T13:21:16.371+0000] {processor.py:830} INFO - Processing file /home/airflow/.local/lib/python3.8/site-packages/airflow/example_dags/example_python_operator.py for tasks to queue
[2024-02-18T13:21:16.375+0000] {logging_mixin.py:188} INFO - [2024-02-18T13:21:16.374+0000] {dagbag.py:538} INFO - Filling up the DagBag from /home/airflow/.local/lib/python3.8/site-packages/airflow/example_dags/example_python_operator.py
[2024-02-18T13:21:16.397+0000] {processor.py:840} INFO - DAG(s) 'example_python_operator' retrieved from /home/airflow/.local/lib/python3.8/site-packages/airflow/example_dags/example_python_operator.py
[2024-02-18T13:21:16.434+0000] {logging_mixin.py:188} INFO - [2024-02-18T13:21:16.434+0000] {dag.py:3036} INFO - Sync 1 DAGs
[2024-02-18T13:21:16.456+0000] {logging_mixin.py:188} INFO - [2024-02-18T13:21:16.455+0000] {dag.py:3823} INFO - Setting next_dagrun for example_python_operator to None, run_after=None
[2024-02-18T13:21:16.493+0000] {processor.py:183} INFO - Processing /home/airflow/.local/lib/python3.8/site-packages/airflow/example_dags/example_python_operator.py took 0.129 seconds
[2024-02-18T13:21:46.937+0000] {processor.py:161} INFO - Started process (PID=206) to work on /home/airflow/.local/lib/python3.8/site-packages/airflow/example_dags/example_python_operator.py
[2024-02-18T13:21:46.939+0000] {processor.py:830} INFO - Processing file /home/airflow/.local/lib/python3.8/site-packages/airflow/example_dags/example_python_operator.py for tasks to queue
[2024-02-18T13:21:46.943+0000] {logging_mixin.py:188} INFO - [2024-02-18T13:21:46.942+0000] {dagbag.py:538} INFO - Filling up the DagBag from /home/airflow/.local/lib/python3.8/site-packages/airflow/example_dags/example_python_operator.py
[2024-02-18T13:21:46.961+0000] {processor.py:840} INFO - DAG(s) 'example_python_operator' retrieved from /home/airflow/.local/lib/python3.8/site-packages/airflow/example_dags/example_python_operator.py
[2024-02-18T13:21:47.003+0000] {logging_mixin.py:188} INFO - [2024-02-18T13:21:47.003+0000] {dag.py:3036} INFO - Sync 1 DAGs
[2024-02-18T13:21:47.025+0000] {logging_mixin.py:188} INFO - [2024-02-18T13:21:47.025+0000] {dag.py:3823} INFO - Setting next_dagrun for example_python_operator to None, run_after=None
[2024-02-18T13:21:47.063+0000] {processor.py:183} INFO - Processing /home/airflow/.local/lib/python3.8/site-packages/airflow/example_dags/example_python_operator.py took 0.131 seconds
[2024-02-18T13:22:17.687+0000] {processor.py:161} INFO - Started process (PID=261) to work on /home/airflow/.local/lib/python3.8/site-packages/airflow/example_dags/example_python_operator.py
[2024-02-18T13:22:17.688+0000] {processor.py:830} INFO - Processing file /home/airflow/.local/lib/python3.8/site-packages/airflow/example_dags/example_python_operator.py for tasks to queue
[2024-02-18T13:22:17.692+0000] {logging_mixin.py:188} INFO - [2024-02-18T13:22:17.692+0000] {dagbag.py:538} INFO - Filling up the DagBag from /home/airflow/.local/lib/python3.8/site-packages/airflow/example_dags/example_python_operator.py
[2024-02-18T13:22:17.710+0000] {processor.py:840} INFO - DAG(s) 'example_python_operator' retrieved from /home/airflow/.local/lib/python3.8/site-packages/airflow/example_dags/example_python_operator.py
[2024-02-18T13:22:17.751+0000] {logging_mixin.py:188} INFO - [2024-02-18T13:22:17.750+0000] {dag.py:3036} INFO - Sync 1 DAGs
[2024-02-18T13:22:17.771+0000] {logging_mixin.py:188} INFO - [2024-02-18T13:22:17.771+0000] {dag.py:3823} INFO - Setting next_dagrun for example_python_operator to None, run_after=None
[2024-02-18T13:22:17.809+0000] {processor.py:183} INFO - Processing /home/airflow/.local/lib/python3.8/site-packages/airflow/example_dags/example_python_operator.py took 0.128 seconds
[2024-02-18T13:22:47.954+0000] {processor.py:161} INFO - Started process (PID=315) to work on /home/airflow/.local/lib/python3.8/site-packages/airflow/example_dags/example_python_operator.py
[2024-02-18T13:22:47.967+0000] {processor.py:830} INFO - Processing file /home/airflow/.local/lib/python3.8/site-packages/airflow/example_dags/example_python_operator.py for tasks to queue
[2024-02-18T13:22:47.978+0000] {logging_mixin.py:188} INFO - [2024-02-18T13:22:47.977+0000] {dagbag.py:538} INFO - Filling up the DagBag from /home/airflow/.local/lib/python3.8/site-packages/airflow/example_dags/example_python_operator.py
[2024-02-18T13:22:48.008+0000] {processor.py:840} INFO - DAG(s) 'example_python_operator' retrieved from /home/airflow/.local/lib/python3.8/site-packages/airflow/example_dags/example_python_operator.py
[2024-02-18T13:22:48.117+0000] {logging_mixin.py:188} INFO - [2024-02-18T13:22:48.117+0000] {dag.py:3036} INFO - Sync 1 DAGs
[2024-02-18T13:22:48.144+0000] {logging_mixin.py:188} INFO - [2024-02-18T13:22:48.144+0000] {dag.py:3823} INFO - Setting next_dagrun for example_python_operator to None, run_after=None
[2024-02-18T13:22:48.185+0000] {processor.py:183} INFO - Processing /home/airflow/.local/lib/python3.8/site-packages/airflow/example_dags/example_python_operator.py took 0.245 seconds
[2024-02-18T13:23:18.439+0000] {processor.py:161} INFO - Started process (PID=370) to work on /home/airflow/.local/lib/python3.8/site-packages/airflow/example_dags/example_python_operator.py
[2024-02-18T13:23:18.441+0000] {processor.py:830} INFO - Processing file /home/airflow/.local/lib/python3.8/site-packages/airflow/example_dags/example_python_operator.py for tasks to queue
[2024-02-18T13:23:18.445+0000] {logging_mixin.py:188} INFO - [2024-02-18T13:23:18.444+0000] {dagbag.py:538} INFO - Filling up the DagBag from /home/airflow/.local/lib/python3.8/site-packages/airflow/example_dags/example_python_operator.py
[2024-02-18T13:23:18.471+0000] {processor.py:840} INFO - DAG(s) 'example_python_operator' retrieved from /home/airflow/.local/lib/python3.8/site-packages/airflow/example_dags/example_python_operator.py
[2024-02-18T13:23:18.526+0000] {logging_mixin.py:188} INFO - [2024-02-18T13:23:18.525+0000] {dag.py:3036} INFO - Sync 1 DAGs
[2024-02-18T13:23:18.553+0000] {logging_mixin.py:188} INFO - [2024-02-18T13:23:18.552+0000] {dag.py:3823} INFO - Setting next_dagrun for example_python_operator to None, run_after=None
[2024-02-18T13:23:18.593+0000] {processor.py:183} INFO - Processing /home/airflow/.local/lib/python3.8/site-packages/airflow/example_dags/example_python_operator.py took 0.163 seconds
[2024-02-18T13:23:48.868+0000] {processor.py:161} INFO - Started process (PID=425) to work on /home/airflow/.local/lib/python3.8/site-packages/airflow/example_dags/example_python_operator.py
[2024-02-18T13:23:48.869+0000] {processor.py:830} INFO - Processing file /home/airflow/.local/lib/python3.8/site-packages/airflow/example_dags/example_python_operator.py for tasks to queue
[2024-02-18T13:23:48.872+0000] {logging_mixin.py:188} INFO - [2024-02-18T13:23:48.871+0000] {dagbag.py:538} INFO - Filling up the DagBag from /home/airflow/.local/lib/python3.8/site-packages/airflow/example_dags/example_python_operator.py
[2024-02-18T13:23:48.886+0000] {processor.py:840} INFO - DAG(s) 'example_python_operator' retrieved from /home/airflow/.local/lib/python3.8/site-packages/airflow/example_dags/example_python_operator.py
[2024-02-18T13:23:48.933+0000] {logging_mixin.py:188} INFO - [2024-02-18T13:23:48.933+0000] {dag.py:3036} INFO - Sync 1 DAGs
[2024-02-18T13:23:48.952+0000] {logging_mixin.py:188} INFO - [2024-02-18T13:23:48.952+0000] {dag.py:3823} INFO - Setting next_dagrun for example_python_operator to None, run_after=None
[2024-02-18T13:23:48.983+0000] {processor.py:183} INFO - Processing /home/airflow/.local/lib/python3.8/site-packages/airflow/example_dags/example_python_operator.py took 0.120 seconds
[2024-02-18T13:24:19.187+0000] {processor.py:161} INFO - Started process (PID=480) to work on /home/airflow/.local/lib/python3.8/site-packages/airflow/example_dags/example_python_operator.py
[2024-02-18T13:24:19.192+0000] {processor.py:830} INFO - Processing file /home/airflow/.local/lib/python3.8/site-packages/airflow/example_dags/example_python_operator.py for tasks to queue
[2024-02-18T13:24:19.196+0000] {logging_mixin.py:188} INFO - [2024-02-18T13:24:19.195+0000] {dagbag.py:538} INFO - Filling up the DagBag from /home/airflow/.local/lib/python3.8/site-packages/airflow/example_dags/example_python_operator.py
[2024-02-18T13:24:19.231+0000] {processor.py:840} INFO - DAG(s) 'example_python_operator' retrieved from /home/airflow/.local/lib/python3.8/site-packages/airflow/example_dags/example_python_operator.py
[2024-02-18T13:24:19.275+0000] {logging_mixin.py:188} INFO - [2024-02-18T13:24:19.274+0000] {dag.py:3036} INFO - Sync 1 DAGs
[2024-02-18T13:24:19.297+0000] {logging_mixin.py:188} INFO - [2024-02-18T13:24:19.297+0000] {dag.py:3823} INFO - Setting next_dagrun for example_python_operator to None, run_after=None
[2024-02-18T13:24:19.343+0000] {processor.py:183} INFO - Processing /home/airflow/.local/lib/python3.8/site-packages/airflow/example_dags/example_python_operator.py took 0.161 seconds
[2024-02-18T13:24:49.439+0000] {processor.py:161} INFO - Started process (PID=535) to work on /home/airflow/.local/lib/python3.8/site-packages/airflow/example_dags/example_python_operator.py
[2024-02-18T13:24:49.441+0000] {processor.py:830} INFO - Processing file /home/airflow/.local/lib/python3.8/site-packages/airflow/example_dags/example_python_operator.py for tasks to queue
[2024-02-18T13:24:49.445+0000] {logging_mixin.py:188} INFO - [2024-02-18T13:24:49.444+0000] {dagbag.py:538} INFO - Filling up the DagBag from /home/airflow/.local/lib/python3.8/site-packages/airflow/example_dags/example_python_operator.py
[2024-02-18T13:24:49.467+0000] {processor.py:840} INFO - DAG(s) 'example_python_operator' retrieved from /home/airflow/.local/lib/python3.8/site-packages/airflow/example_dags/example_python_operator.py
[2024-02-18T13:24:49.511+0000] {logging_mixin.py:188} INFO - [2024-02-18T13:24:49.511+0000] {dag.py:3036} INFO - Sync 1 DAGs
[2024-02-18T13:24:49.533+0000] {logging_mixin.py:188} INFO - [2024-02-18T13:24:49.533+0000] {dag.py:3823} INFO - Setting next_dagrun for example_python_operator to None, run_after=None
[2024-02-18T13:24:49.569+0000] {processor.py:183} INFO - Processing /home/airflow/.local/lib/python3.8/site-packages/airflow/example_dags/example_python_operator.py took 0.136 seconds
[2024-02-18T13:25:20.006+0000] {processor.py:161} INFO - Started process (PID=590) to work on /home/airflow/.local/lib/python3.8/site-packages/airflow/example_dags/example_python_operator.py
[2024-02-18T13:25:20.008+0000] {processor.py:830} INFO - Processing file /home/airflow/.local/lib/python3.8/site-packages/airflow/example_dags/example_python_operator.py for tasks to queue
[2024-02-18T13:25:20.012+0000] {logging_mixin.py:188} INFO - [2024-02-18T13:25:20.011+0000] {dagbag.py:538} INFO - Filling up the DagBag from /home/airflow/.local/lib/python3.8/site-packages/airflow/example_dags/example_python_operator.py
[2024-02-18T13:25:20.030+0000] {processor.py:840} INFO - DAG(s) 'example_python_operator' retrieved from /home/airflow/.local/lib/python3.8/site-packages/airflow/example_dags/example_python_operator.py
[2024-02-18T13:25:20.077+0000] {logging_mixin.py:188} INFO - [2024-02-18T13:25:20.076+0000] {dag.py:3036} INFO - Sync 1 DAGs
[2024-02-18T13:25:20.097+0000] {logging_mixin.py:188} INFO - [2024-02-18T13:25:20.097+0000] {dag.py:3823} INFO - Setting next_dagrun for example_python_operator to None, run_after=None
[2024-02-18T13:25:20.132+0000] {processor.py:183} INFO - Processing /home/airflow/.local/lib/python3.8/site-packages/airflow/example_dags/example_python_operator.py took 0.131 seconds
[2024-02-18T13:25:50.248+0000] {processor.py:161} INFO - Started process (PID=645) to work on /home/airflow/.local/lib/python3.8/site-packages/airflow/example_dags/example_python_operator.py
[2024-02-18T13:25:50.249+0000] {processor.py:830} INFO - Processing file /home/airflow/.local/lib/python3.8/site-packages/airflow/example_dags/example_python_operator.py for tasks to queue
[2024-02-18T13:25:50.253+0000] {logging_mixin.py:188} INFO - [2024-02-18T13:25:50.252+0000] {dagbag.py:538} INFO - Filling up the DagBag from /home/airflow/.local/lib/python3.8/site-packages/airflow/example_dags/example_python_operator.py
[2024-02-18T13:25:50.269+0000] {processor.py:840} INFO - DAG(s) 'example_python_operator' retrieved from /home/airflow/.local/lib/python3.8/site-packages/airflow/example_dags/example_python_operator.py
[2024-02-18T13:25:50.314+0000] {logging_mixin.py:188} INFO - [2024-02-18T13:25:50.313+0000] {dag.py:3036} INFO - Sync 1 DAGs
[2024-02-18T13:25:50.334+0000] {logging_mixin.py:188} INFO - [2024-02-18T13:25:50.334+0000] {dag.py:3823} INFO - Setting next_dagrun for example_python_operator to None, run_after=None
[2024-02-18T13:25:50.370+0000] {processor.py:183} INFO - Processing /home/airflow/.local/lib/python3.8/site-packages/airflow/example_dags/example_python_operator.py took 0.128 seconds
[2024-02-18T13:26:20.703+0000] {processor.py:161} INFO - Started process (PID=700) to work on /home/airflow/.local/lib/python3.8/site-packages/airflow/example_dags/example_python_operator.py
[2024-02-18T13:26:20.709+0000] {processor.py:830} INFO - Processing file /home/airflow/.local/lib/python3.8/site-packages/airflow/example_dags/example_python_operator.py for tasks to queue
[2024-02-18T13:26:20.716+0000] {logging_mixin.py:188} INFO - [2024-02-18T13:26:20.714+0000] {dagbag.py:538} INFO - Filling up the DagBag from /home/airflow/.local/lib/python3.8/site-packages/airflow/example_dags/example_python_operator.py
[2024-02-18T13:26:20.741+0000] {processor.py:840} INFO - DAG(s) 'example_python_operator' retrieved from /home/airflow/.local/lib/python3.8/site-packages/airflow/example_dags/example_python_operator.py
[2024-02-18T13:26:20.787+0000] {logging_mixin.py:188} INFO - [2024-02-18T13:26:20.786+0000] {dag.py:3036} INFO - Sync 1 DAGs
[2024-02-18T13:26:20.807+0000] {logging_mixin.py:188} INFO - [2024-02-18T13:26:20.807+0000] {dag.py:3823} INFO - Setting next_dagrun for example_python_operator to None, run_after=None
[2024-02-18T13:26:20.842+0000] {processor.py:183} INFO - Processing /home/airflow/.local/lib/python3.8/site-packages/airflow/example_dags/example_python_operator.py took 0.149 seconds
[2024-02-18T13:26:51.390+0000] {processor.py:161} INFO - Started process (PID=755) to work on /home/airflow/.local/lib/python3.8/site-packages/airflow/example_dags/example_python_operator.py
[2024-02-18T13:26:51.396+0000] {processor.py:830} INFO - Processing file /home/airflow/.local/lib/python3.8/site-packages/airflow/example_dags/example_python_operator.py for tasks to queue
[2024-02-18T13:26:51.405+0000] {logging_mixin.py:188} INFO - [2024-02-18T13:26:51.403+0000] {dagbag.py:538} INFO - Filling up the DagBag from /home/airflow/.local/lib/python3.8/site-packages/airflow/example_dags/example_python_operator.py
[2024-02-18T13:26:51.428+0000] {processor.py:840} INFO - DAG(s) 'example_python_operator' retrieved from /home/airflow/.local/lib/python3.8/site-packages/airflow/example_dags/example_python_operator.py
[2024-02-18T13:26:51.479+0000] {logging_mixin.py:188} INFO - [2024-02-18T13:26:51.478+0000] {dag.py:3036} INFO - Sync 1 DAGs
[2024-02-18T13:26:51.504+0000] {logging_mixin.py:188} INFO - [2024-02-18T13:26:51.504+0000] {dag.py:3823} INFO - Setting next_dagrun for example_python_operator to None, run_after=None
[2024-02-18T13:26:51.544+0000] {processor.py:183} INFO - Processing /home/airflow/.local/lib/python3.8/site-packages/airflow/example_dags/example_python_operator.py took 0.161 seconds
[2024-02-18T13:27:21.860+0000] {processor.py:161} INFO - Started process (PID=810) to work on /home/airflow/.local/lib/python3.8/site-packages/airflow/example_dags/example_python_operator.py
[2024-02-18T13:27:21.862+0000] {processor.py:830} INFO - Processing file /home/airflow/.local/lib/python3.8/site-packages/airflow/example_dags/example_python_operator.py for tasks to queue
[2024-02-18T13:27:21.865+0000] {logging_mixin.py:188} INFO - [2024-02-18T13:27:21.864+0000] {dagbag.py:538} INFO - Filling up the DagBag from /home/airflow/.local/lib/python3.8/site-packages/airflow/example_dags/example_python_operator.py
[2024-02-18T13:27:21.902+0000] {processor.py:840} INFO - DAG(s) 'example_python_operator' retrieved from /home/airflow/.local/lib/python3.8/site-packages/airflow/example_dags/example_python_operator.py
[2024-02-18T13:27:21.978+0000] {logging_mixin.py:188} INFO - [2024-02-18T13:27:21.978+0000] {dag.py:3036} INFO - Sync 1 DAGs
[2024-02-18T13:27:21.995+0000] {logging_mixin.py:188} INFO - [2024-02-18T13:27:21.995+0000] {dag.py:3823} INFO - Setting next_dagrun for example_python_operator to None, run_after=None
[2024-02-18T13:27:22.025+0000] {processor.py:183} INFO - Processing /home/airflow/.local/lib/python3.8/site-packages/airflow/example_dags/example_python_operator.py took 0.169 seconds
[2024-02-18T13:27:52.344+0000] {processor.py:161} INFO - Started process (PID=865) to work on /home/airflow/.local/lib/python3.8/site-packages/airflow/example_dags/example_python_operator.py
[2024-02-18T13:27:52.347+0000] {processor.py:830} INFO - Processing file /home/airflow/.local/lib/python3.8/site-packages/airflow/example_dags/example_python_operator.py for tasks to queue
[2024-02-18T13:27:52.351+0000] {logging_mixin.py:188} INFO - [2024-02-18T13:27:52.350+0000] {dagbag.py:538} INFO - Filling up the DagBag from /home/airflow/.local/lib/python3.8/site-packages/airflow/example_dags/example_python_operator.py
[2024-02-18T13:27:52.368+0000] {processor.py:840} INFO - DAG(s) 'example_python_operator' retrieved from /home/airflow/.local/lib/python3.8/site-packages/airflow/example_dags/example_python_operator.py
[2024-02-18T13:27:52.411+0000] {logging_mixin.py:188} INFO - [2024-02-18T13:27:52.410+0000] {dag.py:3036} INFO - Sync 1 DAGs
[2024-02-18T13:27:52.434+0000] {logging_mixin.py:188} INFO - [2024-02-18T13:27:52.433+0000] {dag.py:3823} INFO - Setting next_dagrun for example_python_operator to None, run_after=None
[2024-02-18T13:27:52.470+0000] {processor.py:183} INFO - Processing /home/airflow/.local/lib/python3.8/site-packages/airflow/example_dags/example_python_operator.py took 0.137 seconds
