[2024-02-18T13:20:16.291+0000] {processor.py:161} INFO - Started process (PID=50) to work on /home/airflow/.local/lib/python3.8/site-packages/airflow/example_dags/example_task_group.py
[2024-02-18T13:20:16.293+0000] {processor.py:830} INFO - Processing file /home/airflow/.local/lib/python3.8/site-packages/airflow/example_dags/example_task_group.py for tasks to queue
[2024-02-18T13:20:16.296+0000] {logging_mixin.py:188} INFO - [2024-02-18T13:20:16.295+0000] {dagbag.py:538} INFO - Filling up the DagBag from /home/airflow/.local/lib/python3.8/site-packages/airflow/example_dags/example_task_group.py
[2024-02-18T13:20:16.307+0000] {processor.py:840} INFO - DAG(s) 'example_task_group' retrieved from /home/airflow/.local/lib/python3.8/site-packages/airflow/example_dags/example_task_group.py
[2024-02-18T13:20:16.382+0000] {logging_mixin.py:188} INFO - [2024-02-18T13:20:16.382+0000] {dag.py:3036} INFO - Sync 1 DAGs
[2024-02-18T13:20:16.428+0000] {logging_mixin.py:188} INFO - [2024-02-18T13:20:16.428+0000] {dag.py:3823} INFO - Setting next_dagrun for example_task_group to 2024-02-17 00:00:00+00:00, run_after=2024-02-18 00:00:00+00:00
[2024-02-18T13:20:16.469+0000] {processor.py:183} INFO - Processing /home/airflow/.local/lib/python3.8/site-packages/airflow/example_dags/example_task_group.py took 0.183 seconds
[2024-02-18T13:20:46.705+0000] {processor.py:161} INFO - Started process (PID=105) to work on /home/airflow/.local/lib/python3.8/site-packages/airflow/example_dags/example_task_group.py
[2024-02-18T13:20:46.706+0000] {processor.py:830} INFO - Processing file /home/airflow/.local/lib/python3.8/site-packages/airflow/example_dags/example_task_group.py for tasks to queue
[2024-02-18T13:20:46.710+0000] {logging_mixin.py:188} INFO - [2024-02-18T13:20:46.709+0000] {dagbag.py:538} INFO - Filling up the DagBag from /home/airflow/.local/lib/python3.8/site-packages/airflow/example_dags/example_task_group.py
[2024-02-18T13:20:46.721+0000] {processor.py:840} INFO - DAG(s) 'example_task_group' retrieved from /home/airflow/.local/lib/python3.8/site-packages/airflow/example_dags/example_task_group.py
[2024-02-18T13:20:46.760+0000] {logging_mixin.py:188} INFO - [2024-02-18T13:20:46.760+0000] {dag.py:3036} INFO - Sync 1 DAGs
[2024-02-18T13:20:46.800+0000] {logging_mixin.py:188} INFO - [2024-02-18T13:20:46.800+0000] {dag.py:3823} INFO - Setting next_dagrun for example_task_group to 2024-02-17 00:00:00+00:00, run_after=2024-02-18 00:00:00+00:00
[2024-02-18T13:20:46.836+0000] {processor.py:183} INFO - Processing /home/airflow/.local/lib/python3.8/site-packages/airflow/example_dags/example_task_group.py took 0.136 seconds
[2024-02-18T13:21:17.417+0000] {processor.py:161} INFO - Started process (PID=160) to work on /home/airflow/.local/lib/python3.8/site-packages/airflow/example_dags/example_task_group.py
[2024-02-18T13:21:17.419+0000] {processor.py:830} INFO - Processing file /home/airflow/.local/lib/python3.8/site-packages/airflow/example_dags/example_task_group.py for tasks to queue
[2024-02-18T13:21:17.422+0000] {logging_mixin.py:188} INFO - [2024-02-18T13:21:17.421+0000] {dagbag.py:538} INFO - Filling up the DagBag from /home/airflow/.local/lib/python3.8/site-packages/airflow/example_dags/example_task_group.py
[2024-02-18T13:21:17.435+0000] {processor.py:840} INFO - DAG(s) 'example_task_group' retrieved from /home/airflow/.local/lib/python3.8/site-packages/airflow/example_dags/example_task_group.py
[2024-02-18T13:21:17.476+0000] {logging_mixin.py:188} INFO - [2024-02-18T13:21:17.475+0000] {dag.py:3036} INFO - Sync 1 DAGs
[2024-02-18T13:21:17.511+0000] {logging_mixin.py:188} INFO - [2024-02-18T13:21:17.510+0000] {dag.py:3823} INFO - Setting next_dagrun for example_task_group to 2024-02-17 00:00:00+00:00, run_after=2024-02-18 00:00:00+00:00
[2024-02-18T13:21:17.545+0000] {processor.py:183} INFO - Processing /home/airflow/.local/lib/python3.8/site-packages/airflow/example_dags/example_task_group.py took 0.134 seconds
[2024-02-18T13:21:47.894+0000] {processor.py:161} INFO - Started process (PID=215) to work on /home/airflow/.local/lib/python3.8/site-packages/airflow/example_dags/example_task_group.py
[2024-02-18T13:21:47.897+0000] {processor.py:830} INFO - Processing file /home/airflow/.local/lib/python3.8/site-packages/airflow/example_dags/example_task_group.py for tasks to queue
[2024-02-18T13:21:47.907+0000] {logging_mixin.py:188} INFO - [2024-02-18T13:21:47.906+0000] {dagbag.py:538} INFO - Filling up the DagBag from /home/airflow/.local/lib/python3.8/site-packages/airflow/example_dags/example_task_group.py
[2024-02-18T13:21:47.925+0000] {processor.py:840} INFO - DAG(s) 'example_task_group' retrieved from /home/airflow/.local/lib/python3.8/site-packages/airflow/example_dags/example_task_group.py
[2024-02-18T13:21:47.981+0000] {logging_mixin.py:188} INFO - [2024-02-18T13:21:47.980+0000] {dag.py:3036} INFO - Sync 1 DAGs
[2024-02-18T13:21:48.063+0000] {logging_mixin.py:188} INFO - [2024-02-18T13:21:48.062+0000] {dag.py:3823} INFO - Setting next_dagrun for example_task_group to 2024-02-17 00:00:00+00:00, run_after=2024-02-18 00:00:00+00:00
[2024-02-18T13:21:48.144+0000] {processor.py:183} INFO - Processing /home/airflow/.local/lib/python3.8/site-packages/airflow/example_dags/example_task_group.py took 0.258 seconds
[2024-02-18T13:22:18.569+0000] {processor.py:161} INFO - Started process (PID=270) to work on /home/airflow/.local/lib/python3.8/site-packages/airflow/example_dags/example_task_group.py
[2024-02-18T13:22:18.571+0000] {processor.py:830} INFO - Processing file /home/airflow/.local/lib/python3.8/site-packages/airflow/example_dags/example_task_group.py for tasks to queue
[2024-02-18T13:22:18.574+0000] {logging_mixin.py:188} INFO - [2024-02-18T13:22:18.574+0000] {dagbag.py:538} INFO - Filling up the DagBag from /home/airflow/.local/lib/python3.8/site-packages/airflow/example_dags/example_task_group.py
[2024-02-18T13:22:18.586+0000] {processor.py:840} INFO - DAG(s) 'example_task_group' retrieved from /home/airflow/.local/lib/python3.8/site-packages/airflow/example_dags/example_task_group.py
[2024-02-18T13:22:18.625+0000] {logging_mixin.py:188} INFO - [2024-02-18T13:22:18.625+0000] {dag.py:3036} INFO - Sync 1 DAGs
[2024-02-18T13:22:18.662+0000] {logging_mixin.py:188} INFO - [2024-02-18T13:22:18.662+0000] {dag.py:3823} INFO - Setting next_dagrun for example_task_group to 2024-02-17 00:00:00+00:00, run_after=2024-02-18 00:00:00+00:00
[2024-02-18T13:22:18.696+0000] {processor.py:183} INFO - Processing /home/airflow/.local/lib/python3.8/site-packages/airflow/example_dags/example_task_group.py took 0.131 seconds
[2024-02-18T13:22:49.288+0000] {processor.py:161} INFO - Started process (PID=325) to work on /home/airflow/.local/lib/python3.8/site-packages/airflow/example_dags/example_task_group.py
[2024-02-18T13:22:49.290+0000] {processor.py:830} INFO - Processing file /home/airflow/.local/lib/python3.8/site-packages/airflow/example_dags/example_task_group.py for tasks to queue
[2024-02-18T13:22:49.293+0000] {logging_mixin.py:188} INFO - [2024-02-18T13:22:49.292+0000] {dagbag.py:538} INFO - Filling up the DagBag from /home/airflow/.local/lib/python3.8/site-packages/airflow/example_dags/example_task_group.py
[2024-02-18T13:22:49.304+0000] {processor.py:840} INFO - DAG(s) 'example_task_group' retrieved from /home/airflow/.local/lib/python3.8/site-packages/airflow/example_dags/example_task_group.py
[2024-02-18T13:22:49.339+0000] {logging_mixin.py:188} INFO - [2024-02-18T13:22:49.339+0000] {dag.py:3036} INFO - Sync 1 DAGs
[2024-02-18T13:22:49.378+0000] {logging_mixin.py:188} INFO - [2024-02-18T13:22:49.378+0000] {dag.py:3823} INFO - Setting next_dagrun for example_task_group to 2024-02-17 00:00:00+00:00, run_after=2024-02-18 00:00:00+00:00
[2024-02-18T13:22:49.418+0000] {processor.py:183} INFO - Processing /home/airflow/.local/lib/python3.8/site-packages/airflow/example_dags/example_task_group.py took 0.134 seconds
[2024-02-18T13:23:19.697+0000] {processor.py:161} INFO - Started process (PID=380) to work on /home/airflow/.local/lib/python3.8/site-packages/airflow/example_dags/example_task_group.py
[2024-02-18T13:23:19.699+0000] {processor.py:830} INFO - Processing file /home/airflow/.local/lib/python3.8/site-packages/airflow/example_dags/example_task_group.py for tasks to queue
[2024-02-18T13:23:19.703+0000] {logging_mixin.py:188} INFO - [2024-02-18T13:23:19.702+0000] {dagbag.py:538} INFO - Filling up the DagBag from /home/airflow/.local/lib/python3.8/site-packages/airflow/example_dags/example_task_group.py
[2024-02-18T13:23:19.719+0000] {processor.py:840} INFO - DAG(s) 'example_task_group' retrieved from /home/airflow/.local/lib/python3.8/site-packages/airflow/example_dags/example_task_group.py
[2024-02-18T13:23:19.764+0000] {logging_mixin.py:188} INFO - [2024-02-18T13:23:19.763+0000] {dag.py:3036} INFO - Sync 1 DAGs
[2024-02-18T13:23:19.805+0000] {logging_mixin.py:188} INFO - [2024-02-18T13:23:19.805+0000] {dag.py:3823} INFO - Setting next_dagrun for example_task_group to 2024-02-17 00:00:00+00:00, run_after=2024-02-18 00:00:00+00:00
[2024-02-18T13:23:19.841+0000] {processor.py:183} INFO - Processing /home/airflow/.local/lib/python3.8/site-packages/airflow/example_dags/example_task_group.py took 0.150 seconds
[2024-02-18T13:23:50.030+0000] {processor.py:161} INFO - Started process (PID=435) to work on /home/airflow/.local/lib/python3.8/site-packages/airflow/example_dags/example_task_group.py
[2024-02-18T13:23:50.031+0000] {processor.py:830} INFO - Processing file /home/airflow/.local/lib/python3.8/site-packages/airflow/example_dags/example_task_group.py for tasks to queue
[2024-02-18T13:23:50.034+0000] {logging_mixin.py:188} INFO - [2024-02-18T13:23:50.033+0000] {dagbag.py:538} INFO - Filling up the DagBag from /home/airflow/.local/lib/python3.8/site-packages/airflow/example_dags/example_task_group.py
[2024-02-18T13:23:50.046+0000] {processor.py:840} INFO - DAG(s) 'example_task_group' retrieved from /home/airflow/.local/lib/python3.8/site-packages/airflow/example_dags/example_task_group.py
[2024-02-18T13:23:50.079+0000] {logging_mixin.py:188} INFO - [2024-02-18T13:23:50.079+0000] {dag.py:3036} INFO - Sync 1 DAGs
[2024-02-18T13:23:50.111+0000] {logging_mixin.py:188} INFO - [2024-02-18T13:23:50.111+0000] {dag.py:3823} INFO - Setting next_dagrun for example_task_group to 2024-02-17 00:00:00+00:00, run_after=2024-02-18 00:00:00+00:00
[2024-02-18T13:23:50.144+0000] {processor.py:183} INFO - Processing /home/airflow/.local/lib/python3.8/site-packages/airflow/example_dags/example_task_group.py took 0.118 seconds
[2024-02-18T13:24:20.384+0000] {processor.py:161} INFO - Started process (PID=490) to work on /home/airflow/.local/lib/python3.8/site-packages/airflow/example_dags/example_task_group.py
[2024-02-18T13:24:20.386+0000] {processor.py:830} INFO - Processing file /home/airflow/.local/lib/python3.8/site-packages/airflow/example_dags/example_task_group.py for tasks to queue
[2024-02-18T13:24:20.389+0000] {logging_mixin.py:188} INFO - [2024-02-18T13:24:20.389+0000] {dagbag.py:538} INFO - Filling up the DagBag from /home/airflow/.local/lib/python3.8/site-packages/airflow/example_dags/example_task_group.py
[2024-02-18T13:24:20.402+0000] {processor.py:840} INFO - DAG(s) 'example_task_group' retrieved from /home/airflow/.local/lib/python3.8/site-packages/airflow/example_dags/example_task_group.py
[2024-02-18T13:24:20.445+0000] {logging_mixin.py:188} INFO - [2024-02-18T13:24:20.444+0000] {dag.py:3036} INFO - Sync 1 DAGs
[2024-02-18T13:24:20.490+0000] {logging_mixin.py:188} INFO - [2024-02-18T13:24:20.489+0000] {dag.py:3823} INFO - Setting next_dagrun for example_task_group to 2024-02-17 00:00:00+00:00, run_after=2024-02-18 00:00:00+00:00
[2024-02-18T13:24:20.524+0000] {processor.py:183} INFO - Processing /home/airflow/.local/lib/python3.8/site-packages/airflow/example_dags/example_task_group.py took 0.145 seconds
[2024-02-18T13:24:50.830+0000] {processor.py:161} INFO - Started process (PID=545) to work on /home/airflow/.local/lib/python3.8/site-packages/airflow/example_dags/example_task_group.py
[2024-02-18T13:24:50.832+0000] {processor.py:830} INFO - Processing file /home/airflow/.local/lib/python3.8/site-packages/airflow/example_dags/example_task_group.py for tasks to queue
[2024-02-18T13:24:50.835+0000] {logging_mixin.py:188} INFO - [2024-02-18T13:24:50.834+0000] {dagbag.py:538} INFO - Filling up the DagBag from /home/airflow/.local/lib/python3.8/site-packages/airflow/example_dags/example_task_group.py
[2024-02-18T13:24:50.848+0000] {processor.py:840} INFO - DAG(s) 'example_task_group' retrieved from /home/airflow/.local/lib/python3.8/site-packages/airflow/example_dags/example_task_group.py
[2024-02-18T13:24:50.890+0000] {logging_mixin.py:188} INFO - [2024-02-18T13:24:50.890+0000] {dag.py:3036} INFO - Sync 1 DAGs
[2024-02-18T13:24:50.931+0000] {logging_mixin.py:188} INFO - [2024-02-18T13:24:50.930+0000] {dag.py:3823} INFO - Setting next_dagrun for example_task_group to 2024-02-17 00:00:00+00:00, run_after=2024-02-18 00:00:00+00:00
[2024-02-18T13:24:50.973+0000] {processor.py:183} INFO - Processing /home/airflow/.local/lib/python3.8/site-packages/airflow/example_dags/example_task_group.py took 0.148 seconds
[2024-02-18T13:25:21.070+0000] {processor.py:161} INFO - Started process (PID=600) to work on /home/airflow/.local/lib/python3.8/site-packages/airflow/example_dags/example_task_group.py
[2024-02-18T13:25:21.072+0000] {processor.py:830} INFO - Processing file /home/airflow/.local/lib/python3.8/site-packages/airflow/example_dags/example_task_group.py for tasks to queue
[2024-02-18T13:25:21.076+0000] {logging_mixin.py:188} INFO - [2024-02-18T13:25:21.075+0000] {dagbag.py:538} INFO - Filling up the DagBag from /home/airflow/.local/lib/python3.8/site-packages/airflow/example_dags/example_task_group.py
[2024-02-18T13:25:21.089+0000] {processor.py:840} INFO - DAG(s) 'example_task_group' retrieved from /home/airflow/.local/lib/python3.8/site-packages/airflow/example_dags/example_task_group.py
[2024-02-18T13:25:21.161+0000] {logging_mixin.py:188} INFO - [2024-02-18T13:25:21.160+0000] {dag.py:3036} INFO - Sync 1 DAGs
[2024-02-18T13:25:21.203+0000] {logging_mixin.py:188} INFO - [2024-02-18T13:25:21.202+0000] {dag.py:3823} INFO - Setting next_dagrun for example_task_group to 2024-02-17 00:00:00+00:00, run_after=2024-02-18 00:00:00+00:00
[2024-02-18T13:25:21.240+0000] {processor.py:183} INFO - Processing /home/airflow/.local/lib/python3.8/site-packages/airflow/example_dags/example_task_group.py took 0.176 seconds
[2024-02-18T13:25:51.362+0000] {processor.py:161} INFO - Started process (PID=654) to work on /home/airflow/.local/lib/python3.8/site-packages/airflow/example_dags/example_task_group.py
[2024-02-18T13:25:51.364+0000] {processor.py:830} INFO - Processing file /home/airflow/.local/lib/python3.8/site-packages/airflow/example_dags/example_task_group.py for tasks to queue
[2024-02-18T13:25:51.368+0000] {logging_mixin.py:188} INFO - [2024-02-18T13:25:51.367+0000] {dagbag.py:538} INFO - Filling up the DagBag from /home/airflow/.local/lib/python3.8/site-packages/airflow/example_dags/example_task_group.py
[2024-02-18T13:25:51.382+0000] {processor.py:840} INFO - DAG(s) 'example_task_group' retrieved from /home/airflow/.local/lib/python3.8/site-packages/airflow/example_dags/example_task_group.py
[2024-02-18T13:25:51.421+0000] {logging_mixin.py:188} INFO - [2024-02-18T13:25:51.420+0000] {dag.py:3036} INFO - Sync 1 DAGs
[2024-02-18T13:25:51.458+0000] {logging_mixin.py:188} INFO - [2024-02-18T13:25:51.457+0000] {dag.py:3823} INFO - Setting next_dagrun for example_task_group to 2024-02-17 00:00:00+00:00, run_after=2024-02-18 00:00:00+00:00
[2024-02-18T13:25:51.491+0000] {processor.py:183} INFO - Processing /home/airflow/.local/lib/python3.8/site-packages/airflow/example_dags/example_task_group.py took 0.135 seconds
[2024-02-18T13:26:21.699+0000] {processor.py:161} INFO - Started process (PID=709) to work on /home/airflow/.local/lib/python3.8/site-packages/airflow/example_dags/example_task_group.py
[2024-02-18T13:26:21.701+0000] {processor.py:830} INFO - Processing file /home/airflow/.local/lib/python3.8/site-packages/airflow/example_dags/example_task_group.py for tasks to queue
[2024-02-18T13:26:21.704+0000] {logging_mixin.py:188} INFO - [2024-02-18T13:26:21.703+0000] {dagbag.py:538} INFO - Filling up the DagBag from /home/airflow/.local/lib/python3.8/site-packages/airflow/example_dags/example_task_group.py
[2024-02-18T13:26:21.717+0000] {processor.py:840} INFO - DAG(s) 'example_task_group' retrieved from /home/airflow/.local/lib/python3.8/site-packages/airflow/example_dags/example_task_group.py
[2024-02-18T13:26:21.760+0000] {logging_mixin.py:188} INFO - [2024-02-18T13:26:21.759+0000] {dag.py:3036} INFO - Sync 1 DAGs
[2024-02-18T13:26:21.811+0000] {logging_mixin.py:188} INFO - [2024-02-18T13:26:21.811+0000] {dag.py:3823} INFO - Setting next_dagrun for example_task_group to 2024-02-17 00:00:00+00:00, run_after=2024-02-18 00:00:00+00:00
[2024-02-18T13:26:21.866+0000] {processor.py:183} INFO - Processing /home/airflow/.local/lib/python3.8/site-packages/airflow/example_dags/example_task_group.py took 0.172 seconds
[2024-02-18T13:26:52.448+0000] {processor.py:161} INFO - Started process (PID=764) to work on /home/airflow/.local/lib/python3.8/site-packages/airflow/example_dags/example_task_group.py
[2024-02-18T13:26:52.449+0000] {processor.py:830} INFO - Processing file /home/airflow/.local/lib/python3.8/site-packages/airflow/example_dags/example_task_group.py for tasks to queue
[2024-02-18T13:26:52.452+0000] {logging_mixin.py:188} INFO - [2024-02-18T13:26:52.451+0000] {dagbag.py:538} INFO - Filling up the DagBag from /home/airflow/.local/lib/python3.8/site-packages/airflow/example_dags/example_task_group.py
[2024-02-18T13:26:52.464+0000] {processor.py:840} INFO - DAG(s) 'example_task_group' retrieved from /home/airflow/.local/lib/python3.8/site-packages/airflow/example_dags/example_task_group.py
[2024-02-18T13:26:52.507+0000] {logging_mixin.py:188} INFO - [2024-02-18T13:26:52.506+0000] {dag.py:3036} INFO - Sync 1 DAGs
[2024-02-18T13:26:52.557+0000] {logging_mixin.py:188} INFO - [2024-02-18T13:26:52.557+0000] {dag.py:3823} INFO - Setting next_dagrun for example_task_group to 2024-02-17 00:00:00+00:00, run_after=2024-02-18 00:00:00+00:00
[2024-02-18T13:26:52.598+0000] {processor.py:183} INFO - Processing /home/airflow/.local/lib/python3.8/site-packages/airflow/example_dags/example_task_group.py took 0.155 seconds
[2024-02-18T13:27:22.710+0000] {processor.py:161} INFO - Started process (PID=819) to work on /home/airflow/.local/lib/python3.8/site-packages/airflow/example_dags/example_task_group.py
[2024-02-18T13:27:22.711+0000] {processor.py:830} INFO - Processing file /home/airflow/.local/lib/python3.8/site-packages/airflow/example_dags/example_task_group.py for tasks to queue
[2024-02-18T13:27:22.715+0000] {logging_mixin.py:188} INFO - [2024-02-18T13:27:22.714+0000] {dagbag.py:538} INFO - Filling up the DagBag from /home/airflow/.local/lib/python3.8/site-packages/airflow/example_dags/example_task_group.py
[2024-02-18T13:27:22.728+0000] {processor.py:840} INFO - DAG(s) 'example_task_group' retrieved from /home/airflow/.local/lib/python3.8/site-packages/airflow/example_dags/example_task_group.py
[2024-02-18T13:27:22.762+0000] {logging_mixin.py:188} INFO - [2024-02-18T13:27:22.761+0000] {dag.py:3036} INFO - Sync 1 DAGs
[2024-02-18T13:27:22.798+0000] {logging_mixin.py:188} INFO - [2024-02-18T13:27:22.797+0000] {dag.py:3823} INFO - Setting next_dagrun for example_task_group to 2024-02-17 00:00:00+00:00, run_after=2024-02-18 00:00:00+00:00
[2024-02-18T13:27:22.840+0000] {processor.py:183} INFO - Processing /home/airflow/.local/lib/python3.8/site-packages/airflow/example_dags/example_task_group.py took 0.134 seconds
[2024-02-18T13:27:53.202+0000] {processor.py:161} INFO - Started process (PID=874) to work on /home/airflow/.local/lib/python3.8/site-packages/airflow/example_dags/example_task_group.py
[2024-02-18T13:27:53.203+0000] {processor.py:830} INFO - Processing file /home/airflow/.local/lib/python3.8/site-packages/airflow/example_dags/example_task_group.py for tasks to queue
[2024-02-18T13:27:53.210+0000] {logging_mixin.py:188} INFO - [2024-02-18T13:27:53.209+0000] {dagbag.py:538} INFO - Filling up the DagBag from /home/airflow/.local/lib/python3.8/site-packages/airflow/example_dags/example_task_group.py
[2024-02-18T13:27:53.221+0000] {processor.py:840} INFO - DAG(s) 'example_task_group' retrieved from /home/airflow/.local/lib/python3.8/site-packages/airflow/example_dags/example_task_group.py
[2024-02-18T13:27:53.261+0000] {logging_mixin.py:188} INFO - [2024-02-18T13:27:53.261+0000] {dag.py:3036} INFO - Sync 1 DAGs
[2024-02-18T13:27:53.302+0000] {logging_mixin.py:188} INFO - [2024-02-18T13:27:53.302+0000] {dag.py:3823} INFO - Setting next_dagrun for example_task_group to 2024-02-17 00:00:00+00:00, run_after=2024-02-18 00:00:00+00:00
[2024-02-18T13:27:53.336+0000] {processor.py:183} INFO - Processing /home/airflow/.local/lib/python3.8/site-packages/airflow/example_dags/example_task_group.py took 0.140 seconds
