[2024-02-18T13:20:17.879+0000] {processor.py:161} INFO - Started process (PID=59) to work on /home/airflow/.local/lib/python3.8/site-packages/airflow/example_dags/example_sensors.py
[2024-02-18T13:20:17.880+0000] {processor.py:830} INFO - Processing file /home/airflow/.local/lib/python3.8/site-packages/airflow/example_dags/example_sensors.py for tasks to queue
[2024-02-18T13:20:17.887+0000] {logging_mixin.py:188} INFO - [2024-02-18T13:20:17.887+0000] {dagbag.py:538} INFO - Filling up the DagBag from /home/airflow/.local/lib/python3.8/site-packages/airflow/example_dags/example_sensors.py
[2024-02-18T13:20:17.906+0000] {processor.py:840} INFO - DAG(s) 'example_sensors' retrieved from /home/airflow/.local/lib/python3.8/site-packages/airflow/example_dags/example_sensors.py
[2024-02-18T13:20:17.958+0000] {logging_mixin.py:188} INFO - [2024-02-18T13:20:17.957+0000] {dag.py:3036} INFO - Sync 1 DAGs
[2024-02-18T13:20:17.979+0000] {logging_mixin.py:188} INFO - [2024-02-18T13:20:17.979+0000] {dag.py:3823} INFO - Setting next_dagrun for example_sensors to None, run_after=None
[2024-02-18T13:20:18.017+0000] {processor.py:183} INFO - Processing /home/airflow/.local/lib/python3.8/site-packages/airflow/example_dags/example_sensors.py took 0.144 seconds
[2024-02-18T13:20:48.132+0000] {processor.py:161} INFO - Started process (PID=114) to work on /home/airflow/.local/lib/python3.8/site-packages/airflow/example_dags/example_sensors.py
[2024-02-18T13:20:48.134+0000] {processor.py:830} INFO - Processing file /home/airflow/.local/lib/python3.8/site-packages/airflow/example_dags/example_sensors.py for tasks to queue
[2024-02-18T13:20:48.138+0000] {logging_mixin.py:188} INFO - [2024-02-18T13:20:48.137+0000] {dagbag.py:538} INFO - Filling up the DagBag from /home/airflow/.local/lib/python3.8/site-packages/airflow/example_dags/example_sensors.py
[2024-02-18T13:20:48.155+0000] {processor.py:840} INFO - DAG(s) 'example_sensors' retrieved from /home/airflow/.local/lib/python3.8/site-packages/airflow/example_dags/example_sensors.py
[2024-02-18T13:20:48.201+0000] {logging_mixin.py:188} INFO - [2024-02-18T13:20:48.201+0000] {dag.py:3036} INFO - Sync 1 DAGs
[2024-02-18T13:20:48.222+0000] {logging_mixin.py:188} INFO - [2024-02-18T13:20:48.222+0000] {dag.py:3823} INFO - Setting next_dagrun for example_sensors to None, run_after=None
[2024-02-18T13:20:48.260+0000] {processor.py:183} INFO - Processing /home/airflow/.local/lib/python3.8/site-packages/airflow/example_dags/example_sensors.py took 0.136 seconds
[2024-02-18T13:21:19.215+0000] {processor.py:161} INFO - Started process (PID=169) to work on /home/airflow/.local/lib/python3.8/site-packages/airflow/example_dags/example_sensors.py
[2024-02-18T13:21:19.217+0000] {processor.py:830} INFO - Processing file /home/airflow/.local/lib/python3.8/site-packages/airflow/example_dags/example_sensors.py for tasks to queue
[2024-02-18T13:21:19.221+0000] {logging_mixin.py:188} INFO - [2024-02-18T13:21:19.220+0000] {dagbag.py:538} INFO - Filling up the DagBag from /home/airflow/.local/lib/python3.8/site-packages/airflow/example_dags/example_sensors.py
[2024-02-18T13:21:19.235+0000] {processor.py:840} INFO - DAG(s) 'example_sensors' retrieved from /home/airflow/.local/lib/python3.8/site-packages/airflow/example_dags/example_sensors.py
[2024-02-18T13:21:19.280+0000] {logging_mixin.py:188} INFO - [2024-02-18T13:21:19.280+0000] {dag.py:3036} INFO - Sync 1 DAGs
[2024-02-18T13:21:19.303+0000] {logging_mixin.py:188} INFO - [2024-02-18T13:21:19.302+0000] {dag.py:3823} INFO - Setting next_dagrun for example_sensors to None, run_after=None
[2024-02-18T13:21:19.334+0000] {processor.py:183} INFO - Processing /home/airflow/.local/lib/python3.8/site-packages/airflow/example_dags/example_sensors.py took 0.124 seconds
[2024-02-18T13:21:49.865+0000] {processor.py:161} INFO - Started process (PID=224) to work on /home/airflow/.local/lib/python3.8/site-packages/airflow/example_dags/example_sensors.py
[2024-02-18T13:21:49.866+0000] {processor.py:830} INFO - Processing file /home/airflow/.local/lib/python3.8/site-packages/airflow/example_dags/example_sensors.py for tasks to queue
[2024-02-18T13:21:49.870+0000] {logging_mixin.py:188} INFO - [2024-02-18T13:21:49.869+0000] {dagbag.py:538} INFO - Filling up the DagBag from /home/airflow/.local/lib/python3.8/site-packages/airflow/example_dags/example_sensors.py
[2024-02-18T13:21:49.883+0000] {processor.py:840} INFO - DAG(s) 'example_sensors' retrieved from /home/airflow/.local/lib/python3.8/site-packages/airflow/example_dags/example_sensors.py
[2024-02-18T13:21:49.926+0000] {logging_mixin.py:188} INFO - [2024-02-18T13:21:49.926+0000] {dag.py:3036} INFO - Sync 1 DAGs
[2024-02-18T13:21:49.947+0000] {logging_mixin.py:188} INFO - [2024-02-18T13:21:49.947+0000] {dag.py:3823} INFO - Setting next_dagrun for example_sensors to None, run_after=None
[2024-02-18T13:21:49.982+0000] {processor.py:183} INFO - Processing /home/airflow/.local/lib/python3.8/site-packages/airflow/example_dags/example_sensors.py took 0.122 seconds
[2024-02-18T13:22:20.347+0000] {processor.py:161} INFO - Started process (PID=279) to work on /home/airflow/.local/lib/python3.8/site-packages/airflow/example_dags/example_sensors.py
[2024-02-18T13:22:20.349+0000] {processor.py:830} INFO - Processing file /home/airflow/.local/lib/python3.8/site-packages/airflow/example_dags/example_sensors.py for tasks to queue
[2024-02-18T13:22:20.352+0000] {logging_mixin.py:188} INFO - [2024-02-18T13:22:20.352+0000] {dagbag.py:538} INFO - Filling up the DagBag from /home/airflow/.local/lib/python3.8/site-packages/airflow/example_dags/example_sensors.py
[2024-02-18T13:22:20.370+0000] {processor.py:840} INFO - DAG(s) 'example_sensors' retrieved from /home/airflow/.local/lib/python3.8/site-packages/airflow/example_dags/example_sensors.py
[2024-02-18T13:22:20.418+0000] {logging_mixin.py:188} INFO - [2024-02-18T13:22:20.417+0000] {dag.py:3036} INFO - Sync 1 DAGs
[2024-02-18T13:22:20.443+0000] {logging_mixin.py:188} INFO - [2024-02-18T13:22:20.442+0000] {dag.py:3823} INFO - Setting next_dagrun for example_sensors to None, run_after=None
[2024-02-18T13:22:20.476+0000] {processor.py:183} INFO - Processing /home/airflow/.local/lib/python3.8/site-packages/airflow/example_dags/example_sensors.py took 0.133 seconds
[2024-02-18T13:22:51.199+0000] {processor.py:161} INFO - Started process (PID=334) to work on /home/airflow/.local/lib/python3.8/site-packages/airflow/example_dags/example_sensors.py
[2024-02-18T13:22:51.201+0000] {processor.py:830} INFO - Processing file /home/airflow/.local/lib/python3.8/site-packages/airflow/example_dags/example_sensors.py for tasks to queue
[2024-02-18T13:22:51.204+0000] {logging_mixin.py:188} INFO - [2024-02-18T13:22:51.203+0000] {dagbag.py:538} INFO - Filling up the DagBag from /home/airflow/.local/lib/python3.8/site-packages/airflow/example_dags/example_sensors.py
[2024-02-18T13:22:51.218+0000] {processor.py:840} INFO - DAG(s) 'example_sensors' retrieved from /home/airflow/.local/lib/python3.8/site-packages/airflow/example_dags/example_sensors.py
[2024-02-18T13:22:51.262+0000] {logging_mixin.py:188} INFO - [2024-02-18T13:22:51.262+0000] {dag.py:3036} INFO - Sync 1 DAGs
[2024-02-18T13:22:51.284+0000] {logging_mixin.py:188} INFO - [2024-02-18T13:22:51.284+0000] {dag.py:3823} INFO - Setting next_dagrun for example_sensors to None, run_after=None
[2024-02-18T13:22:51.319+0000] {processor.py:183} INFO - Processing /home/airflow/.local/lib/python3.8/site-packages/airflow/example_dags/example_sensors.py took 0.124 seconds
[2024-02-18T13:23:21.457+0000] {processor.py:161} INFO - Started process (PID=389) to work on /home/airflow/.local/lib/python3.8/site-packages/airflow/example_dags/example_sensors.py
[2024-02-18T13:23:21.459+0000] {processor.py:830} INFO - Processing file /home/airflow/.local/lib/python3.8/site-packages/airflow/example_dags/example_sensors.py for tasks to queue
[2024-02-18T13:23:21.462+0000] {logging_mixin.py:188} INFO - [2024-02-18T13:23:21.461+0000] {dagbag.py:538} INFO - Filling up the DagBag from /home/airflow/.local/lib/python3.8/site-packages/airflow/example_dags/example_sensors.py
[2024-02-18T13:23:21.480+0000] {processor.py:840} INFO - DAG(s) 'example_sensors' retrieved from /home/airflow/.local/lib/python3.8/site-packages/airflow/example_dags/example_sensors.py
[2024-02-18T13:23:21.526+0000] {logging_mixin.py:188} INFO - [2024-02-18T13:23:21.525+0000] {dag.py:3036} INFO - Sync 1 DAGs
[2024-02-18T13:23:21.550+0000] {logging_mixin.py:188} INFO - [2024-02-18T13:23:21.549+0000] {dag.py:3823} INFO - Setting next_dagrun for example_sensors to None, run_after=None
[2024-02-18T13:23:21.587+0000] {processor.py:183} INFO - Processing /home/airflow/.local/lib/python3.8/site-packages/airflow/example_dags/example_sensors.py took 0.136 seconds
[2024-02-18T13:23:51.753+0000] {processor.py:161} INFO - Started process (PID=444) to work on /home/airflow/.local/lib/python3.8/site-packages/airflow/example_dags/example_sensors.py
[2024-02-18T13:23:51.754+0000] {processor.py:830} INFO - Processing file /home/airflow/.local/lib/python3.8/site-packages/airflow/example_dags/example_sensors.py for tasks to queue
[2024-02-18T13:23:51.758+0000] {logging_mixin.py:188} INFO - [2024-02-18T13:23:51.757+0000] {dagbag.py:538} INFO - Filling up the DagBag from /home/airflow/.local/lib/python3.8/site-packages/airflow/example_dags/example_sensors.py
[2024-02-18T13:23:51.772+0000] {processor.py:840} INFO - DAG(s) 'example_sensors' retrieved from /home/airflow/.local/lib/python3.8/site-packages/airflow/example_dags/example_sensors.py
[2024-02-18T13:23:51.815+0000] {logging_mixin.py:188} INFO - [2024-02-18T13:23:51.815+0000] {dag.py:3036} INFO - Sync 1 DAGs
[2024-02-18T13:23:51.836+0000] {logging_mixin.py:188} INFO - [2024-02-18T13:23:51.835+0000] {dag.py:3823} INFO - Setting next_dagrun for example_sensors to None, run_after=None
[2024-02-18T13:23:51.868+0000] {processor.py:183} INFO - Processing /home/airflow/.local/lib/python3.8/site-packages/airflow/example_dags/example_sensors.py took 0.121 seconds
[2024-02-18T13:24:22.166+0000] {processor.py:161} INFO - Started process (PID=499) to work on /home/airflow/.local/lib/python3.8/site-packages/airflow/example_dags/example_sensors.py
[2024-02-18T13:24:22.169+0000] {processor.py:830} INFO - Processing file /home/airflow/.local/lib/python3.8/site-packages/airflow/example_dags/example_sensors.py for tasks to queue
[2024-02-18T13:24:22.176+0000] {logging_mixin.py:188} INFO - [2024-02-18T13:24:22.174+0000] {dagbag.py:538} INFO - Filling up the DagBag from /home/airflow/.local/lib/python3.8/site-packages/airflow/example_dags/example_sensors.py
[2024-02-18T13:24:22.193+0000] {processor.py:840} INFO - DAG(s) 'example_sensors' retrieved from /home/airflow/.local/lib/python3.8/site-packages/airflow/example_dags/example_sensors.py
[2024-02-18T13:24:22.240+0000] {logging_mixin.py:188} INFO - [2024-02-18T13:24:22.240+0000] {dag.py:3036} INFO - Sync 1 DAGs
[2024-02-18T13:24:22.264+0000] {logging_mixin.py:188} INFO - [2024-02-18T13:24:22.263+0000] {dag.py:3823} INFO - Setting next_dagrun for example_sensors to None, run_after=None
[2024-02-18T13:24:22.299+0000] {processor.py:183} INFO - Processing /home/airflow/.local/lib/python3.8/site-packages/airflow/example_dags/example_sensors.py took 0.139 seconds
[2024-02-18T13:24:52.704+0000] {processor.py:161} INFO - Started process (PID=554) to work on /home/airflow/.local/lib/python3.8/site-packages/airflow/example_dags/example_sensors.py
[2024-02-18T13:24:52.706+0000] {processor.py:830} INFO - Processing file /home/airflow/.local/lib/python3.8/site-packages/airflow/example_dags/example_sensors.py for tasks to queue
[2024-02-18T13:24:52.709+0000] {logging_mixin.py:188} INFO - [2024-02-18T13:24:52.708+0000] {dagbag.py:538} INFO - Filling up the DagBag from /home/airflow/.local/lib/python3.8/site-packages/airflow/example_dags/example_sensors.py
[2024-02-18T13:24:52.724+0000] {processor.py:840} INFO - DAG(s) 'example_sensors' retrieved from /home/airflow/.local/lib/python3.8/site-packages/airflow/example_dags/example_sensors.py
[2024-02-18T13:24:52.785+0000] {logging_mixin.py:188} INFO - [2024-02-18T13:24:52.784+0000] {dag.py:3036} INFO - Sync 1 DAGs
[2024-02-18T13:24:52.806+0000] {logging_mixin.py:188} INFO - [2024-02-18T13:24:52.806+0000] {dag.py:3823} INFO - Setting next_dagrun for example_sensors to None, run_after=None
[2024-02-18T13:24:52.847+0000] {processor.py:183} INFO - Processing /home/airflow/.local/lib/python3.8/site-packages/airflow/example_dags/example_sensors.py took 0.147 seconds
[2024-02-18T13:25:23.154+0000] {processor.py:161} INFO - Started process (PID=609) to work on /home/airflow/.local/lib/python3.8/site-packages/airflow/example_dags/example_sensors.py
[2024-02-18T13:25:23.156+0000] {processor.py:830} INFO - Processing file /home/airflow/.local/lib/python3.8/site-packages/airflow/example_dags/example_sensors.py for tasks to queue
[2024-02-18T13:25:23.160+0000] {logging_mixin.py:188} INFO - [2024-02-18T13:25:23.159+0000] {dagbag.py:538} INFO - Filling up the DagBag from /home/airflow/.local/lib/python3.8/site-packages/airflow/example_dags/example_sensors.py
[2024-02-18T13:25:23.179+0000] {processor.py:840} INFO - DAG(s) 'example_sensors' retrieved from /home/airflow/.local/lib/python3.8/site-packages/airflow/example_dags/example_sensors.py
[2024-02-18T13:25:23.226+0000] {logging_mixin.py:188} INFO - [2024-02-18T13:25:23.226+0000] {dag.py:3036} INFO - Sync 1 DAGs
[2024-02-18T13:25:23.252+0000] {logging_mixin.py:188} INFO - [2024-02-18T13:25:23.252+0000] {dag.py:3823} INFO - Setting next_dagrun for example_sensors to None, run_after=None
[2024-02-18T13:25:23.298+0000] {processor.py:183} INFO - Processing /home/airflow/.local/lib/python3.8/site-packages/airflow/example_dags/example_sensors.py took 0.151 seconds
[2024-02-18T13:25:53.420+0000] {processor.py:161} INFO - Started process (PID=664) to work on /home/airflow/.local/lib/python3.8/site-packages/airflow/example_dags/example_sensors.py
[2024-02-18T13:25:53.422+0000] {processor.py:830} INFO - Processing file /home/airflow/.local/lib/python3.8/site-packages/airflow/example_dags/example_sensors.py for tasks to queue
[2024-02-18T13:25:53.425+0000] {logging_mixin.py:188} INFO - [2024-02-18T13:25:53.424+0000] {dagbag.py:538} INFO - Filling up the DagBag from /home/airflow/.local/lib/python3.8/site-packages/airflow/example_dags/example_sensors.py
[2024-02-18T13:25:53.446+0000] {processor.py:840} INFO - DAG(s) 'example_sensors' retrieved from /home/airflow/.local/lib/python3.8/site-packages/airflow/example_dags/example_sensors.py
[2024-02-18T13:25:53.502+0000] {logging_mixin.py:188} INFO - [2024-02-18T13:25:53.502+0000] {dag.py:3036} INFO - Sync 1 DAGs
[2024-02-18T13:25:53.536+0000] {logging_mixin.py:188} INFO - [2024-02-18T13:25:53.535+0000] {dag.py:3823} INFO - Setting next_dagrun for example_sensors to None, run_after=None
[2024-02-18T13:25:53.582+0000] {processor.py:183} INFO - Processing /home/airflow/.local/lib/python3.8/site-packages/airflow/example_dags/example_sensors.py took 0.169 seconds
[2024-02-18T13:26:23.753+0000] {processor.py:161} INFO - Started process (PID=719) to work on /home/airflow/.local/lib/python3.8/site-packages/airflow/example_dags/example_sensors.py
[2024-02-18T13:26:23.755+0000] {processor.py:830} INFO - Processing file /home/airflow/.local/lib/python3.8/site-packages/airflow/example_dags/example_sensors.py for tasks to queue
[2024-02-18T13:26:23.758+0000] {logging_mixin.py:188} INFO - [2024-02-18T13:26:23.758+0000] {dagbag.py:538} INFO - Filling up the DagBag from /home/airflow/.local/lib/python3.8/site-packages/airflow/example_dags/example_sensors.py
[2024-02-18T13:26:23.774+0000] {processor.py:840} INFO - DAG(s) 'example_sensors' retrieved from /home/airflow/.local/lib/python3.8/site-packages/airflow/example_dags/example_sensors.py
[2024-02-18T13:26:23.817+0000] {logging_mixin.py:188} INFO - [2024-02-18T13:26:23.816+0000] {dag.py:3036} INFO - Sync 1 DAGs
[2024-02-18T13:26:23.839+0000] {logging_mixin.py:188} INFO - [2024-02-18T13:26:23.838+0000] {dag.py:3823} INFO - Setting next_dagrun for example_sensors to None, run_after=None
[2024-02-18T13:26:23.872+0000] {processor.py:183} INFO - Processing /home/airflow/.local/lib/python3.8/site-packages/airflow/example_dags/example_sensors.py took 0.123 seconds
[2024-02-18T13:26:54.646+0000] {processor.py:161} INFO - Started process (PID=774) to work on /home/airflow/.local/lib/python3.8/site-packages/airflow/example_dags/example_sensors.py
[2024-02-18T13:26:54.649+0000] {processor.py:830} INFO - Processing file /home/airflow/.local/lib/python3.8/site-packages/airflow/example_dags/example_sensors.py for tasks to queue
[2024-02-18T13:26:54.656+0000] {logging_mixin.py:188} INFO - [2024-02-18T13:26:54.655+0000] {dagbag.py:538} INFO - Filling up the DagBag from /home/airflow/.local/lib/python3.8/site-packages/airflow/example_dags/example_sensors.py
[2024-02-18T13:26:54.683+0000] {processor.py:840} INFO - DAG(s) 'example_sensors' retrieved from /home/airflow/.local/lib/python3.8/site-packages/airflow/example_dags/example_sensors.py
[2024-02-18T13:26:54.726+0000] {logging_mixin.py:188} INFO - [2024-02-18T13:26:54.726+0000] {dag.py:3036} INFO - Sync 1 DAGs
[2024-02-18T13:26:54.751+0000] {logging_mixin.py:188} INFO - [2024-02-18T13:26:54.750+0000] {dag.py:3823} INFO - Setting next_dagrun for example_sensors to None, run_after=None
[2024-02-18T13:26:54.786+0000] {processor.py:183} INFO - Processing /home/airflow/.local/lib/python3.8/site-packages/airflow/example_dags/example_sensors.py took 0.151 seconds
[2024-02-18T13:27:25.050+0000] {processor.py:161} INFO - Started process (PID=829) to work on /home/airflow/.local/lib/python3.8/site-packages/airflow/example_dags/example_sensors.py
[2024-02-18T13:27:25.051+0000] {processor.py:830} INFO - Processing file /home/airflow/.local/lib/python3.8/site-packages/airflow/example_dags/example_sensors.py for tasks to queue
[2024-02-18T13:27:25.054+0000] {logging_mixin.py:188} INFO - [2024-02-18T13:27:25.054+0000] {dagbag.py:538} INFO - Filling up the DagBag from /home/airflow/.local/lib/python3.8/site-packages/airflow/example_dags/example_sensors.py
[2024-02-18T13:27:25.069+0000] {processor.py:840} INFO - DAG(s) 'example_sensors' retrieved from /home/airflow/.local/lib/python3.8/site-packages/airflow/example_dags/example_sensors.py
[2024-02-18T13:27:25.113+0000] {logging_mixin.py:188} INFO - [2024-02-18T13:27:25.113+0000] {dag.py:3036} INFO - Sync 1 DAGs
[2024-02-18T13:27:25.132+0000] {logging_mixin.py:188} INFO - [2024-02-18T13:27:25.131+0000] {dag.py:3823} INFO - Setting next_dagrun for example_sensors to None, run_after=None
[2024-02-18T13:27:25.164+0000] {processor.py:183} INFO - Processing /home/airflow/.local/lib/python3.8/site-packages/airflow/example_dags/example_sensors.py took 0.119 seconds
[2024-02-18T13:27:55.248+0000] {processor.py:161} INFO - Started process (PID=884) to work on /home/airflow/.local/lib/python3.8/site-packages/airflow/example_dags/example_sensors.py
[2024-02-18T13:27:55.249+0000] {processor.py:830} INFO - Processing file /home/airflow/.local/lib/python3.8/site-packages/airflow/example_dags/example_sensors.py for tasks to queue
[2024-02-18T13:27:55.252+0000] {logging_mixin.py:188} INFO - [2024-02-18T13:27:55.252+0000] {dagbag.py:538} INFO - Filling up the DagBag from /home/airflow/.local/lib/python3.8/site-packages/airflow/example_dags/example_sensors.py
[2024-02-18T13:27:55.264+0000] {processor.py:840} INFO - DAG(s) 'example_sensors' retrieved from /home/airflow/.local/lib/python3.8/site-packages/airflow/example_dags/example_sensors.py
[2024-02-18T13:27:55.300+0000] {logging_mixin.py:188} INFO - [2024-02-18T13:27:55.300+0000] {dag.py:3036} INFO - Sync 1 DAGs
[2024-02-18T13:27:55.321+0000] {logging_mixin.py:188} INFO - [2024-02-18T13:27:55.321+0000] {dag.py:3823} INFO - Setting next_dagrun for example_sensors to None, run_after=None
[2024-02-18T13:27:55.349+0000] {processor.py:183} INFO - Processing /home/airflow/.local/lib/python3.8/site-packages/airflow/example_dags/example_sensors.py took 0.107 seconds
