[2024-02-18T13:20:16.525+0000] {processor.py:161} INFO - Started process (PID=52) to work on /home/airflow/.local/lib/python3.8/site-packages/airflow/example_dags/example_external_task_marker_dag.py
[2024-02-18T13:20:16.532+0000] {processor.py:830} INFO - Processing file /home/airflow/.local/lib/python3.8/site-packages/airflow/example_dags/example_external_task_marker_dag.py for tasks to queue
[2024-02-18T13:20:16.544+0000] {logging_mixin.py:188} INFO - [2024-02-18T13:20:16.542+0000] {dagbag.py:538} INFO - Filling up the DagBag from /home/airflow/.local/lib/python3.8/site-packages/airflow/example_dags/example_external_task_marker_dag.py
[2024-02-18T13:20:16.557+0000] {processor.py:840} INFO - DAG(s) 'example_external_task_marker_parent', 'example_external_task_marker_child' retrieved from /home/airflow/.local/lib/python3.8/site-packages/airflow/example_dags/example_external_task_marker_dag.py
[2024-02-18T13:20:16.672+0000] {logging_mixin.py:188} INFO - [2024-02-18T13:20:16.671+0000] {dag.py:3036} INFO - Sync 2 DAGs
[2024-02-18T13:20:16.714+0000] {logging_mixin.py:188} INFO - [2024-02-18T13:20:16.713+0000] {dag.py:3823} INFO - Setting next_dagrun for example_external_task_marker_child to None, run_after=None
[2024-02-18T13:20:16.726+0000] {logging_mixin.py:188} INFO - [2024-02-18T13:20:16.725+0000] {dag.py:3823} INFO - Setting next_dagrun for example_external_task_marker_parent to None, run_after=None
[2024-02-18T13:20:16.828+0000] {processor.py:183} INFO - Processing /home/airflow/.local/lib/python3.8/site-packages/airflow/example_dags/example_external_task_marker_dag.py took 0.309 seconds
[2024-02-18T13:20:46.963+0000] {processor.py:161} INFO - Started process (PID=107) to work on /home/airflow/.local/lib/python3.8/site-packages/airflow/example_dags/example_external_task_marker_dag.py
[2024-02-18T13:20:46.965+0000] {processor.py:830} INFO - Processing file /home/airflow/.local/lib/python3.8/site-packages/airflow/example_dags/example_external_task_marker_dag.py for tasks to queue
[2024-02-18T13:20:46.968+0000] {logging_mixin.py:188} INFO - [2024-02-18T13:20:46.968+0000] {dagbag.py:538} INFO - Filling up the DagBag from /home/airflow/.local/lib/python3.8/site-packages/airflow/example_dags/example_external_task_marker_dag.py
[2024-02-18T13:20:46.979+0000] {processor.py:840} INFO - DAG(s) 'example_external_task_marker_parent', 'example_external_task_marker_child' retrieved from /home/airflow/.local/lib/python3.8/site-packages/airflow/example_dags/example_external_task_marker_dag.py
[2024-02-18T13:20:47.022+0000] {logging_mixin.py:188} INFO - [2024-02-18T13:20:47.021+0000] {dag.py:3036} INFO - Sync 2 DAGs
[2024-02-18T13:20:47.045+0000] {logging_mixin.py:188} INFO - [2024-02-18T13:20:47.044+0000] {dag.py:3823} INFO - Setting next_dagrun for example_external_task_marker_child to None, run_after=None
[2024-02-18T13:20:47.052+0000] {logging_mixin.py:188} INFO - [2024-02-18T13:20:47.051+0000] {dag.py:3823} INFO - Setting next_dagrun for example_external_task_marker_parent to None, run_after=None
[2024-02-18T13:20:47.085+0000] {processor.py:183} INFO - Processing /home/airflow/.local/lib/python3.8/site-packages/airflow/example_dags/example_external_task_marker_dag.py took 0.127 seconds
[2024-02-18T13:21:17.580+0000] {processor.py:161} INFO - Started process (PID=162) to work on /home/airflow/.local/lib/python3.8/site-packages/airflow/example_dags/example_external_task_marker_dag.py
[2024-02-18T13:21:17.581+0000] {processor.py:830} INFO - Processing file /home/airflow/.local/lib/python3.8/site-packages/airflow/example_dags/example_external_task_marker_dag.py for tasks to queue
[2024-02-18T13:21:17.585+0000] {logging_mixin.py:188} INFO - [2024-02-18T13:21:17.584+0000] {dagbag.py:538} INFO - Filling up the DagBag from /home/airflow/.local/lib/python3.8/site-packages/airflow/example_dags/example_external_task_marker_dag.py
[2024-02-18T13:21:17.595+0000] {processor.py:840} INFO - DAG(s) 'example_external_task_marker_child', 'example_external_task_marker_parent' retrieved from /home/airflow/.local/lib/python3.8/site-packages/airflow/example_dags/example_external_task_marker_dag.py
[2024-02-18T13:21:17.636+0000] {logging_mixin.py:188} INFO - [2024-02-18T13:21:17.635+0000] {dag.py:3036} INFO - Sync 2 DAGs
[2024-02-18T13:21:17.658+0000] {logging_mixin.py:188} INFO - [2024-02-18T13:21:17.657+0000] {dag.py:3823} INFO - Setting next_dagrun for example_external_task_marker_child to None, run_after=None
[2024-02-18T13:21:17.665+0000] {logging_mixin.py:188} INFO - [2024-02-18T13:21:17.664+0000] {dag.py:3823} INFO - Setting next_dagrun for example_external_task_marker_parent to None, run_after=None
[2024-02-18T13:21:17.698+0000] {processor.py:183} INFO - Processing /home/airflow/.local/lib/python3.8/site-packages/airflow/example_dags/example_external_task_marker_dag.py took 0.123 seconds
[2024-02-18T13:21:48.205+0000] {processor.py:161} INFO - Started process (PID=217) to work on /home/airflow/.local/lib/python3.8/site-packages/airflow/example_dags/example_external_task_marker_dag.py
[2024-02-18T13:21:48.206+0000] {processor.py:830} INFO - Processing file /home/airflow/.local/lib/python3.8/site-packages/airflow/example_dags/example_external_task_marker_dag.py for tasks to queue
[2024-02-18T13:21:48.210+0000] {logging_mixin.py:188} INFO - [2024-02-18T13:21:48.209+0000] {dagbag.py:538} INFO - Filling up the DagBag from /home/airflow/.local/lib/python3.8/site-packages/airflow/example_dags/example_external_task_marker_dag.py
[2024-02-18T13:21:48.221+0000] {processor.py:840} INFO - DAG(s) 'example_external_task_marker_parent', 'example_external_task_marker_child' retrieved from /home/airflow/.local/lib/python3.8/site-packages/airflow/example_dags/example_external_task_marker_dag.py
[2024-02-18T13:21:48.273+0000] {logging_mixin.py:188} INFO - [2024-02-18T13:21:48.272+0000] {dag.py:3036} INFO - Sync 2 DAGs
[2024-02-18T13:21:48.300+0000] {logging_mixin.py:188} INFO - [2024-02-18T13:21:48.300+0000] {dag.py:3823} INFO - Setting next_dagrun for example_external_task_marker_child to None, run_after=None
[2024-02-18T13:21:48.308+0000] {logging_mixin.py:188} INFO - [2024-02-18T13:21:48.307+0000] {dag.py:3823} INFO - Setting next_dagrun for example_external_task_marker_parent to None, run_after=None
[2024-02-18T13:21:48.342+0000] {processor.py:183} INFO - Processing /home/airflow/.local/lib/python3.8/site-packages/airflow/example_dags/example_external_task_marker_dag.py took 0.144 seconds
[2024-02-18T13:22:18.732+0000] {processor.py:161} INFO - Started process (PID=272) to work on /home/airflow/.local/lib/python3.8/site-packages/airflow/example_dags/example_external_task_marker_dag.py
[2024-02-18T13:22:18.734+0000] {processor.py:830} INFO - Processing file /home/airflow/.local/lib/python3.8/site-packages/airflow/example_dags/example_external_task_marker_dag.py for tasks to queue
[2024-02-18T13:22:18.737+0000] {logging_mixin.py:188} INFO - [2024-02-18T13:22:18.736+0000] {dagbag.py:538} INFO - Filling up the DagBag from /home/airflow/.local/lib/python3.8/site-packages/airflow/example_dags/example_external_task_marker_dag.py
[2024-02-18T13:22:18.747+0000] {processor.py:840} INFO - DAG(s) 'example_external_task_marker_child', 'example_external_task_marker_parent' retrieved from /home/airflow/.local/lib/python3.8/site-packages/airflow/example_dags/example_external_task_marker_dag.py
[2024-02-18T13:22:18.793+0000] {logging_mixin.py:188} INFO - [2024-02-18T13:22:18.792+0000] {dag.py:3036} INFO - Sync 2 DAGs
[2024-02-18T13:22:18.817+0000] {logging_mixin.py:188} INFO - [2024-02-18T13:22:18.817+0000] {dag.py:3823} INFO - Setting next_dagrun for example_external_task_marker_child to None, run_after=None
[2024-02-18T13:22:18.824+0000] {logging_mixin.py:188} INFO - [2024-02-18T13:22:18.824+0000] {dag.py:3823} INFO - Setting next_dagrun for example_external_task_marker_parent to None, run_after=None
[2024-02-18T13:22:18.854+0000] {processor.py:183} INFO - Processing /home/airflow/.local/lib/python3.8/site-packages/airflow/example_dags/example_external_task_marker_dag.py took 0.127 seconds
[2024-02-18T13:22:49.472+0000] {processor.py:161} INFO - Started process (PID=327) to work on /home/airflow/.local/lib/python3.8/site-packages/airflow/example_dags/example_external_task_marker_dag.py
[2024-02-18T13:22:49.475+0000] {processor.py:830} INFO - Processing file /home/airflow/.local/lib/python3.8/site-packages/airflow/example_dags/example_external_task_marker_dag.py for tasks to queue
[2024-02-18T13:22:49.480+0000] {logging_mixin.py:188} INFO - [2024-02-18T13:22:49.479+0000] {dagbag.py:538} INFO - Filling up the DagBag from /home/airflow/.local/lib/python3.8/site-packages/airflow/example_dags/example_external_task_marker_dag.py
[2024-02-18T13:22:49.496+0000] {processor.py:840} INFO - DAG(s) 'example_external_task_marker_child', 'example_external_task_marker_parent' retrieved from /home/airflow/.local/lib/python3.8/site-packages/airflow/example_dags/example_external_task_marker_dag.py
[2024-02-18T13:22:49.558+0000] {logging_mixin.py:188} INFO - [2024-02-18T13:22:49.558+0000] {dag.py:3036} INFO - Sync 2 DAGs
[2024-02-18T13:22:49.590+0000] {logging_mixin.py:188} INFO - [2024-02-18T13:22:49.589+0000] {dag.py:3823} INFO - Setting next_dagrun for example_external_task_marker_child to None, run_after=None
[2024-02-18T13:22:49.601+0000] {logging_mixin.py:188} INFO - [2024-02-18T13:22:49.601+0000] {dag.py:3823} INFO - Setting next_dagrun for example_external_task_marker_parent to None, run_after=None
[2024-02-18T13:22:49.658+0000] {processor.py:183} INFO - Processing /home/airflow/.local/lib/python3.8/site-packages/airflow/example_dags/example_external_task_marker_dag.py took 0.194 seconds
[2024-02-18T13:23:19.878+0000] {processor.py:161} INFO - Started process (PID=382) to work on /home/airflow/.local/lib/python3.8/site-packages/airflow/example_dags/example_external_task_marker_dag.py
[2024-02-18T13:23:19.880+0000] {processor.py:830} INFO - Processing file /home/airflow/.local/lib/python3.8/site-packages/airflow/example_dags/example_external_task_marker_dag.py for tasks to queue
[2024-02-18T13:23:19.884+0000] {logging_mixin.py:188} INFO - [2024-02-18T13:23:19.883+0000] {dagbag.py:538} INFO - Filling up the DagBag from /home/airflow/.local/lib/python3.8/site-packages/airflow/example_dags/example_external_task_marker_dag.py
[2024-02-18T13:23:19.896+0000] {processor.py:840} INFO - DAG(s) 'example_external_task_marker_parent', 'example_external_task_marker_child' retrieved from /home/airflow/.local/lib/python3.8/site-packages/airflow/example_dags/example_external_task_marker_dag.py
[2024-02-18T13:23:19.940+0000] {logging_mixin.py:188} INFO - [2024-02-18T13:23:19.940+0000] {dag.py:3036} INFO - Sync 2 DAGs
[2024-02-18T13:23:19.962+0000] {logging_mixin.py:188} INFO - [2024-02-18T13:23:19.962+0000] {dag.py:3823} INFO - Setting next_dagrun for example_external_task_marker_child to None, run_after=None
[2024-02-18T13:23:19.969+0000] {logging_mixin.py:188} INFO - [2024-02-18T13:23:19.969+0000] {dag.py:3823} INFO - Setting next_dagrun for example_external_task_marker_parent to None, run_after=None
[2024-02-18T13:23:19.998+0000] {processor.py:183} INFO - Processing /home/airflow/.local/lib/python3.8/site-packages/airflow/example_dags/example_external_task_marker_dag.py took 0.125 seconds
[2024-02-18T13:23:50.174+0000] {processor.py:161} INFO - Started process (PID=437) to work on /home/airflow/.local/lib/python3.8/site-packages/airflow/example_dags/example_external_task_marker_dag.py
[2024-02-18T13:23:50.176+0000] {processor.py:830} INFO - Processing file /home/airflow/.local/lib/python3.8/site-packages/airflow/example_dags/example_external_task_marker_dag.py for tasks to queue
[2024-02-18T13:23:50.178+0000] {logging_mixin.py:188} INFO - [2024-02-18T13:23:50.178+0000] {dagbag.py:538} INFO - Filling up the DagBag from /home/airflow/.local/lib/python3.8/site-packages/airflow/example_dags/example_external_task_marker_dag.py
[2024-02-18T13:23:50.188+0000] {processor.py:840} INFO - DAG(s) 'example_external_task_marker_parent', 'example_external_task_marker_child' retrieved from /home/airflow/.local/lib/python3.8/site-packages/airflow/example_dags/example_external_task_marker_dag.py
[2024-02-18T13:23:50.222+0000] {logging_mixin.py:188} INFO - [2024-02-18T13:23:50.222+0000] {dag.py:3036} INFO - Sync 2 DAGs
[2024-02-18T13:23:50.238+0000] {logging_mixin.py:188} INFO - [2024-02-18T13:23:50.237+0000] {dag.py:3823} INFO - Setting next_dagrun for example_external_task_marker_child to None, run_after=None
[2024-02-18T13:23:50.247+0000] {logging_mixin.py:188} INFO - [2024-02-18T13:23:50.247+0000] {dag.py:3823} INFO - Setting next_dagrun for example_external_task_marker_parent to None, run_after=None
[2024-02-18T13:23:50.289+0000] {processor.py:183} INFO - Processing /home/airflow/.local/lib/python3.8/site-packages/airflow/example_dags/example_external_task_marker_dag.py took 0.118 seconds
[2024-02-18T13:24:20.558+0000] {processor.py:161} INFO - Started process (PID=492) to work on /home/airflow/.local/lib/python3.8/site-packages/airflow/example_dags/example_external_task_marker_dag.py
[2024-02-18T13:24:20.559+0000] {processor.py:830} INFO - Processing file /home/airflow/.local/lib/python3.8/site-packages/airflow/example_dags/example_external_task_marker_dag.py for tasks to queue
[2024-02-18T13:24:20.563+0000] {logging_mixin.py:188} INFO - [2024-02-18T13:24:20.562+0000] {dagbag.py:538} INFO - Filling up the DagBag from /home/airflow/.local/lib/python3.8/site-packages/airflow/example_dags/example_external_task_marker_dag.py
[2024-02-18T13:24:20.573+0000] {processor.py:840} INFO - DAG(s) 'example_external_task_marker_child', 'example_external_task_marker_parent' retrieved from /home/airflow/.local/lib/python3.8/site-packages/airflow/example_dags/example_external_task_marker_dag.py
[2024-02-18T13:24:20.615+0000] {logging_mixin.py:188} INFO - [2024-02-18T13:24:20.614+0000] {dag.py:3036} INFO - Sync 2 DAGs
[2024-02-18T13:24:20.635+0000] {logging_mixin.py:188} INFO - [2024-02-18T13:24:20.635+0000] {dag.py:3823} INFO - Setting next_dagrun for example_external_task_marker_child to None, run_after=None
[2024-02-18T13:24:20.643+0000] {logging_mixin.py:188} INFO - [2024-02-18T13:24:20.642+0000] {dag.py:3823} INFO - Setting next_dagrun for example_external_task_marker_parent to None, run_after=None
[2024-02-18T13:24:20.695+0000] {processor.py:183} INFO - Processing /home/airflow/.local/lib/python3.8/site-packages/airflow/example_dags/example_external_task_marker_dag.py took 0.142 seconds
[2024-02-18T13:24:51.021+0000] {processor.py:161} INFO - Started process (PID=547) to work on /home/airflow/.local/lib/python3.8/site-packages/airflow/example_dags/example_external_task_marker_dag.py
[2024-02-18T13:24:51.023+0000] {processor.py:830} INFO - Processing file /home/airflow/.local/lib/python3.8/site-packages/airflow/example_dags/example_external_task_marker_dag.py for tasks to queue
[2024-02-18T13:24:51.027+0000] {logging_mixin.py:188} INFO - [2024-02-18T13:24:51.026+0000] {dagbag.py:538} INFO - Filling up the DagBag from /home/airflow/.local/lib/python3.8/site-packages/airflow/example_dags/example_external_task_marker_dag.py
[2024-02-18T13:24:51.041+0000] {processor.py:840} INFO - DAG(s) 'example_external_task_marker_parent', 'example_external_task_marker_child' retrieved from /home/airflow/.local/lib/python3.8/site-packages/airflow/example_dags/example_external_task_marker_dag.py
[2024-02-18T13:24:51.093+0000] {logging_mixin.py:188} INFO - [2024-02-18T13:24:51.092+0000] {dag.py:3036} INFO - Sync 2 DAGs
[2024-02-18T13:24:51.124+0000] {logging_mixin.py:188} INFO - [2024-02-18T13:24:51.124+0000] {dag.py:3823} INFO - Setting next_dagrun for example_external_task_marker_child to None, run_after=None
[2024-02-18T13:24:51.136+0000] {logging_mixin.py:188} INFO - [2024-02-18T13:24:51.135+0000] {dag.py:3823} INFO - Setting next_dagrun for example_external_task_marker_parent to None, run_after=None
[2024-02-18T13:24:51.172+0000] {processor.py:183} INFO - Processing /home/airflow/.local/lib/python3.8/site-packages/airflow/example_dags/example_external_task_marker_dag.py took 0.158 seconds
[2024-02-18T13:25:21.421+0000] {processor.py:161} INFO - Started process (PID=602) to work on /home/airflow/.local/lib/python3.8/site-packages/airflow/example_dags/example_external_task_marker_dag.py
[2024-02-18T13:25:21.423+0000] {processor.py:830} INFO - Processing file /home/airflow/.local/lib/python3.8/site-packages/airflow/example_dags/example_external_task_marker_dag.py for tasks to queue
[2024-02-18T13:25:21.427+0000] {logging_mixin.py:188} INFO - [2024-02-18T13:25:21.426+0000] {dagbag.py:538} INFO - Filling up the DagBag from /home/airflow/.local/lib/python3.8/site-packages/airflow/example_dags/example_external_task_marker_dag.py
[2024-02-18T13:25:21.437+0000] {processor.py:840} INFO - DAG(s) 'example_external_task_marker_child', 'example_external_task_marker_parent' retrieved from /home/airflow/.local/lib/python3.8/site-packages/airflow/example_dags/example_external_task_marker_dag.py
[2024-02-18T13:25:21.484+0000] {logging_mixin.py:188} INFO - [2024-02-18T13:25:21.483+0000] {dag.py:3036} INFO - Sync 2 DAGs
[2024-02-18T13:25:21.506+0000] {logging_mixin.py:188} INFO - [2024-02-18T13:25:21.505+0000] {dag.py:3823} INFO - Setting next_dagrun for example_external_task_marker_child to None, run_after=None
[2024-02-18T13:25:21.515+0000] {logging_mixin.py:188} INFO - [2024-02-18T13:25:21.515+0000] {dag.py:3823} INFO - Setting next_dagrun for example_external_task_marker_parent to None, run_after=None
[2024-02-18T13:25:21.547+0000] {processor.py:183} INFO - Processing /home/airflow/.local/lib/python3.8/site-packages/airflow/example_dags/example_external_task_marker_dag.py took 0.131 seconds
[2024-02-18T13:25:51.709+0000] {processor.py:161} INFO - Started process (PID=657) to work on /home/airflow/.local/lib/python3.8/site-packages/airflow/example_dags/example_external_task_marker_dag.py
[2024-02-18T13:25:51.711+0000] {processor.py:830} INFO - Processing file /home/airflow/.local/lib/python3.8/site-packages/airflow/example_dags/example_external_task_marker_dag.py for tasks to queue
[2024-02-18T13:25:51.715+0000] {logging_mixin.py:188} INFO - [2024-02-18T13:25:51.714+0000] {dagbag.py:538} INFO - Filling up the DagBag from /home/airflow/.local/lib/python3.8/site-packages/airflow/example_dags/example_external_task_marker_dag.py
[2024-02-18T13:25:51.723+0000] {processor.py:840} INFO - DAG(s) 'example_external_task_marker_parent', 'example_external_task_marker_child' retrieved from /home/airflow/.local/lib/python3.8/site-packages/airflow/example_dags/example_external_task_marker_dag.py
[2024-02-18T13:25:51.766+0000] {logging_mixin.py:188} INFO - [2024-02-18T13:25:51.766+0000] {dag.py:3036} INFO - Sync 2 DAGs
[2024-02-18T13:25:51.786+0000] {logging_mixin.py:188} INFO - [2024-02-18T13:25:51.786+0000] {dag.py:3823} INFO - Setting next_dagrun for example_external_task_marker_child to None, run_after=None
[2024-02-18T13:25:51.793+0000] {logging_mixin.py:188} INFO - [2024-02-18T13:25:51.793+0000] {dag.py:3823} INFO - Setting next_dagrun for example_external_task_marker_parent to None, run_after=None
[2024-02-18T13:25:51.826+0000] {processor.py:183} INFO - Processing /home/airflow/.local/lib/python3.8/site-packages/airflow/example_dags/example_external_task_marker_dag.py took 0.122 seconds
[2024-02-18T13:26:21.940+0000] {processor.py:161} INFO - Started process (PID=711) to work on /home/airflow/.local/lib/python3.8/site-packages/airflow/example_dags/example_external_task_marker_dag.py
[2024-02-18T13:26:21.942+0000] {processor.py:830} INFO - Processing file /home/airflow/.local/lib/python3.8/site-packages/airflow/example_dags/example_external_task_marker_dag.py for tasks to queue
[2024-02-18T13:26:21.948+0000] {logging_mixin.py:188} INFO - [2024-02-18T13:26:21.947+0000] {dagbag.py:538} INFO - Filling up the DagBag from /home/airflow/.local/lib/python3.8/site-packages/airflow/example_dags/example_external_task_marker_dag.py
[2024-02-18T13:26:21.970+0000] {processor.py:840} INFO - DAG(s) 'example_external_task_marker_child', 'example_external_task_marker_parent' retrieved from /home/airflow/.local/lib/python3.8/site-packages/airflow/example_dags/example_external_task_marker_dag.py
[2024-02-18T13:26:22.027+0000] {logging_mixin.py:188} INFO - [2024-02-18T13:26:22.027+0000] {dag.py:3036} INFO - Sync 2 DAGs
[2024-02-18T13:26:22.049+0000] {logging_mixin.py:188} INFO - [2024-02-18T13:26:22.048+0000] {dag.py:3823} INFO - Setting next_dagrun for example_external_task_marker_child to None, run_after=None
[2024-02-18T13:26:22.055+0000] {logging_mixin.py:188} INFO - [2024-02-18T13:26:22.055+0000] {dag.py:3823} INFO - Setting next_dagrun for example_external_task_marker_parent to None, run_after=None
[2024-02-18T13:26:22.081+0000] {processor.py:183} INFO - Processing /home/airflow/.local/lib/python3.8/site-packages/airflow/example_dags/example_external_task_marker_dag.py took 0.152 seconds
[2024-02-18T13:26:52.795+0000] {processor.py:161} INFO - Started process (PID=767) to work on /home/airflow/.local/lib/python3.8/site-packages/airflow/example_dags/example_external_task_marker_dag.py
[2024-02-18T13:26:52.796+0000] {processor.py:830} INFO - Processing file /home/airflow/.local/lib/python3.8/site-packages/airflow/example_dags/example_external_task_marker_dag.py for tasks to queue
[2024-02-18T13:26:52.800+0000] {logging_mixin.py:188} INFO - [2024-02-18T13:26:52.799+0000] {dagbag.py:538} INFO - Filling up the DagBag from /home/airflow/.local/lib/python3.8/site-packages/airflow/example_dags/example_external_task_marker_dag.py
[2024-02-18T13:26:52.809+0000] {processor.py:840} INFO - DAG(s) 'example_external_task_marker_parent', 'example_external_task_marker_child' retrieved from /home/airflow/.local/lib/python3.8/site-packages/airflow/example_dags/example_external_task_marker_dag.py
[2024-02-18T13:26:52.861+0000] {logging_mixin.py:188} INFO - [2024-02-18T13:26:52.861+0000] {dag.py:3036} INFO - Sync 2 DAGs
[2024-02-18T13:26:52.888+0000] {logging_mixin.py:188} INFO - [2024-02-18T13:26:52.887+0000] {dag.py:3823} INFO - Setting next_dagrun for example_external_task_marker_child to None, run_after=None
[2024-02-18T13:26:52.895+0000] {logging_mixin.py:188} INFO - [2024-02-18T13:26:52.894+0000] {dag.py:3823} INFO - Setting next_dagrun for example_external_task_marker_parent to None, run_after=None
[2024-02-18T13:26:52.963+0000] {processor.py:183} INFO - Processing /home/airflow/.local/lib/python3.8/site-packages/airflow/example_dags/example_external_task_marker_dag.py took 0.174 seconds
[2024-02-18T13:27:23.917+0000] {processor.py:161} INFO - Started process (PID=822) to work on /home/airflow/.local/lib/python3.8/site-packages/airflow/example_dags/example_external_task_marker_dag.py
[2024-02-18T13:27:23.919+0000] {processor.py:830} INFO - Processing file /home/airflow/.local/lib/python3.8/site-packages/airflow/example_dags/example_external_task_marker_dag.py for tasks to queue
[2024-02-18T13:27:23.922+0000] {logging_mixin.py:188} INFO - [2024-02-18T13:27:23.922+0000] {dagbag.py:538} INFO - Filling up the DagBag from /home/airflow/.local/lib/python3.8/site-packages/airflow/example_dags/example_external_task_marker_dag.py
[2024-02-18T13:27:23.931+0000] {processor.py:840} INFO - DAG(s) 'example_external_task_marker_parent', 'example_external_task_marker_child' retrieved from /home/airflow/.local/lib/python3.8/site-packages/airflow/example_dags/example_external_task_marker_dag.py
[2024-02-18T13:27:23.972+0000] {logging_mixin.py:188} INFO - [2024-02-18T13:27:23.971+0000] {dag.py:3036} INFO - Sync 2 DAGs
[2024-02-18T13:27:23.990+0000] {logging_mixin.py:188} INFO - [2024-02-18T13:27:23.990+0000] {dag.py:3823} INFO - Setting next_dagrun for example_external_task_marker_child to None, run_after=None
[2024-02-18T13:27:24.001+0000] {logging_mixin.py:188} INFO - [2024-02-18T13:27:24.000+0000] {dag.py:3823} INFO - Setting next_dagrun for example_external_task_marker_parent to None, run_after=None
[2024-02-18T13:27:24.044+0000] {processor.py:183} INFO - Processing /home/airflow/.local/lib/python3.8/site-packages/airflow/example_dags/example_external_task_marker_dag.py took 0.137 seconds
[2024-02-18T13:27:54.398+0000] {processor.py:161} INFO - Started process (PID=877) to work on /home/airflow/.local/lib/python3.8/site-packages/airflow/example_dags/example_external_task_marker_dag.py
[2024-02-18T13:27:54.400+0000] {processor.py:830} INFO - Processing file /home/airflow/.local/lib/python3.8/site-packages/airflow/example_dags/example_external_task_marker_dag.py for tasks to queue
[2024-02-18T13:27:54.404+0000] {logging_mixin.py:188} INFO - [2024-02-18T13:27:54.403+0000] {dagbag.py:538} INFO - Filling up the DagBag from /home/airflow/.local/lib/python3.8/site-packages/airflow/example_dags/example_external_task_marker_dag.py
[2024-02-18T13:27:54.417+0000] {processor.py:840} INFO - DAG(s) 'example_external_task_marker_child', 'example_external_task_marker_parent' retrieved from /home/airflow/.local/lib/python3.8/site-packages/airflow/example_dags/example_external_task_marker_dag.py
[2024-02-18T13:27:54.466+0000] {logging_mixin.py:188} INFO - [2024-02-18T13:27:54.466+0000] {dag.py:3036} INFO - Sync 2 DAGs
[2024-02-18T13:27:54.490+0000] {logging_mixin.py:188} INFO - [2024-02-18T13:27:54.490+0000] {dag.py:3823} INFO - Setting next_dagrun for example_external_task_marker_child to None, run_after=None
[2024-02-18T13:27:54.500+0000] {logging_mixin.py:188} INFO - [2024-02-18T13:27:54.499+0000] {dag.py:3823} INFO - Setting next_dagrun for example_external_task_marker_parent to None, run_after=None
[2024-02-18T13:27:54.537+0000] {processor.py:183} INFO - Processing /home/airflow/.local/lib/python3.8/site-packages/airflow/example_dags/example_external_task_marker_dag.py took 0.148 seconds
