[2024-02-18T13:20:14.289+0000] {processor.py:161} INFO - Started process (PID=40) to work on /home/airflow/.local/lib/python3.8/site-packages/airflow/example_dags/example_skip_dag.py
[2024-02-18T13:20:14.291+0000] {processor.py:830} INFO - Processing file /home/airflow/.local/lib/python3.8/site-packages/airflow/example_dags/example_skip_dag.py for tasks to queue
[2024-02-18T13:20:14.296+0000] {logging_mixin.py:188} INFO - [2024-02-18T13:20:14.296+0000] {dagbag.py:538} INFO - Filling up the DagBag from /home/airflow/.local/lib/python3.8/site-packages/airflow/example_dags/example_skip_dag.py
[2024-02-18T13:20:14.323+0000] {processor.py:840} INFO - DAG(s) 'example_skip_dag' retrieved from /home/airflow/.local/lib/python3.8/site-packages/airflow/example_dags/example_skip_dag.py
[2024-02-18T13:20:14.479+0000] {logging_mixin.py:188} INFO - [2024-02-18T13:20:14.478+0000] {dag.py:3036} INFO - Sync 1 DAGs
[2024-02-18T13:20:14.539+0000] {logging_mixin.py:188} INFO - [2024-02-18T13:20:14.538+0000] {dag.py:3823} INFO - Setting next_dagrun for example_skip_dag to 2024-02-17 00:00:00+00:00, run_after=2024-02-18 00:00:00+00:00
[2024-02-18T13:20:14.585+0000] {processor.py:183} INFO - Processing /home/airflow/.local/lib/python3.8/site-packages/airflow/example_dags/example_skip_dag.py took 0.304 seconds
[2024-02-18T13:20:45.471+0000] {processor.py:161} INFO - Started process (PID=95) to work on /home/airflow/.local/lib/python3.8/site-packages/airflow/example_dags/example_skip_dag.py
[2024-02-18T13:20:45.473+0000] {processor.py:830} INFO - Processing file /home/airflow/.local/lib/python3.8/site-packages/airflow/example_dags/example_skip_dag.py for tasks to queue
[2024-02-18T13:20:45.478+0000] {logging_mixin.py:188} INFO - [2024-02-18T13:20:45.477+0000] {dagbag.py:538} INFO - Filling up the DagBag from /home/airflow/.local/lib/python3.8/site-packages/airflow/example_dags/example_skip_dag.py
[2024-02-18T13:20:45.491+0000] {processor.py:840} INFO - DAG(s) 'example_skip_dag' retrieved from /home/airflow/.local/lib/python3.8/site-packages/airflow/example_dags/example_skip_dag.py
[2024-02-18T13:20:45.538+0000] {logging_mixin.py:188} INFO - [2024-02-18T13:20:45.537+0000] {dag.py:3036} INFO - Sync 1 DAGs
[2024-02-18T13:20:45.579+0000] {logging_mixin.py:188} INFO - [2024-02-18T13:20:45.579+0000] {dag.py:3823} INFO - Setting next_dagrun for example_skip_dag to 2024-02-17 00:00:00+00:00, run_after=2024-02-18 00:00:00+00:00
[2024-02-18T13:20:45.621+0000] {processor.py:183} INFO - Processing /home/airflow/.local/lib/python3.8/site-packages/airflow/example_dags/example_skip_dag.py took 0.158 seconds
[2024-02-18T13:21:16.192+0000] {processor.py:161} INFO - Started process (PID=150) to work on /home/airflow/.local/lib/python3.8/site-packages/airflow/example_dags/example_skip_dag.py
[2024-02-18T13:21:16.194+0000] {processor.py:830} INFO - Processing file /home/airflow/.local/lib/python3.8/site-packages/airflow/example_dags/example_skip_dag.py for tasks to queue
[2024-02-18T13:21:16.197+0000] {logging_mixin.py:188} INFO - [2024-02-18T13:21:16.197+0000] {dagbag.py:538} INFO - Filling up the DagBag from /home/airflow/.local/lib/python3.8/site-packages/airflow/example_dags/example_skip_dag.py
[2024-02-18T13:21:16.209+0000] {processor.py:840} INFO - DAG(s) 'example_skip_dag' retrieved from /home/airflow/.local/lib/python3.8/site-packages/airflow/example_dags/example_skip_dag.py
[2024-02-18T13:21:16.249+0000] {logging_mixin.py:188} INFO - [2024-02-18T13:21:16.248+0000] {dag.py:3036} INFO - Sync 1 DAGs
[2024-02-18T13:21:16.287+0000] {logging_mixin.py:188} INFO - [2024-02-18T13:21:16.286+0000] {dag.py:3823} INFO - Setting next_dagrun for example_skip_dag to 2024-02-17 00:00:00+00:00, run_after=2024-02-18 00:00:00+00:00
[2024-02-18T13:21:16.328+0000] {processor.py:183} INFO - Processing /home/airflow/.local/lib/python3.8/site-packages/airflow/example_dags/example_skip_dag.py took 0.143 seconds
[2024-02-18T13:21:46.761+0000] {processor.py:161} INFO - Started process (PID=205) to work on /home/airflow/.local/lib/python3.8/site-packages/airflow/example_dags/example_skip_dag.py
[2024-02-18T13:21:46.763+0000] {processor.py:830} INFO - Processing file /home/airflow/.local/lib/python3.8/site-packages/airflow/example_dags/example_skip_dag.py for tasks to queue
[2024-02-18T13:21:46.767+0000] {logging_mixin.py:188} INFO - [2024-02-18T13:21:46.766+0000] {dagbag.py:538} INFO - Filling up the DagBag from /home/airflow/.local/lib/python3.8/site-packages/airflow/example_dags/example_skip_dag.py
[2024-02-18T13:21:46.779+0000] {processor.py:840} INFO - DAG(s) 'example_skip_dag' retrieved from /home/airflow/.local/lib/python3.8/site-packages/airflow/example_dags/example_skip_dag.py
[2024-02-18T13:21:46.820+0000] {logging_mixin.py:188} INFO - [2024-02-18T13:21:46.819+0000] {dag.py:3036} INFO - Sync 1 DAGs
[2024-02-18T13:21:46.857+0000] {logging_mixin.py:188} INFO - [2024-02-18T13:21:46.857+0000] {dag.py:3823} INFO - Setting next_dagrun for example_skip_dag to 2024-02-17 00:00:00+00:00, run_after=2024-02-18 00:00:00+00:00
[2024-02-18T13:21:46.895+0000] {processor.py:183} INFO - Processing /home/airflow/.local/lib/python3.8/site-packages/airflow/example_dags/example_skip_dag.py took 0.141 seconds
[2024-02-18T13:22:17.502+0000] {processor.py:161} INFO - Started process (PID=260) to work on /home/airflow/.local/lib/python3.8/site-packages/airflow/example_dags/example_skip_dag.py
[2024-02-18T13:22:17.504+0000] {processor.py:830} INFO - Processing file /home/airflow/.local/lib/python3.8/site-packages/airflow/example_dags/example_skip_dag.py for tasks to queue
[2024-02-18T13:22:17.508+0000] {logging_mixin.py:188} INFO - [2024-02-18T13:22:17.507+0000] {dagbag.py:538} INFO - Filling up the DagBag from /home/airflow/.local/lib/python3.8/site-packages/airflow/example_dags/example_skip_dag.py
[2024-02-18T13:22:17.520+0000] {processor.py:840} INFO - DAG(s) 'example_skip_dag' retrieved from /home/airflow/.local/lib/python3.8/site-packages/airflow/example_dags/example_skip_dag.py
[2024-02-18T13:22:17.562+0000] {logging_mixin.py:188} INFO - [2024-02-18T13:22:17.561+0000] {dag.py:3036} INFO - Sync 1 DAGs
[2024-02-18T13:22:17.601+0000] {logging_mixin.py:188} INFO - [2024-02-18T13:22:17.600+0000] {dag.py:3823} INFO - Setting next_dagrun for example_skip_dag to 2024-02-17 00:00:00+00:00, run_after=2024-02-18 00:00:00+00:00
[2024-02-18T13:22:17.641+0000] {processor.py:183} INFO - Processing /home/airflow/.local/lib/python3.8/site-packages/airflow/example_dags/example_skip_dag.py took 0.144 seconds
[2024-02-18T13:22:47.693+0000] {processor.py:161} INFO - Started process (PID=314) to work on /home/airflow/.local/lib/python3.8/site-packages/airflow/example_dags/example_skip_dag.py
[2024-02-18T13:22:47.695+0000] {processor.py:830} INFO - Processing file /home/airflow/.local/lib/python3.8/site-packages/airflow/example_dags/example_skip_dag.py for tasks to queue
[2024-02-18T13:22:47.698+0000] {logging_mixin.py:188} INFO - [2024-02-18T13:22:47.698+0000] {dagbag.py:538} INFO - Filling up the DagBag from /home/airflow/.local/lib/python3.8/site-packages/airflow/example_dags/example_skip_dag.py
[2024-02-18T13:22:47.711+0000] {processor.py:840} INFO - DAG(s) 'example_skip_dag' retrieved from /home/airflow/.local/lib/python3.8/site-packages/airflow/example_dags/example_skip_dag.py
[2024-02-18T13:22:47.761+0000] {logging_mixin.py:188} INFO - [2024-02-18T13:22:47.761+0000] {dag.py:3036} INFO - Sync 1 DAGs
[2024-02-18T13:22:47.804+0000] {logging_mixin.py:188} INFO - [2024-02-18T13:22:47.804+0000] {dag.py:3823} INFO - Setting next_dagrun for example_skip_dag to 2024-02-17 00:00:00+00:00, run_after=2024-02-18 00:00:00+00:00
[2024-02-18T13:22:47.882+0000] {processor.py:183} INFO - Processing /home/airflow/.local/lib/python3.8/site-packages/airflow/example_dags/example_skip_dag.py took 0.195 seconds
[2024-02-18T13:23:18.419+0000] {processor.py:161} INFO - Started process (PID=369) to work on /home/airflow/.local/lib/python3.8/site-packages/airflow/example_dags/example_skip_dag.py
[2024-02-18T13:23:18.423+0000] {processor.py:830} INFO - Processing file /home/airflow/.local/lib/python3.8/site-packages/airflow/example_dags/example_skip_dag.py for tasks to queue
[2024-02-18T13:23:18.432+0000] {logging_mixin.py:188} INFO - [2024-02-18T13:23:18.432+0000] {dagbag.py:538} INFO - Filling up the DagBag from /home/airflow/.local/lib/python3.8/site-packages/airflow/example_dags/example_skip_dag.py
[2024-02-18T13:23:18.452+0000] {processor.py:840} INFO - DAG(s) 'example_skip_dag' retrieved from /home/airflow/.local/lib/python3.8/site-packages/airflow/example_dags/example_skip_dag.py
[2024-02-18T13:23:18.508+0000] {logging_mixin.py:188} INFO - [2024-02-18T13:23:18.507+0000] {dag.py:3036} INFO - Sync 1 DAGs
[2024-02-18T13:23:18.557+0000] {logging_mixin.py:188} INFO - [2024-02-18T13:23:18.556+0000] {dag.py:3823} INFO - Setting next_dagrun for example_skip_dag to 2024-02-17 00:00:00+00:00, run_after=2024-02-18 00:00:00+00:00
[2024-02-18T13:23:18.599+0000] {processor.py:183} INFO - Processing /home/airflow/.local/lib/python3.8/site-packages/airflow/example_dags/example_skip_dag.py took 0.187 seconds
[2024-02-18T13:23:48.846+0000] {processor.py:161} INFO - Started process (PID=424) to work on /home/airflow/.local/lib/python3.8/site-packages/airflow/example_dags/example_skip_dag.py
[2024-02-18T13:23:48.847+0000] {processor.py:830} INFO - Processing file /home/airflow/.local/lib/python3.8/site-packages/airflow/example_dags/example_skip_dag.py for tasks to queue
[2024-02-18T13:23:48.850+0000] {logging_mixin.py:188} INFO - [2024-02-18T13:23:48.850+0000] {dagbag.py:538} INFO - Filling up the DagBag from /home/airflow/.local/lib/python3.8/site-packages/airflow/example_dags/example_skip_dag.py
[2024-02-18T13:23:48.859+0000] {processor.py:840} INFO - DAG(s) 'example_skip_dag' retrieved from /home/airflow/.local/lib/python3.8/site-packages/airflow/example_dags/example_skip_dag.py
[2024-02-18T13:23:48.926+0000] {logging_mixin.py:188} INFO - [2024-02-18T13:23:48.926+0000] {dag.py:3036} INFO - Sync 1 DAGs
[2024-02-18T13:23:48.959+0000] {logging_mixin.py:188} INFO - [2024-02-18T13:23:48.958+0000] {dag.py:3823} INFO - Setting next_dagrun for example_skip_dag to 2024-02-17 00:00:00+00:00, run_after=2024-02-18 00:00:00+00:00
[2024-02-18T13:23:48.991+0000] {processor.py:183} INFO - Processing /home/airflow/.local/lib/python3.8/site-packages/airflow/example_dags/example_skip_dag.py took 0.149 seconds
[2024-02-18T13:24:19.175+0000] {processor.py:161} INFO - Started process (PID=479) to work on /home/airflow/.local/lib/python3.8/site-packages/airflow/example_dags/example_skip_dag.py
[2024-02-18T13:24:19.177+0000] {processor.py:830} INFO - Processing file /home/airflow/.local/lib/python3.8/site-packages/airflow/example_dags/example_skip_dag.py for tasks to queue
[2024-02-18T13:24:19.181+0000] {logging_mixin.py:188} INFO - [2024-02-18T13:24:19.180+0000] {dagbag.py:538} INFO - Filling up the DagBag from /home/airflow/.local/lib/python3.8/site-packages/airflow/example_dags/example_skip_dag.py
[2024-02-18T13:24:19.200+0000] {processor.py:840} INFO - DAG(s) 'example_skip_dag' retrieved from /home/airflow/.local/lib/python3.8/site-packages/airflow/example_dags/example_skip_dag.py
[2024-02-18T13:24:19.245+0000] {logging_mixin.py:188} INFO - [2024-02-18T13:24:19.245+0000] {dag.py:3036} INFO - Sync 1 DAGs
[2024-02-18T13:24:19.286+0000] {logging_mixin.py:188} INFO - [2024-02-18T13:24:19.285+0000] {dag.py:3823} INFO - Setting next_dagrun for example_skip_dag to 2024-02-17 00:00:00+00:00, run_after=2024-02-18 00:00:00+00:00
[2024-02-18T13:24:19.342+0000] {processor.py:183} INFO - Processing /home/airflow/.local/lib/python3.8/site-packages/airflow/example_dags/example_skip_dag.py took 0.173 seconds
[2024-02-18T13:24:49.412+0000] {processor.py:161} INFO - Started process (PID=534) to work on /home/airflow/.local/lib/python3.8/site-packages/airflow/example_dags/example_skip_dag.py
[2024-02-18T13:24:49.414+0000] {processor.py:830} INFO - Processing file /home/airflow/.local/lib/python3.8/site-packages/airflow/example_dags/example_skip_dag.py for tasks to queue
[2024-02-18T13:24:49.417+0000] {logging_mixin.py:188} INFO - [2024-02-18T13:24:49.417+0000] {dagbag.py:538} INFO - Filling up the DagBag from /home/airflow/.local/lib/python3.8/site-packages/airflow/example_dags/example_skip_dag.py
[2024-02-18T13:24:49.430+0000] {processor.py:840} INFO - DAG(s) 'example_skip_dag' retrieved from /home/airflow/.local/lib/python3.8/site-packages/airflow/example_dags/example_skip_dag.py
[2024-02-18T13:24:49.485+0000] {logging_mixin.py:188} INFO - [2024-02-18T13:24:49.484+0000] {dag.py:3036} INFO - Sync 1 DAGs
[2024-02-18T13:24:49.526+0000] {logging_mixin.py:188} INFO - [2024-02-18T13:24:49.526+0000] {dag.py:3823} INFO - Setting next_dagrun for example_skip_dag to 2024-02-17 00:00:00+00:00, run_after=2024-02-18 00:00:00+00:00
[2024-02-18T13:24:49.563+0000] {processor.py:183} INFO - Processing /home/airflow/.local/lib/python3.8/site-packages/airflow/example_dags/example_skip_dag.py took 0.156 seconds
[2024-02-18T13:25:20.000+0000] {processor.py:161} INFO - Started process (PID=589) to work on /home/airflow/.local/lib/python3.8/site-packages/airflow/example_dags/example_skip_dag.py
[2024-02-18T13:25:20.002+0000] {processor.py:830} INFO - Processing file /home/airflow/.local/lib/python3.8/site-packages/airflow/example_dags/example_skip_dag.py for tasks to queue
[2024-02-18T13:25:20.005+0000] {logging_mixin.py:188} INFO - [2024-02-18T13:25:20.004+0000] {dagbag.py:538} INFO - Filling up the DagBag from /home/airflow/.local/lib/python3.8/site-packages/airflow/example_dags/example_skip_dag.py
[2024-02-18T13:25:20.018+0000] {processor.py:840} INFO - DAG(s) 'example_skip_dag' retrieved from /home/airflow/.local/lib/python3.8/site-packages/airflow/example_dags/example_skip_dag.py
[2024-02-18T13:25:20.055+0000] {logging_mixin.py:188} INFO - [2024-02-18T13:25:20.054+0000] {dag.py:3036} INFO - Sync 1 DAGs
[2024-02-18T13:25:20.098+0000] {logging_mixin.py:188} INFO - [2024-02-18T13:25:20.097+0000] {dag.py:3823} INFO - Setting next_dagrun for example_skip_dag to 2024-02-17 00:00:00+00:00, run_after=2024-02-18 00:00:00+00:00
[2024-02-18T13:25:20.132+0000] {processor.py:183} INFO - Processing /home/airflow/.local/lib/python3.8/site-packages/airflow/example_dags/example_skip_dag.py took 0.137 seconds
[2024-02-18T13:25:50.238+0000] {processor.py:161} INFO - Started process (PID=644) to work on /home/airflow/.local/lib/python3.8/site-packages/airflow/example_dags/example_skip_dag.py
[2024-02-18T13:25:50.240+0000] {processor.py:830} INFO - Processing file /home/airflow/.local/lib/python3.8/site-packages/airflow/example_dags/example_skip_dag.py for tasks to queue
[2024-02-18T13:25:50.246+0000] {logging_mixin.py:188} INFO - [2024-02-18T13:25:50.245+0000] {dagbag.py:538} INFO - Filling up the DagBag from /home/airflow/.local/lib/python3.8/site-packages/airflow/example_dags/example_skip_dag.py
[2024-02-18T13:25:50.270+0000] {processor.py:840} INFO - DAG(s) 'example_skip_dag' retrieved from /home/airflow/.local/lib/python3.8/site-packages/airflow/example_dags/example_skip_dag.py
[2024-02-18T13:25:50.309+0000] {logging_mixin.py:188} INFO - [2024-02-18T13:25:50.309+0000] {dag.py:3036} INFO - Sync 1 DAGs
[2024-02-18T13:25:50.345+0000] {logging_mixin.py:188} INFO - [2024-02-18T13:25:50.344+0000] {dag.py:3823} INFO - Setting next_dagrun for example_skip_dag to 2024-02-17 00:00:00+00:00, run_after=2024-02-18 00:00:00+00:00
[2024-02-18T13:25:50.379+0000] {processor.py:183} INFO - Processing /home/airflow/.local/lib/python3.8/site-packages/airflow/example_dags/example_skip_dag.py took 0.146 seconds
[2024-02-18T13:26:20.673+0000] {processor.py:161} INFO - Started process (PID=699) to work on /home/airflow/.local/lib/python3.8/site-packages/airflow/example_dags/example_skip_dag.py
[2024-02-18T13:26:20.676+0000] {processor.py:830} INFO - Processing file /home/airflow/.local/lib/python3.8/site-packages/airflow/example_dags/example_skip_dag.py for tasks to queue
[2024-02-18T13:26:20.682+0000] {logging_mixin.py:188} INFO - [2024-02-18T13:26:20.681+0000] {dagbag.py:538} INFO - Filling up the DagBag from /home/airflow/.local/lib/python3.8/site-packages/airflow/example_dags/example_skip_dag.py
[2024-02-18T13:26:20.703+0000] {processor.py:840} INFO - DAG(s) 'example_skip_dag' retrieved from /home/airflow/.local/lib/python3.8/site-packages/airflow/example_dags/example_skip_dag.py
[2024-02-18T13:26:20.759+0000] {logging_mixin.py:188} INFO - [2024-02-18T13:26:20.759+0000] {dag.py:3036} INFO - Sync 1 DAGs
[2024-02-18T13:26:20.813+0000] {logging_mixin.py:188} INFO - [2024-02-18T13:26:20.813+0000] {dag.py:3823} INFO - Setting next_dagrun for example_skip_dag to 2024-02-17 00:00:00+00:00, run_after=2024-02-18 00:00:00+00:00
[2024-02-18T13:26:20.842+0000] {processor.py:183} INFO - Processing /home/airflow/.local/lib/python3.8/site-packages/airflow/example_dags/example_skip_dag.py took 0.173 seconds
[2024-02-18T13:26:51.368+0000] {processor.py:161} INFO - Started process (PID=754) to work on /home/airflow/.local/lib/python3.8/site-packages/airflow/example_dags/example_skip_dag.py
[2024-02-18T13:26:51.374+0000] {processor.py:830} INFO - Processing file /home/airflow/.local/lib/python3.8/site-packages/airflow/example_dags/example_skip_dag.py for tasks to queue
[2024-02-18T13:26:51.378+0000] {logging_mixin.py:188} INFO - [2024-02-18T13:26:51.377+0000] {dagbag.py:538} INFO - Filling up the DagBag from /home/airflow/.local/lib/python3.8/site-packages/airflow/example_dags/example_skip_dag.py
[2024-02-18T13:26:51.398+0000] {processor.py:840} INFO - DAG(s) 'example_skip_dag' retrieved from /home/airflow/.local/lib/python3.8/site-packages/airflow/example_dags/example_skip_dag.py
[2024-02-18T13:26:51.459+0000] {logging_mixin.py:188} INFO - [2024-02-18T13:26:51.459+0000] {dag.py:3036} INFO - Sync 1 DAGs
[2024-02-18T13:26:51.519+0000] {logging_mixin.py:188} INFO - [2024-02-18T13:26:51.519+0000] {dag.py:3823} INFO - Setting next_dagrun for example_skip_dag to 2024-02-17 00:00:00+00:00, run_after=2024-02-18 00:00:00+00:00
[2024-02-18T13:26:51.556+0000] {processor.py:183} INFO - Processing /home/airflow/.local/lib/python3.8/site-packages/airflow/example_dags/example_skip_dag.py took 0.194 seconds
[2024-02-18T13:27:21.860+0000] {processor.py:161} INFO - Started process (PID=809) to work on /home/airflow/.local/lib/python3.8/site-packages/airflow/example_dags/example_skip_dag.py
[2024-02-18T13:27:21.862+0000] {processor.py:830} INFO - Processing file /home/airflow/.local/lib/python3.8/site-packages/airflow/example_dags/example_skip_dag.py for tasks to queue
[2024-02-18T13:27:21.865+0000] {logging_mixin.py:188} INFO - [2024-02-18T13:27:21.865+0000] {dagbag.py:538} INFO - Filling up the DagBag from /home/airflow/.local/lib/python3.8/site-packages/airflow/example_dags/example_skip_dag.py
[2024-02-18T13:27:21.888+0000] {processor.py:840} INFO - DAG(s) 'example_skip_dag' retrieved from /home/airflow/.local/lib/python3.8/site-packages/airflow/example_dags/example_skip_dag.py
[2024-02-18T13:27:21.951+0000] {logging_mixin.py:188} INFO - [2024-02-18T13:27:21.951+0000] {dag.py:3036} INFO - Sync 1 DAGs
[2024-02-18T13:27:22.003+0000] {logging_mixin.py:188} INFO - [2024-02-18T13:27:22.003+0000] {dag.py:3823} INFO - Setting next_dagrun for example_skip_dag to 2024-02-17 00:00:00+00:00, run_after=2024-02-18 00:00:00+00:00
[2024-02-18T13:27:22.030+0000] {processor.py:183} INFO - Processing /home/airflow/.local/lib/python3.8/site-packages/airflow/example_dags/example_skip_dag.py took 0.178 seconds
[2024-02-18T13:27:52.326+0000] {processor.py:161} INFO - Started process (PID=864) to work on /home/airflow/.local/lib/python3.8/site-packages/airflow/example_dags/example_skip_dag.py
[2024-02-18T13:27:52.328+0000] {processor.py:830} INFO - Processing file /home/airflow/.local/lib/python3.8/site-packages/airflow/example_dags/example_skip_dag.py for tasks to queue
[2024-02-18T13:27:52.332+0000] {logging_mixin.py:188} INFO - [2024-02-18T13:27:52.331+0000] {dagbag.py:538} INFO - Filling up the DagBag from /home/airflow/.local/lib/python3.8/site-packages/airflow/example_dags/example_skip_dag.py
[2024-02-18T13:27:52.343+0000] {processor.py:840} INFO - DAG(s) 'example_skip_dag' retrieved from /home/airflow/.local/lib/python3.8/site-packages/airflow/example_dags/example_skip_dag.py
[2024-02-18T13:27:52.401+0000] {logging_mixin.py:188} INFO - [2024-02-18T13:27:52.401+0000] {dag.py:3036} INFO - Sync 1 DAGs
[2024-02-18T13:27:52.441+0000] {logging_mixin.py:188} INFO - [2024-02-18T13:27:52.441+0000] {dag.py:3823} INFO - Setting next_dagrun for example_skip_dag to 2024-02-17 00:00:00+00:00, run_after=2024-02-18 00:00:00+00:00
[2024-02-18T13:27:52.481+0000] {processor.py:183} INFO - Processing /home/airflow/.local/lib/python3.8/site-packages/airflow/example_dags/example_skip_dag.py took 0.160 seconds
