[2024-02-18T13:20:18.337+0000] {processor.py:161} INFO - Started process (PID=63) to work on /home/airflow/.local/lib/python3.8/site-packages/airflow/example_dags/example_branch_labels.py
[2024-02-18T13:20:18.339+0000] {processor.py:830} INFO - Processing file /home/airflow/.local/lib/python3.8/site-packages/airflow/example_dags/example_branch_labels.py for tasks to queue
[2024-02-18T13:20:18.342+0000] {logging_mixin.py:188} INFO - [2024-02-18T13:20:18.342+0000] {dagbag.py:538} INFO - Filling up the DagBag from /home/airflow/.local/lib/python3.8/site-packages/airflow/example_dags/example_branch_labels.py
[2024-02-18T13:20:18.360+0000] {processor.py:840} INFO - DAG(s) 'example_branch_labels' retrieved from /home/airflow/.local/lib/python3.8/site-packages/airflow/example_dags/example_branch_labels.py
[2024-02-18T13:20:18.403+0000] {logging_mixin.py:188} INFO - [2024-02-18T13:20:18.403+0000] {dag.py:3036} INFO - Sync 1 DAGs
[2024-02-18T13:20:18.454+0000] {logging_mixin.py:188} INFO - [2024-02-18T13:20:18.454+0000] {dag.py:3823} INFO - Setting next_dagrun for example_branch_labels to 2024-02-17 00:00:00+00:00, run_after=2024-02-18 00:00:00+00:00
[2024-02-18T13:20:18.506+0000] {processor.py:183} INFO - Processing /home/airflow/.local/lib/python3.8/site-packages/airflow/example_dags/example_branch_labels.py took 0.178 seconds
[2024-02-18T13:20:48.656+0000] {processor.py:161} INFO - Started process (PID=118) to work on /home/airflow/.local/lib/python3.8/site-packages/airflow/example_dags/example_branch_labels.py
[2024-02-18T13:20:48.657+0000] {processor.py:830} INFO - Processing file /home/airflow/.local/lib/python3.8/site-packages/airflow/example_dags/example_branch_labels.py for tasks to queue
[2024-02-18T13:20:48.661+0000] {logging_mixin.py:188} INFO - [2024-02-18T13:20:48.660+0000] {dagbag.py:538} INFO - Filling up the DagBag from /home/airflow/.local/lib/python3.8/site-packages/airflow/example_dags/example_branch_labels.py
[2024-02-18T13:20:48.679+0000] {processor.py:840} INFO - DAG(s) 'example_branch_labels' retrieved from /home/airflow/.local/lib/python3.8/site-packages/airflow/example_dags/example_branch_labels.py
[2024-02-18T13:20:48.734+0000] {logging_mixin.py:188} INFO - [2024-02-18T13:20:48.733+0000] {dag.py:3036} INFO - Sync 1 DAGs
[2024-02-18T13:20:48.789+0000] {logging_mixin.py:188} INFO - [2024-02-18T13:20:48.789+0000] {dag.py:3823} INFO - Setting next_dagrun for example_branch_labels to 2024-02-17 00:00:00+00:00, run_after=2024-02-18 00:00:00+00:00
[2024-02-18T13:20:48.838+0000] {processor.py:183} INFO - Processing /home/airflow/.local/lib/python3.8/site-packages/airflow/example_dags/example_branch_labels.py took 0.189 seconds
[2024-02-18T13:21:19.558+0000] {processor.py:161} INFO - Started process (PID=173) to work on /home/airflow/.local/lib/python3.8/site-packages/airflow/example_dags/example_branch_labels.py
[2024-02-18T13:21:19.560+0000] {processor.py:830} INFO - Processing file /home/airflow/.local/lib/python3.8/site-packages/airflow/example_dags/example_branch_labels.py for tasks to queue
[2024-02-18T13:21:19.564+0000] {logging_mixin.py:188} INFO - [2024-02-18T13:21:19.563+0000] {dagbag.py:538} INFO - Filling up the DagBag from /home/airflow/.local/lib/python3.8/site-packages/airflow/example_dags/example_branch_labels.py
[2024-02-18T13:21:19.579+0000] {processor.py:840} INFO - DAG(s) 'example_branch_labels' retrieved from /home/airflow/.local/lib/python3.8/site-packages/airflow/example_dags/example_branch_labels.py
[2024-02-18T13:21:19.619+0000] {logging_mixin.py:188} INFO - [2024-02-18T13:21:19.619+0000] {dag.py:3036} INFO - Sync 1 DAGs
[2024-02-18T13:21:19.660+0000] {logging_mixin.py:188} INFO - [2024-02-18T13:21:19.659+0000] {dag.py:3823} INFO - Setting next_dagrun for example_branch_labels to 2024-02-17 00:00:00+00:00, run_after=2024-02-18 00:00:00+00:00
[2024-02-18T13:21:19.694+0000] {processor.py:183} INFO - Processing /home/airflow/.local/lib/python3.8/site-packages/airflow/example_dags/example_branch_labels.py took 0.142 seconds
[2024-02-18T13:21:50.195+0000] {processor.py:161} INFO - Started process (PID=228) to work on /home/airflow/.local/lib/python3.8/site-packages/airflow/example_dags/example_branch_labels.py
[2024-02-18T13:21:50.197+0000] {processor.py:830} INFO - Processing file /home/airflow/.local/lib/python3.8/site-packages/airflow/example_dags/example_branch_labels.py for tasks to queue
[2024-02-18T13:21:50.201+0000] {logging_mixin.py:188} INFO - [2024-02-18T13:21:50.200+0000] {dagbag.py:538} INFO - Filling up the DagBag from /home/airflow/.local/lib/python3.8/site-packages/airflow/example_dags/example_branch_labels.py
[2024-02-18T13:21:50.216+0000] {processor.py:840} INFO - DAG(s) 'example_branch_labels' retrieved from /home/airflow/.local/lib/python3.8/site-packages/airflow/example_dags/example_branch_labels.py
[2024-02-18T13:21:50.254+0000] {logging_mixin.py:188} INFO - [2024-02-18T13:21:50.253+0000] {dag.py:3036} INFO - Sync 1 DAGs
[2024-02-18T13:21:50.295+0000] {logging_mixin.py:188} INFO - [2024-02-18T13:21:50.294+0000] {dag.py:3823} INFO - Setting next_dagrun for example_branch_labels to 2024-02-17 00:00:00+00:00, run_after=2024-02-18 00:00:00+00:00
[2024-02-18T13:21:50.325+0000] {processor.py:183} INFO - Processing /home/airflow/.local/lib/python3.8/site-packages/airflow/example_dags/example_branch_labels.py took 0.135 seconds
[2024-02-18T13:22:20.685+0000] {processor.py:161} INFO - Started process (PID=283) to work on /home/airflow/.local/lib/python3.8/site-packages/airflow/example_dags/example_branch_labels.py
[2024-02-18T13:22:20.687+0000] {processor.py:830} INFO - Processing file /home/airflow/.local/lib/python3.8/site-packages/airflow/example_dags/example_branch_labels.py for tasks to queue
[2024-02-18T13:22:20.691+0000] {logging_mixin.py:188} INFO - [2024-02-18T13:22:20.690+0000] {dagbag.py:538} INFO - Filling up the DagBag from /home/airflow/.local/lib/python3.8/site-packages/airflow/example_dags/example_branch_labels.py
[2024-02-18T13:22:20.705+0000] {processor.py:840} INFO - DAG(s) 'example_branch_labels' retrieved from /home/airflow/.local/lib/python3.8/site-packages/airflow/example_dags/example_branch_labels.py
[2024-02-18T13:22:20.750+0000] {logging_mixin.py:188} INFO - [2024-02-18T13:22:20.750+0000] {dag.py:3036} INFO - Sync 1 DAGs
[2024-02-18T13:22:20.793+0000] {logging_mixin.py:188} INFO - [2024-02-18T13:22:20.792+0000] {dag.py:3823} INFO - Setting next_dagrun for example_branch_labels to 2024-02-17 00:00:00+00:00, run_after=2024-02-18 00:00:00+00:00
[2024-02-18T13:22:20.828+0000] {processor.py:183} INFO - Processing /home/airflow/.local/lib/python3.8/site-packages/airflow/example_dags/example_branch_labels.py took 0.147 seconds
[2024-02-18T13:22:51.534+0000] {processor.py:161} INFO - Started process (PID=338) to work on /home/airflow/.local/lib/python3.8/site-packages/airflow/example_dags/example_branch_labels.py
[2024-02-18T13:22:51.535+0000] {processor.py:830} INFO - Processing file /home/airflow/.local/lib/python3.8/site-packages/airflow/example_dags/example_branch_labels.py for tasks to queue
[2024-02-18T13:22:51.539+0000] {logging_mixin.py:188} INFO - [2024-02-18T13:22:51.538+0000] {dagbag.py:538} INFO - Filling up the DagBag from /home/airflow/.local/lib/python3.8/site-packages/airflow/example_dags/example_branch_labels.py
[2024-02-18T13:22:51.552+0000] {processor.py:840} INFO - DAG(s) 'example_branch_labels' retrieved from /home/airflow/.local/lib/python3.8/site-packages/airflow/example_dags/example_branch_labels.py
[2024-02-18T13:22:51.589+0000] {logging_mixin.py:188} INFO - [2024-02-18T13:22:51.588+0000] {dag.py:3036} INFO - Sync 1 DAGs
[2024-02-18T13:22:51.628+0000] {logging_mixin.py:188} INFO - [2024-02-18T13:22:51.628+0000] {dag.py:3823} INFO - Setting next_dagrun for example_branch_labels to 2024-02-17 00:00:00+00:00, run_after=2024-02-18 00:00:00+00:00
[2024-02-18T13:22:51.661+0000] {processor.py:183} INFO - Processing /home/airflow/.local/lib/python3.8/site-packages/airflow/example_dags/example_branch_labels.py took 0.132 seconds
[2024-02-18T13:23:21.817+0000] {processor.py:161} INFO - Started process (PID=393) to work on /home/airflow/.local/lib/python3.8/site-packages/airflow/example_dags/example_branch_labels.py
[2024-02-18T13:23:21.819+0000] {processor.py:830} INFO - Processing file /home/airflow/.local/lib/python3.8/site-packages/airflow/example_dags/example_branch_labels.py for tasks to queue
[2024-02-18T13:23:21.824+0000] {logging_mixin.py:188} INFO - [2024-02-18T13:23:21.823+0000] {dagbag.py:538} INFO - Filling up the DagBag from /home/airflow/.local/lib/python3.8/site-packages/airflow/example_dags/example_branch_labels.py
[2024-02-18T13:23:21.840+0000] {processor.py:840} INFO - DAG(s) 'example_branch_labels' retrieved from /home/airflow/.local/lib/python3.8/site-packages/airflow/example_dags/example_branch_labels.py
[2024-02-18T13:23:21.889+0000] {logging_mixin.py:188} INFO - [2024-02-18T13:23:21.888+0000] {dag.py:3036} INFO - Sync 1 DAGs
[2024-02-18T13:23:21.948+0000] {logging_mixin.py:188} INFO - [2024-02-18T13:23:21.947+0000] {dag.py:3823} INFO - Setting next_dagrun for example_branch_labels to 2024-02-17 00:00:00+00:00, run_after=2024-02-18 00:00:00+00:00
[2024-02-18T13:23:22.009+0000] {processor.py:183} INFO - Processing /home/airflow/.local/lib/python3.8/site-packages/airflow/example_dags/example_branch_labels.py took 0.197 seconds
[2024-02-18T13:23:52.147+0000] {processor.py:161} INFO - Started process (PID=448) to work on /home/airflow/.local/lib/python3.8/site-packages/airflow/example_dags/example_branch_labels.py
[2024-02-18T13:23:52.149+0000] {processor.py:830} INFO - Processing file /home/airflow/.local/lib/python3.8/site-packages/airflow/example_dags/example_branch_labels.py for tasks to queue
[2024-02-18T13:23:52.154+0000] {logging_mixin.py:188} INFO - [2024-02-18T13:23:52.152+0000] {dagbag.py:538} INFO - Filling up the DagBag from /home/airflow/.local/lib/python3.8/site-packages/airflow/example_dags/example_branch_labels.py
[2024-02-18T13:23:52.170+0000] {processor.py:840} INFO - DAG(s) 'example_branch_labels' retrieved from /home/airflow/.local/lib/python3.8/site-packages/airflow/example_dags/example_branch_labels.py
[2024-02-18T13:23:52.217+0000] {logging_mixin.py:188} INFO - [2024-02-18T13:23:52.216+0000] {dag.py:3036} INFO - Sync 1 DAGs
[2024-02-18T13:23:52.271+0000] {logging_mixin.py:188} INFO - [2024-02-18T13:23:52.270+0000] {dag.py:3823} INFO - Setting next_dagrun for example_branch_labels to 2024-02-17 00:00:00+00:00, run_after=2024-02-18 00:00:00+00:00
[2024-02-18T13:23:52.313+0000] {processor.py:183} INFO - Processing /home/airflow/.local/lib/python3.8/site-packages/airflow/example_dags/example_branch_labels.py took 0.174 seconds
[2024-02-18T13:24:22.525+0000] {processor.py:161} INFO - Started process (PID=503) to work on /home/airflow/.local/lib/python3.8/site-packages/airflow/example_dags/example_branch_labels.py
[2024-02-18T13:24:22.526+0000] {processor.py:830} INFO - Processing file /home/airflow/.local/lib/python3.8/site-packages/airflow/example_dags/example_branch_labels.py for tasks to queue
[2024-02-18T13:24:22.533+0000] {logging_mixin.py:188} INFO - [2024-02-18T13:24:22.532+0000] {dagbag.py:538} INFO - Filling up the DagBag from /home/airflow/.local/lib/python3.8/site-packages/airflow/example_dags/example_branch_labels.py
[2024-02-18T13:24:22.547+0000] {processor.py:840} INFO - DAG(s) 'example_branch_labels' retrieved from /home/airflow/.local/lib/python3.8/site-packages/airflow/example_dags/example_branch_labels.py
[2024-02-18T13:24:22.586+0000] {logging_mixin.py:188} INFO - [2024-02-18T13:24:22.585+0000] {dag.py:3036} INFO - Sync 1 DAGs
[2024-02-18T13:24:22.629+0000] {logging_mixin.py:188} INFO - [2024-02-18T13:24:22.628+0000] {dag.py:3823} INFO - Setting next_dagrun for example_branch_labels to 2024-02-17 00:00:00+00:00, run_after=2024-02-18 00:00:00+00:00
[2024-02-18T13:24:22.665+0000] {processor.py:183} INFO - Processing /home/airflow/.local/lib/python3.8/site-packages/airflow/example_dags/example_branch_labels.py took 0.145 seconds
[2024-02-18T13:24:53.082+0000] {processor.py:161} INFO - Started process (PID=558) to work on /home/airflow/.local/lib/python3.8/site-packages/airflow/example_dags/example_branch_labels.py
[2024-02-18T13:24:53.084+0000] {processor.py:830} INFO - Processing file /home/airflow/.local/lib/python3.8/site-packages/airflow/example_dags/example_branch_labels.py for tasks to queue
[2024-02-18T13:24:53.088+0000] {logging_mixin.py:188} INFO - [2024-02-18T13:24:53.088+0000] {dagbag.py:538} INFO - Filling up the DagBag from /home/airflow/.local/lib/python3.8/site-packages/airflow/example_dags/example_branch_labels.py
[2024-02-18T13:24:53.101+0000] {processor.py:840} INFO - DAG(s) 'example_branch_labels' retrieved from /home/airflow/.local/lib/python3.8/site-packages/airflow/example_dags/example_branch_labels.py
[2024-02-18T13:24:53.147+0000] {logging_mixin.py:188} INFO - [2024-02-18T13:24:53.146+0000] {dag.py:3036} INFO - Sync 1 DAGs
[2024-02-18T13:24:53.190+0000] {logging_mixin.py:188} INFO - [2024-02-18T13:24:53.190+0000] {dag.py:3823} INFO - Setting next_dagrun for example_branch_labels to 2024-02-17 00:00:00+00:00, run_after=2024-02-18 00:00:00+00:00
[2024-02-18T13:24:53.226+0000] {processor.py:183} INFO - Processing /home/airflow/.local/lib/python3.8/site-packages/airflow/example_dags/example_branch_labels.py took 0.150 seconds
[2024-02-18T13:25:23.582+0000] {processor.py:161} INFO - Started process (PID=613) to work on /home/airflow/.local/lib/python3.8/site-packages/airflow/example_dags/example_branch_labels.py
[2024-02-18T13:25:23.584+0000] {processor.py:830} INFO - Processing file /home/airflow/.local/lib/python3.8/site-packages/airflow/example_dags/example_branch_labels.py for tasks to queue
[2024-02-18T13:25:23.588+0000] {logging_mixin.py:188} INFO - [2024-02-18T13:25:23.587+0000] {dagbag.py:538} INFO - Filling up the DagBag from /home/airflow/.local/lib/python3.8/site-packages/airflow/example_dags/example_branch_labels.py
[2024-02-18T13:25:23.607+0000] {processor.py:840} INFO - DAG(s) 'example_branch_labels' retrieved from /home/airflow/.local/lib/python3.8/site-packages/airflow/example_dags/example_branch_labels.py
[2024-02-18T13:25:23.665+0000] {logging_mixin.py:188} INFO - [2024-02-18T13:25:23.664+0000] {dag.py:3036} INFO - Sync 1 DAGs
[2024-02-18T13:25:23.729+0000] {logging_mixin.py:188} INFO - [2024-02-18T13:25:23.728+0000] {dag.py:3823} INFO - Setting next_dagrun for example_branch_labels to 2024-02-17 00:00:00+00:00, run_after=2024-02-18 00:00:00+00:00
[2024-02-18T13:25:23.777+0000] {processor.py:183} INFO - Processing /home/airflow/.local/lib/python3.8/site-packages/airflow/example_dags/example_branch_labels.py took 0.201 seconds
[2024-02-18T13:25:53.850+0000] {processor.py:161} INFO - Started process (PID=668) to work on /home/airflow/.local/lib/python3.8/site-packages/airflow/example_dags/example_branch_labels.py
[2024-02-18T13:25:53.852+0000] {processor.py:830} INFO - Processing file /home/airflow/.local/lib/python3.8/site-packages/airflow/example_dags/example_branch_labels.py for tasks to queue
[2024-02-18T13:25:53.856+0000] {logging_mixin.py:188} INFO - [2024-02-18T13:25:53.855+0000] {dagbag.py:538} INFO - Filling up the DagBag from /home/airflow/.local/lib/python3.8/site-packages/airflow/example_dags/example_branch_labels.py
[2024-02-18T13:25:53.871+0000] {processor.py:840} INFO - DAG(s) 'example_branch_labels' retrieved from /home/airflow/.local/lib/python3.8/site-packages/airflow/example_dags/example_branch_labels.py
[2024-02-18T13:25:53.918+0000] {logging_mixin.py:188} INFO - [2024-02-18T13:25:53.917+0000] {dag.py:3036} INFO - Sync 1 DAGs
[2024-02-18T13:25:53.969+0000] {logging_mixin.py:188} INFO - [2024-02-18T13:25:53.968+0000] {dag.py:3823} INFO - Setting next_dagrun for example_branch_labels to 2024-02-17 00:00:00+00:00, run_after=2024-02-18 00:00:00+00:00
[2024-02-18T13:25:54.013+0000] {processor.py:183} INFO - Processing /home/airflow/.local/lib/python3.8/site-packages/airflow/example_dags/example_branch_labels.py took 0.170 seconds
[2024-02-18T13:26:24.084+0000] {processor.py:161} INFO - Started process (PID=723) to work on /home/airflow/.local/lib/python3.8/site-packages/airflow/example_dags/example_branch_labels.py
[2024-02-18T13:26:24.085+0000] {processor.py:830} INFO - Processing file /home/airflow/.local/lib/python3.8/site-packages/airflow/example_dags/example_branch_labels.py for tasks to queue
[2024-02-18T13:26:24.089+0000] {logging_mixin.py:188} INFO - [2024-02-18T13:26:24.088+0000] {dagbag.py:538} INFO - Filling up the DagBag from /home/airflow/.local/lib/python3.8/site-packages/airflow/example_dags/example_branch_labels.py
[2024-02-18T13:26:24.101+0000] {processor.py:840} INFO - DAG(s) 'example_branch_labels' retrieved from /home/airflow/.local/lib/python3.8/site-packages/airflow/example_dags/example_branch_labels.py
[2024-02-18T13:26:24.138+0000] {logging_mixin.py:188} INFO - [2024-02-18T13:26:24.137+0000] {dag.py:3036} INFO - Sync 1 DAGs
[2024-02-18T13:26:24.177+0000] {logging_mixin.py:188} INFO - [2024-02-18T13:26:24.177+0000] {dag.py:3823} INFO - Setting next_dagrun for example_branch_labels to 2024-02-17 00:00:00+00:00, run_after=2024-02-18 00:00:00+00:00
[2024-02-18T13:26:24.208+0000] {processor.py:183} INFO - Processing /home/airflow/.local/lib/python3.8/site-packages/airflow/example_dags/example_branch_labels.py took 0.128 seconds
[2024-02-18T13:26:55.001+0000] {processor.py:161} INFO - Started process (PID=778) to work on /home/airflow/.local/lib/python3.8/site-packages/airflow/example_dags/example_branch_labels.py
[2024-02-18T13:26:55.003+0000] {processor.py:830} INFO - Processing file /home/airflow/.local/lib/python3.8/site-packages/airflow/example_dags/example_branch_labels.py for tasks to queue
[2024-02-18T13:26:55.008+0000] {logging_mixin.py:188} INFO - [2024-02-18T13:26:55.007+0000] {dagbag.py:538} INFO - Filling up the DagBag from /home/airflow/.local/lib/python3.8/site-packages/airflow/example_dags/example_branch_labels.py
[2024-02-18T13:26:55.030+0000] {processor.py:840} INFO - DAG(s) 'example_branch_labels' retrieved from /home/airflow/.local/lib/python3.8/site-packages/airflow/example_dags/example_branch_labels.py
[2024-02-18T13:26:55.082+0000] {logging_mixin.py:188} INFO - [2024-02-18T13:26:55.081+0000] {dag.py:3036} INFO - Sync 1 DAGs
[2024-02-18T13:26:55.140+0000] {logging_mixin.py:188} INFO - [2024-02-18T13:26:55.139+0000] {dag.py:3823} INFO - Setting next_dagrun for example_branch_labels to 2024-02-17 00:00:00+00:00, run_after=2024-02-18 00:00:00+00:00
[2024-02-18T13:26:55.184+0000] {processor.py:183} INFO - Processing /home/airflow/.local/lib/python3.8/site-packages/airflow/example_dags/example_branch_labels.py took 0.189 seconds
[2024-02-18T13:27:25.371+0000] {processor.py:161} INFO - Started process (PID=833) to work on /home/airflow/.local/lib/python3.8/site-packages/airflow/example_dags/example_branch_labels.py
[2024-02-18T13:27:25.373+0000] {processor.py:830} INFO - Processing file /home/airflow/.local/lib/python3.8/site-packages/airflow/example_dags/example_branch_labels.py for tasks to queue
[2024-02-18T13:27:25.377+0000] {logging_mixin.py:188} INFO - [2024-02-18T13:27:25.376+0000] {dagbag.py:538} INFO - Filling up the DagBag from /home/airflow/.local/lib/python3.8/site-packages/airflow/example_dags/example_branch_labels.py
[2024-02-18T13:27:25.391+0000] {processor.py:840} INFO - DAG(s) 'example_branch_labels' retrieved from /home/airflow/.local/lib/python3.8/site-packages/airflow/example_dags/example_branch_labels.py
[2024-02-18T13:27:25.430+0000] {logging_mixin.py:188} INFO - [2024-02-18T13:27:25.429+0000] {dag.py:3036} INFO - Sync 1 DAGs
[2024-02-18T13:27:25.471+0000] {logging_mixin.py:188} INFO - [2024-02-18T13:27:25.470+0000] {dag.py:3823} INFO - Setting next_dagrun for example_branch_labels to 2024-02-17 00:00:00+00:00, run_after=2024-02-18 00:00:00+00:00
[2024-02-18T13:27:25.505+0000] {processor.py:183} INFO - Processing /home/airflow/.local/lib/python3.8/site-packages/airflow/example_dags/example_branch_labels.py took 0.138 seconds
[2024-02-18T13:27:55.698+0000] {processor.py:161} INFO - Started process (PID=888) to work on /home/airflow/.local/lib/python3.8/site-packages/airflow/example_dags/example_branch_labels.py
[2024-02-18T13:27:55.701+0000] {processor.py:830} INFO - Processing file /home/airflow/.local/lib/python3.8/site-packages/airflow/example_dags/example_branch_labels.py for tasks to queue
[2024-02-18T13:27:55.708+0000] {logging_mixin.py:188} INFO - [2024-02-18T13:27:55.707+0000] {dagbag.py:538} INFO - Filling up the DagBag from /home/airflow/.local/lib/python3.8/site-packages/airflow/example_dags/example_branch_labels.py
[2024-02-18T13:27:55.736+0000] {processor.py:840} INFO - DAG(s) 'example_branch_labels' retrieved from /home/airflow/.local/lib/python3.8/site-packages/airflow/example_dags/example_branch_labels.py
[2024-02-18T13:27:55.778+0000] {logging_mixin.py:188} INFO - [2024-02-18T13:27:55.778+0000] {dag.py:3036} INFO - Sync 1 DAGs
[2024-02-18T13:27:55.816+0000] {logging_mixin.py:188} INFO - [2024-02-18T13:27:55.816+0000] {dag.py:3823} INFO - Setting next_dagrun for example_branch_labels to 2024-02-17 00:00:00+00:00, run_after=2024-02-18 00:00:00+00:00
[2024-02-18T13:27:55.850+0000] {processor.py:183} INFO - Processing /home/airflow/.local/lib/python3.8/site-packages/airflow/example_dags/example_branch_labels.py took 0.161 seconds
