[2024-02-18T13:20:19.801+0000] {processor.py:161} INFO - Started process (PID=72) to work on /home/airflow/.local/lib/python3.8/site-packages/airflow/example_dags/example_python_decorator.py
[2024-02-18T13:20:19.802+0000] {processor.py:830} INFO - Processing file /home/airflow/.local/lib/python3.8/site-packages/airflow/example_dags/example_python_decorator.py for tasks to queue
[2024-02-18T13:20:19.806+0000] {logging_mixin.py:188} INFO - [2024-02-18T13:20:19.805+0000] {dagbag.py:538} INFO - Filling up the DagBag from /home/airflow/.local/lib/python3.8/site-packages/airflow/example_dags/example_python_decorator.py
[2024-02-18T13:20:19.826+0000] {processor.py:840} INFO - DAG(s) 'example_python_decorator' retrieved from /home/airflow/.local/lib/python3.8/site-packages/airflow/example_dags/example_python_decorator.py
[2024-02-18T13:20:20.056+0000] {logging_mixin.py:188} INFO - [2024-02-18T13:20:20.055+0000] {dag.py:3036} INFO - Sync 1 DAGs
[2024-02-18T13:20:20.080+0000] {logging_mixin.py:188} INFO - [2024-02-18T13:20:20.079+0000] {dag.py:3823} INFO - Setting next_dagrun for example_python_decorator to None, run_after=None
[2024-02-18T13:20:20.130+0000] {processor.py:183} INFO - Processing /home/airflow/.local/lib/python3.8/site-packages/airflow/example_dags/example_python_decorator.py took 0.334 seconds
[2024-02-18T13:20:50.674+0000] {processor.py:161} INFO - Started process (PID=127) to work on /home/airflow/.local/lib/python3.8/site-packages/airflow/example_dags/example_python_decorator.py
[2024-02-18T13:20:50.676+0000] {processor.py:830} INFO - Processing file /home/airflow/.local/lib/python3.8/site-packages/airflow/example_dags/example_python_decorator.py for tasks to queue
[2024-02-18T13:20:50.680+0000] {logging_mixin.py:188} INFO - [2024-02-18T13:20:50.679+0000] {dagbag.py:538} INFO - Filling up the DagBag from /home/airflow/.local/lib/python3.8/site-packages/airflow/example_dags/example_python_decorator.py
[2024-02-18T13:20:50.704+0000] {processor.py:840} INFO - DAG(s) 'example_python_decorator' retrieved from /home/airflow/.local/lib/python3.8/site-packages/airflow/example_dags/example_python_decorator.py
[2024-02-18T13:20:50.748+0000] {logging_mixin.py:188} INFO - [2024-02-18T13:20:50.747+0000] {dag.py:3036} INFO - Sync 1 DAGs
[2024-02-18T13:20:50.773+0000] {logging_mixin.py:188} INFO - [2024-02-18T13:20:50.772+0000] {dag.py:3823} INFO - Setting next_dagrun for example_python_decorator to None, run_after=None
[2024-02-18T13:20:50.811+0000] {processor.py:183} INFO - Processing /home/airflow/.local/lib/python3.8/site-packages/airflow/example_dags/example_python_decorator.py took 0.143 seconds
[2024-02-18T13:21:21.451+0000] {processor.py:161} INFO - Started process (PID=182) to work on /home/airflow/.local/lib/python3.8/site-packages/airflow/example_dags/example_python_decorator.py
[2024-02-18T13:21:21.453+0000] {processor.py:830} INFO - Processing file /home/airflow/.local/lib/python3.8/site-packages/airflow/example_dags/example_python_decorator.py for tasks to queue
[2024-02-18T13:21:21.456+0000] {logging_mixin.py:188} INFO - [2024-02-18T13:21:21.455+0000] {dagbag.py:538} INFO - Filling up the DagBag from /home/airflow/.local/lib/python3.8/site-packages/airflow/example_dags/example_python_decorator.py
[2024-02-18T13:21:21.478+0000] {processor.py:840} INFO - DAG(s) 'example_python_decorator' retrieved from /home/airflow/.local/lib/python3.8/site-packages/airflow/example_dags/example_python_decorator.py
[2024-02-18T13:21:21.523+0000] {logging_mixin.py:188} INFO - [2024-02-18T13:21:21.523+0000] {dag.py:3036} INFO - Sync 1 DAGs
[2024-02-18T13:21:21.546+0000] {logging_mixin.py:188} INFO - [2024-02-18T13:21:21.546+0000] {dag.py:3823} INFO - Setting next_dagrun for example_python_decorator to None, run_after=None
[2024-02-18T13:21:21.580+0000] {processor.py:183} INFO - Processing /home/airflow/.local/lib/python3.8/site-packages/airflow/example_dags/example_python_decorator.py took 0.134 seconds
[2024-02-18T13:21:52.097+0000] {processor.py:161} INFO - Started process (PID=237) to work on /home/airflow/.local/lib/python3.8/site-packages/airflow/example_dags/example_python_decorator.py
[2024-02-18T13:21:52.099+0000] {processor.py:830} INFO - Processing file /home/airflow/.local/lib/python3.8/site-packages/airflow/example_dags/example_python_decorator.py for tasks to queue
[2024-02-18T13:21:52.103+0000] {logging_mixin.py:188} INFO - [2024-02-18T13:21:52.102+0000] {dagbag.py:538} INFO - Filling up the DagBag from /home/airflow/.local/lib/python3.8/site-packages/airflow/example_dags/example_python_decorator.py
[2024-02-18T13:21:52.133+0000] {processor.py:840} INFO - DAG(s) 'example_python_decorator' retrieved from /home/airflow/.local/lib/python3.8/site-packages/airflow/example_dags/example_python_decorator.py
[2024-02-18T13:21:52.170+0000] {logging_mixin.py:188} INFO - [2024-02-18T13:21:52.170+0000] {dag.py:3036} INFO - Sync 1 DAGs
[2024-02-18T13:21:52.191+0000] {logging_mixin.py:188} INFO - [2024-02-18T13:21:52.190+0000] {dag.py:3823} INFO - Setting next_dagrun for example_python_decorator to None, run_after=None
[2024-02-18T13:21:52.227+0000] {processor.py:183} INFO - Processing /home/airflow/.local/lib/python3.8/site-packages/airflow/example_dags/example_python_decorator.py took 0.134 seconds
[2024-02-18T13:22:22.571+0000] {processor.py:161} INFO - Started process (PID=292) to work on /home/airflow/.local/lib/python3.8/site-packages/airflow/example_dags/example_python_decorator.py
[2024-02-18T13:22:22.573+0000] {processor.py:830} INFO - Processing file /home/airflow/.local/lib/python3.8/site-packages/airflow/example_dags/example_python_decorator.py for tasks to queue
[2024-02-18T13:22:22.576+0000] {logging_mixin.py:188} INFO - [2024-02-18T13:22:22.576+0000] {dagbag.py:538} INFO - Filling up the DagBag from /home/airflow/.local/lib/python3.8/site-packages/airflow/example_dags/example_python_decorator.py
[2024-02-18T13:22:22.602+0000] {processor.py:840} INFO - DAG(s) 'example_python_decorator' retrieved from /home/airflow/.local/lib/python3.8/site-packages/airflow/example_dags/example_python_decorator.py
[2024-02-18T13:22:22.644+0000] {logging_mixin.py:188} INFO - [2024-02-18T13:22:22.643+0000] {dag.py:3036} INFO - Sync 1 DAGs
[2024-02-18T13:22:22.664+0000] {logging_mixin.py:188} INFO - [2024-02-18T13:22:22.664+0000] {dag.py:3823} INFO - Setting next_dagrun for example_python_decorator to None, run_after=None
[2024-02-18T13:22:22.700+0000] {processor.py:183} INFO - Processing /home/airflow/.local/lib/python3.8/site-packages/airflow/example_dags/example_python_decorator.py took 0.134 seconds
[2024-02-18T13:22:53.377+0000] {processor.py:161} INFO - Started process (PID=347) to work on /home/airflow/.local/lib/python3.8/site-packages/airflow/example_dags/example_python_decorator.py
[2024-02-18T13:22:53.379+0000] {processor.py:830} INFO - Processing file /home/airflow/.local/lib/python3.8/site-packages/airflow/example_dags/example_python_decorator.py for tasks to queue
[2024-02-18T13:22:53.383+0000] {logging_mixin.py:188} INFO - [2024-02-18T13:22:53.382+0000] {dagbag.py:538} INFO - Filling up the DagBag from /home/airflow/.local/lib/python3.8/site-packages/airflow/example_dags/example_python_decorator.py
[2024-02-18T13:22:53.405+0000] {processor.py:840} INFO - DAG(s) 'example_python_decorator' retrieved from /home/airflow/.local/lib/python3.8/site-packages/airflow/example_dags/example_python_decorator.py
[2024-02-18T13:22:53.445+0000] {logging_mixin.py:188} INFO - [2024-02-18T13:22:53.445+0000] {dag.py:3036} INFO - Sync 1 DAGs
[2024-02-18T13:22:53.464+0000] {logging_mixin.py:188} INFO - [2024-02-18T13:22:53.464+0000] {dag.py:3823} INFO - Setting next_dagrun for example_python_decorator to None, run_after=None
[2024-02-18T13:22:53.499+0000] {processor.py:183} INFO - Processing /home/airflow/.local/lib/python3.8/site-packages/airflow/example_dags/example_python_decorator.py took 0.126 seconds
[2024-02-18T13:23:23.768+0000] {processor.py:161} INFO - Started process (PID=402) to work on /home/airflow/.local/lib/python3.8/site-packages/airflow/example_dags/example_python_decorator.py
[2024-02-18T13:23:23.770+0000] {processor.py:830} INFO - Processing file /home/airflow/.local/lib/python3.8/site-packages/airflow/example_dags/example_python_decorator.py for tasks to queue
[2024-02-18T13:23:23.774+0000] {logging_mixin.py:188} INFO - [2024-02-18T13:23:23.774+0000] {dagbag.py:538} INFO - Filling up the DagBag from /home/airflow/.local/lib/python3.8/site-packages/airflow/example_dags/example_python_decorator.py
[2024-02-18T13:23:23.795+0000] {processor.py:840} INFO - DAG(s) 'example_python_decorator' retrieved from /home/airflow/.local/lib/python3.8/site-packages/airflow/example_dags/example_python_decorator.py
[2024-02-18T13:23:23.836+0000] {logging_mixin.py:188} INFO - [2024-02-18T13:23:23.836+0000] {dag.py:3036} INFO - Sync 1 DAGs
[2024-02-18T13:23:23.863+0000] {logging_mixin.py:188} INFO - [2024-02-18T13:23:23.862+0000] {dag.py:3823} INFO - Setting next_dagrun for example_python_decorator to None, run_after=None
[2024-02-18T13:23:23.898+0000] {processor.py:183} INFO - Processing /home/airflow/.local/lib/python3.8/site-packages/airflow/example_dags/example_python_decorator.py took 0.134 seconds
[2024-02-18T13:23:54.052+0000] {processor.py:161} INFO - Started process (PID=457) to work on /home/airflow/.local/lib/python3.8/site-packages/airflow/example_dags/example_python_decorator.py
[2024-02-18T13:23:54.053+0000] {processor.py:830} INFO - Processing file /home/airflow/.local/lib/python3.8/site-packages/airflow/example_dags/example_python_decorator.py for tasks to queue
[2024-02-18T13:23:54.057+0000] {logging_mixin.py:188} INFO - [2024-02-18T13:23:54.056+0000] {dagbag.py:538} INFO - Filling up the DagBag from /home/airflow/.local/lib/python3.8/site-packages/airflow/example_dags/example_python_decorator.py
[2024-02-18T13:23:54.077+0000] {processor.py:840} INFO - DAG(s) 'example_python_decorator' retrieved from /home/airflow/.local/lib/python3.8/site-packages/airflow/example_dags/example_python_decorator.py
[2024-02-18T13:23:54.116+0000] {logging_mixin.py:188} INFO - [2024-02-18T13:23:54.116+0000] {dag.py:3036} INFO - Sync 1 DAGs
[2024-02-18T13:23:54.137+0000] {logging_mixin.py:188} INFO - [2024-02-18T13:23:54.137+0000] {dag.py:3823} INFO - Setting next_dagrun for example_python_decorator to None, run_after=None
[2024-02-18T13:23:54.170+0000] {processor.py:183} INFO - Processing /home/airflow/.local/lib/python3.8/site-packages/airflow/example_dags/example_python_decorator.py took 0.124 seconds
[2024-02-18T13:24:24.351+0000] {processor.py:161} INFO - Started process (PID=512) to work on /home/airflow/.local/lib/python3.8/site-packages/airflow/example_dags/example_python_decorator.py
[2024-02-18T13:24:24.353+0000] {processor.py:830} INFO - Processing file /home/airflow/.local/lib/python3.8/site-packages/airflow/example_dags/example_python_decorator.py for tasks to queue
[2024-02-18T13:24:24.357+0000] {logging_mixin.py:188} INFO - [2024-02-18T13:24:24.356+0000] {dagbag.py:538} INFO - Filling up the DagBag from /home/airflow/.local/lib/python3.8/site-packages/airflow/example_dags/example_python_decorator.py
[2024-02-18T13:24:24.379+0000] {processor.py:840} INFO - DAG(s) 'example_python_decorator' retrieved from /home/airflow/.local/lib/python3.8/site-packages/airflow/example_dags/example_python_decorator.py
[2024-02-18T13:24:24.419+0000] {logging_mixin.py:188} INFO - [2024-02-18T13:24:24.418+0000] {dag.py:3036} INFO - Sync 1 DAGs
[2024-02-18T13:24:24.442+0000] {logging_mixin.py:188} INFO - [2024-02-18T13:24:24.441+0000] {dag.py:3823} INFO - Setting next_dagrun for example_python_decorator to None, run_after=None
[2024-02-18T13:24:24.477+0000] {processor.py:183} INFO - Processing /home/airflow/.local/lib/python3.8/site-packages/airflow/example_dags/example_python_decorator.py took 0.131 seconds
[2024-02-18T13:24:55.082+0000] {processor.py:161} INFO - Started process (PID=567) to work on /home/airflow/.local/lib/python3.8/site-packages/airflow/example_dags/example_python_decorator.py
[2024-02-18T13:24:55.083+0000] {processor.py:830} INFO - Processing file /home/airflow/.local/lib/python3.8/site-packages/airflow/example_dags/example_python_decorator.py for tasks to queue
[2024-02-18T13:24:55.086+0000] {logging_mixin.py:188} INFO - [2024-02-18T13:24:55.085+0000] {dagbag.py:538} INFO - Filling up the DagBag from /home/airflow/.local/lib/python3.8/site-packages/airflow/example_dags/example_python_decorator.py
[2024-02-18T13:24:55.106+0000] {processor.py:840} INFO - DAG(s) 'example_python_decorator' retrieved from /home/airflow/.local/lib/python3.8/site-packages/airflow/example_dags/example_python_decorator.py
[2024-02-18T13:24:55.143+0000] {logging_mixin.py:188} INFO - [2024-02-18T13:24:55.143+0000] {dag.py:3036} INFO - Sync 1 DAGs
[2024-02-18T13:24:55.163+0000] {logging_mixin.py:188} INFO - [2024-02-18T13:24:55.162+0000] {dag.py:3823} INFO - Setting next_dagrun for example_python_decorator to None, run_after=None
[2024-02-18T13:24:55.199+0000] {processor.py:183} INFO - Processing /home/airflow/.local/lib/python3.8/site-packages/airflow/example_dags/example_python_decorator.py took 0.122 seconds
[2024-02-18T13:25:25.639+0000] {processor.py:161} INFO - Started process (PID=622) to work on /home/airflow/.local/lib/python3.8/site-packages/airflow/example_dags/example_python_decorator.py
[2024-02-18T13:25:25.641+0000] {processor.py:830} INFO - Processing file /home/airflow/.local/lib/python3.8/site-packages/airflow/example_dags/example_python_decorator.py for tasks to queue
[2024-02-18T13:25:25.644+0000] {logging_mixin.py:188} INFO - [2024-02-18T13:25:25.644+0000] {dagbag.py:538} INFO - Filling up the DagBag from /home/airflow/.local/lib/python3.8/site-packages/airflow/example_dags/example_python_decorator.py
[2024-02-18T13:25:25.671+0000] {processor.py:840} INFO - DAG(s) 'example_python_decorator' retrieved from /home/airflow/.local/lib/python3.8/site-packages/airflow/example_dags/example_python_decorator.py
[2024-02-18T13:25:25.738+0000] {logging_mixin.py:188} INFO - [2024-02-18T13:25:25.738+0000] {dag.py:3036} INFO - Sync 1 DAGs
[2024-02-18T13:25:25.773+0000] {logging_mixin.py:188} INFO - [2024-02-18T13:25:25.772+0000] {dag.py:3823} INFO - Setting next_dagrun for example_python_decorator to None, run_after=None
[2024-02-18T13:25:25.827+0000] {processor.py:183} INFO - Processing /home/airflow/.local/lib/python3.8/site-packages/airflow/example_dags/example_python_decorator.py took 0.194 seconds
[2024-02-18T13:25:56.384+0000] {processor.py:161} INFO - Started process (PID=677) to work on /home/airflow/.local/lib/python3.8/site-packages/airflow/example_dags/example_python_decorator.py
[2024-02-18T13:25:56.385+0000] {processor.py:830} INFO - Processing file /home/airflow/.local/lib/python3.8/site-packages/airflow/example_dags/example_python_decorator.py for tasks to queue
[2024-02-18T13:25:56.389+0000] {logging_mixin.py:188} INFO - [2024-02-18T13:25:56.388+0000] {dagbag.py:538} INFO - Filling up the DagBag from /home/airflow/.local/lib/python3.8/site-packages/airflow/example_dags/example_python_decorator.py
[2024-02-18T13:25:56.409+0000] {processor.py:840} INFO - DAG(s) 'example_python_decorator' retrieved from /home/airflow/.local/lib/python3.8/site-packages/airflow/example_dags/example_python_decorator.py
[2024-02-18T13:25:56.449+0000] {logging_mixin.py:188} INFO - [2024-02-18T13:25:56.448+0000] {dag.py:3036} INFO - Sync 1 DAGs
[2024-02-18T13:25:56.468+0000] {logging_mixin.py:188} INFO - [2024-02-18T13:25:56.468+0000] {dag.py:3823} INFO - Setting next_dagrun for example_python_decorator to None, run_after=None
[2024-02-18T13:25:56.504+0000] {processor.py:183} INFO - Processing /home/airflow/.local/lib/python3.8/site-packages/airflow/example_dags/example_python_decorator.py took 0.125 seconds
[2024-02-18T13:26:27.168+0000] {processor.py:161} INFO - Started process (PID=732) to work on /home/airflow/.local/lib/python3.8/site-packages/airflow/example_dags/example_python_decorator.py
[2024-02-18T13:26:27.170+0000] {processor.py:830} INFO - Processing file /home/airflow/.local/lib/python3.8/site-packages/airflow/example_dags/example_python_decorator.py for tasks to queue
[2024-02-18T13:26:27.175+0000] {logging_mixin.py:188} INFO - [2024-02-18T13:26:27.174+0000] {dagbag.py:538} INFO - Filling up the DagBag from /home/airflow/.local/lib/python3.8/site-packages/airflow/example_dags/example_python_decorator.py
[2024-02-18T13:26:27.207+0000] {processor.py:840} INFO - DAG(s) 'example_python_decorator' retrieved from /home/airflow/.local/lib/python3.8/site-packages/airflow/example_dags/example_python_decorator.py
[2024-02-18T13:26:27.267+0000] {logging_mixin.py:188} INFO - [2024-02-18T13:26:27.266+0000] {dag.py:3036} INFO - Sync 1 DAGs
[2024-02-18T13:26:27.300+0000] {logging_mixin.py:188} INFO - [2024-02-18T13:26:27.299+0000] {dag.py:3823} INFO - Setting next_dagrun for example_python_decorator to None, run_after=None
[2024-02-18T13:26:27.356+0000] {processor.py:183} INFO - Processing /home/airflow/.local/lib/python3.8/site-packages/airflow/example_dags/example_python_decorator.py took 0.193 seconds
[2024-02-18T13:26:57.830+0000] {processor.py:161} INFO - Started process (PID=787) to work on /home/airflow/.local/lib/python3.8/site-packages/airflow/example_dags/example_python_decorator.py
[2024-02-18T13:26:57.834+0000] {processor.py:830} INFO - Processing file /home/airflow/.local/lib/python3.8/site-packages/airflow/example_dags/example_python_decorator.py for tasks to queue
[2024-02-18T13:26:57.837+0000] {logging_mixin.py:188} INFO - [2024-02-18T13:26:57.837+0000] {dagbag.py:538} INFO - Filling up the DagBag from /home/airflow/.local/lib/python3.8/site-packages/airflow/example_dags/example_python_decorator.py
[2024-02-18T13:26:57.865+0000] {processor.py:840} INFO - DAG(s) 'example_python_decorator' retrieved from /home/airflow/.local/lib/python3.8/site-packages/airflow/example_dags/example_python_decorator.py
[2024-02-18T13:26:57.909+0000] {logging_mixin.py:188} INFO - [2024-02-18T13:26:57.909+0000] {dag.py:3036} INFO - Sync 1 DAGs
[2024-02-18T13:26:57.931+0000] {logging_mixin.py:188} INFO - [2024-02-18T13:26:57.930+0000] {dag.py:3823} INFO - Setting next_dagrun for example_python_decorator to None, run_after=None
[2024-02-18T13:26:57.966+0000] {processor.py:183} INFO - Processing /home/airflow/.local/lib/python3.8/site-packages/airflow/example_dags/example_python_decorator.py took 0.142 seconds
[2024-02-18T13:27:28.284+0000] {processor.py:161} INFO - Started process (PID=842) to work on /home/airflow/.local/lib/python3.8/site-packages/airflow/example_dags/example_python_decorator.py
[2024-02-18T13:27:28.285+0000] {processor.py:830} INFO - Processing file /home/airflow/.local/lib/python3.8/site-packages/airflow/example_dags/example_python_decorator.py for tasks to queue
[2024-02-18T13:27:28.288+0000] {logging_mixin.py:188} INFO - [2024-02-18T13:27:28.288+0000] {dagbag.py:538} INFO - Filling up the DagBag from /home/airflow/.local/lib/python3.8/site-packages/airflow/example_dags/example_python_decorator.py
[2024-02-18T13:27:28.310+0000] {processor.py:840} INFO - DAG(s) 'example_python_decorator' retrieved from /home/airflow/.local/lib/python3.8/site-packages/airflow/example_dags/example_python_decorator.py
[2024-02-18T13:27:28.349+0000] {logging_mixin.py:188} INFO - [2024-02-18T13:27:28.348+0000] {dag.py:3036} INFO - Sync 1 DAGs
[2024-02-18T13:27:28.370+0000] {logging_mixin.py:188} INFO - [2024-02-18T13:27:28.369+0000] {dag.py:3823} INFO - Setting next_dagrun for example_python_decorator to None, run_after=None
[2024-02-18T13:27:28.397+0000] {processor.py:183} INFO - Processing /home/airflow/.local/lib/python3.8/site-packages/airflow/example_dags/example_python_decorator.py took 0.117 seconds
[2024-02-18T13:27:58.608+0000] {processor.py:161} INFO - Started process (PID=897) to work on /home/airflow/.local/lib/python3.8/site-packages/airflow/example_dags/example_python_decorator.py
[2024-02-18T13:27:58.609+0000] {processor.py:830} INFO - Processing file /home/airflow/.local/lib/python3.8/site-packages/airflow/example_dags/example_python_decorator.py for tasks to queue
[2024-02-18T13:27:58.613+0000] {logging_mixin.py:188} INFO - [2024-02-18T13:27:58.612+0000] {dagbag.py:538} INFO - Filling up the DagBag from /home/airflow/.local/lib/python3.8/site-packages/airflow/example_dags/example_python_decorator.py
[2024-02-18T13:27:58.636+0000] {processor.py:840} INFO - DAG(s) 'example_python_decorator' retrieved from /home/airflow/.local/lib/python3.8/site-packages/airflow/example_dags/example_python_decorator.py
[2024-02-18T13:27:58.679+0000] {logging_mixin.py:188} INFO - [2024-02-18T13:27:58.679+0000] {dag.py:3036} INFO - Sync 1 DAGs
[2024-02-18T13:27:58.702+0000] {logging_mixin.py:188} INFO - [2024-02-18T13:27:58.702+0000] {dag.py:3823} INFO - Setting next_dagrun for example_python_decorator to None, run_after=None
[2024-02-18T13:27:58.752+0000] {processor.py:183} INFO - Processing /home/airflow/.local/lib/python3.8/site-packages/airflow/example_dags/example_python_decorator.py took 0.150 seconds
