[2024-02-18T13:20:20.471+0000] {processor.py:161} INFO - Started process (PID=77) to work on /home/airflow/.local/lib/python3.8/site-packages/airflow/example_dags/example_sensor_decorator.py
[2024-02-18T13:20:20.472+0000] {processor.py:830} INFO - Processing file /home/airflow/.local/lib/python3.8/site-packages/airflow/example_dags/example_sensor_decorator.py for tasks to queue
[2024-02-18T13:20:20.476+0000] {logging_mixin.py:188} INFO - [2024-02-18T13:20:20.475+0000] {dagbag.py:538} INFO - Filling up the DagBag from /home/airflow/.local/lib/python3.8/site-packages/airflow/example_dags/example_sensor_decorator.py
[2024-02-18T13:20:20.485+0000] {processor.py:840} INFO - DAG(s) 'example_sensor_decorator' retrieved from /home/airflow/.local/lib/python3.8/site-packages/airflow/example_dags/example_sensor_decorator.py
[2024-02-18T13:20:20.520+0000] {logging_mixin.py:188} INFO - [2024-02-18T13:20:20.520+0000] {dag.py:3036} INFO - Sync 1 DAGs
[2024-02-18T13:20:20.542+0000] {logging_mixin.py:188} INFO - [2024-02-18T13:20:20.542+0000] {dag.py:3823} INFO - Setting next_dagrun for example_sensor_decorator to None, run_after=None
[2024-02-18T13:20:20.579+0000] {processor.py:183} INFO - Processing /home/airflow/.local/lib/python3.8/site-packages/airflow/example_dags/example_sensor_decorator.py took 0.114 seconds
[2024-02-18T13:20:51.088+0000] {processor.py:161} INFO - Started process (PID=132) to work on /home/airflow/.local/lib/python3.8/site-packages/airflow/example_dags/example_sensor_decorator.py
[2024-02-18T13:20:51.089+0000] {processor.py:830} INFO - Processing file /home/airflow/.local/lib/python3.8/site-packages/airflow/example_dags/example_sensor_decorator.py for tasks to queue
[2024-02-18T13:20:51.093+0000] {logging_mixin.py:188} INFO - [2024-02-18T13:20:51.092+0000] {dagbag.py:538} INFO - Filling up the DagBag from /home/airflow/.local/lib/python3.8/site-packages/airflow/example_dags/example_sensor_decorator.py
[2024-02-18T13:20:51.105+0000] {processor.py:840} INFO - DAG(s) 'example_sensor_decorator' retrieved from /home/airflow/.local/lib/python3.8/site-packages/airflow/example_dags/example_sensor_decorator.py
[2024-02-18T13:20:51.156+0000] {logging_mixin.py:188} INFO - [2024-02-18T13:20:51.155+0000] {dag.py:3036} INFO - Sync 1 DAGs
[2024-02-18T13:20:51.185+0000] {logging_mixin.py:188} INFO - [2024-02-18T13:20:51.185+0000] {dag.py:3823} INFO - Setting next_dagrun for example_sensor_decorator to None, run_after=None
[2024-02-18T13:20:51.231+0000] {processor.py:183} INFO - Processing /home/airflow/.local/lib/python3.8/site-packages/airflow/example_dags/example_sensor_decorator.py took 0.149 seconds
[2024-02-18T13:21:21.834+0000] {processor.py:161} INFO - Started process (PID=187) to work on /home/airflow/.local/lib/python3.8/site-packages/airflow/example_dags/example_sensor_decorator.py
[2024-02-18T13:21:21.836+0000] {processor.py:830} INFO - Processing file /home/airflow/.local/lib/python3.8/site-packages/airflow/example_dags/example_sensor_decorator.py for tasks to queue
[2024-02-18T13:21:21.841+0000] {logging_mixin.py:188} INFO - [2024-02-18T13:21:21.840+0000] {dagbag.py:538} INFO - Filling up the DagBag from /home/airflow/.local/lib/python3.8/site-packages/airflow/example_dags/example_sensor_decorator.py
[2024-02-18T13:21:21.855+0000] {processor.py:840} INFO - DAG(s) 'example_sensor_decorator' retrieved from /home/airflow/.local/lib/python3.8/site-packages/airflow/example_dags/example_sensor_decorator.py
[2024-02-18T13:21:21.920+0000] {logging_mixin.py:188} INFO - [2024-02-18T13:21:21.920+0000] {dag.py:3036} INFO - Sync 1 DAGs
[2024-02-18T13:21:21.949+0000] {logging_mixin.py:188} INFO - [2024-02-18T13:21:21.948+0000] {dag.py:3823} INFO - Setting next_dagrun for example_sensor_decorator to None, run_after=None
[2024-02-18T13:21:21.997+0000] {processor.py:183} INFO - Processing /home/airflow/.local/lib/python3.8/site-packages/airflow/example_dags/example_sensor_decorator.py took 0.170 seconds
[2024-02-18T13:21:52.636+0000] {processor.py:161} INFO - Started process (PID=242) to work on /home/airflow/.local/lib/python3.8/site-packages/airflow/example_dags/example_sensor_decorator.py
[2024-02-18T13:21:52.638+0000] {processor.py:830} INFO - Processing file /home/airflow/.local/lib/python3.8/site-packages/airflow/example_dags/example_sensor_decorator.py for tasks to queue
[2024-02-18T13:21:52.642+0000] {logging_mixin.py:188} INFO - [2024-02-18T13:21:52.641+0000] {dagbag.py:538} INFO - Filling up the DagBag from /home/airflow/.local/lib/python3.8/site-packages/airflow/example_dags/example_sensor_decorator.py
[2024-02-18T13:21:52.655+0000] {processor.py:840} INFO - DAG(s) 'example_sensor_decorator' retrieved from /home/airflow/.local/lib/python3.8/site-packages/airflow/example_dags/example_sensor_decorator.py
[2024-02-18T13:21:52.701+0000] {logging_mixin.py:188} INFO - [2024-02-18T13:21:52.700+0000] {dag.py:3036} INFO - Sync 1 DAGs
[2024-02-18T13:21:52.729+0000] {logging_mixin.py:188} INFO - [2024-02-18T13:21:52.729+0000] {dag.py:3823} INFO - Setting next_dagrun for example_sensor_decorator to None, run_after=None
[2024-02-18T13:21:52.770+0000] {processor.py:183} INFO - Processing /home/airflow/.local/lib/python3.8/site-packages/airflow/example_dags/example_sensor_decorator.py took 0.142 seconds
[2024-02-18T13:22:22.968+0000] {processor.py:161} INFO - Started process (PID=297) to work on /home/airflow/.local/lib/python3.8/site-packages/airflow/example_dags/example_sensor_decorator.py
[2024-02-18T13:22:22.969+0000] {processor.py:830} INFO - Processing file /home/airflow/.local/lib/python3.8/site-packages/airflow/example_dags/example_sensor_decorator.py for tasks to queue
[2024-02-18T13:22:22.974+0000] {logging_mixin.py:188} INFO - [2024-02-18T13:22:22.973+0000] {dagbag.py:538} INFO - Filling up the DagBag from /home/airflow/.local/lib/python3.8/site-packages/airflow/example_dags/example_sensor_decorator.py
[2024-02-18T13:22:22.987+0000] {processor.py:840} INFO - DAG(s) 'example_sensor_decorator' retrieved from /home/airflow/.local/lib/python3.8/site-packages/airflow/example_dags/example_sensor_decorator.py
[2024-02-18T13:22:23.023+0000] {logging_mixin.py:188} INFO - [2024-02-18T13:22:23.022+0000] {dag.py:3036} INFO - Sync 1 DAGs
[2024-02-18T13:22:23.048+0000] {logging_mixin.py:188} INFO - [2024-02-18T13:22:23.047+0000] {dag.py:3823} INFO - Setting next_dagrun for example_sensor_decorator to None, run_after=None
[2024-02-18T13:22:23.080+0000] {processor.py:183} INFO - Processing /home/airflow/.local/lib/python3.8/site-packages/airflow/example_dags/example_sensor_decorator.py took 0.119 seconds
[2024-02-18T13:22:53.857+0000] {processor.py:161} INFO - Started process (PID=352) to work on /home/airflow/.local/lib/python3.8/site-packages/airflow/example_dags/example_sensor_decorator.py
[2024-02-18T13:22:53.858+0000] {processor.py:830} INFO - Processing file /home/airflow/.local/lib/python3.8/site-packages/airflow/example_dags/example_sensor_decorator.py for tasks to queue
[2024-02-18T13:22:53.865+0000] {logging_mixin.py:188} INFO - [2024-02-18T13:22:53.864+0000] {dagbag.py:538} INFO - Filling up the DagBag from /home/airflow/.local/lib/python3.8/site-packages/airflow/example_dags/example_sensor_decorator.py
[2024-02-18T13:22:53.879+0000] {processor.py:840} INFO - DAG(s) 'example_sensor_decorator' retrieved from /home/airflow/.local/lib/python3.8/site-packages/airflow/example_dags/example_sensor_decorator.py
[2024-02-18T13:22:53.927+0000] {logging_mixin.py:188} INFO - [2024-02-18T13:22:53.927+0000] {dag.py:3036} INFO - Sync 1 DAGs
[2024-02-18T13:22:53.950+0000] {logging_mixin.py:188} INFO - [2024-02-18T13:22:53.949+0000] {dag.py:3823} INFO - Setting next_dagrun for example_sensor_decorator to None, run_after=None
[2024-02-18T13:22:53.997+0000] {processor.py:183} INFO - Processing /home/airflow/.local/lib/python3.8/site-packages/airflow/example_dags/example_sensor_decorator.py took 0.145 seconds
[2024-02-18T13:23:24.331+0000] {processor.py:161} INFO - Started process (PID=407) to work on /home/airflow/.local/lib/python3.8/site-packages/airflow/example_dags/example_sensor_decorator.py
[2024-02-18T13:23:24.333+0000] {processor.py:830} INFO - Processing file /home/airflow/.local/lib/python3.8/site-packages/airflow/example_dags/example_sensor_decorator.py for tasks to queue
[2024-02-18T13:23:24.340+0000] {logging_mixin.py:188} INFO - [2024-02-18T13:23:24.340+0000] {dagbag.py:538} INFO - Filling up the DagBag from /home/airflow/.local/lib/python3.8/site-packages/airflow/example_dags/example_sensor_decorator.py
[2024-02-18T13:23:24.355+0000] {processor.py:840} INFO - DAG(s) 'example_sensor_decorator' retrieved from /home/airflow/.local/lib/python3.8/site-packages/airflow/example_dags/example_sensor_decorator.py
[2024-02-18T13:23:24.392+0000] {logging_mixin.py:188} INFO - [2024-02-18T13:23:24.392+0000] {dag.py:3036} INFO - Sync 1 DAGs
[2024-02-18T13:23:24.412+0000] {logging_mixin.py:188} INFO - [2024-02-18T13:23:24.412+0000] {dag.py:3823} INFO - Setting next_dagrun for example_sensor_decorator to None, run_after=None
[2024-02-18T13:23:24.448+0000] {processor.py:183} INFO - Processing /home/airflow/.local/lib/python3.8/site-packages/airflow/example_dags/example_sensor_decorator.py took 0.122 seconds
[2024-02-18T13:23:54.484+0000] {processor.py:161} INFO - Started process (PID=462) to work on /home/airflow/.local/lib/python3.8/site-packages/airflow/example_dags/example_sensor_decorator.py
[2024-02-18T13:23:54.485+0000] {processor.py:830} INFO - Processing file /home/airflow/.local/lib/python3.8/site-packages/airflow/example_dags/example_sensor_decorator.py for tasks to queue
[2024-02-18T13:23:54.489+0000] {logging_mixin.py:188} INFO - [2024-02-18T13:23:54.488+0000] {dagbag.py:538} INFO - Filling up the DagBag from /home/airflow/.local/lib/python3.8/site-packages/airflow/example_dags/example_sensor_decorator.py
[2024-02-18T13:23:54.499+0000] {processor.py:840} INFO - DAG(s) 'example_sensor_decorator' retrieved from /home/airflow/.local/lib/python3.8/site-packages/airflow/example_dags/example_sensor_decorator.py
[2024-02-18T13:23:54.535+0000] {logging_mixin.py:188} INFO - [2024-02-18T13:23:54.535+0000] {dag.py:3036} INFO - Sync 1 DAGs
[2024-02-18T13:23:54.555+0000] {logging_mixin.py:188} INFO - [2024-02-18T13:23:54.555+0000] {dag.py:3823} INFO - Setting next_dagrun for example_sensor_decorator to None, run_after=None
[2024-02-18T13:23:54.590+0000] {processor.py:183} INFO - Processing /home/airflow/.local/lib/python3.8/site-packages/airflow/example_dags/example_sensor_decorator.py took 0.111 seconds
[2024-02-18T13:24:24.801+0000] {processor.py:161} INFO - Started process (PID=517) to work on /home/airflow/.local/lib/python3.8/site-packages/airflow/example_dags/example_sensor_decorator.py
[2024-02-18T13:24:24.804+0000] {processor.py:830} INFO - Processing file /home/airflow/.local/lib/python3.8/site-packages/airflow/example_dags/example_sensor_decorator.py for tasks to queue
[2024-02-18T13:24:24.807+0000] {logging_mixin.py:188} INFO - [2024-02-18T13:24:24.806+0000] {dagbag.py:538} INFO - Filling up the DagBag from /home/airflow/.local/lib/python3.8/site-packages/airflow/example_dags/example_sensor_decorator.py
[2024-02-18T13:24:24.817+0000] {processor.py:840} INFO - DAG(s) 'example_sensor_decorator' retrieved from /home/airflow/.local/lib/python3.8/site-packages/airflow/example_dags/example_sensor_decorator.py
[2024-02-18T13:24:24.853+0000] {logging_mixin.py:188} INFO - [2024-02-18T13:24:24.852+0000] {dag.py:3036} INFO - Sync 1 DAGs
[2024-02-18T13:24:24.880+0000] {logging_mixin.py:188} INFO - [2024-02-18T13:24:24.880+0000] {dag.py:3823} INFO - Setting next_dagrun for example_sensor_decorator to None, run_after=None
[2024-02-18T13:24:24.918+0000] {processor.py:183} INFO - Processing /home/airflow/.local/lib/python3.8/site-packages/airflow/example_dags/example_sensor_decorator.py took 0.124 seconds
[2024-02-18T13:24:55.597+0000] {processor.py:161} INFO - Started process (PID=572) to work on /home/airflow/.local/lib/python3.8/site-packages/airflow/example_dags/example_sensor_decorator.py
[2024-02-18T13:24:55.598+0000] {processor.py:830} INFO - Processing file /home/airflow/.local/lib/python3.8/site-packages/airflow/example_dags/example_sensor_decorator.py for tasks to queue
[2024-02-18T13:24:55.602+0000] {logging_mixin.py:188} INFO - [2024-02-18T13:24:55.601+0000] {dagbag.py:538} INFO - Filling up the DagBag from /home/airflow/.local/lib/python3.8/site-packages/airflow/example_dags/example_sensor_decorator.py
[2024-02-18T13:24:55.611+0000] {processor.py:840} INFO - DAG(s) 'example_sensor_decorator' retrieved from /home/airflow/.local/lib/python3.8/site-packages/airflow/example_dags/example_sensor_decorator.py
[2024-02-18T13:24:55.648+0000] {logging_mixin.py:188} INFO - [2024-02-18T13:24:55.648+0000] {dag.py:3036} INFO - Sync 1 DAGs
[2024-02-18T13:24:55.670+0000] {logging_mixin.py:188} INFO - [2024-02-18T13:24:55.670+0000] {dag.py:3823} INFO - Setting next_dagrun for example_sensor_decorator to None, run_after=None
[2024-02-18T13:24:55.701+0000] {processor.py:183} INFO - Processing /home/airflow/.local/lib/python3.8/site-packages/airflow/example_dags/example_sensor_decorator.py took 0.109 seconds
[2024-02-18T13:25:26.389+0000] {processor.py:161} INFO - Started process (PID=627) to work on /home/airflow/.local/lib/python3.8/site-packages/airflow/example_dags/example_sensor_decorator.py
[2024-02-18T13:25:26.392+0000] {processor.py:830} INFO - Processing file /home/airflow/.local/lib/python3.8/site-packages/airflow/example_dags/example_sensor_decorator.py for tasks to queue
[2024-02-18T13:25:26.396+0000] {logging_mixin.py:188} INFO - [2024-02-18T13:25:26.395+0000] {dagbag.py:538} INFO - Filling up the DagBag from /home/airflow/.local/lib/python3.8/site-packages/airflow/example_dags/example_sensor_decorator.py
[2024-02-18T13:25:26.411+0000] {processor.py:840} INFO - DAG(s) 'example_sensor_decorator' retrieved from /home/airflow/.local/lib/python3.8/site-packages/airflow/example_dags/example_sensor_decorator.py
[2024-02-18T13:25:26.467+0000] {logging_mixin.py:188} INFO - [2024-02-18T13:25:26.467+0000] {dag.py:3036} INFO - Sync 1 DAGs
[2024-02-18T13:25:26.498+0000] {logging_mixin.py:188} INFO - [2024-02-18T13:25:26.498+0000] {dag.py:3823} INFO - Setting next_dagrun for example_sensor_decorator to None, run_after=None
[2024-02-18T13:25:26.549+0000] {processor.py:183} INFO - Processing /home/airflow/.local/lib/python3.8/site-packages/airflow/example_dags/example_sensor_decorator.py took 0.167 seconds
[2024-02-18T13:25:57.065+0000] {processor.py:161} INFO - Started process (PID=682) to work on /home/airflow/.local/lib/python3.8/site-packages/airflow/example_dags/example_sensor_decorator.py
[2024-02-18T13:25:57.067+0000] {processor.py:830} INFO - Processing file /home/airflow/.local/lib/python3.8/site-packages/airflow/example_dags/example_sensor_decorator.py for tasks to queue
[2024-02-18T13:25:57.073+0000] {logging_mixin.py:188} INFO - [2024-02-18T13:25:57.072+0000] {dagbag.py:538} INFO - Filling up the DagBag from /home/airflow/.local/lib/python3.8/site-packages/airflow/example_dags/example_sensor_decorator.py
[2024-02-18T13:25:57.084+0000] {processor.py:840} INFO - DAG(s) 'example_sensor_decorator' retrieved from /home/airflow/.local/lib/python3.8/site-packages/airflow/example_dags/example_sensor_decorator.py
[2024-02-18T13:25:57.123+0000] {logging_mixin.py:188} INFO - [2024-02-18T13:25:57.123+0000] {dag.py:3036} INFO - Sync 1 DAGs
[2024-02-18T13:25:57.155+0000] {logging_mixin.py:188} INFO - [2024-02-18T13:25:57.154+0000] {dag.py:3823} INFO - Setting next_dagrun for example_sensor_decorator to None, run_after=None
[2024-02-18T13:25:57.190+0000] {processor.py:183} INFO - Processing /home/airflow/.local/lib/python3.8/site-packages/airflow/example_dags/example_sensor_decorator.py took 0.130 seconds
[2024-02-18T13:26:27.635+0000] {processor.py:161} INFO - Started process (PID=737) to work on /home/airflow/.local/lib/python3.8/site-packages/airflow/example_dags/example_sensor_decorator.py
[2024-02-18T13:26:27.637+0000] {processor.py:830} INFO - Processing file /home/airflow/.local/lib/python3.8/site-packages/airflow/example_dags/example_sensor_decorator.py for tasks to queue
[2024-02-18T13:26:27.641+0000] {logging_mixin.py:188} INFO - [2024-02-18T13:26:27.640+0000] {dagbag.py:538} INFO - Filling up the DagBag from /home/airflow/.local/lib/python3.8/site-packages/airflow/example_dags/example_sensor_decorator.py
[2024-02-18T13:26:27.651+0000] {processor.py:840} INFO - DAG(s) 'example_sensor_decorator' retrieved from /home/airflow/.local/lib/python3.8/site-packages/airflow/example_dags/example_sensor_decorator.py
[2024-02-18T13:26:27.689+0000] {logging_mixin.py:188} INFO - [2024-02-18T13:26:27.689+0000] {dag.py:3036} INFO - Sync 1 DAGs
[2024-02-18T13:26:27.723+0000] {logging_mixin.py:188} INFO - [2024-02-18T13:26:27.722+0000] {dag.py:3823} INFO - Setting next_dagrun for example_sensor_decorator to None, run_after=None
[2024-02-18T13:26:27.775+0000] {processor.py:183} INFO - Processing /home/airflow/.local/lib/python3.8/site-packages/airflow/example_dags/example_sensor_decorator.py took 0.145 seconds
[2024-02-18T13:26:58.254+0000] {processor.py:161} INFO - Started process (PID=792) to work on /home/airflow/.local/lib/python3.8/site-packages/airflow/example_dags/example_sensor_decorator.py
[2024-02-18T13:26:58.256+0000] {processor.py:830} INFO - Processing file /home/airflow/.local/lib/python3.8/site-packages/airflow/example_dags/example_sensor_decorator.py for tasks to queue
[2024-02-18T13:26:58.259+0000] {logging_mixin.py:188} INFO - [2024-02-18T13:26:58.259+0000] {dagbag.py:538} INFO - Filling up the DagBag from /home/airflow/.local/lib/python3.8/site-packages/airflow/example_dags/example_sensor_decorator.py
[2024-02-18T13:26:58.270+0000] {processor.py:840} INFO - DAG(s) 'example_sensor_decorator' retrieved from /home/airflow/.local/lib/python3.8/site-packages/airflow/example_dags/example_sensor_decorator.py
[2024-02-18T13:26:58.313+0000] {logging_mixin.py:188} INFO - [2024-02-18T13:26:58.312+0000] {dag.py:3036} INFO - Sync 1 DAGs
[2024-02-18T13:26:58.343+0000] {logging_mixin.py:188} INFO - [2024-02-18T13:26:58.342+0000] {dag.py:3823} INFO - Setting next_dagrun for example_sensor_decorator to None, run_after=None
[2024-02-18T13:26:58.383+0000] {processor.py:183} INFO - Processing /home/airflow/.local/lib/python3.8/site-packages/airflow/example_dags/example_sensor_decorator.py took 0.133 seconds
[2024-02-18T13:27:28.692+0000] {processor.py:161} INFO - Started process (PID=847) to work on /home/airflow/.local/lib/python3.8/site-packages/airflow/example_dags/example_sensor_decorator.py
[2024-02-18T13:27:28.694+0000] {processor.py:830} INFO - Processing file /home/airflow/.local/lib/python3.8/site-packages/airflow/example_dags/example_sensor_decorator.py for tasks to queue
[2024-02-18T13:27:28.697+0000] {logging_mixin.py:188} INFO - [2024-02-18T13:27:28.696+0000] {dagbag.py:538} INFO - Filling up the DagBag from /home/airflow/.local/lib/python3.8/site-packages/airflow/example_dags/example_sensor_decorator.py
[2024-02-18T13:27:28.707+0000] {processor.py:840} INFO - DAG(s) 'example_sensor_decorator' retrieved from /home/airflow/.local/lib/python3.8/site-packages/airflow/example_dags/example_sensor_decorator.py
[2024-02-18T13:27:28.747+0000] {logging_mixin.py:188} INFO - [2024-02-18T13:27:28.747+0000] {dag.py:3036} INFO - Sync 1 DAGs
[2024-02-18T13:27:28.770+0000] {logging_mixin.py:188} INFO - [2024-02-18T13:27:28.769+0000] {dag.py:3823} INFO - Setting next_dagrun for example_sensor_decorator to None, run_after=None
[2024-02-18T13:27:28.809+0000] {processor.py:183} INFO - Processing /home/airflow/.local/lib/python3.8/site-packages/airflow/example_dags/example_sensor_decorator.py took 0.121 seconds
