[2024-02-18T13:20:18.892+0000] {processor.py:161} INFO - Started process (PID=67) to work on /home/airflow/.local/lib/python3.8/site-packages/airflow/example_dags/example_short_circuit_operator.py
[2024-02-18T13:20:18.895+0000] {processor.py:830} INFO - Processing file /home/airflow/.local/lib/python3.8/site-packages/airflow/example_dags/example_short_circuit_operator.py for tasks to queue
[2024-02-18T13:20:18.899+0000] {logging_mixin.py:188} INFO - [2024-02-18T13:20:18.898+0000] {dagbag.py:538} INFO - Filling up the DagBag from /home/airflow/.local/lib/python3.8/site-packages/airflow/example_dags/example_short_circuit_operator.py
[2024-02-18T13:20:18.915+0000] {processor.py:840} INFO - DAG(s) 'example_short_circuit_operator' retrieved from /home/airflow/.local/lib/python3.8/site-packages/airflow/example_dags/example_short_circuit_operator.py
[2024-02-18T13:20:18.966+0000] {logging_mixin.py:188} INFO - [2024-02-18T13:20:18.965+0000] {dag.py:3036} INFO - Sync 1 DAGs
[2024-02-18T13:20:19.015+0000] {logging_mixin.py:188} INFO - [2024-02-18T13:20:19.015+0000] {dag.py:3823} INFO - Setting next_dagrun for example_short_circuit_operator to 2024-02-17 00:00:00+00:00, run_after=2024-02-18 00:00:00+00:00
[2024-02-18T13:20:19.055+0000] {processor.py:183} INFO - Processing /home/airflow/.local/lib/python3.8/site-packages/airflow/example_dags/example_short_circuit_operator.py took 0.173 seconds
[2024-02-18T13:20:49.901+0000] {processor.py:161} INFO - Started process (PID=122) to work on /home/airflow/.local/lib/python3.8/site-packages/airflow/example_dags/example_short_circuit_operator.py
[2024-02-18T13:20:49.903+0000] {processor.py:830} INFO - Processing file /home/airflow/.local/lib/python3.8/site-packages/airflow/example_dags/example_short_circuit_operator.py for tasks to queue
[2024-02-18T13:20:49.906+0000] {logging_mixin.py:188} INFO - [2024-02-18T13:20:49.905+0000] {dagbag.py:538} INFO - Filling up the DagBag from /home/airflow/.local/lib/python3.8/site-packages/airflow/example_dags/example_short_circuit_operator.py
[2024-02-18T13:20:49.929+0000] {processor.py:840} INFO - DAG(s) 'example_short_circuit_operator' retrieved from /home/airflow/.local/lib/python3.8/site-packages/airflow/example_dags/example_short_circuit_operator.py
[2024-02-18T13:20:50.009+0000] {logging_mixin.py:188} INFO - [2024-02-18T13:20:50.008+0000] {dag.py:3036} INFO - Sync 1 DAGs
[2024-02-18T13:20:50.063+0000] {logging_mixin.py:188} INFO - [2024-02-18T13:20:50.063+0000] {dag.py:3823} INFO - Setting next_dagrun for example_short_circuit_operator to 2024-02-17 00:00:00+00:00, run_after=2024-02-18 00:00:00+00:00
[2024-02-18T13:20:50.159+0000] {processor.py:183} INFO - Processing /home/airflow/.local/lib/python3.8/site-packages/airflow/example_dags/example_short_circuit_operator.py took 0.264 seconds
[2024-02-18T13:21:20.813+0000] {processor.py:161} INFO - Started process (PID=177) to work on /home/airflow/.local/lib/python3.8/site-packages/airflow/example_dags/example_short_circuit_operator.py
[2024-02-18T13:21:20.818+0000] {processor.py:830} INFO - Processing file /home/airflow/.local/lib/python3.8/site-packages/airflow/example_dags/example_short_circuit_operator.py for tasks to queue
[2024-02-18T13:21:20.822+0000] {logging_mixin.py:188} INFO - [2024-02-18T13:21:20.821+0000] {dagbag.py:538} INFO - Filling up the DagBag from /home/airflow/.local/lib/python3.8/site-packages/airflow/example_dags/example_short_circuit_operator.py
[2024-02-18T13:21:20.840+0000] {processor.py:840} INFO - DAG(s) 'example_short_circuit_operator' retrieved from /home/airflow/.local/lib/python3.8/site-packages/airflow/example_dags/example_short_circuit_operator.py
[2024-02-18T13:21:20.889+0000] {logging_mixin.py:188} INFO - [2024-02-18T13:21:20.889+0000] {dag.py:3036} INFO - Sync 1 DAGs
[2024-02-18T13:21:20.932+0000] {logging_mixin.py:188} INFO - [2024-02-18T13:21:20.932+0000] {dag.py:3823} INFO - Setting next_dagrun for example_short_circuit_operator to 2024-02-17 00:00:00+00:00, run_after=2024-02-18 00:00:00+00:00
[2024-02-18T13:21:20.969+0000] {processor.py:183} INFO - Processing /home/airflow/.local/lib/python3.8/site-packages/airflow/example_dags/example_short_circuit_operator.py took 0.161 seconds
[2024-02-18T13:21:51.436+0000] {processor.py:161} INFO - Started process (PID=232) to work on /home/airflow/.local/lib/python3.8/site-packages/airflow/example_dags/example_short_circuit_operator.py
[2024-02-18T13:21:51.437+0000] {processor.py:830} INFO - Processing file /home/airflow/.local/lib/python3.8/site-packages/airflow/example_dags/example_short_circuit_operator.py for tasks to queue
[2024-02-18T13:21:51.441+0000] {logging_mixin.py:188} INFO - [2024-02-18T13:21:51.440+0000] {dagbag.py:538} INFO - Filling up the DagBag from /home/airflow/.local/lib/python3.8/site-packages/airflow/example_dags/example_short_circuit_operator.py
[2024-02-18T13:21:51.453+0000] {processor.py:840} INFO - DAG(s) 'example_short_circuit_operator' retrieved from /home/airflow/.local/lib/python3.8/site-packages/airflow/example_dags/example_short_circuit_operator.py
[2024-02-18T13:21:51.494+0000] {logging_mixin.py:188} INFO - [2024-02-18T13:21:51.493+0000] {dag.py:3036} INFO - Sync 1 DAGs
[2024-02-18T13:21:51.533+0000] {logging_mixin.py:188} INFO - [2024-02-18T13:21:51.532+0000] {dag.py:3823} INFO - Setting next_dagrun for example_short_circuit_operator to 2024-02-17 00:00:00+00:00, run_after=2024-02-18 00:00:00+00:00
[2024-02-18T13:21:51.572+0000] {processor.py:183} INFO - Processing /home/airflow/.local/lib/python3.8/site-packages/airflow/example_dags/example_short_circuit_operator.py took 0.141 seconds
[2024-02-18T13:22:21.977+0000] {processor.py:161} INFO - Started process (PID=287) to work on /home/airflow/.local/lib/python3.8/site-packages/airflow/example_dags/example_short_circuit_operator.py
[2024-02-18T13:22:21.978+0000] {processor.py:830} INFO - Processing file /home/airflow/.local/lib/python3.8/site-packages/airflow/example_dags/example_short_circuit_operator.py for tasks to queue
[2024-02-18T13:22:21.982+0000] {logging_mixin.py:188} INFO - [2024-02-18T13:22:21.981+0000] {dagbag.py:538} INFO - Filling up the DagBag from /home/airflow/.local/lib/python3.8/site-packages/airflow/example_dags/example_short_circuit_operator.py
[2024-02-18T13:22:21.994+0000] {processor.py:840} INFO - DAG(s) 'example_short_circuit_operator' retrieved from /home/airflow/.local/lib/python3.8/site-packages/airflow/example_dags/example_short_circuit_operator.py
[2024-02-18T13:22:22.040+0000] {logging_mixin.py:188} INFO - [2024-02-18T13:22:22.039+0000] {dag.py:3036} INFO - Sync 1 DAGs
[2024-02-18T13:22:22.081+0000] {logging_mixin.py:188} INFO - [2024-02-18T13:22:22.080+0000] {dag.py:3823} INFO - Setting next_dagrun for example_short_circuit_operator to 2024-02-17 00:00:00+00:00, run_after=2024-02-18 00:00:00+00:00
[2024-02-18T13:22:22.116+0000] {processor.py:183} INFO - Processing /home/airflow/.local/lib/python3.8/site-packages/airflow/example_dags/example_short_circuit_operator.py took 0.147 seconds
[2024-02-18T13:22:52.787+0000] {processor.py:161} INFO - Started process (PID=342) to work on /home/airflow/.local/lib/python3.8/site-packages/airflow/example_dags/example_short_circuit_operator.py
[2024-02-18T13:22:52.789+0000] {processor.py:830} INFO - Processing file /home/airflow/.local/lib/python3.8/site-packages/airflow/example_dags/example_short_circuit_operator.py for tasks to queue
[2024-02-18T13:22:52.792+0000] {logging_mixin.py:188} INFO - [2024-02-18T13:22:52.791+0000] {dagbag.py:538} INFO - Filling up the DagBag from /home/airflow/.local/lib/python3.8/site-packages/airflow/example_dags/example_short_circuit_operator.py
[2024-02-18T13:22:52.803+0000] {processor.py:840} INFO - DAG(s) 'example_short_circuit_operator' retrieved from /home/airflow/.local/lib/python3.8/site-packages/airflow/example_dags/example_short_circuit_operator.py
[2024-02-18T13:22:52.845+0000] {logging_mixin.py:188} INFO - [2024-02-18T13:22:52.844+0000] {dag.py:3036} INFO - Sync 1 DAGs
[2024-02-18T13:22:52.879+0000] {logging_mixin.py:188} INFO - [2024-02-18T13:22:52.879+0000] {dag.py:3823} INFO - Setting next_dagrun for example_short_circuit_operator to 2024-02-17 00:00:00+00:00, run_after=2024-02-18 00:00:00+00:00
[2024-02-18T13:22:52.915+0000] {processor.py:183} INFO - Processing /home/airflow/.local/lib/python3.8/site-packages/airflow/example_dags/example_short_circuit_operator.py took 0.134 seconds
[2024-02-18T13:23:23.103+0000] {processor.py:161} INFO - Started process (PID=397) to work on /home/airflow/.local/lib/python3.8/site-packages/airflow/example_dags/example_short_circuit_operator.py
[2024-02-18T13:23:23.105+0000] {processor.py:830} INFO - Processing file /home/airflow/.local/lib/python3.8/site-packages/airflow/example_dags/example_short_circuit_operator.py for tasks to queue
[2024-02-18T13:23:23.108+0000] {logging_mixin.py:188} INFO - [2024-02-18T13:23:23.107+0000] {dagbag.py:538} INFO - Filling up the DagBag from /home/airflow/.local/lib/python3.8/site-packages/airflow/example_dags/example_short_circuit_operator.py
[2024-02-18T13:23:23.122+0000] {processor.py:840} INFO - DAG(s) 'example_short_circuit_operator' retrieved from /home/airflow/.local/lib/python3.8/site-packages/airflow/example_dags/example_short_circuit_operator.py
[2024-02-18T13:23:23.167+0000] {logging_mixin.py:188} INFO - [2024-02-18T13:23:23.166+0000] {dag.py:3036} INFO - Sync 1 DAGs
[2024-02-18T13:23:23.204+0000] {logging_mixin.py:188} INFO - [2024-02-18T13:23:23.204+0000] {dag.py:3823} INFO - Setting next_dagrun for example_short_circuit_operator to 2024-02-17 00:00:00+00:00, run_after=2024-02-18 00:00:00+00:00
[2024-02-18T13:23:23.236+0000] {processor.py:183} INFO - Processing /home/airflow/.local/lib/python3.8/site-packages/airflow/example_dags/example_short_circuit_operator.py took 0.139 seconds
[2024-02-18T13:23:53.409+0000] {processor.py:161} INFO - Started process (PID=452) to work on /home/airflow/.local/lib/python3.8/site-packages/airflow/example_dags/example_short_circuit_operator.py
[2024-02-18T13:23:53.411+0000] {processor.py:830} INFO - Processing file /home/airflow/.local/lib/python3.8/site-packages/airflow/example_dags/example_short_circuit_operator.py for tasks to queue
[2024-02-18T13:23:53.414+0000] {logging_mixin.py:188} INFO - [2024-02-18T13:23:53.413+0000] {dagbag.py:538} INFO - Filling up the DagBag from /home/airflow/.local/lib/python3.8/site-packages/airflow/example_dags/example_short_circuit_operator.py
[2024-02-18T13:23:53.424+0000] {processor.py:840} INFO - DAG(s) 'example_short_circuit_operator' retrieved from /home/airflow/.local/lib/python3.8/site-packages/airflow/example_dags/example_short_circuit_operator.py
[2024-02-18T13:23:53.465+0000] {logging_mixin.py:188} INFO - [2024-02-18T13:23:53.465+0000] {dag.py:3036} INFO - Sync 1 DAGs
[2024-02-18T13:23:53.507+0000] {logging_mixin.py:188} INFO - [2024-02-18T13:23:53.506+0000] {dag.py:3823} INFO - Setting next_dagrun for example_short_circuit_operator to 2024-02-17 00:00:00+00:00, run_after=2024-02-18 00:00:00+00:00
[2024-02-18T13:23:53.546+0000] {processor.py:183} INFO - Processing /home/airflow/.local/lib/python3.8/site-packages/airflow/example_dags/example_short_circuit_operator.py took 0.141 seconds
[2024-02-18T13:24:23.789+0000] {processor.py:161} INFO - Started process (PID=507) to work on /home/airflow/.local/lib/python3.8/site-packages/airflow/example_dags/example_short_circuit_operator.py
[2024-02-18T13:24:23.790+0000] {processor.py:830} INFO - Processing file /home/airflow/.local/lib/python3.8/site-packages/airflow/example_dags/example_short_circuit_operator.py for tasks to queue
[2024-02-18T13:24:23.793+0000] {logging_mixin.py:188} INFO - [2024-02-18T13:24:23.792+0000] {dagbag.py:538} INFO - Filling up the DagBag from /home/airflow/.local/lib/python3.8/site-packages/airflow/example_dags/example_short_circuit_operator.py
[2024-02-18T13:24:23.804+0000] {processor.py:840} INFO - DAG(s) 'example_short_circuit_operator' retrieved from /home/airflow/.local/lib/python3.8/site-packages/airflow/example_dags/example_short_circuit_operator.py
[2024-02-18T13:24:23.845+0000] {logging_mixin.py:188} INFO - [2024-02-18T13:24:23.845+0000] {dag.py:3036} INFO - Sync 1 DAGs
[2024-02-18T13:24:23.881+0000] {logging_mixin.py:188} INFO - [2024-02-18T13:24:23.881+0000] {dag.py:3823} INFO - Setting next_dagrun for example_short_circuit_operator to 2024-02-17 00:00:00+00:00, run_after=2024-02-18 00:00:00+00:00
[2024-02-18T13:24:23.917+0000] {processor.py:183} INFO - Processing /home/airflow/.local/lib/python3.8/site-packages/airflow/example_dags/example_short_circuit_operator.py took 0.134 seconds
[2024-02-18T13:24:54.442+0000] {processor.py:161} INFO - Started process (PID=562) to work on /home/airflow/.local/lib/python3.8/site-packages/airflow/example_dags/example_short_circuit_operator.py
[2024-02-18T13:24:54.445+0000] {processor.py:830} INFO - Processing file /home/airflow/.local/lib/python3.8/site-packages/airflow/example_dags/example_short_circuit_operator.py for tasks to queue
[2024-02-18T13:24:54.449+0000] {logging_mixin.py:188} INFO - [2024-02-18T13:24:54.448+0000] {dagbag.py:538} INFO - Filling up the DagBag from /home/airflow/.local/lib/python3.8/site-packages/airflow/example_dags/example_short_circuit_operator.py
[2024-02-18T13:24:54.462+0000] {processor.py:840} INFO - DAG(s) 'example_short_circuit_operator' retrieved from /home/airflow/.local/lib/python3.8/site-packages/airflow/example_dags/example_short_circuit_operator.py
[2024-02-18T13:24:54.507+0000] {logging_mixin.py:188} INFO - [2024-02-18T13:24:54.506+0000] {dag.py:3036} INFO - Sync 1 DAGs
[2024-02-18T13:24:54.547+0000] {logging_mixin.py:188} INFO - [2024-02-18T13:24:54.547+0000] {dag.py:3823} INFO - Setting next_dagrun for example_short_circuit_operator to 2024-02-17 00:00:00+00:00, run_after=2024-02-18 00:00:00+00:00
[2024-02-18T13:24:54.584+0000] {processor.py:183} INFO - Processing /home/airflow/.local/lib/python3.8/site-packages/airflow/example_dags/example_short_circuit_operator.py took 0.153 seconds
[2024-02-18T13:25:24.902+0000] {processor.py:161} INFO - Started process (PID=617) to work on /home/airflow/.local/lib/python3.8/site-packages/airflow/example_dags/example_short_circuit_operator.py
[2024-02-18T13:25:24.904+0000] {processor.py:830} INFO - Processing file /home/airflow/.local/lib/python3.8/site-packages/airflow/example_dags/example_short_circuit_operator.py for tasks to queue
[2024-02-18T13:25:24.908+0000] {logging_mixin.py:188} INFO - [2024-02-18T13:25:24.907+0000] {dagbag.py:538} INFO - Filling up the DagBag from /home/airflow/.local/lib/python3.8/site-packages/airflow/example_dags/example_short_circuit_operator.py
[2024-02-18T13:25:24.923+0000] {processor.py:840} INFO - DAG(s) 'example_short_circuit_operator' retrieved from /home/airflow/.local/lib/python3.8/site-packages/airflow/example_dags/example_short_circuit_operator.py
[2024-02-18T13:25:24.976+0000] {logging_mixin.py:188} INFO - [2024-02-18T13:25:24.976+0000] {dag.py:3036} INFO - Sync 1 DAGs
[2024-02-18T13:25:25.025+0000] {logging_mixin.py:188} INFO - [2024-02-18T13:25:25.024+0000] {dag.py:3823} INFO - Setting next_dagrun for example_short_circuit_operator to 2024-02-17 00:00:00+00:00, run_after=2024-02-18 00:00:00+00:00
[2024-02-18T13:25:25.064+0000] {processor.py:183} INFO - Processing /home/airflow/.local/lib/python3.8/site-packages/airflow/example_dags/example_short_circuit_operator.py took 0.168 seconds
[2024-02-18T13:25:55.205+0000] {processor.py:161} INFO - Started process (PID=672) to work on /home/airflow/.local/lib/python3.8/site-packages/airflow/example_dags/example_short_circuit_operator.py
[2024-02-18T13:25:55.209+0000] {processor.py:830} INFO - Processing file /home/airflow/.local/lib/python3.8/site-packages/airflow/example_dags/example_short_circuit_operator.py for tasks to queue
[2024-02-18T13:25:55.214+0000] {logging_mixin.py:188} INFO - [2024-02-18T13:25:55.213+0000] {dagbag.py:538} INFO - Filling up the DagBag from /home/airflow/.local/lib/python3.8/site-packages/airflow/example_dags/example_short_circuit_operator.py
[2024-02-18T13:25:55.238+0000] {processor.py:840} INFO - DAG(s) 'example_short_circuit_operator' retrieved from /home/airflow/.local/lib/python3.8/site-packages/airflow/example_dags/example_short_circuit_operator.py
[2024-02-18T13:25:55.354+0000] {logging_mixin.py:188} INFO - [2024-02-18T13:25:55.354+0000] {dag.py:3036} INFO - Sync 1 DAGs
[2024-02-18T13:25:55.430+0000] {logging_mixin.py:188} INFO - [2024-02-18T13:25:55.430+0000] {dag.py:3823} INFO - Setting next_dagrun for example_short_circuit_operator to 2024-02-17 00:00:00+00:00, run_after=2024-02-18 00:00:00+00:00
[2024-02-18T13:25:55.485+0000] {processor.py:183} INFO - Processing /home/airflow/.local/lib/python3.8/site-packages/airflow/example_dags/example_short_circuit_operator.py took 0.298 seconds
[2024-02-18T13:26:25.585+0000] {processor.py:161} INFO - Started process (PID=727) to work on /home/airflow/.local/lib/python3.8/site-packages/airflow/example_dags/example_short_circuit_operator.py
[2024-02-18T13:26:25.588+0000] {processor.py:830} INFO - Processing file /home/airflow/.local/lib/python3.8/site-packages/airflow/example_dags/example_short_circuit_operator.py for tasks to queue
[2024-02-18T13:26:25.594+0000] {logging_mixin.py:188} INFO - [2024-02-18T13:26:25.593+0000] {dagbag.py:538} INFO - Filling up the DagBag from /home/airflow/.local/lib/python3.8/site-packages/airflow/example_dags/example_short_circuit_operator.py
[2024-02-18T13:26:25.622+0000] {processor.py:840} INFO - DAG(s) 'example_short_circuit_operator' retrieved from /home/airflow/.local/lib/python3.8/site-packages/airflow/example_dags/example_short_circuit_operator.py
[2024-02-18T13:26:25.674+0000] {logging_mixin.py:188} INFO - [2024-02-18T13:26:25.673+0000] {dag.py:3036} INFO - Sync 1 DAGs
[2024-02-18T13:26:25.714+0000] {logging_mixin.py:188} INFO - [2024-02-18T13:26:25.714+0000] {dag.py:3823} INFO - Setting next_dagrun for example_short_circuit_operator to 2024-02-17 00:00:00+00:00, run_after=2024-02-18 00:00:00+00:00
[2024-02-18T13:26:25.751+0000] {processor.py:183} INFO - Processing /home/airflow/.local/lib/python3.8/site-packages/airflow/example_dags/example_short_circuit_operator.py took 0.175 seconds
[2024-02-18T13:26:56.257+0000] {processor.py:161} INFO - Started process (PID=782) to work on /home/airflow/.local/lib/python3.8/site-packages/airflow/example_dags/example_short_circuit_operator.py
[2024-02-18T13:26:56.259+0000] {processor.py:830} INFO - Processing file /home/airflow/.local/lib/python3.8/site-packages/airflow/example_dags/example_short_circuit_operator.py for tasks to queue
[2024-02-18T13:26:56.262+0000] {logging_mixin.py:188} INFO - [2024-02-18T13:26:56.261+0000] {dagbag.py:538} INFO - Filling up the DagBag from /home/airflow/.local/lib/python3.8/site-packages/airflow/example_dags/example_short_circuit_operator.py
[2024-02-18T13:26:56.272+0000] {processor.py:840} INFO - DAG(s) 'example_short_circuit_operator' retrieved from /home/airflow/.local/lib/python3.8/site-packages/airflow/example_dags/example_short_circuit_operator.py
[2024-02-18T13:26:56.309+0000] {logging_mixin.py:188} INFO - [2024-02-18T13:26:56.309+0000] {dag.py:3036} INFO - Sync 1 DAGs
[2024-02-18T13:26:56.352+0000] {logging_mixin.py:188} INFO - [2024-02-18T13:26:56.352+0000] {dag.py:3823} INFO - Setting next_dagrun for example_short_circuit_operator to 2024-02-17 00:00:00+00:00, run_after=2024-02-18 00:00:00+00:00
[2024-02-18T13:26:56.384+0000] {processor.py:183} INFO - Processing /home/airflow/.local/lib/python3.8/site-packages/airflow/example_dags/example_short_circuit_operator.py took 0.131 seconds
[2024-02-18T13:27:26.630+0000] {processor.py:161} INFO - Started process (PID=837) to work on /home/airflow/.local/lib/python3.8/site-packages/airflow/example_dags/example_short_circuit_operator.py
[2024-02-18T13:27:26.636+0000] {processor.py:830} INFO - Processing file /home/airflow/.local/lib/python3.8/site-packages/airflow/example_dags/example_short_circuit_operator.py for tasks to queue
[2024-02-18T13:27:26.644+0000] {logging_mixin.py:188} INFO - [2024-02-18T13:27:26.643+0000] {dagbag.py:538} INFO - Filling up the DagBag from /home/airflow/.local/lib/python3.8/site-packages/airflow/example_dags/example_short_circuit_operator.py
[2024-02-18T13:27:26.668+0000] {processor.py:840} INFO - DAG(s) 'example_short_circuit_operator' retrieved from /home/airflow/.local/lib/python3.8/site-packages/airflow/example_dags/example_short_circuit_operator.py
[2024-02-18T13:27:26.729+0000] {logging_mixin.py:188} INFO - [2024-02-18T13:27:26.728+0000] {dag.py:3036} INFO - Sync 1 DAGs
[2024-02-18T13:27:26.778+0000] {logging_mixin.py:188} INFO - [2024-02-18T13:27:26.777+0000] {dag.py:3823} INFO - Setting next_dagrun for example_short_circuit_operator to 2024-02-17 00:00:00+00:00, run_after=2024-02-18 00:00:00+00:00
[2024-02-18T13:27:26.815+0000] {processor.py:183} INFO - Processing /home/airflow/.local/lib/python3.8/site-packages/airflow/example_dags/example_short_circuit_operator.py took 0.202 seconds
[2024-02-18T13:27:56.922+0000] {processor.py:161} INFO - Started process (PID=892) to work on /home/airflow/.local/lib/python3.8/site-packages/airflow/example_dags/example_short_circuit_operator.py
[2024-02-18T13:27:56.924+0000] {processor.py:830} INFO - Processing file /home/airflow/.local/lib/python3.8/site-packages/airflow/example_dags/example_short_circuit_operator.py for tasks to queue
[2024-02-18T13:27:56.926+0000] {logging_mixin.py:188} INFO - [2024-02-18T13:27:56.926+0000] {dagbag.py:538} INFO - Filling up the DagBag from /home/airflow/.local/lib/python3.8/site-packages/airflow/example_dags/example_short_circuit_operator.py
[2024-02-18T13:27:56.937+0000] {processor.py:840} INFO - DAG(s) 'example_short_circuit_operator' retrieved from /home/airflow/.local/lib/python3.8/site-packages/airflow/example_dags/example_short_circuit_operator.py
[2024-02-18T13:27:56.973+0000] {logging_mixin.py:188} INFO - [2024-02-18T13:27:56.972+0000] {dag.py:3036} INFO - Sync 1 DAGs
[2024-02-18T13:27:57.027+0000] {logging_mixin.py:188} INFO - [2024-02-18T13:27:57.027+0000] {dag.py:3823} INFO - Setting next_dagrun for example_short_circuit_operator to 2024-02-17 00:00:00+00:00, run_after=2024-02-18 00:00:00+00:00
[2024-02-18T13:27:57.068+0000] {processor.py:183} INFO - Processing /home/airflow/.local/lib/python3.8/site-packages/airflow/example_dags/example_short_circuit_operator.py took 0.151 seconds
