[2024-02-18T13:20:20.622+0000] {processor.py:161} INFO - Started process (PID=79) to work on /home/airflow/.local/lib/python3.8/site-packages/airflow/example_dags/example_latest_only_with_trigger.py
[2024-02-18T13:20:20.623+0000] {processor.py:830} INFO - Processing file /home/airflow/.local/lib/python3.8/site-packages/airflow/example_dags/example_latest_only_with_trigger.py for tasks to queue
[2024-02-18T13:20:20.627+0000] {logging_mixin.py:188} INFO - [2024-02-18T13:20:20.626+0000] {dagbag.py:538} INFO - Filling up the DagBag from /home/airflow/.local/lib/python3.8/site-packages/airflow/example_dags/example_latest_only_with_trigger.py
[2024-02-18T13:20:20.639+0000] {processor.py:840} INFO - DAG(s) 'latest_only_with_trigger' retrieved from /home/airflow/.local/lib/python3.8/site-packages/airflow/example_dags/example_latest_only_with_trigger.py
[2024-02-18T13:20:20.684+0000] {logging_mixin.py:188} INFO - [2024-02-18T13:20:20.684+0000] {dag.py:3036} INFO - Sync 1 DAGs
[2024-02-18T13:20:20.732+0000] {logging_mixin.py:188} INFO - [2024-02-18T13:20:20.731+0000] {dag.py:3823} INFO - Setting next_dagrun for latest_only_with_trigger to 2024-02-18 08:00:00+00:00, run_after=2024-02-18 12:00:00+00:00
[2024-02-18T13:20:20.771+0000] {processor.py:183} INFO - Processing /home/airflow/.local/lib/python3.8/site-packages/airflow/example_dags/example_latest_only_with_trigger.py took 0.154 seconds
[2024-02-18T13:20:51.465+0000] {processor.py:161} INFO - Started process (PID=134) to work on /home/airflow/.local/lib/python3.8/site-packages/airflow/example_dags/example_latest_only_with_trigger.py
[2024-02-18T13:20:51.467+0000] {processor.py:830} INFO - Processing file /home/airflow/.local/lib/python3.8/site-packages/airflow/example_dags/example_latest_only_with_trigger.py for tasks to queue
[2024-02-18T13:20:51.471+0000] {logging_mixin.py:188} INFO - [2024-02-18T13:20:51.470+0000] {dagbag.py:538} INFO - Filling up the DagBag from /home/airflow/.local/lib/python3.8/site-packages/airflow/example_dags/example_latest_only_with_trigger.py
[2024-02-18T13:20:51.480+0000] {processor.py:840} INFO - DAG(s) 'latest_only_with_trigger' retrieved from /home/airflow/.local/lib/python3.8/site-packages/airflow/example_dags/example_latest_only_with_trigger.py
[2024-02-18T13:20:51.521+0000] {logging_mixin.py:188} INFO - [2024-02-18T13:20:51.521+0000] {dag.py:3036} INFO - Sync 1 DAGs
[2024-02-18T13:20:51.561+0000] {logging_mixin.py:188} INFO - [2024-02-18T13:20:51.560+0000] {dag.py:3823} INFO - Setting next_dagrun for latest_only_with_trigger to 2024-02-18 08:00:00+00:00, run_after=2024-02-18 12:00:00+00:00
[2024-02-18T13:20:51.597+0000] {processor.py:183} INFO - Processing /home/airflow/.local/lib/python3.8/site-packages/airflow/example_dags/example_latest_only_with_trigger.py took 0.138 seconds
[2024-02-18T13:21:22.190+0000] {processor.py:161} INFO - Started process (PID=189) to work on /home/airflow/.local/lib/python3.8/site-packages/airflow/example_dags/example_latest_only_with_trigger.py
[2024-02-18T13:21:22.192+0000] {processor.py:830} INFO - Processing file /home/airflow/.local/lib/python3.8/site-packages/airflow/example_dags/example_latest_only_with_trigger.py for tasks to queue
[2024-02-18T13:21:22.196+0000] {logging_mixin.py:188} INFO - [2024-02-18T13:21:22.195+0000] {dagbag.py:538} INFO - Filling up the DagBag from /home/airflow/.local/lib/python3.8/site-packages/airflow/example_dags/example_latest_only_with_trigger.py
[2024-02-18T13:21:22.206+0000] {processor.py:840} INFO - DAG(s) 'latest_only_with_trigger' retrieved from /home/airflow/.local/lib/python3.8/site-packages/airflow/example_dags/example_latest_only_with_trigger.py
[2024-02-18T13:21:22.245+0000] {logging_mixin.py:188} INFO - [2024-02-18T13:21:22.245+0000] {dag.py:3036} INFO - Sync 1 DAGs
[2024-02-18T13:21:22.284+0000] {logging_mixin.py:188} INFO - [2024-02-18T13:21:22.284+0000] {dag.py:3823} INFO - Setting next_dagrun for latest_only_with_trigger to 2024-02-18 08:00:00+00:00, run_after=2024-02-18 12:00:00+00:00
[2024-02-18T13:21:22.321+0000] {processor.py:183} INFO - Processing /home/airflow/.local/lib/python3.8/site-packages/airflow/example_dags/example_latest_only_with_trigger.py took 0.136 seconds
[2024-02-18T13:21:52.829+0000] {processor.py:161} INFO - Started process (PID=244) to work on /home/airflow/.local/lib/python3.8/site-packages/airflow/example_dags/example_latest_only_with_trigger.py
[2024-02-18T13:21:52.831+0000] {processor.py:830} INFO - Processing file /home/airflow/.local/lib/python3.8/site-packages/airflow/example_dags/example_latest_only_with_trigger.py for tasks to queue
[2024-02-18T13:21:52.835+0000] {logging_mixin.py:188} INFO - [2024-02-18T13:21:52.835+0000] {dagbag.py:538} INFO - Filling up the DagBag from /home/airflow/.local/lib/python3.8/site-packages/airflow/example_dags/example_latest_only_with_trigger.py
[2024-02-18T13:21:52.846+0000] {processor.py:840} INFO - DAG(s) 'latest_only_with_trigger' retrieved from /home/airflow/.local/lib/python3.8/site-packages/airflow/example_dags/example_latest_only_with_trigger.py
[2024-02-18T13:21:52.887+0000] {logging_mixin.py:188} INFO - [2024-02-18T13:21:52.887+0000] {dag.py:3036} INFO - Sync 1 DAGs
[2024-02-18T13:21:52.932+0000] {logging_mixin.py:188} INFO - [2024-02-18T13:21:52.931+0000] {dag.py:3823} INFO - Setting next_dagrun for latest_only_with_trigger to 2024-02-18 08:00:00+00:00, run_after=2024-02-18 12:00:00+00:00
[2024-02-18T13:21:52.981+0000] {processor.py:183} INFO - Processing /home/airflow/.local/lib/python3.8/site-packages/airflow/example_dags/example_latest_only_with_trigger.py took 0.158 seconds
[2024-02-18T13:22:23.285+0000] {processor.py:161} INFO - Started process (PID=299) to work on /home/airflow/.local/lib/python3.8/site-packages/airflow/example_dags/example_latest_only_with_trigger.py
[2024-02-18T13:22:23.287+0000] {processor.py:830} INFO - Processing file /home/airflow/.local/lib/python3.8/site-packages/airflow/example_dags/example_latest_only_with_trigger.py for tasks to queue
[2024-02-18T13:22:23.290+0000] {logging_mixin.py:188} INFO - [2024-02-18T13:22:23.289+0000] {dagbag.py:538} INFO - Filling up the DagBag from /home/airflow/.local/lib/python3.8/site-packages/airflow/example_dags/example_latest_only_with_trigger.py
[2024-02-18T13:22:23.300+0000] {processor.py:840} INFO - DAG(s) 'latest_only_with_trigger' retrieved from /home/airflow/.local/lib/python3.8/site-packages/airflow/example_dags/example_latest_only_with_trigger.py
[2024-02-18T13:22:23.337+0000] {logging_mixin.py:188} INFO - [2024-02-18T13:22:23.337+0000] {dag.py:3036} INFO - Sync 1 DAGs
[2024-02-18T13:22:23.373+0000] {logging_mixin.py:188} INFO - [2024-02-18T13:22:23.373+0000] {dag.py:3823} INFO - Setting next_dagrun for latest_only_with_trigger to 2024-02-18 08:00:00+00:00, run_after=2024-02-18 12:00:00+00:00
[2024-02-18T13:22:23.408+0000] {processor.py:183} INFO - Processing /home/airflow/.local/lib/python3.8/site-packages/airflow/example_dags/example_latest_only_with_trigger.py took 0.128 seconds
[2024-02-18T13:22:54.034+0000] {processor.py:161} INFO - Started process (PID=354) to work on /home/airflow/.local/lib/python3.8/site-packages/airflow/example_dags/example_latest_only_with_trigger.py
[2024-02-18T13:22:54.036+0000] {processor.py:830} INFO - Processing file /home/airflow/.local/lib/python3.8/site-packages/airflow/example_dags/example_latest_only_with_trigger.py for tasks to queue
[2024-02-18T13:22:54.040+0000] {logging_mixin.py:188} INFO - [2024-02-18T13:22:54.039+0000] {dagbag.py:538} INFO - Filling up the DagBag from /home/airflow/.local/lib/python3.8/site-packages/airflow/example_dags/example_latest_only_with_trigger.py
[2024-02-18T13:22:54.049+0000] {processor.py:840} INFO - DAG(s) 'latest_only_with_trigger' retrieved from /home/airflow/.local/lib/python3.8/site-packages/airflow/example_dags/example_latest_only_with_trigger.py
[2024-02-18T13:22:54.089+0000] {logging_mixin.py:188} INFO - [2024-02-18T13:22:54.089+0000] {dag.py:3036} INFO - Sync 1 DAGs
[2024-02-18T13:22:54.131+0000] {logging_mixin.py:188} INFO - [2024-02-18T13:22:54.130+0000] {dag.py:3823} INFO - Setting next_dagrun for latest_only_with_trigger to 2024-02-18 08:00:00+00:00, run_after=2024-02-18 12:00:00+00:00
[2024-02-18T13:22:54.168+0000] {processor.py:183} INFO - Processing /home/airflow/.local/lib/python3.8/site-packages/airflow/example_dags/example_latest_only_with_trigger.py took 0.140 seconds
[2024-02-18T13:23:24.484+0000] {processor.py:161} INFO - Started process (PID=409) to work on /home/airflow/.local/lib/python3.8/site-packages/airflow/example_dags/example_latest_only_with_trigger.py
[2024-02-18T13:23:24.485+0000] {processor.py:830} INFO - Processing file /home/airflow/.local/lib/python3.8/site-packages/airflow/example_dags/example_latest_only_with_trigger.py for tasks to queue
[2024-02-18T13:23:24.489+0000] {logging_mixin.py:188} INFO - [2024-02-18T13:23:24.488+0000] {dagbag.py:538} INFO - Filling up the DagBag from /home/airflow/.local/lib/python3.8/site-packages/airflow/example_dags/example_latest_only_with_trigger.py
[2024-02-18T13:23:24.506+0000] {processor.py:840} INFO - DAG(s) 'latest_only_with_trigger' retrieved from /home/airflow/.local/lib/python3.8/site-packages/airflow/example_dags/example_latest_only_with_trigger.py
[2024-02-18T13:23:24.560+0000] {logging_mixin.py:188} INFO - [2024-02-18T13:23:24.559+0000] {dag.py:3036} INFO - Sync 1 DAGs
[2024-02-18T13:23:24.618+0000] {logging_mixin.py:188} INFO - [2024-02-18T13:23:24.617+0000] {dag.py:3823} INFO - Setting next_dagrun for latest_only_with_trigger to 2024-02-18 08:00:00+00:00, run_after=2024-02-18 12:00:00+00:00
[2024-02-18T13:23:24.655+0000] {processor.py:183} INFO - Processing /home/airflow/.local/lib/python3.8/site-packages/airflow/example_dags/example_latest_only_with_trigger.py took 0.177 seconds
[2024-02-18T13:23:54.707+0000] {processor.py:161} INFO - Started process (PID=464) to work on /home/airflow/.local/lib/python3.8/site-packages/airflow/example_dags/example_latest_only_with_trigger.py
[2024-02-18T13:23:54.708+0000] {processor.py:830} INFO - Processing file /home/airflow/.local/lib/python3.8/site-packages/airflow/example_dags/example_latest_only_with_trigger.py for tasks to queue
[2024-02-18T13:23:54.711+0000] {logging_mixin.py:188} INFO - [2024-02-18T13:23:54.710+0000] {dagbag.py:538} INFO - Filling up the DagBag from /home/airflow/.local/lib/python3.8/site-packages/airflow/example_dags/example_latest_only_with_trigger.py
[2024-02-18T13:23:54.719+0000] {processor.py:840} INFO - DAG(s) 'latest_only_with_trigger' retrieved from /home/airflow/.local/lib/python3.8/site-packages/airflow/example_dags/example_latest_only_with_trigger.py
[2024-02-18T13:23:54.761+0000] {logging_mixin.py:188} INFO - [2024-02-18T13:23:54.760+0000] {dag.py:3036} INFO - Sync 1 DAGs
[2024-02-18T13:23:54.793+0000] {logging_mixin.py:188} INFO - [2024-02-18T13:23:54.793+0000] {dag.py:3823} INFO - Setting next_dagrun for latest_only_with_trigger to 2024-02-18 08:00:00+00:00, run_after=2024-02-18 12:00:00+00:00
[2024-02-18T13:23:54.825+0000] {processor.py:183} INFO - Processing /home/airflow/.local/lib/python3.8/site-packages/airflow/example_dags/example_latest_only_with_trigger.py took 0.122 seconds
[2024-02-18T13:24:24.957+0000] {processor.py:161} INFO - Started process (PID=519) to work on /home/airflow/.local/lib/python3.8/site-packages/airflow/example_dags/example_latest_only_with_trigger.py
[2024-02-18T13:24:24.962+0000] {processor.py:830} INFO - Processing file /home/airflow/.local/lib/python3.8/site-packages/airflow/example_dags/example_latest_only_with_trigger.py for tasks to queue
[2024-02-18T13:24:24.968+0000] {logging_mixin.py:188} INFO - [2024-02-18T13:24:24.967+0000] {dagbag.py:538} INFO - Filling up the DagBag from /home/airflow/.local/lib/python3.8/site-packages/airflow/example_dags/example_latest_only_with_trigger.py
[2024-02-18T13:24:24.978+0000] {processor.py:840} INFO - DAG(s) 'latest_only_with_trigger' retrieved from /home/airflow/.local/lib/python3.8/site-packages/airflow/example_dags/example_latest_only_with_trigger.py
[2024-02-18T13:24:25.013+0000] {logging_mixin.py:188} INFO - [2024-02-18T13:24:25.013+0000] {dag.py:3036} INFO - Sync 1 DAGs
[2024-02-18T13:24:25.045+0000] {logging_mixin.py:188} INFO - [2024-02-18T13:24:25.044+0000] {dag.py:3823} INFO - Setting next_dagrun for latest_only_with_trigger to 2024-02-18 08:00:00+00:00, run_after=2024-02-18 12:00:00+00:00
[2024-02-18T13:24:25.078+0000] {processor.py:183} INFO - Processing /home/airflow/.local/lib/python3.8/site-packages/airflow/example_dags/example_latest_only_with_trigger.py took 0.125 seconds
[2024-02-18T13:24:55.735+0000] {processor.py:161} INFO - Started process (PID=574) to work on /home/airflow/.local/lib/python3.8/site-packages/airflow/example_dags/example_latest_only_with_trigger.py
[2024-02-18T13:24:55.737+0000] {processor.py:830} INFO - Processing file /home/airflow/.local/lib/python3.8/site-packages/airflow/example_dags/example_latest_only_with_trigger.py for tasks to queue
[2024-02-18T13:24:55.740+0000] {logging_mixin.py:188} INFO - [2024-02-18T13:24:55.739+0000] {dagbag.py:538} INFO - Filling up the DagBag from /home/airflow/.local/lib/python3.8/site-packages/airflow/example_dags/example_latest_only_with_trigger.py
[2024-02-18T13:24:55.748+0000] {processor.py:840} INFO - DAG(s) 'latest_only_with_trigger' retrieved from /home/airflow/.local/lib/python3.8/site-packages/airflow/example_dags/example_latest_only_with_trigger.py
[2024-02-18T13:24:55.784+0000] {logging_mixin.py:188} INFO - [2024-02-18T13:24:55.784+0000] {dag.py:3036} INFO - Sync 1 DAGs
[2024-02-18T13:24:55.824+0000] {logging_mixin.py:188} INFO - [2024-02-18T13:24:55.823+0000] {dag.py:3823} INFO - Setting next_dagrun for latest_only_with_trigger to 2024-02-18 08:00:00+00:00, run_after=2024-02-18 12:00:00+00:00
[2024-02-18T13:24:55.859+0000] {processor.py:183} INFO - Processing /home/airflow/.local/lib/python3.8/site-packages/airflow/example_dags/example_latest_only_with_trigger.py took 0.129 seconds
[2024-02-18T13:25:26.606+0000] {processor.py:161} INFO - Started process (PID=629) to work on /home/airflow/.local/lib/python3.8/site-packages/airflow/example_dags/example_latest_only_with_trigger.py
[2024-02-18T13:25:26.609+0000] {processor.py:830} INFO - Processing file /home/airflow/.local/lib/python3.8/site-packages/airflow/example_dags/example_latest_only_with_trigger.py for tasks to queue
[2024-02-18T13:25:26.615+0000] {logging_mixin.py:188} INFO - [2024-02-18T13:25:26.614+0000] {dagbag.py:538} INFO - Filling up the DagBag from /home/airflow/.local/lib/python3.8/site-packages/airflow/example_dags/example_latest_only_with_trigger.py
[2024-02-18T13:25:26.628+0000] {processor.py:840} INFO - DAG(s) 'latest_only_with_trigger' retrieved from /home/airflow/.local/lib/python3.8/site-packages/airflow/example_dags/example_latest_only_with_trigger.py
[2024-02-18T13:25:26.681+0000] {logging_mixin.py:188} INFO - [2024-02-18T13:25:26.680+0000] {dag.py:3036} INFO - Sync 1 DAGs
[2024-02-18T13:25:26.737+0000] {logging_mixin.py:188} INFO - [2024-02-18T13:25:26.736+0000] {dag.py:3823} INFO - Setting next_dagrun for latest_only_with_trigger to 2024-02-18 08:00:00+00:00, run_after=2024-02-18 12:00:00+00:00
[2024-02-18T13:25:26.790+0000] {processor.py:183} INFO - Processing /home/airflow/.local/lib/python3.8/site-packages/airflow/example_dags/example_latest_only_with_trigger.py took 0.193 seconds
[2024-02-18T13:25:57.239+0000] {processor.py:161} INFO - Started process (PID=684) to work on /home/airflow/.local/lib/python3.8/site-packages/airflow/example_dags/example_latest_only_with_trigger.py
[2024-02-18T13:25:57.243+0000] {processor.py:830} INFO - Processing file /home/airflow/.local/lib/python3.8/site-packages/airflow/example_dags/example_latest_only_with_trigger.py for tasks to queue
[2024-02-18T13:25:57.249+0000] {logging_mixin.py:188} INFO - [2024-02-18T13:25:57.248+0000] {dagbag.py:538} INFO - Filling up the DagBag from /home/airflow/.local/lib/python3.8/site-packages/airflow/example_dags/example_latest_only_with_trigger.py
[2024-02-18T13:25:57.263+0000] {processor.py:840} INFO - DAG(s) 'latest_only_with_trigger' retrieved from /home/airflow/.local/lib/python3.8/site-packages/airflow/example_dags/example_latest_only_with_trigger.py
[2024-02-18T13:25:57.320+0000] {logging_mixin.py:188} INFO - [2024-02-18T13:25:57.319+0000] {dag.py:3036} INFO - Sync 1 DAGs
[2024-02-18T13:25:57.369+0000] {logging_mixin.py:188} INFO - [2024-02-18T13:25:57.368+0000] {dag.py:3823} INFO - Setting next_dagrun for latest_only_with_trigger to 2024-02-18 08:00:00+00:00, run_after=2024-02-18 12:00:00+00:00
[2024-02-18T13:25:57.405+0000] {processor.py:183} INFO - Processing /home/airflow/.local/lib/python3.8/site-packages/airflow/example_dags/example_latest_only_with_trigger.py took 0.174 seconds
[2024-02-18T13:26:28.042+0000] {processor.py:161} INFO - Started process (PID=739) to work on /home/airflow/.local/lib/python3.8/site-packages/airflow/example_dags/example_latest_only_with_trigger.py
[2024-02-18T13:26:28.044+0000] {processor.py:830} INFO - Processing file /home/airflow/.local/lib/python3.8/site-packages/airflow/example_dags/example_latest_only_with_trigger.py for tasks to queue
[2024-02-18T13:26:28.048+0000] {logging_mixin.py:188} INFO - [2024-02-18T13:26:28.047+0000] {dagbag.py:538} INFO - Filling up the DagBag from /home/airflow/.local/lib/python3.8/site-packages/airflow/example_dags/example_latest_only_with_trigger.py
[2024-02-18T13:26:28.059+0000] {processor.py:840} INFO - DAG(s) 'latest_only_with_trigger' retrieved from /home/airflow/.local/lib/python3.8/site-packages/airflow/example_dags/example_latest_only_with_trigger.py
[2024-02-18T13:26:28.101+0000] {logging_mixin.py:188} INFO - [2024-02-18T13:26:28.100+0000] {dag.py:3036} INFO - Sync 1 DAGs
[2024-02-18T13:26:28.146+0000] {logging_mixin.py:188} INFO - [2024-02-18T13:26:28.145+0000] {dag.py:3823} INFO - Setting next_dagrun for latest_only_with_trigger to 2024-02-18 08:00:00+00:00, run_after=2024-02-18 12:00:00+00:00
[2024-02-18T13:26:28.181+0000] {processor.py:183} INFO - Processing /home/airflow/.local/lib/python3.8/site-packages/airflow/example_dags/example_latest_only_with_trigger.py took 0.145 seconds
[2024-02-18T13:26:58.579+0000] {processor.py:161} INFO - Started process (PID=794) to work on /home/airflow/.local/lib/python3.8/site-packages/airflow/example_dags/example_latest_only_with_trigger.py
[2024-02-18T13:26:58.581+0000] {processor.py:830} INFO - Processing file /home/airflow/.local/lib/python3.8/site-packages/airflow/example_dags/example_latest_only_with_trigger.py for tasks to queue
[2024-02-18T13:26:58.584+0000] {logging_mixin.py:188} INFO - [2024-02-18T13:26:58.583+0000] {dagbag.py:538} INFO - Filling up the DagBag from /home/airflow/.local/lib/python3.8/site-packages/airflow/example_dags/example_latest_only_with_trigger.py
[2024-02-18T13:26:58.594+0000] {processor.py:840} INFO - DAG(s) 'latest_only_with_trigger' retrieved from /home/airflow/.local/lib/python3.8/site-packages/airflow/example_dags/example_latest_only_with_trigger.py
[2024-02-18T13:26:58.630+0000] {logging_mixin.py:188} INFO - [2024-02-18T13:26:58.629+0000] {dag.py:3036} INFO - Sync 1 DAGs
[2024-02-18T13:26:58.670+0000] {logging_mixin.py:188} INFO - [2024-02-18T13:26:58.669+0000] {dag.py:3823} INFO - Setting next_dagrun for latest_only_with_trigger to 2024-02-18 08:00:00+00:00, run_after=2024-02-18 12:00:00+00:00
[2024-02-18T13:26:58.704+0000] {processor.py:183} INFO - Processing /home/airflow/.local/lib/python3.8/site-packages/airflow/example_dags/example_latest_only_with_trigger.py took 0.130 seconds
[2024-02-18T13:27:28.848+0000] {processor.py:161} INFO - Started process (PID=849) to work on /home/airflow/.local/lib/python3.8/site-packages/airflow/example_dags/example_latest_only_with_trigger.py
[2024-02-18T13:27:28.849+0000] {processor.py:830} INFO - Processing file /home/airflow/.local/lib/python3.8/site-packages/airflow/example_dags/example_latest_only_with_trigger.py for tasks to queue
[2024-02-18T13:27:28.853+0000] {logging_mixin.py:188} INFO - [2024-02-18T13:27:28.852+0000] {dagbag.py:538} INFO - Filling up the DagBag from /home/airflow/.local/lib/python3.8/site-packages/airflow/example_dags/example_latest_only_with_trigger.py
[2024-02-18T13:27:28.861+0000] {processor.py:840} INFO - DAG(s) 'latest_only_with_trigger' retrieved from /home/airflow/.local/lib/python3.8/site-packages/airflow/example_dags/example_latest_only_with_trigger.py
[2024-02-18T13:27:28.897+0000] {logging_mixin.py:188} INFO - [2024-02-18T13:27:28.896+0000] {dag.py:3036} INFO - Sync 1 DAGs
[2024-02-18T13:27:28.933+0000] {logging_mixin.py:188} INFO - [2024-02-18T13:27:28.932+0000] {dag.py:3823} INFO - Setting next_dagrun for latest_only_with_trigger to 2024-02-18 08:00:00+00:00, run_after=2024-02-18 12:00:00+00:00
[2024-02-18T13:27:28.964+0000] {processor.py:183} INFO - Processing /home/airflow/.local/lib/python3.8/site-packages/airflow/example_dags/example_latest_only_with_trigger.py took 0.122 seconds
