[2024-02-18T13:20:15.968+0000] {processor.py:161} INFO - Started process (PID=47) to work on /home/airflow/.local/lib/python3.8/site-packages/airflow/example_dags/example_subdag_operator.py
[2024-02-18T13:20:15.970+0000] {processor.py:830} INFO - Processing file /home/airflow/.local/lib/python3.8/site-packages/airflow/example_dags/example_subdag_operator.py for tasks to queue
[2024-02-18T13:20:15.973+0000] {logging_mixin.py:188} INFO - [2024-02-18T13:20:15.972+0000] {dagbag.py:538} INFO - Filling up the DagBag from /home/airflow/.local/lib/python3.8/site-packages/airflow/example_dags/example_subdag_operator.py
[2024-02-18T13:20:16.023+0000] {processor.py:840} INFO - DAG(s) 'example_subdag_operator.section-1', 'example_subdag_operator.section-2', 'example_subdag_operator' retrieved from /home/airflow/.local/lib/python3.8/site-packages/airflow/example_dags/example_subdag_operator.py
[2024-02-18T13:20:16.066+0000] {logging_mixin.py:188} INFO - [2024-02-18T13:20:16.066+0000] {dag.py:3036} INFO - Sync 3 DAGs
[2024-02-18T13:20:16.115+0000] {logging_mixin.py:188} INFO - [2024-02-18T13:20:16.115+0000] {dag.py:3823} INFO - Setting next_dagrun for example_subdag_operator to 2022-01-01 00:00:00+00:00, run_after=2022-01-01 00:00:00+00:00
[2024-02-18T13:20:16.124+0000] {logging_mixin.py:188} INFO - [2024-02-18T13:20:16.123+0000] {dag.py:3823} INFO - Setting next_dagrun for example_subdag_operator.section-1 to None, run_after=None
[2024-02-18T13:20:16.127+0000] {logging_mixin.py:188} INFO - [2024-02-18T13:20:16.127+0000] {dag.py:3823} INFO - Setting next_dagrun for example_subdag_operator.section-2 to None, run_after=None
[2024-02-18T13:20:16.142+0000] {logging_mixin.py:188} INFO - [2024-02-18T13:20:16.142+0000] {dag.py:3036} INFO - Sync 2 DAGs
[2024-02-18T13:20:16.154+0000] {logging_mixin.py:188} INFO - [2024-02-18T13:20:16.154+0000] {dag.py:3823} INFO - Setting next_dagrun for example_subdag_operator.section-1 to None, run_after=None
[2024-02-18T13:20:16.156+0000] {logging_mixin.py:188} INFO - [2024-02-18T13:20:16.155+0000] {dag.py:3823} INFO - Setting next_dagrun for example_subdag_operator.section-2 to None, run_after=None
[2024-02-18T13:20:16.177+0000] {processor.py:183} INFO - Processing /home/airflow/.local/lib/python3.8/site-packages/airflow/example_dags/example_subdag_operator.py took 0.215 seconds
[2024-02-18T13:20:46.458+0000] {processor.py:161} INFO - Started process (PID=102) to work on /home/airflow/.local/lib/python3.8/site-packages/airflow/example_dags/example_subdag_operator.py
[2024-02-18T13:20:46.460+0000] {processor.py:830} INFO - Processing file /home/airflow/.local/lib/python3.8/site-packages/airflow/example_dags/example_subdag_operator.py for tasks to queue
[2024-02-18T13:20:46.465+0000] {logging_mixin.py:188} INFO - [2024-02-18T13:20:46.464+0000] {dagbag.py:538} INFO - Filling up the DagBag from /home/airflow/.local/lib/python3.8/site-packages/airflow/example_dags/example_subdag_operator.py
[2024-02-18T13:20:46.521+0000] {processor.py:840} INFO - DAG(s) 'example_subdag_operator.section-1', 'example_subdag_operator.section-2', 'example_subdag_operator' retrieved from /home/airflow/.local/lib/python3.8/site-packages/airflow/example_dags/example_subdag_operator.py
[2024-02-18T13:20:46.555+0000] {logging_mixin.py:188} INFO - [2024-02-18T13:20:46.554+0000] {dag.py:3036} INFO - Sync 3 DAGs
[2024-02-18T13:20:46.599+0000] {logging_mixin.py:188} INFO - [2024-02-18T13:20:46.599+0000] {dag.py:3823} INFO - Setting next_dagrun for example_subdag_operator to 2022-01-01 00:00:00+00:00, run_after=2022-01-01 00:00:00+00:00
[2024-02-18T13:20:46.607+0000] {logging_mixin.py:188} INFO - [2024-02-18T13:20:46.607+0000] {dag.py:3823} INFO - Setting next_dagrun for example_subdag_operator.section-1 to None, run_after=None
[2024-02-18T13:20:46.612+0000] {logging_mixin.py:188} INFO - [2024-02-18T13:20:46.611+0000] {dag.py:3823} INFO - Setting next_dagrun for example_subdag_operator.section-2 to None, run_after=None
[2024-02-18T13:20:46.629+0000] {logging_mixin.py:188} INFO - [2024-02-18T13:20:46.629+0000] {dag.py:3036} INFO - Sync 2 DAGs
[2024-02-18T13:20:46.641+0000] {logging_mixin.py:188} INFO - [2024-02-18T13:20:46.641+0000] {dag.py:3823} INFO - Setting next_dagrun for example_subdag_operator.section-1 to None, run_after=None
[2024-02-18T13:20:46.642+0000] {logging_mixin.py:188} INFO - [2024-02-18T13:20:46.642+0000] {dag.py:3823} INFO - Setting next_dagrun for example_subdag_operator.section-2 to None, run_after=None
[2024-02-18T13:20:46.666+0000] {processor.py:183} INFO - Processing /home/airflow/.local/lib/python3.8/site-packages/airflow/example_dags/example_subdag_operator.py took 0.214 seconds
[2024-02-18T13:21:17.210+0000] {processor.py:161} INFO - Started process (PID=157) to work on /home/airflow/.local/lib/python3.8/site-packages/airflow/example_dags/example_subdag_operator.py
[2024-02-18T13:21:17.213+0000] {processor.py:830} INFO - Processing file /home/airflow/.local/lib/python3.8/site-packages/airflow/example_dags/example_subdag_operator.py for tasks to queue
[2024-02-18T13:21:17.218+0000] {logging_mixin.py:188} INFO - [2024-02-18T13:21:17.217+0000] {dagbag.py:538} INFO - Filling up the DagBag from /home/airflow/.local/lib/python3.8/site-packages/airflow/example_dags/example_subdag_operator.py
[2024-02-18T13:21:17.262+0000] {processor.py:840} INFO - DAG(s) 'example_subdag_operator.section-1', 'example_subdag_operator.section-2', 'example_subdag_operator' retrieved from /home/airflow/.local/lib/python3.8/site-packages/airflow/example_dags/example_subdag_operator.py
[2024-02-18T13:21:17.287+0000] {logging_mixin.py:188} INFO - [2024-02-18T13:21:17.287+0000] {dag.py:3036} INFO - Sync 3 DAGs
[2024-02-18T13:21:17.322+0000] {logging_mixin.py:188} INFO - [2024-02-18T13:21:17.321+0000] {dag.py:3823} INFO - Setting next_dagrun for example_subdag_operator to 2022-01-01 00:00:00+00:00, run_after=2022-01-01 00:00:00+00:00
[2024-02-18T13:21:17.327+0000] {logging_mixin.py:188} INFO - [2024-02-18T13:21:17.327+0000] {dag.py:3823} INFO - Setting next_dagrun for example_subdag_operator.section-1 to None, run_after=None
[2024-02-18T13:21:17.330+0000] {logging_mixin.py:188} INFO - [2024-02-18T13:21:17.330+0000] {dag.py:3823} INFO - Setting next_dagrun for example_subdag_operator.section-2 to None, run_after=None
[2024-02-18T13:21:17.344+0000] {logging_mixin.py:188} INFO - [2024-02-18T13:21:17.343+0000] {dag.py:3036} INFO - Sync 2 DAGs
[2024-02-18T13:21:17.355+0000] {logging_mixin.py:188} INFO - [2024-02-18T13:21:17.354+0000] {dag.py:3823} INFO - Setting next_dagrun for example_subdag_operator.section-1 to None, run_after=None
[2024-02-18T13:21:17.356+0000] {logging_mixin.py:188} INFO - [2024-02-18T13:21:17.355+0000] {dag.py:3823} INFO - Setting next_dagrun for example_subdag_operator.section-2 to None, run_after=None
[2024-02-18T13:21:17.378+0000] {processor.py:183} INFO - Processing /home/airflow/.local/lib/python3.8/site-packages/airflow/example_dags/example_subdag_operator.py took 0.179 seconds
[2024-02-18T13:21:47.556+0000] {processor.py:161} INFO - Started process (PID=212) to work on /home/airflow/.local/lib/python3.8/site-packages/airflow/example_dags/example_subdag_operator.py
[2024-02-18T13:21:47.558+0000] {processor.py:830} INFO - Processing file /home/airflow/.local/lib/python3.8/site-packages/airflow/example_dags/example_subdag_operator.py for tasks to queue
[2024-02-18T13:21:47.561+0000] {logging_mixin.py:188} INFO - [2024-02-18T13:21:47.561+0000] {dagbag.py:538} INFO - Filling up the DagBag from /home/airflow/.local/lib/python3.8/site-packages/airflow/example_dags/example_subdag_operator.py
[2024-02-18T13:21:47.620+0000] {processor.py:840} INFO - DAG(s) 'example_subdag_operator.section-1', 'example_subdag_operator.section-2', 'example_subdag_operator' retrieved from /home/airflow/.local/lib/python3.8/site-packages/airflow/example_dags/example_subdag_operator.py
[2024-02-18T13:21:47.654+0000] {logging_mixin.py:188} INFO - [2024-02-18T13:21:47.653+0000] {dag.py:3036} INFO - Sync 3 DAGs
[2024-02-18T13:21:47.698+0000] {logging_mixin.py:188} INFO - [2024-02-18T13:21:47.697+0000] {dag.py:3823} INFO - Setting next_dagrun for example_subdag_operator to 2022-01-01 00:00:00+00:00, run_after=2022-01-01 00:00:00+00:00
[2024-02-18T13:21:47.709+0000] {logging_mixin.py:188} INFO - [2024-02-18T13:21:47.708+0000] {dag.py:3823} INFO - Setting next_dagrun for example_subdag_operator.section-1 to None, run_after=None
[2024-02-18T13:21:47.713+0000] {logging_mixin.py:188} INFO - [2024-02-18T13:21:47.712+0000] {dag.py:3823} INFO - Setting next_dagrun for example_subdag_operator.section-2 to None, run_after=None
[2024-02-18T13:21:47.731+0000] {logging_mixin.py:188} INFO - [2024-02-18T13:21:47.731+0000] {dag.py:3036} INFO - Sync 2 DAGs
[2024-02-18T13:21:47.744+0000] {logging_mixin.py:188} INFO - [2024-02-18T13:21:47.743+0000] {dag.py:3823} INFO - Setting next_dagrun for example_subdag_operator.section-1 to None, run_after=None
[2024-02-18T13:21:47.746+0000] {logging_mixin.py:188} INFO - [2024-02-18T13:21:47.745+0000] {dag.py:3823} INFO - Setting next_dagrun for example_subdag_operator.section-2 to None, run_after=None
[2024-02-18T13:21:47.771+0000] {processor.py:183} INFO - Processing /home/airflow/.local/lib/python3.8/site-packages/airflow/example_dags/example_subdag_operator.py took 0.221 seconds
[2024-02-18T13:22:18.280+0000] {processor.py:161} INFO - Started process (PID=267) to work on /home/airflow/.local/lib/python3.8/site-packages/airflow/example_dags/example_subdag_operator.py
[2024-02-18T13:22:18.281+0000] {processor.py:830} INFO - Processing file /home/airflow/.local/lib/python3.8/site-packages/airflow/example_dags/example_subdag_operator.py for tasks to queue
[2024-02-18T13:22:18.285+0000] {logging_mixin.py:188} INFO - [2024-02-18T13:22:18.284+0000] {dagbag.py:538} INFO - Filling up the DagBag from /home/airflow/.local/lib/python3.8/site-packages/airflow/example_dags/example_subdag_operator.py
[2024-02-18T13:22:18.335+0000] {processor.py:840} INFO - DAG(s) 'example_subdag_operator.section-1', 'example_subdag_operator.section-2', 'example_subdag_operator' retrieved from /home/airflow/.local/lib/python3.8/site-packages/airflow/example_dags/example_subdag_operator.py
[2024-02-18T13:22:18.368+0000] {logging_mixin.py:188} INFO - [2024-02-18T13:22:18.368+0000] {dag.py:3036} INFO - Sync 3 DAGs
[2024-02-18T13:22:18.414+0000] {logging_mixin.py:188} INFO - [2024-02-18T13:22:18.414+0000] {dag.py:3823} INFO - Setting next_dagrun for example_subdag_operator to 2022-01-01 00:00:00+00:00, run_after=2022-01-01 00:00:00+00:00
[2024-02-18T13:22:18.423+0000] {logging_mixin.py:188} INFO - [2024-02-18T13:22:18.422+0000] {dag.py:3823} INFO - Setting next_dagrun for example_subdag_operator.section-1 to None, run_after=None
[2024-02-18T13:22:18.426+0000] {logging_mixin.py:188} INFO - [2024-02-18T13:22:18.426+0000] {dag.py:3823} INFO - Setting next_dagrun for example_subdag_operator.section-2 to None, run_after=None
[2024-02-18T13:22:18.440+0000] {logging_mixin.py:188} INFO - [2024-02-18T13:22:18.440+0000] {dag.py:3036} INFO - Sync 2 DAGs
[2024-02-18T13:22:18.452+0000] {logging_mixin.py:188} INFO - [2024-02-18T13:22:18.452+0000] {dag.py:3823} INFO - Setting next_dagrun for example_subdag_operator.section-1 to None, run_after=None
[2024-02-18T13:22:18.453+0000] {logging_mixin.py:188} INFO - [2024-02-18T13:22:18.453+0000] {dag.py:3823} INFO - Setting next_dagrun for example_subdag_operator.section-2 to None, run_after=None
[2024-02-18T13:22:18.475+0000] {processor.py:183} INFO - Processing /home/airflow/.local/lib/python3.8/site-packages/airflow/example_dags/example_subdag_operator.py took 0.201 seconds
[2024-02-18T13:22:49.017+0000] {processor.py:161} INFO - Started process (PID=322) to work on /home/airflow/.local/lib/python3.8/site-packages/airflow/example_dags/example_subdag_operator.py
[2024-02-18T13:22:49.019+0000] {processor.py:830} INFO - Processing file /home/airflow/.local/lib/python3.8/site-packages/airflow/example_dags/example_subdag_operator.py for tasks to queue
[2024-02-18T13:22:49.024+0000] {logging_mixin.py:188} INFO - [2024-02-18T13:22:49.022+0000] {dagbag.py:538} INFO - Filling up the DagBag from /home/airflow/.local/lib/python3.8/site-packages/airflow/example_dags/example_subdag_operator.py
[2024-02-18T13:22:49.081+0000] {processor.py:840} INFO - DAG(s) 'example_subdag_operator.section-1', 'example_subdag_operator.section-2', 'example_subdag_operator' retrieved from /home/airflow/.local/lib/python3.8/site-packages/airflow/example_dags/example_subdag_operator.py
[2024-02-18T13:22:49.126+0000] {logging_mixin.py:188} INFO - [2024-02-18T13:22:49.125+0000] {dag.py:3036} INFO - Sync 3 DAGs
[2024-02-18T13:22:49.172+0000] {logging_mixin.py:188} INFO - [2024-02-18T13:22:49.171+0000] {dag.py:3823} INFO - Setting next_dagrun for example_subdag_operator to 2022-01-01 00:00:00+00:00, run_after=2022-01-01 00:00:00+00:00
[2024-02-18T13:22:49.179+0000] {logging_mixin.py:188} INFO - [2024-02-18T13:22:49.179+0000] {dag.py:3823} INFO - Setting next_dagrun for example_subdag_operator.section-1 to None, run_after=None
[2024-02-18T13:22:49.182+0000] {logging_mixin.py:188} INFO - [2024-02-18T13:22:49.182+0000] {dag.py:3823} INFO - Setting next_dagrun for example_subdag_operator.section-2 to None, run_after=None
[2024-02-18T13:22:49.195+0000] {logging_mixin.py:188} INFO - [2024-02-18T13:22:49.195+0000] {dag.py:3036} INFO - Sync 2 DAGs
[2024-02-18T13:22:49.205+0000] {logging_mixin.py:188} INFO - [2024-02-18T13:22:49.204+0000] {dag.py:3823} INFO - Setting next_dagrun for example_subdag_operator.section-1 to None, run_after=None
[2024-02-18T13:22:49.206+0000] {logging_mixin.py:188} INFO - [2024-02-18T13:22:49.205+0000] {dag.py:3823} INFO - Setting next_dagrun for example_subdag_operator.section-2 to None, run_after=None
[2024-02-18T13:22:49.226+0000] {processor.py:183} INFO - Processing /home/airflow/.local/lib/python3.8/site-packages/airflow/example_dags/example_subdag_operator.py took 0.215 seconds
[2024-02-18T13:23:19.402+0000] {processor.py:161} INFO - Started process (PID=377) to work on /home/airflow/.local/lib/python3.8/site-packages/airflow/example_dags/example_subdag_operator.py
[2024-02-18T13:23:19.403+0000] {processor.py:830} INFO - Processing file /home/airflow/.local/lib/python3.8/site-packages/airflow/example_dags/example_subdag_operator.py for tasks to queue
[2024-02-18T13:23:19.407+0000] {logging_mixin.py:188} INFO - [2024-02-18T13:23:19.406+0000] {dagbag.py:538} INFO - Filling up the DagBag from /home/airflow/.local/lib/python3.8/site-packages/airflow/example_dags/example_subdag_operator.py
[2024-02-18T13:23:19.453+0000] {processor.py:840} INFO - DAG(s) 'example_subdag_operator.section-1', 'example_subdag_operator.section-2', 'example_subdag_operator' retrieved from /home/airflow/.local/lib/python3.8/site-packages/airflow/example_dags/example_subdag_operator.py
[2024-02-18T13:23:19.481+0000] {logging_mixin.py:188} INFO - [2024-02-18T13:23:19.480+0000] {dag.py:3036} INFO - Sync 3 DAGs
[2024-02-18T13:23:19.523+0000] {logging_mixin.py:188} INFO - [2024-02-18T13:23:19.523+0000] {dag.py:3823} INFO - Setting next_dagrun for example_subdag_operator to 2022-01-01 00:00:00+00:00, run_after=2022-01-01 00:00:00+00:00
[2024-02-18T13:23:19.529+0000] {logging_mixin.py:188} INFO - [2024-02-18T13:23:19.529+0000] {dag.py:3823} INFO - Setting next_dagrun for example_subdag_operator.section-1 to None, run_after=None
[2024-02-18T13:23:19.532+0000] {logging_mixin.py:188} INFO - [2024-02-18T13:23:19.532+0000] {dag.py:3823} INFO - Setting next_dagrun for example_subdag_operator.section-2 to None, run_after=None
[2024-02-18T13:23:19.546+0000] {logging_mixin.py:188} INFO - [2024-02-18T13:23:19.545+0000] {dag.py:3036} INFO - Sync 2 DAGs
[2024-02-18T13:23:19.557+0000] {logging_mixin.py:188} INFO - [2024-02-18T13:23:19.557+0000] {dag.py:3823} INFO - Setting next_dagrun for example_subdag_operator.section-1 to None, run_after=None
[2024-02-18T13:23:19.558+0000] {logging_mixin.py:188} INFO - [2024-02-18T13:23:19.558+0000] {dag.py:3823} INFO - Setting next_dagrun for example_subdag_operator.section-2 to None, run_after=None
[2024-02-18T13:23:19.584+0000] {processor.py:183} INFO - Processing /home/airflow/.local/lib/python3.8/site-packages/airflow/example_dags/example_subdag_operator.py took 0.188 seconds
[2024-02-18T13:23:49.693+0000] {processor.py:161} INFO - Started process (PID=432) to work on /home/airflow/.local/lib/python3.8/site-packages/airflow/example_dags/example_subdag_operator.py
[2024-02-18T13:23:49.694+0000] {processor.py:830} INFO - Processing file /home/airflow/.local/lib/python3.8/site-packages/airflow/example_dags/example_subdag_operator.py for tasks to queue
[2024-02-18T13:23:49.698+0000] {logging_mixin.py:188} INFO - [2024-02-18T13:23:49.697+0000] {dagbag.py:538} INFO - Filling up the DagBag from /home/airflow/.local/lib/python3.8/site-packages/airflow/example_dags/example_subdag_operator.py
[2024-02-18T13:23:49.744+0000] {processor.py:840} INFO - DAG(s) 'example_subdag_operator.section-1', 'example_subdag_operator.section-2', 'example_subdag_operator' retrieved from /home/airflow/.local/lib/python3.8/site-packages/airflow/example_dags/example_subdag_operator.py
[2024-02-18T13:23:49.772+0000] {logging_mixin.py:188} INFO - [2024-02-18T13:23:49.771+0000] {dag.py:3036} INFO - Sync 3 DAGs
[2024-02-18T13:23:49.818+0000] {logging_mixin.py:188} INFO - [2024-02-18T13:23:49.817+0000] {dag.py:3823} INFO - Setting next_dagrun for example_subdag_operator to 2022-01-01 00:00:00+00:00, run_after=2022-01-01 00:00:00+00:00
[2024-02-18T13:23:49.826+0000] {logging_mixin.py:188} INFO - [2024-02-18T13:23:49.826+0000] {dag.py:3823} INFO - Setting next_dagrun for example_subdag_operator.section-1 to None, run_after=None
[2024-02-18T13:23:49.829+0000] {logging_mixin.py:188} INFO - [2024-02-18T13:23:49.829+0000] {dag.py:3823} INFO - Setting next_dagrun for example_subdag_operator.section-2 to None, run_after=None
[2024-02-18T13:23:49.845+0000] {logging_mixin.py:188} INFO - [2024-02-18T13:23:49.845+0000] {dag.py:3036} INFO - Sync 2 DAGs
[2024-02-18T13:23:49.864+0000] {logging_mixin.py:188} INFO - [2024-02-18T13:23:49.864+0000] {dag.py:3823} INFO - Setting next_dagrun for example_subdag_operator.section-1 to None, run_after=None
[2024-02-18T13:23:49.866+0000] {logging_mixin.py:188} INFO - [2024-02-18T13:23:49.865+0000] {dag.py:3823} INFO - Setting next_dagrun for example_subdag_operator.section-2 to None, run_after=None
[2024-02-18T13:23:49.895+0000] {processor.py:183} INFO - Processing /home/airflow/.local/lib/python3.8/site-packages/airflow/example_dags/example_subdag_operator.py took 0.207 seconds
[2024-02-18T13:24:19.983+0000] {processor.py:161} INFO - Started process (PID=487) to work on /home/airflow/.local/lib/python3.8/site-packages/airflow/example_dags/example_subdag_operator.py
[2024-02-18T13:24:19.985+0000] {processor.py:830} INFO - Processing file /home/airflow/.local/lib/python3.8/site-packages/airflow/example_dags/example_subdag_operator.py for tasks to queue
[2024-02-18T13:24:19.988+0000] {logging_mixin.py:188} INFO - [2024-02-18T13:24:19.987+0000] {dagbag.py:538} INFO - Filling up the DagBag from /home/airflow/.local/lib/python3.8/site-packages/airflow/example_dags/example_subdag_operator.py
[2024-02-18T13:24:20.031+0000] {processor.py:840} INFO - DAG(s) 'example_subdag_operator.section-1', 'example_subdag_operator.section-2', 'example_subdag_operator' retrieved from /home/airflow/.local/lib/python3.8/site-packages/airflow/example_dags/example_subdag_operator.py
[2024-02-18T13:24:20.057+0000] {logging_mixin.py:188} INFO - [2024-02-18T13:24:20.056+0000] {dag.py:3036} INFO - Sync 3 DAGs
[2024-02-18T13:24:20.091+0000] {logging_mixin.py:188} INFO - [2024-02-18T13:24:20.091+0000] {dag.py:3823} INFO - Setting next_dagrun for example_subdag_operator to 2022-01-01 00:00:00+00:00, run_after=2022-01-01 00:00:00+00:00
[2024-02-18T13:24:20.098+0000] {logging_mixin.py:188} INFO - [2024-02-18T13:24:20.098+0000] {dag.py:3823} INFO - Setting next_dagrun for example_subdag_operator.section-1 to None, run_after=None
[2024-02-18T13:24:20.101+0000] {logging_mixin.py:188} INFO - [2024-02-18T13:24:20.101+0000] {dag.py:3823} INFO - Setting next_dagrun for example_subdag_operator.section-2 to None, run_after=None
[2024-02-18T13:24:20.115+0000] {logging_mixin.py:188} INFO - [2024-02-18T13:24:20.115+0000] {dag.py:3036} INFO - Sync 2 DAGs
[2024-02-18T13:24:20.125+0000] {logging_mixin.py:188} INFO - [2024-02-18T13:24:20.125+0000] {dag.py:3823} INFO - Setting next_dagrun for example_subdag_operator.section-1 to None, run_after=None
[2024-02-18T13:24:20.128+0000] {logging_mixin.py:188} INFO - [2024-02-18T13:24:20.128+0000] {dag.py:3823} INFO - Setting next_dagrun for example_subdag_operator.section-2 to None, run_after=None
[2024-02-18T13:24:20.148+0000] {processor.py:183} INFO - Processing /home/airflow/.local/lib/python3.8/site-packages/airflow/example_dags/example_subdag_operator.py took 0.170 seconds
[2024-02-18T13:24:50.265+0000] {processor.py:161} INFO - Started process (PID=541) to work on /home/airflow/.local/lib/python3.8/site-packages/airflow/example_dags/example_subdag_operator.py
[2024-02-18T13:24:50.267+0000] {processor.py:830} INFO - Processing file /home/airflow/.local/lib/python3.8/site-packages/airflow/example_dags/example_subdag_operator.py for tasks to queue
[2024-02-18T13:24:50.271+0000] {logging_mixin.py:188} INFO - [2024-02-18T13:24:50.270+0000] {dagbag.py:538} INFO - Filling up the DagBag from /home/airflow/.local/lib/python3.8/site-packages/airflow/example_dags/example_subdag_operator.py
[2024-02-18T13:24:50.319+0000] {processor.py:840} INFO - DAG(s) 'example_subdag_operator.section-1', 'example_subdag_operator.section-2', 'example_subdag_operator' retrieved from /home/airflow/.local/lib/python3.8/site-packages/airflow/example_dags/example_subdag_operator.py
[2024-02-18T13:24:50.351+0000] {logging_mixin.py:188} INFO - [2024-02-18T13:24:50.351+0000] {dag.py:3036} INFO - Sync 3 DAGs
[2024-02-18T13:24:50.389+0000] {logging_mixin.py:188} INFO - [2024-02-18T13:24:50.388+0000] {dag.py:3823} INFO - Setting next_dagrun for example_subdag_operator to 2022-01-01 00:00:00+00:00, run_after=2022-01-01 00:00:00+00:00
[2024-02-18T13:24:50.395+0000] {logging_mixin.py:188} INFO - [2024-02-18T13:24:50.395+0000] {dag.py:3823} INFO - Setting next_dagrun for example_subdag_operator.section-1 to None, run_after=None
[2024-02-18T13:24:50.399+0000] {logging_mixin.py:188} INFO - [2024-02-18T13:24:50.398+0000] {dag.py:3823} INFO - Setting next_dagrun for example_subdag_operator.section-2 to None, run_after=None
[2024-02-18T13:24:50.414+0000] {logging_mixin.py:188} INFO - [2024-02-18T13:24:50.413+0000] {dag.py:3036} INFO - Sync 2 DAGs
[2024-02-18T13:24:50.425+0000] {logging_mixin.py:188} INFO - [2024-02-18T13:24:50.424+0000] {dag.py:3823} INFO - Setting next_dagrun for example_subdag_operator.section-1 to None, run_after=None
[2024-02-18T13:24:50.426+0000] {logging_mixin.py:188} INFO - [2024-02-18T13:24:50.426+0000] {dag.py:3823} INFO - Setting next_dagrun for example_subdag_operator.section-2 to None, run_after=None
[2024-02-18T13:24:50.449+0000] {processor.py:183} INFO - Processing /home/airflow/.local/lib/python3.8/site-packages/airflow/example_dags/example_subdag_operator.py took 0.190 seconds
[2024-02-18T13:25:20.716+0000] {processor.py:161} INFO - Started process (PID=596) to work on /home/airflow/.local/lib/python3.8/site-packages/airflow/example_dags/example_subdag_operator.py
[2024-02-18T13:25:20.717+0000] {processor.py:830} INFO - Processing file /home/airflow/.local/lib/python3.8/site-packages/airflow/example_dags/example_subdag_operator.py for tasks to queue
[2024-02-18T13:25:20.720+0000] {logging_mixin.py:188} INFO - [2024-02-18T13:25:20.720+0000] {dagbag.py:538} INFO - Filling up the DagBag from /home/airflow/.local/lib/python3.8/site-packages/airflow/example_dags/example_subdag_operator.py
[2024-02-18T13:25:20.762+0000] {processor.py:840} INFO - DAG(s) 'example_subdag_operator.section-1', 'example_subdag_operator.section-2', 'example_subdag_operator' retrieved from /home/airflow/.local/lib/python3.8/site-packages/airflow/example_dags/example_subdag_operator.py
[2024-02-18T13:25:20.790+0000] {logging_mixin.py:188} INFO - [2024-02-18T13:25:20.790+0000] {dag.py:3036} INFO - Sync 3 DAGs
[2024-02-18T13:25:20.828+0000] {logging_mixin.py:188} INFO - [2024-02-18T13:25:20.827+0000] {dag.py:3823} INFO - Setting next_dagrun for example_subdag_operator to 2022-01-01 00:00:00+00:00, run_after=2022-01-01 00:00:00+00:00
[2024-02-18T13:25:20.836+0000] {logging_mixin.py:188} INFO - [2024-02-18T13:25:20.835+0000] {dag.py:3823} INFO - Setting next_dagrun for example_subdag_operator.section-1 to None, run_after=None
[2024-02-18T13:25:20.839+0000] {logging_mixin.py:188} INFO - [2024-02-18T13:25:20.838+0000] {dag.py:3823} INFO - Setting next_dagrun for example_subdag_operator.section-2 to None, run_after=None
[2024-02-18T13:25:20.851+0000] {logging_mixin.py:188} INFO - [2024-02-18T13:25:20.851+0000] {dag.py:3036} INFO - Sync 2 DAGs
[2024-02-18T13:25:20.862+0000] {logging_mixin.py:188} INFO - [2024-02-18T13:25:20.861+0000] {dag.py:3823} INFO - Setting next_dagrun for example_subdag_operator.section-1 to None, run_after=None
[2024-02-18T13:25:20.863+0000] {logging_mixin.py:188} INFO - [2024-02-18T13:25:20.862+0000] {dag.py:3823} INFO - Setting next_dagrun for example_subdag_operator.section-2 to None, run_after=None
[2024-02-18T13:25:20.885+0000] {processor.py:183} INFO - Processing /home/airflow/.local/lib/python3.8/site-packages/airflow/example_dags/example_subdag_operator.py took 0.174 seconds
[2024-02-18T13:25:51.019+0000] {processor.py:161} INFO - Started process (PID=651) to work on /home/airflow/.local/lib/python3.8/site-packages/airflow/example_dags/example_subdag_operator.py
[2024-02-18T13:25:51.020+0000] {processor.py:830} INFO - Processing file /home/airflow/.local/lib/python3.8/site-packages/airflow/example_dags/example_subdag_operator.py for tasks to queue
[2024-02-18T13:25:51.024+0000] {logging_mixin.py:188} INFO - [2024-02-18T13:25:51.023+0000] {dagbag.py:538} INFO - Filling up the DagBag from /home/airflow/.local/lib/python3.8/site-packages/airflow/example_dags/example_subdag_operator.py
[2024-02-18T13:25:51.069+0000] {processor.py:840} INFO - DAG(s) 'example_subdag_operator.section-1', 'example_subdag_operator.section-2', 'example_subdag_operator' retrieved from /home/airflow/.local/lib/python3.8/site-packages/airflow/example_dags/example_subdag_operator.py
[2024-02-18T13:25:51.096+0000] {logging_mixin.py:188} INFO - [2024-02-18T13:25:51.095+0000] {dag.py:3036} INFO - Sync 3 DAGs
[2024-02-18T13:25:51.133+0000] {logging_mixin.py:188} INFO - [2024-02-18T13:25:51.133+0000] {dag.py:3823} INFO - Setting next_dagrun for example_subdag_operator to 2022-01-01 00:00:00+00:00, run_after=2022-01-01 00:00:00+00:00
[2024-02-18T13:25:51.140+0000] {logging_mixin.py:188} INFO - [2024-02-18T13:25:51.139+0000] {dag.py:3823} INFO - Setting next_dagrun for example_subdag_operator.section-1 to None, run_after=None
[2024-02-18T13:25:51.143+0000] {logging_mixin.py:188} INFO - [2024-02-18T13:25:51.143+0000] {dag.py:3823} INFO - Setting next_dagrun for example_subdag_operator.section-2 to None, run_after=None
[2024-02-18T13:25:51.157+0000] {logging_mixin.py:188} INFO - [2024-02-18T13:25:51.156+0000] {dag.py:3036} INFO - Sync 2 DAGs
[2024-02-18T13:25:51.167+0000] {logging_mixin.py:188} INFO - [2024-02-18T13:25:51.167+0000] {dag.py:3823} INFO - Setting next_dagrun for example_subdag_operator.section-1 to None, run_after=None
[2024-02-18T13:25:51.168+0000] {logging_mixin.py:188} INFO - [2024-02-18T13:25:51.168+0000] {dag.py:3823} INFO - Setting next_dagrun for example_subdag_operator.section-2 to None, run_after=None
[2024-02-18T13:25:51.191+0000] {processor.py:183} INFO - Processing /home/airflow/.local/lib/python3.8/site-packages/airflow/example_dags/example_subdag_operator.py took 0.177 seconds
[2024-02-18T13:26:21.373+0000] {processor.py:161} INFO - Started process (PID=706) to work on /home/airflow/.local/lib/python3.8/site-packages/airflow/example_dags/example_subdag_operator.py
[2024-02-18T13:26:21.375+0000] {processor.py:830} INFO - Processing file /home/airflow/.local/lib/python3.8/site-packages/airflow/example_dags/example_subdag_operator.py for tasks to queue
[2024-02-18T13:26:21.379+0000] {logging_mixin.py:188} INFO - [2024-02-18T13:26:21.378+0000] {dagbag.py:538} INFO - Filling up the DagBag from /home/airflow/.local/lib/python3.8/site-packages/airflow/example_dags/example_subdag_operator.py
[2024-02-18T13:26:21.421+0000] {processor.py:840} INFO - DAG(s) 'example_subdag_operator.section-1', 'example_subdag_operator.section-2', 'example_subdag_operator' retrieved from /home/airflow/.local/lib/python3.8/site-packages/airflow/example_dags/example_subdag_operator.py
[2024-02-18T13:26:21.446+0000] {logging_mixin.py:188} INFO - [2024-02-18T13:26:21.446+0000] {dag.py:3036} INFO - Sync 3 DAGs
[2024-02-18T13:26:21.484+0000] {logging_mixin.py:188} INFO - [2024-02-18T13:26:21.484+0000] {dag.py:3823} INFO - Setting next_dagrun for example_subdag_operator to 2022-01-01 00:00:00+00:00, run_after=2022-01-01 00:00:00+00:00
[2024-02-18T13:26:21.491+0000] {logging_mixin.py:188} INFO - [2024-02-18T13:26:21.491+0000] {dag.py:3823} INFO - Setting next_dagrun for example_subdag_operator.section-1 to None, run_after=None
[2024-02-18T13:26:21.494+0000] {logging_mixin.py:188} INFO - [2024-02-18T13:26:21.494+0000] {dag.py:3823} INFO - Setting next_dagrun for example_subdag_operator.section-2 to None, run_after=None
[2024-02-18T13:26:21.507+0000] {logging_mixin.py:188} INFO - [2024-02-18T13:26:21.506+0000] {dag.py:3036} INFO - Sync 2 DAGs
[2024-02-18T13:26:21.517+0000] {logging_mixin.py:188} INFO - [2024-02-18T13:26:21.516+0000] {dag.py:3823} INFO - Setting next_dagrun for example_subdag_operator.section-1 to None, run_after=None
[2024-02-18T13:26:21.518+0000] {logging_mixin.py:188} INFO - [2024-02-18T13:26:21.517+0000] {dag.py:3823} INFO - Setting next_dagrun for example_subdag_operator.section-2 to None, run_after=None
[2024-02-18T13:26:21.539+0000] {processor.py:183} INFO - Processing /home/airflow/.local/lib/python3.8/site-packages/airflow/example_dags/example_subdag_operator.py took 0.170 seconds
[2024-02-18T13:26:52.084+0000] {processor.py:161} INFO - Started process (PID=761) to work on /home/airflow/.local/lib/python3.8/site-packages/airflow/example_dags/example_subdag_operator.py
[2024-02-18T13:26:52.086+0000] {processor.py:830} INFO - Processing file /home/airflow/.local/lib/python3.8/site-packages/airflow/example_dags/example_subdag_operator.py for tasks to queue
[2024-02-18T13:26:52.089+0000] {logging_mixin.py:188} INFO - [2024-02-18T13:26:52.088+0000] {dagbag.py:538} INFO - Filling up the DagBag from /home/airflow/.local/lib/python3.8/site-packages/airflow/example_dags/example_subdag_operator.py
[2024-02-18T13:26:52.136+0000] {processor.py:840} INFO - DAG(s) 'example_subdag_operator.section-1', 'example_subdag_operator.section-2', 'example_subdag_operator' retrieved from /home/airflow/.local/lib/python3.8/site-packages/airflow/example_dags/example_subdag_operator.py
[2024-02-18T13:26:52.190+0000] {logging_mixin.py:188} INFO - [2024-02-18T13:26:52.189+0000] {dag.py:3036} INFO - Sync 3 DAGs
[2024-02-18T13:26:52.225+0000] {logging_mixin.py:188} INFO - [2024-02-18T13:26:52.225+0000] {dag.py:3823} INFO - Setting next_dagrun for example_subdag_operator to 2022-01-01 00:00:00+00:00, run_after=2022-01-01 00:00:00+00:00
[2024-02-18T13:26:52.237+0000] {logging_mixin.py:188} INFO - [2024-02-18T13:26:52.236+0000] {dag.py:3823} INFO - Setting next_dagrun for example_subdag_operator.section-1 to None, run_after=None
[2024-02-18T13:26:52.241+0000] {logging_mixin.py:188} INFO - [2024-02-18T13:26:52.241+0000] {dag.py:3823} INFO - Setting next_dagrun for example_subdag_operator.section-2 to None, run_after=None
[2024-02-18T13:26:52.258+0000] {logging_mixin.py:188} INFO - [2024-02-18T13:26:52.257+0000] {dag.py:3036} INFO - Sync 2 DAGs
[2024-02-18T13:26:52.267+0000] {logging_mixin.py:188} INFO - [2024-02-18T13:26:52.267+0000] {dag.py:3823} INFO - Setting next_dagrun for example_subdag_operator.section-1 to None, run_after=None
[2024-02-18T13:26:52.268+0000] {logging_mixin.py:188} INFO - [2024-02-18T13:26:52.268+0000] {dag.py:3823} INFO - Setting next_dagrun for example_subdag_operator.section-2 to None, run_after=None
[2024-02-18T13:26:52.288+0000] {processor.py:183} INFO - Processing /home/airflow/.local/lib/python3.8/site-packages/airflow/example_dags/example_subdag_operator.py took 0.209 seconds
[2024-02-18T13:27:22.493+0000] {processor.py:161} INFO - Started process (PID=816) to work on /home/airflow/.local/lib/python3.8/site-packages/airflow/example_dags/example_subdag_operator.py
[2024-02-18T13:27:22.494+0000] {processor.py:830} INFO - Processing file /home/airflow/.local/lib/python3.8/site-packages/airflow/example_dags/example_subdag_operator.py for tasks to queue
[2024-02-18T13:27:22.498+0000] {logging_mixin.py:188} INFO - [2024-02-18T13:27:22.497+0000] {dagbag.py:538} INFO - Filling up the DagBag from /home/airflow/.local/lib/python3.8/site-packages/airflow/example_dags/example_subdag_operator.py
[2024-02-18T13:27:22.533+0000] {processor.py:840} INFO - DAG(s) 'example_subdag_operator.section-1', 'example_subdag_operator.section-2', 'example_subdag_operator' retrieved from /home/airflow/.local/lib/python3.8/site-packages/airflow/example_dags/example_subdag_operator.py
[2024-02-18T13:27:22.556+0000] {logging_mixin.py:188} INFO - [2024-02-18T13:27:22.555+0000] {dag.py:3036} INFO - Sync 3 DAGs
[2024-02-18T13:27:22.588+0000] {logging_mixin.py:188} INFO - [2024-02-18T13:27:22.588+0000] {dag.py:3823} INFO - Setting next_dagrun for example_subdag_operator to 2022-01-01 00:00:00+00:00, run_after=2022-01-01 00:00:00+00:00
[2024-02-18T13:27:22.594+0000] {logging_mixin.py:188} INFO - [2024-02-18T13:27:22.594+0000] {dag.py:3823} INFO - Setting next_dagrun for example_subdag_operator.section-1 to None, run_after=None
[2024-02-18T13:27:22.597+0000] {logging_mixin.py:188} INFO - [2024-02-18T13:27:22.596+0000] {dag.py:3823} INFO - Setting next_dagrun for example_subdag_operator.section-2 to None, run_after=None
[2024-02-18T13:27:22.608+0000] {logging_mixin.py:188} INFO - [2024-02-18T13:27:22.607+0000] {dag.py:3036} INFO - Sync 2 DAGs
[2024-02-18T13:27:22.617+0000] {logging_mixin.py:188} INFO - [2024-02-18T13:27:22.617+0000] {dag.py:3823} INFO - Setting next_dagrun for example_subdag_operator.section-1 to None, run_after=None
[2024-02-18T13:27:22.618+0000] {logging_mixin.py:188} INFO - [2024-02-18T13:27:22.618+0000] {dag.py:3823} INFO - Setting next_dagrun for example_subdag_operator.section-2 to None, run_after=None
[2024-02-18T13:27:22.634+0000] {processor.py:183} INFO - Processing /home/airflow/.local/lib/python3.8/site-packages/airflow/example_dags/example_subdag_operator.py took 0.146 seconds
[2024-02-18T13:27:52.964+0000] {processor.py:161} INFO - Started process (PID=871) to work on /home/airflow/.local/lib/python3.8/site-packages/airflow/example_dags/example_subdag_operator.py
[2024-02-18T13:27:52.966+0000] {processor.py:830} INFO - Processing file /home/airflow/.local/lib/python3.8/site-packages/airflow/example_dags/example_subdag_operator.py for tasks to queue
[2024-02-18T13:27:52.970+0000] {logging_mixin.py:188} INFO - [2024-02-18T13:27:52.969+0000] {dagbag.py:538} INFO - Filling up the DagBag from /home/airflow/.local/lib/python3.8/site-packages/airflow/example_dags/example_subdag_operator.py
[2024-02-18T13:27:53.020+0000] {processor.py:840} INFO - DAG(s) 'example_subdag_operator.section-1', 'example_subdag_operator.section-2', 'example_subdag_operator' retrieved from /home/airflow/.local/lib/python3.8/site-packages/airflow/example_dags/example_subdag_operator.py
[2024-02-18T13:27:53.051+0000] {logging_mixin.py:188} INFO - [2024-02-18T13:27:53.051+0000] {dag.py:3036} INFO - Sync 3 DAGs
[2024-02-18T13:27:53.095+0000] {logging_mixin.py:188} INFO - [2024-02-18T13:27:53.095+0000] {dag.py:3823} INFO - Setting next_dagrun for example_subdag_operator to 2022-01-01 00:00:00+00:00, run_after=2022-01-01 00:00:00+00:00
[2024-02-18T13:27:53.105+0000] {logging_mixin.py:188} INFO - [2024-02-18T13:27:53.104+0000] {dag.py:3823} INFO - Setting next_dagrun for example_subdag_operator.section-1 to None, run_after=None
[2024-02-18T13:27:53.108+0000] {logging_mixin.py:188} INFO - [2024-02-18T13:27:53.108+0000] {dag.py:3823} INFO - Setting next_dagrun for example_subdag_operator.section-2 to None, run_after=None
[2024-02-18T13:27:53.120+0000] {logging_mixin.py:188} INFO - [2024-02-18T13:27:53.120+0000] {dag.py:3036} INFO - Sync 2 DAGs
[2024-02-18T13:27:53.130+0000] {logging_mixin.py:188} INFO - [2024-02-18T13:27:53.130+0000] {dag.py:3823} INFO - Setting next_dagrun for example_subdag_operator.section-1 to None, run_after=None
[2024-02-18T13:27:53.134+0000] {logging_mixin.py:188} INFO - [2024-02-18T13:27:53.133+0000] {dag.py:3823} INFO - Setting next_dagrun for example_subdag_operator.section-2 to None, run_after=None
[2024-02-18T13:27:53.156+0000] {processor.py:183} INFO - Processing /home/airflow/.local/lib/python3.8/site-packages/airflow/example_dags/example_subdag_operator.py took 0.196 seconds
