[2024-02-18T13:20:16.913+0000] {processor.py:161} INFO - Started process (PID=54) to work on /home/airflow/.local/lib/python3.8/site-packages/airflow/example_dags/example_setup_teardown_taskflow.py
[2024-02-18T13:20:16.917+0000] {processor.py:830} INFO - Processing file /home/airflow/.local/lib/python3.8/site-packages/airflow/example_dags/example_setup_teardown_taskflow.py for tasks to queue
[2024-02-18T13:20:16.933+0000] {logging_mixin.py:188} INFO - [2024-02-18T13:20:16.932+0000] {dagbag.py:538} INFO - Filling up the DagBag from /home/airflow/.local/lib/python3.8/site-packages/airflow/example_dags/example_setup_teardown_taskflow.py
[2024-02-18T13:20:16.964+0000] {processor.py:840} INFO - DAG(s) 'example_setup_teardown_taskflow' retrieved from /home/airflow/.local/lib/python3.8/site-packages/airflow/example_dags/example_setup_teardown_taskflow.py
[2024-02-18T13:20:17.044+0000] {logging_mixin.py:188} INFO - [2024-02-18T13:20:17.044+0000] {dag.py:3036} INFO - Sync 1 DAGs
[2024-02-18T13:20:17.098+0000] {logging_mixin.py:188} INFO - [2024-02-18T13:20:17.098+0000] {dag.py:3823} INFO - Setting next_dagrun for example_setup_teardown_taskflow to 2024-02-17 00:00:00+00:00, run_after=2024-02-18 00:00:00+00:00
[2024-02-18T13:20:17.144+0000] {processor.py:183} INFO - Processing /home/airflow/.local/lib/python3.8/site-packages/airflow/example_dags/example_setup_teardown_taskflow.py took 0.244 seconds
[2024-02-18T13:20:47.320+0000] {processor.py:161} INFO - Started process (PID=109) to work on /home/airflow/.local/lib/python3.8/site-packages/airflow/example_dags/example_setup_teardown_taskflow.py
[2024-02-18T13:20:47.322+0000] {processor.py:830} INFO - Processing file /home/airflow/.local/lib/python3.8/site-packages/airflow/example_dags/example_setup_teardown_taskflow.py for tasks to queue
[2024-02-18T13:20:47.325+0000] {logging_mixin.py:188} INFO - [2024-02-18T13:20:47.324+0000] {dagbag.py:538} INFO - Filling up the DagBag from /home/airflow/.local/lib/python3.8/site-packages/airflow/example_dags/example_setup_teardown_taskflow.py
[2024-02-18T13:20:47.338+0000] {processor.py:840} INFO - DAG(s) 'example_setup_teardown_taskflow' retrieved from /home/airflow/.local/lib/python3.8/site-packages/airflow/example_dags/example_setup_teardown_taskflow.py
[2024-02-18T13:20:47.373+0000] {logging_mixin.py:188} INFO - [2024-02-18T13:20:47.372+0000] {dag.py:3036} INFO - Sync 1 DAGs
[2024-02-18T13:20:47.407+0000] {logging_mixin.py:188} INFO - [2024-02-18T13:20:47.407+0000] {dag.py:3823} INFO - Setting next_dagrun for example_setup_teardown_taskflow to 2024-02-17 00:00:00+00:00, run_after=2024-02-18 00:00:00+00:00
[2024-02-18T13:20:47.441+0000] {processor.py:183} INFO - Processing /home/airflow/.local/lib/python3.8/site-packages/airflow/example_dags/example_setup_teardown_taskflow.py took 0.125 seconds
[2024-02-18T13:21:17.733+0000] {processor.py:161} INFO - Started process (PID=164) to work on /home/airflow/.local/lib/python3.8/site-packages/airflow/example_dags/example_setup_teardown_taskflow.py
[2024-02-18T13:21:17.734+0000] {processor.py:830} INFO - Processing file /home/airflow/.local/lib/python3.8/site-packages/airflow/example_dags/example_setup_teardown_taskflow.py for tasks to queue
[2024-02-18T13:21:17.738+0000] {logging_mixin.py:188} INFO - [2024-02-18T13:21:17.737+0000] {dagbag.py:538} INFO - Filling up the DagBag from /home/airflow/.local/lib/python3.8/site-packages/airflow/example_dags/example_setup_teardown_taskflow.py
[2024-02-18T13:21:17.753+0000] {processor.py:840} INFO - DAG(s) 'example_setup_teardown_taskflow' retrieved from /home/airflow/.local/lib/python3.8/site-packages/airflow/example_dags/example_setup_teardown_taskflow.py
[2024-02-18T13:21:17.787+0000] {logging_mixin.py:188} INFO - [2024-02-18T13:21:17.787+0000] {dag.py:3036} INFO - Sync 1 DAGs
[2024-02-18T13:21:17.822+0000] {logging_mixin.py:188} INFO - [2024-02-18T13:21:17.821+0000] {dag.py:3823} INFO - Setting next_dagrun for example_setup_teardown_taskflow to 2024-02-17 00:00:00+00:00, run_after=2024-02-18 00:00:00+00:00
[2024-02-18T13:21:17.855+0000] {processor.py:183} INFO - Processing /home/airflow/.local/lib/python3.8/site-packages/airflow/example_dags/example_setup_teardown_taskflow.py took 0.127 seconds
[2024-02-18T13:21:48.378+0000] {processor.py:161} INFO - Started process (PID=219) to work on /home/airflow/.local/lib/python3.8/site-packages/airflow/example_dags/example_setup_teardown_taskflow.py
[2024-02-18T13:21:48.380+0000] {processor.py:830} INFO - Processing file /home/airflow/.local/lib/python3.8/site-packages/airflow/example_dags/example_setup_teardown_taskflow.py for tasks to queue
[2024-02-18T13:21:48.384+0000] {logging_mixin.py:188} INFO - [2024-02-18T13:21:48.383+0000] {dagbag.py:538} INFO - Filling up the DagBag from /home/airflow/.local/lib/python3.8/site-packages/airflow/example_dags/example_setup_teardown_taskflow.py
[2024-02-18T13:21:48.403+0000] {processor.py:840} INFO - DAG(s) 'example_setup_teardown_taskflow' retrieved from /home/airflow/.local/lib/python3.8/site-packages/airflow/example_dags/example_setup_teardown_taskflow.py
[2024-02-18T13:21:48.450+0000] {logging_mixin.py:188} INFO - [2024-02-18T13:21:48.449+0000] {dag.py:3036} INFO - Sync 1 DAGs
[2024-02-18T13:21:48.494+0000] {logging_mixin.py:188} INFO - [2024-02-18T13:21:48.494+0000] {dag.py:3823} INFO - Setting next_dagrun for example_setup_teardown_taskflow to 2024-02-17 00:00:00+00:00, run_after=2024-02-18 00:00:00+00:00
[2024-02-18T13:21:48.536+0000] {processor.py:183} INFO - Processing /home/airflow/.local/lib/python3.8/site-packages/airflow/example_dags/example_setup_teardown_taskflow.py took 0.163 seconds
[2024-02-18T13:22:18.887+0000] {processor.py:161} INFO - Started process (PID=274) to work on /home/airflow/.local/lib/python3.8/site-packages/airflow/example_dags/example_setup_teardown_taskflow.py
[2024-02-18T13:22:18.888+0000] {processor.py:830} INFO - Processing file /home/airflow/.local/lib/python3.8/site-packages/airflow/example_dags/example_setup_teardown_taskflow.py for tasks to queue
[2024-02-18T13:22:18.892+0000] {logging_mixin.py:188} INFO - [2024-02-18T13:22:18.891+0000] {dagbag.py:538} INFO - Filling up the DagBag from /home/airflow/.local/lib/python3.8/site-packages/airflow/example_dags/example_setup_teardown_taskflow.py
[2024-02-18T13:22:18.905+0000] {processor.py:840} INFO - DAG(s) 'example_setup_teardown_taskflow' retrieved from /home/airflow/.local/lib/python3.8/site-packages/airflow/example_dags/example_setup_teardown_taskflow.py
[2024-02-18T13:22:18.945+0000] {logging_mixin.py:188} INFO - [2024-02-18T13:22:18.944+0000] {dag.py:3036} INFO - Sync 1 DAGs
[2024-02-18T13:22:18.982+0000] {logging_mixin.py:188} INFO - [2024-02-18T13:22:18.981+0000] {dag.py:3823} INFO - Setting next_dagrun for example_setup_teardown_taskflow to 2024-02-17 00:00:00+00:00, run_after=2024-02-18 00:00:00+00:00
[2024-02-18T13:22:19.015+0000] {processor.py:183} INFO - Processing /home/airflow/.local/lib/python3.8/site-packages/airflow/example_dags/example_setup_teardown_taskflow.py took 0.132 seconds
[2024-02-18T13:22:49.715+0000] {processor.py:161} INFO - Started process (PID=329) to work on /home/airflow/.local/lib/python3.8/site-packages/airflow/example_dags/example_setup_teardown_taskflow.py
[2024-02-18T13:22:49.717+0000] {processor.py:830} INFO - Processing file /home/airflow/.local/lib/python3.8/site-packages/airflow/example_dags/example_setup_teardown_taskflow.py for tasks to queue
[2024-02-18T13:22:49.722+0000] {logging_mixin.py:188} INFO - [2024-02-18T13:22:49.721+0000] {dagbag.py:538} INFO - Filling up the DagBag from /home/airflow/.local/lib/python3.8/site-packages/airflow/example_dags/example_setup_teardown_taskflow.py
[2024-02-18T13:22:49.744+0000] {processor.py:840} INFO - DAG(s) 'example_setup_teardown_taskflow' retrieved from /home/airflow/.local/lib/python3.8/site-packages/airflow/example_dags/example_setup_teardown_taskflow.py
[2024-02-18T13:22:49.790+0000] {logging_mixin.py:188} INFO - [2024-02-18T13:22:49.790+0000] {dag.py:3036} INFO - Sync 1 DAGs
[2024-02-18T13:22:49.834+0000] {logging_mixin.py:188} INFO - [2024-02-18T13:22:49.833+0000] {dag.py:3823} INFO - Setting next_dagrun for example_setup_teardown_taskflow to 2024-02-17 00:00:00+00:00, run_after=2024-02-18 00:00:00+00:00
[2024-02-18T13:22:49.867+0000] {processor.py:183} INFO - Processing /home/airflow/.local/lib/python3.8/site-packages/airflow/example_dags/example_setup_teardown_taskflow.py took 0.159 seconds
[2024-02-18T13:23:20.038+0000] {processor.py:161} INFO - Started process (PID=384) to work on /home/airflow/.local/lib/python3.8/site-packages/airflow/example_dags/example_setup_teardown_taskflow.py
[2024-02-18T13:23:20.040+0000] {processor.py:830} INFO - Processing file /home/airflow/.local/lib/python3.8/site-packages/airflow/example_dags/example_setup_teardown_taskflow.py for tasks to queue
[2024-02-18T13:23:20.045+0000] {logging_mixin.py:188} INFO - [2024-02-18T13:23:20.044+0000] {dagbag.py:538} INFO - Filling up the DagBag from /home/airflow/.local/lib/python3.8/site-packages/airflow/example_dags/example_setup_teardown_taskflow.py
[2024-02-18T13:23:20.062+0000] {processor.py:840} INFO - DAG(s) 'example_setup_teardown_taskflow' retrieved from /home/airflow/.local/lib/python3.8/site-packages/airflow/example_dags/example_setup_teardown_taskflow.py
[2024-02-18T13:23:20.101+0000] {logging_mixin.py:188} INFO - [2024-02-18T13:23:20.100+0000] {dag.py:3036} INFO - Sync 1 DAGs
[2024-02-18T13:23:20.137+0000] {logging_mixin.py:188} INFO - [2024-02-18T13:23:20.136+0000] {dag.py:3823} INFO - Setting next_dagrun for example_setup_teardown_taskflow to 2024-02-17 00:00:00+00:00, run_after=2024-02-18 00:00:00+00:00
[2024-02-18T13:23:20.168+0000] {processor.py:183} INFO - Processing /home/airflow/.local/lib/python3.8/site-packages/airflow/example_dags/example_setup_teardown_taskflow.py took 0.134 seconds
[2024-02-18T13:23:50.327+0000] {processor.py:161} INFO - Started process (PID=439) to work on /home/airflow/.local/lib/python3.8/site-packages/airflow/example_dags/example_setup_teardown_taskflow.py
[2024-02-18T13:23:50.329+0000] {processor.py:830} INFO - Processing file /home/airflow/.local/lib/python3.8/site-packages/airflow/example_dags/example_setup_teardown_taskflow.py for tasks to queue
[2024-02-18T13:23:50.332+0000] {logging_mixin.py:188} INFO - [2024-02-18T13:23:50.331+0000] {dagbag.py:538} INFO - Filling up the DagBag from /home/airflow/.local/lib/python3.8/site-packages/airflow/example_dags/example_setup_teardown_taskflow.py
[2024-02-18T13:23:50.346+0000] {processor.py:840} INFO - DAG(s) 'example_setup_teardown_taskflow' retrieved from /home/airflow/.local/lib/python3.8/site-packages/airflow/example_dags/example_setup_teardown_taskflow.py
[2024-02-18T13:23:50.380+0000] {logging_mixin.py:188} INFO - [2024-02-18T13:23:50.379+0000] {dag.py:3036} INFO - Sync 1 DAGs
[2024-02-18T13:23:50.415+0000] {logging_mixin.py:188} INFO - [2024-02-18T13:23:50.415+0000] {dag.py:3823} INFO - Setting next_dagrun for example_setup_teardown_taskflow to 2024-02-17 00:00:00+00:00, run_after=2024-02-18 00:00:00+00:00
[2024-02-18T13:23:50.445+0000] {processor.py:183} INFO - Processing /home/airflow/.local/lib/python3.8/site-packages/airflow/example_dags/example_setup_teardown_taskflow.py took 0.122 seconds
[2024-02-18T13:24:20.738+0000] {processor.py:161} INFO - Started process (PID=494) to work on /home/airflow/.local/lib/python3.8/site-packages/airflow/example_dags/example_setup_teardown_taskflow.py
[2024-02-18T13:24:20.739+0000] {processor.py:830} INFO - Processing file /home/airflow/.local/lib/python3.8/site-packages/airflow/example_dags/example_setup_teardown_taskflow.py for tasks to queue
[2024-02-18T13:24:20.743+0000] {logging_mixin.py:188} INFO - [2024-02-18T13:24:20.742+0000] {dagbag.py:538} INFO - Filling up the DagBag from /home/airflow/.local/lib/python3.8/site-packages/airflow/example_dags/example_setup_teardown_taskflow.py
[2024-02-18T13:24:20.763+0000] {processor.py:840} INFO - DAG(s) 'example_setup_teardown_taskflow' retrieved from /home/airflow/.local/lib/python3.8/site-packages/airflow/example_dags/example_setup_teardown_taskflow.py
[2024-02-18T13:24:20.808+0000] {logging_mixin.py:188} INFO - [2024-02-18T13:24:20.808+0000] {dag.py:3036} INFO - Sync 1 DAGs
[2024-02-18T13:24:20.848+0000] {logging_mixin.py:188} INFO - [2024-02-18T13:24:20.847+0000] {dag.py:3823} INFO - Setting next_dagrun for example_setup_teardown_taskflow to 2024-02-17 00:00:00+00:00, run_after=2024-02-18 00:00:00+00:00
[2024-02-18T13:24:20.884+0000] {processor.py:183} INFO - Processing /home/airflow/.local/lib/python3.8/site-packages/airflow/example_dags/example_setup_teardown_taskflow.py took 0.151 seconds
[2024-02-18T13:24:51.214+0000] {processor.py:161} INFO - Started process (PID=549) to work on /home/airflow/.local/lib/python3.8/site-packages/airflow/example_dags/example_setup_teardown_taskflow.py
[2024-02-18T13:24:51.216+0000] {processor.py:830} INFO - Processing file /home/airflow/.local/lib/python3.8/site-packages/airflow/example_dags/example_setup_teardown_taskflow.py for tasks to queue
[2024-02-18T13:24:51.219+0000] {logging_mixin.py:188} INFO - [2024-02-18T13:24:51.218+0000] {dagbag.py:538} INFO - Filling up the DagBag from /home/airflow/.local/lib/python3.8/site-packages/airflow/example_dags/example_setup_teardown_taskflow.py
[2024-02-18T13:24:51.234+0000] {processor.py:840} INFO - DAG(s) 'example_setup_teardown_taskflow' retrieved from /home/airflow/.local/lib/python3.8/site-packages/airflow/example_dags/example_setup_teardown_taskflow.py
[2024-02-18T13:24:51.276+0000] {logging_mixin.py:188} INFO - [2024-02-18T13:24:51.276+0000] {dag.py:3036} INFO - Sync 1 DAGs
[2024-02-18T13:24:51.315+0000] {logging_mixin.py:188} INFO - [2024-02-18T13:24:51.315+0000] {dag.py:3823} INFO - Setting next_dagrun for example_setup_teardown_taskflow to 2024-02-17 00:00:00+00:00, run_after=2024-02-18 00:00:00+00:00
[2024-02-18T13:24:51.353+0000] {processor.py:183} INFO - Processing /home/airflow/.local/lib/python3.8/site-packages/airflow/example_dags/example_setup_teardown_taskflow.py took 0.145 seconds
[2024-02-18T13:25:21.584+0000] {processor.py:161} INFO - Started process (PID=604) to work on /home/airflow/.local/lib/python3.8/site-packages/airflow/example_dags/example_setup_teardown_taskflow.py
[2024-02-18T13:25:21.585+0000] {processor.py:830} INFO - Processing file /home/airflow/.local/lib/python3.8/site-packages/airflow/example_dags/example_setup_teardown_taskflow.py for tasks to queue
[2024-02-18T13:25:21.588+0000] {logging_mixin.py:188} INFO - [2024-02-18T13:25:21.588+0000] {dagbag.py:538} INFO - Filling up the DagBag from /home/airflow/.local/lib/python3.8/site-packages/airflow/example_dags/example_setup_teardown_taskflow.py
[2024-02-18T13:25:21.606+0000] {processor.py:840} INFO - DAG(s) 'example_setup_teardown_taskflow' retrieved from /home/airflow/.local/lib/python3.8/site-packages/airflow/example_dags/example_setup_teardown_taskflow.py
[2024-02-18T13:25:21.654+0000] {logging_mixin.py:188} INFO - [2024-02-18T13:25:21.654+0000] {dag.py:3036} INFO - Sync 1 DAGs
[2024-02-18T13:25:21.701+0000] {logging_mixin.py:188} INFO - [2024-02-18T13:25:21.701+0000] {dag.py:3823} INFO - Setting next_dagrun for example_setup_teardown_taskflow to 2024-02-17 00:00:00+00:00, run_after=2024-02-18 00:00:00+00:00
[2024-02-18T13:25:21.748+0000] {processor.py:183} INFO - Processing /home/airflow/.local/lib/python3.8/site-packages/airflow/example_dags/example_setup_teardown_taskflow.py took 0.170 seconds
[2024-02-18T13:25:51.964+0000] {processor.py:161} INFO - Started process (PID=659) to work on /home/airflow/.local/lib/python3.8/site-packages/airflow/example_dags/example_setup_teardown_taskflow.py
[2024-02-18T13:25:51.965+0000] {processor.py:830} INFO - Processing file /home/airflow/.local/lib/python3.8/site-packages/airflow/example_dags/example_setup_teardown_taskflow.py for tasks to queue
[2024-02-18T13:25:51.969+0000] {logging_mixin.py:188} INFO - [2024-02-18T13:25:51.968+0000] {dagbag.py:538} INFO - Filling up the DagBag from /home/airflow/.local/lib/python3.8/site-packages/airflow/example_dags/example_setup_teardown_taskflow.py
[2024-02-18T13:25:51.984+0000] {processor.py:840} INFO - DAG(s) 'example_setup_teardown_taskflow' retrieved from /home/airflow/.local/lib/python3.8/site-packages/airflow/example_dags/example_setup_teardown_taskflow.py
[2024-02-18T13:25:52.024+0000] {logging_mixin.py:188} INFO - [2024-02-18T13:25:52.024+0000] {dag.py:3036} INFO - Sync 1 DAGs
[2024-02-18T13:25:52.062+0000] {logging_mixin.py:188} INFO - [2024-02-18T13:25:52.061+0000] {dag.py:3823} INFO - Setting next_dagrun for example_setup_teardown_taskflow to 2024-02-17 00:00:00+00:00, run_after=2024-02-18 00:00:00+00:00
[2024-02-18T13:25:52.095+0000] {processor.py:183} INFO - Processing /home/airflow/.local/lib/python3.8/site-packages/airflow/example_dags/example_setup_teardown_taskflow.py took 0.136 seconds
[2024-02-18T13:26:22.291+0000] {processor.py:161} INFO - Started process (PID=714) to work on /home/airflow/.local/lib/python3.8/site-packages/airflow/example_dags/example_setup_teardown_taskflow.py
[2024-02-18T13:26:22.293+0000] {processor.py:830} INFO - Processing file /home/airflow/.local/lib/python3.8/site-packages/airflow/example_dags/example_setup_teardown_taskflow.py for tasks to queue
[2024-02-18T13:26:22.296+0000] {logging_mixin.py:188} INFO - [2024-02-18T13:26:22.295+0000] {dagbag.py:538} INFO - Filling up the DagBag from /home/airflow/.local/lib/python3.8/site-packages/airflow/example_dags/example_setup_teardown_taskflow.py
[2024-02-18T13:26:22.311+0000] {processor.py:840} INFO - DAG(s) 'example_setup_teardown_taskflow' retrieved from /home/airflow/.local/lib/python3.8/site-packages/airflow/example_dags/example_setup_teardown_taskflow.py
[2024-02-18T13:26:22.341+0000] {logging_mixin.py:188} INFO - [2024-02-18T13:26:22.341+0000] {dag.py:3036} INFO - Sync 1 DAGs
[2024-02-18T13:26:22.371+0000] {logging_mixin.py:188} INFO - [2024-02-18T13:26:22.370+0000] {dag.py:3823} INFO - Setting next_dagrun for example_setup_teardown_taskflow to 2024-02-17 00:00:00+00:00, run_after=2024-02-18 00:00:00+00:00
[2024-02-18T13:26:22.403+0000] {processor.py:183} INFO - Processing /home/airflow/.local/lib/python3.8/site-packages/airflow/example_dags/example_setup_teardown_taskflow.py took 0.115 seconds
[2024-02-18T13:26:53.150+0000] {processor.py:161} INFO - Started process (PID=769) to work on /home/airflow/.local/lib/python3.8/site-packages/airflow/example_dags/example_setup_teardown_taskflow.py
[2024-02-18T13:26:53.151+0000] {processor.py:830} INFO - Processing file /home/airflow/.local/lib/python3.8/site-packages/airflow/example_dags/example_setup_teardown_taskflow.py for tasks to queue
[2024-02-18T13:26:53.155+0000] {logging_mixin.py:188} INFO - [2024-02-18T13:26:53.154+0000] {dagbag.py:538} INFO - Filling up the DagBag from /home/airflow/.local/lib/python3.8/site-packages/airflow/example_dags/example_setup_teardown_taskflow.py
[2024-02-18T13:26:53.170+0000] {processor.py:840} INFO - DAG(s) 'example_setup_teardown_taskflow' retrieved from /home/airflow/.local/lib/python3.8/site-packages/airflow/example_dags/example_setup_teardown_taskflow.py
[2024-02-18T13:26:53.207+0000] {logging_mixin.py:188} INFO - [2024-02-18T13:26:53.207+0000] {dag.py:3036} INFO - Sync 1 DAGs
[2024-02-18T13:26:53.242+0000] {logging_mixin.py:188} INFO - [2024-02-18T13:26:53.242+0000] {dag.py:3823} INFO - Setting next_dagrun for example_setup_teardown_taskflow to 2024-02-17 00:00:00+00:00, run_after=2024-02-18 00:00:00+00:00
[2024-02-18T13:26:53.272+0000] {processor.py:183} INFO - Processing /home/airflow/.local/lib/python3.8/site-packages/airflow/example_dags/example_setup_teardown_taskflow.py took 0.127 seconds
[2024-02-18T13:27:24.287+0000] {processor.py:161} INFO - Started process (PID=824) to work on /home/airflow/.local/lib/python3.8/site-packages/airflow/example_dags/example_setup_teardown_taskflow.py
[2024-02-18T13:27:24.289+0000] {processor.py:830} INFO - Processing file /home/airflow/.local/lib/python3.8/site-packages/airflow/example_dags/example_setup_teardown_taskflow.py for tasks to queue
[2024-02-18T13:27:24.292+0000] {logging_mixin.py:188} INFO - [2024-02-18T13:27:24.291+0000] {dagbag.py:538} INFO - Filling up the DagBag from /home/airflow/.local/lib/python3.8/site-packages/airflow/example_dags/example_setup_teardown_taskflow.py
[2024-02-18T13:27:24.307+0000] {processor.py:840} INFO - DAG(s) 'example_setup_teardown_taskflow' retrieved from /home/airflow/.local/lib/python3.8/site-packages/airflow/example_dags/example_setup_teardown_taskflow.py
[2024-02-18T13:27:24.342+0000] {logging_mixin.py:188} INFO - [2024-02-18T13:27:24.342+0000] {dag.py:3036} INFO - Sync 1 DAGs
[2024-02-18T13:27:24.385+0000] {logging_mixin.py:188} INFO - [2024-02-18T13:27:24.384+0000] {dag.py:3823} INFO - Setting next_dagrun for example_setup_teardown_taskflow to 2024-02-17 00:00:00+00:00, run_after=2024-02-18 00:00:00+00:00
[2024-02-18T13:27:24.422+0000] {processor.py:183} INFO - Processing /home/airflow/.local/lib/python3.8/site-packages/airflow/example_dags/example_setup_teardown_taskflow.py took 0.141 seconds
[2024-02-18T13:27:54.748+0000] {processor.py:161} INFO - Started process (PID=879) to work on /home/airflow/.local/lib/python3.8/site-packages/airflow/example_dags/example_setup_teardown_taskflow.py
[2024-02-18T13:27:54.749+0000] {processor.py:830} INFO - Processing file /home/airflow/.local/lib/python3.8/site-packages/airflow/example_dags/example_setup_teardown_taskflow.py for tasks to queue
[2024-02-18T13:27:54.753+0000] {logging_mixin.py:188} INFO - [2024-02-18T13:27:54.752+0000] {dagbag.py:538} INFO - Filling up the DagBag from /home/airflow/.local/lib/python3.8/site-packages/airflow/example_dags/example_setup_teardown_taskflow.py
[2024-02-18T13:27:54.767+0000] {processor.py:840} INFO - DAG(s) 'example_setup_teardown_taskflow' retrieved from /home/airflow/.local/lib/python3.8/site-packages/airflow/example_dags/example_setup_teardown_taskflow.py
[2024-02-18T13:27:54.802+0000] {logging_mixin.py:188} INFO - [2024-02-18T13:27:54.802+0000] {dag.py:3036} INFO - Sync 1 DAGs
[2024-02-18T13:27:54.835+0000] {logging_mixin.py:188} INFO - [2024-02-18T13:27:54.835+0000] {dag.py:3823} INFO - Setting next_dagrun for example_setup_teardown_taskflow to 2024-02-17 00:00:00+00:00, run_after=2024-02-18 00:00:00+00:00
[2024-02-18T13:27:54.877+0000] {processor.py:183} INFO - Processing /home/airflow/.local/lib/python3.8/site-packages/airflow/example_dags/example_setup_teardown_taskflow.py took 0.133 seconds
