[2024-02-18T13:20:19.094+0000] {processor.py:161} INFO - Started process (PID=68) to work on /home/airflow/.local/lib/python3.8/site-packages/airflow/example_dags/example_datasets.py
[2024-02-18T13:20:19.096+0000] {processor.py:830} INFO - Processing file /home/airflow/.local/lib/python3.8/site-packages/airflow/example_dags/example_datasets.py for tasks to queue
[2024-02-18T13:20:19.100+0000] {logging_mixin.py:188} INFO - [2024-02-18T13:20:19.099+0000] {dagbag.py:538} INFO - Filling up the DagBag from /home/airflow/.local/lib/python3.8/site-packages/airflow/example_dags/example_datasets.py
[2024-02-18T13:20:19.116+0000] {processor.py:840} INFO - DAG(s) 'dataset_consumes_unknown_never_scheduled', 'dataset_produces_2', 'dataset_consumes_1', 'dataset_consumes_1_and_2', 'dataset_consumes_1_never_scheduled', 'dataset_produces_1' retrieved from /home/airflow/.local/lib/python3.8/site-packages/airflow/example_dags/example_datasets.py
[2024-02-18T13:20:19.196+0000] {logging_mixin.py:188} INFO - [2024-02-18T13:20:19.195+0000] {dag.py:3036} INFO - Sync 6 DAGs
[2024-02-18T13:20:19.248+0000] {logging_mixin.py:188} INFO - [2024-02-18T13:20:19.247+0000] {dag.py:3823} INFO - Setting next_dagrun for dataset_consumes_1 to None, run_after=None
[2024-02-18T13:20:19.259+0000] {logging_mixin.py:188} INFO - [2024-02-18T13:20:19.258+0000] {dag.py:3823} INFO - Setting next_dagrun for dataset_consumes_1_and_2 to None, run_after=None
[2024-02-18T13:20:19.264+0000] {logging_mixin.py:188} INFO - [2024-02-18T13:20:19.263+0000] {dag.py:3823} INFO - Setting next_dagrun for dataset_consumes_1_never_scheduled to None, run_after=None
[2024-02-18T13:20:19.268+0000] {logging_mixin.py:188} INFO - [2024-02-18T13:20:19.267+0000] {dag.py:3823} INFO - Setting next_dagrun for dataset_consumes_unknown_never_scheduled to None, run_after=None
[2024-02-18T13:20:19.276+0000] {logging_mixin.py:188} INFO - [2024-02-18T13:20:19.275+0000] {dag.py:3823} INFO - Setting next_dagrun for dataset_produces_1 to 2024-02-17 00:00:00+00:00, run_after=2024-02-18 00:00:00+00:00
[2024-02-18T13:20:19.281+0000] {logging_mixin.py:188} INFO - [2024-02-18T13:20:19.281+0000] {dag.py:3823} INFO - Setting next_dagrun for dataset_produces_2 to None, run_after=None
[2024-02-18T13:20:19.367+0000] {processor.py:183} INFO - Processing /home/airflow/.local/lib/python3.8/site-packages/airflow/example_dags/example_datasets.py took 0.278 seconds
[2024-02-18T13:20:50.199+0000] {processor.py:161} INFO - Started process (PID=123) to work on /home/airflow/.local/lib/python3.8/site-packages/airflow/example_dags/example_datasets.py
[2024-02-18T13:20:50.201+0000] {processor.py:830} INFO - Processing file /home/airflow/.local/lib/python3.8/site-packages/airflow/example_dags/example_datasets.py for tasks to queue
[2024-02-18T13:20:50.205+0000] {logging_mixin.py:188} INFO - [2024-02-18T13:20:50.204+0000] {dagbag.py:538} INFO - Filling up the DagBag from /home/airflow/.local/lib/python3.8/site-packages/airflow/example_dags/example_datasets.py
[2024-02-18T13:20:50.229+0000] {processor.py:840} INFO - DAG(s) 'dataset_consumes_1', 'dataset_consumes_1_never_scheduled', 'dataset_consumes_unknown_never_scheduled', 'dataset_produces_2', 'dataset_produces_1', 'dataset_consumes_1_and_2' retrieved from /home/airflow/.local/lib/python3.8/site-packages/airflow/example_dags/example_datasets.py
[2024-02-18T13:20:50.300+0000] {logging_mixin.py:188} INFO - [2024-02-18T13:20:50.299+0000] {dag.py:3036} INFO - Sync 6 DAGs
[2024-02-18T13:20:50.337+0000] {logging_mixin.py:188} INFO - [2024-02-18T13:20:50.337+0000] {dag.py:3823} INFO - Setting next_dagrun for dataset_consumes_1 to None, run_after=None
[2024-02-18T13:20:50.344+0000] {logging_mixin.py:188} INFO - [2024-02-18T13:20:50.343+0000] {dag.py:3823} INFO - Setting next_dagrun for dataset_consumes_1_and_2 to None, run_after=None
[2024-02-18T13:20:50.347+0000] {logging_mixin.py:188} INFO - [2024-02-18T13:20:50.347+0000] {dag.py:3823} INFO - Setting next_dagrun for dataset_consumes_1_never_scheduled to None, run_after=None
[2024-02-18T13:20:50.350+0000] {logging_mixin.py:188} INFO - [2024-02-18T13:20:50.350+0000] {dag.py:3823} INFO - Setting next_dagrun for dataset_consumes_unknown_never_scheduled to None, run_after=None
[2024-02-18T13:20:50.357+0000] {logging_mixin.py:188} INFO - [2024-02-18T13:20:50.356+0000] {dag.py:3823} INFO - Setting next_dagrun for dataset_produces_1 to 2024-02-17 00:00:00+00:00, run_after=2024-02-18 00:00:00+00:00
[2024-02-18T13:20:50.361+0000] {logging_mixin.py:188} INFO - [2024-02-18T13:20:50.360+0000] {dag.py:3823} INFO - Setting next_dagrun for dataset_produces_2 to None, run_after=None
[2024-02-18T13:20:50.425+0000] {processor.py:183} INFO - Processing /home/airflow/.local/lib/python3.8/site-packages/airflow/example_dags/example_datasets.py took 0.232 seconds
[2024-02-18T13:21:21.007+0000] {processor.py:161} INFO - Started process (PID=178) to work on /home/airflow/.local/lib/python3.8/site-packages/airflow/example_dags/example_datasets.py
[2024-02-18T13:21:21.009+0000] {processor.py:830} INFO - Processing file /home/airflow/.local/lib/python3.8/site-packages/airflow/example_dags/example_datasets.py for tasks to queue
[2024-02-18T13:21:21.013+0000] {logging_mixin.py:188} INFO - [2024-02-18T13:21:21.012+0000] {dagbag.py:538} INFO - Filling up the DagBag from /home/airflow/.local/lib/python3.8/site-packages/airflow/example_dags/example_datasets.py
[2024-02-18T13:21:21.030+0000] {processor.py:840} INFO - DAG(s) 'dataset_produces_2', 'dataset_consumes_1', 'dataset_consumes_unknown_never_scheduled', 'dataset_consumes_1_never_scheduled', 'dataset_consumes_1_and_2', 'dataset_produces_1' retrieved from /home/airflow/.local/lib/python3.8/site-packages/airflow/example_dags/example_datasets.py
[2024-02-18T13:21:21.110+0000] {logging_mixin.py:188} INFO - [2024-02-18T13:21:21.109+0000] {dag.py:3036} INFO - Sync 6 DAGs
[2024-02-18T13:21:21.155+0000] {logging_mixin.py:188} INFO - [2024-02-18T13:21:21.154+0000] {dag.py:3823} INFO - Setting next_dagrun for dataset_consumes_1 to None, run_after=None
[2024-02-18T13:21:21.163+0000] {logging_mixin.py:188} INFO - [2024-02-18T13:21:21.162+0000] {dag.py:3823} INFO - Setting next_dagrun for dataset_consumes_1_and_2 to None, run_after=None
[2024-02-18T13:21:21.167+0000] {logging_mixin.py:188} INFO - [2024-02-18T13:21:21.166+0000] {dag.py:3823} INFO - Setting next_dagrun for dataset_consumes_1_never_scheduled to None, run_after=None
[2024-02-18T13:21:21.170+0000] {logging_mixin.py:188} INFO - [2024-02-18T13:21:21.170+0000] {dag.py:3823} INFO - Setting next_dagrun for dataset_consumes_unknown_never_scheduled to None, run_after=None
[2024-02-18T13:21:21.177+0000] {logging_mixin.py:188} INFO - [2024-02-18T13:21:21.177+0000] {dag.py:3823} INFO - Setting next_dagrun for dataset_produces_1 to 2024-02-17 00:00:00+00:00, run_after=2024-02-18 00:00:00+00:00
[2024-02-18T13:21:21.181+0000] {logging_mixin.py:188} INFO - [2024-02-18T13:21:21.181+0000] {dag.py:3823} INFO - Setting next_dagrun for dataset_produces_2 to None, run_after=None
[2024-02-18T13:21:21.253+0000] {processor.py:183} INFO - Processing /home/airflow/.local/lib/python3.8/site-packages/airflow/example_dags/example_datasets.py took 0.251 seconds
[2024-02-18T13:21:51.604+0000] {processor.py:161} INFO - Started process (PID=233) to work on /home/airflow/.local/lib/python3.8/site-packages/airflow/example_dags/example_datasets.py
[2024-02-18T13:21:51.605+0000] {processor.py:830} INFO - Processing file /home/airflow/.local/lib/python3.8/site-packages/airflow/example_dags/example_datasets.py for tasks to queue
[2024-02-18T13:21:51.609+0000] {logging_mixin.py:188} INFO - [2024-02-18T13:21:51.608+0000] {dagbag.py:538} INFO - Filling up the DagBag from /home/airflow/.local/lib/python3.8/site-packages/airflow/example_dags/example_datasets.py
[2024-02-18T13:21:51.625+0000] {processor.py:840} INFO - DAG(s) 'dataset_produces_2', 'dataset_produces_1', 'dataset_consumes_1', 'dataset_consumes_1_and_2', 'dataset_consumes_unknown_never_scheduled', 'dataset_consumes_1_never_scheduled' retrieved from /home/airflow/.local/lib/python3.8/site-packages/airflow/example_dags/example_datasets.py
[2024-02-18T13:21:51.694+0000] {logging_mixin.py:188} INFO - [2024-02-18T13:21:51.693+0000] {dag.py:3036} INFO - Sync 6 DAGs
[2024-02-18T13:21:51.730+0000] {logging_mixin.py:188} INFO - [2024-02-18T13:21:51.729+0000] {dag.py:3823} INFO - Setting next_dagrun for dataset_consumes_1 to None, run_after=None
[2024-02-18T13:21:51.737+0000] {logging_mixin.py:188} INFO - [2024-02-18T13:21:51.737+0000] {dag.py:3823} INFO - Setting next_dagrun for dataset_consumes_1_and_2 to None, run_after=None
[2024-02-18T13:21:51.741+0000] {logging_mixin.py:188} INFO - [2024-02-18T13:21:51.740+0000] {dag.py:3823} INFO - Setting next_dagrun for dataset_consumes_1_never_scheduled to None, run_after=None
[2024-02-18T13:21:51.744+0000] {logging_mixin.py:188} INFO - [2024-02-18T13:21:51.744+0000] {dag.py:3823} INFO - Setting next_dagrun for dataset_consumes_unknown_never_scheduled to None, run_after=None
[2024-02-18T13:21:51.750+0000] {logging_mixin.py:188} INFO - [2024-02-18T13:21:51.749+0000] {dag.py:3823} INFO - Setting next_dagrun for dataset_produces_1 to 2024-02-17 00:00:00+00:00, run_after=2024-02-18 00:00:00+00:00
[2024-02-18T13:21:51.754+0000] {logging_mixin.py:188} INFO - [2024-02-18T13:21:51.753+0000] {dag.py:3823} INFO - Setting next_dagrun for dataset_produces_2 to None, run_after=None
[2024-02-18T13:21:51.815+0000] {processor.py:183} INFO - Processing /home/airflow/.local/lib/python3.8/site-packages/airflow/example_dags/example_datasets.py took 0.216 seconds
[2024-02-18T13:22:22.150+0000] {processor.py:161} INFO - Started process (PID=288) to work on /home/airflow/.local/lib/python3.8/site-packages/airflow/example_dags/example_datasets.py
[2024-02-18T13:22:22.152+0000] {processor.py:830} INFO - Processing file /home/airflow/.local/lib/python3.8/site-packages/airflow/example_dags/example_datasets.py for tasks to queue
[2024-02-18T13:22:22.155+0000] {logging_mixin.py:188} INFO - [2024-02-18T13:22:22.154+0000] {dagbag.py:538} INFO - Filling up the DagBag from /home/airflow/.local/lib/python3.8/site-packages/airflow/example_dags/example_datasets.py
[2024-02-18T13:22:22.173+0000] {processor.py:840} INFO - DAG(s) 'dataset_produces_1', 'dataset_produces_2', 'dataset_consumes_1_never_scheduled', 'dataset_consumes_unknown_never_scheduled', 'dataset_consumes_1_and_2', 'dataset_consumes_1' retrieved from /home/airflow/.local/lib/python3.8/site-packages/airflow/example_dags/example_datasets.py
[2024-02-18T13:22:22.235+0000] {logging_mixin.py:188} INFO - [2024-02-18T13:22:22.235+0000] {dag.py:3036} INFO - Sync 6 DAGs
[2024-02-18T13:22:22.270+0000] {logging_mixin.py:188} INFO - [2024-02-18T13:22:22.270+0000] {dag.py:3823} INFO - Setting next_dagrun for dataset_consumes_1 to None, run_after=None
[2024-02-18T13:22:22.277+0000] {logging_mixin.py:188} INFO - [2024-02-18T13:22:22.277+0000] {dag.py:3823} INFO - Setting next_dagrun for dataset_consumes_1_and_2 to None, run_after=None
[2024-02-18T13:22:22.280+0000] {logging_mixin.py:188} INFO - [2024-02-18T13:22:22.279+0000] {dag.py:3823} INFO - Setting next_dagrun for dataset_consumes_1_never_scheduled to None, run_after=None
[2024-02-18T13:22:22.283+0000] {logging_mixin.py:188} INFO - [2024-02-18T13:22:22.282+0000] {dag.py:3823} INFO - Setting next_dagrun for dataset_consumes_unknown_never_scheduled to None, run_after=None
[2024-02-18T13:22:22.288+0000] {logging_mixin.py:188} INFO - [2024-02-18T13:22:22.288+0000] {dag.py:3823} INFO - Setting next_dagrun for dataset_produces_1 to 2024-02-17 00:00:00+00:00, run_after=2024-02-18 00:00:00+00:00
[2024-02-18T13:22:22.291+0000] {logging_mixin.py:188} INFO - [2024-02-18T13:22:22.291+0000] {dag.py:3823} INFO - Setting next_dagrun for dataset_produces_2 to None, run_after=None
[2024-02-18T13:22:22.348+0000] {processor.py:183} INFO - Processing /home/airflow/.local/lib/python3.8/site-packages/airflow/example_dags/example_datasets.py took 0.203 seconds
[2024-02-18T13:22:52.947+0000] {processor.py:161} INFO - Started process (PID=343) to work on /home/airflow/.local/lib/python3.8/site-packages/airflow/example_dags/example_datasets.py
[2024-02-18T13:22:52.949+0000] {processor.py:830} INFO - Processing file /home/airflow/.local/lib/python3.8/site-packages/airflow/example_dags/example_datasets.py for tasks to queue
[2024-02-18T13:22:52.956+0000] {logging_mixin.py:188} INFO - [2024-02-18T13:22:52.955+0000] {dagbag.py:538} INFO - Filling up the DagBag from /home/airflow/.local/lib/python3.8/site-packages/airflow/example_dags/example_datasets.py
[2024-02-18T13:22:52.974+0000] {processor.py:840} INFO - DAG(s) 'dataset_consumes_1', 'dataset_produces_1', 'dataset_produces_2', 'dataset_consumes_1_and_2', 'dataset_consumes_unknown_never_scheduled', 'dataset_consumes_1_never_scheduled' retrieved from /home/airflow/.local/lib/python3.8/site-packages/airflow/example_dags/example_datasets.py
[2024-02-18T13:22:53.038+0000] {logging_mixin.py:188} INFO - [2024-02-18T13:22:53.038+0000] {dag.py:3036} INFO - Sync 6 DAGs
[2024-02-18T13:22:53.077+0000] {logging_mixin.py:188} INFO - [2024-02-18T13:22:53.076+0000] {dag.py:3823} INFO - Setting next_dagrun for dataset_consumes_1 to None, run_after=None
[2024-02-18T13:22:53.084+0000] {logging_mixin.py:188} INFO - [2024-02-18T13:22:53.084+0000] {dag.py:3823} INFO - Setting next_dagrun for dataset_consumes_1_and_2 to None, run_after=None
[2024-02-18T13:22:53.087+0000] {logging_mixin.py:188} INFO - [2024-02-18T13:22:53.087+0000] {dag.py:3823} INFO - Setting next_dagrun for dataset_consumes_1_never_scheduled to None, run_after=None
[2024-02-18T13:22:53.093+0000] {logging_mixin.py:188} INFO - [2024-02-18T13:22:53.092+0000] {dag.py:3823} INFO - Setting next_dagrun for dataset_consumes_unknown_never_scheduled to None, run_after=None
[2024-02-18T13:22:53.098+0000] {logging_mixin.py:188} INFO - [2024-02-18T13:22:53.098+0000] {dag.py:3823} INFO - Setting next_dagrun for dataset_produces_1 to 2024-02-17 00:00:00+00:00, run_after=2024-02-18 00:00:00+00:00
[2024-02-18T13:22:53.101+0000] {logging_mixin.py:188} INFO - [2024-02-18T13:22:53.101+0000] {dag.py:3823} INFO - Setting next_dagrun for dataset_produces_2 to None, run_after=None
[2024-02-18T13:22:53.159+0000] {processor.py:183} INFO - Processing /home/airflow/.local/lib/python3.8/site-packages/airflow/example_dags/example_datasets.py took 0.216 seconds
[2024-02-18T13:23:23.277+0000] {processor.py:161} INFO - Started process (PID=398) to work on /home/airflow/.local/lib/python3.8/site-packages/airflow/example_dags/example_datasets.py
[2024-02-18T13:23:23.280+0000] {processor.py:830} INFO - Processing file /home/airflow/.local/lib/python3.8/site-packages/airflow/example_dags/example_datasets.py for tasks to queue
[2024-02-18T13:23:23.284+0000] {logging_mixin.py:188} INFO - [2024-02-18T13:23:23.283+0000] {dagbag.py:538} INFO - Filling up the DagBag from /home/airflow/.local/lib/python3.8/site-packages/airflow/example_dags/example_datasets.py
[2024-02-18T13:23:23.299+0000] {processor.py:840} INFO - DAG(s) 'dataset_consumes_unknown_never_scheduled', 'dataset_consumes_1_and_2', 'dataset_produces_1', 'dataset_produces_2', 'dataset_consumes_1', 'dataset_consumes_1_never_scheduled' retrieved from /home/airflow/.local/lib/python3.8/site-packages/airflow/example_dags/example_datasets.py
[2024-02-18T13:23:23.381+0000] {logging_mixin.py:188} INFO - [2024-02-18T13:23:23.381+0000] {dag.py:3036} INFO - Sync 6 DAGs
[2024-02-18T13:23:23.449+0000] {logging_mixin.py:188} INFO - [2024-02-18T13:23:23.449+0000] {dag.py:3823} INFO - Setting next_dagrun for dataset_consumes_1 to None, run_after=None
[2024-02-18T13:23:23.460+0000] {logging_mixin.py:188} INFO - [2024-02-18T13:23:23.460+0000] {dag.py:3823} INFO - Setting next_dagrun for dataset_consumes_1_and_2 to None, run_after=None
[2024-02-18T13:23:23.467+0000] {logging_mixin.py:188} INFO - [2024-02-18T13:23:23.467+0000] {dag.py:3823} INFO - Setting next_dagrun for dataset_consumes_1_never_scheduled to None, run_after=None
[2024-02-18T13:23:23.473+0000] {logging_mixin.py:188} INFO - [2024-02-18T13:23:23.473+0000] {dag.py:3823} INFO - Setting next_dagrun for dataset_consumes_unknown_never_scheduled to None, run_after=None
[2024-02-18T13:23:23.486+0000] {logging_mixin.py:188} INFO - [2024-02-18T13:23:23.485+0000] {dag.py:3823} INFO - Setting next_dagrun for dataset_produces_1 to 2024-02-17 00:00:00+00:00, run_after=2024-02-18 00:00:00+00:00
[2024-02-18T13:23:23.492+0000] {logging_mixin.py:188} INFO - [2024-02-18T13:23:23.492+0000] {dag.py:3823} INFO - Setting next_dagrun for dataset_produces_2 to None, run_after=None
[2024-02-18T13:23:23.569+0000] {processor.py:183} INFO - Processing /home/airflow/.local/lib/python3.8/site-packages/airflow/example_dags/example_datasets.py took 0.297 seconds
[2024-02-18T13:23:53.648+0000] {processor.py:161} INFO - Started process (PID=454) to work on /home/airflow/.local/lib/python3.8/site-packages/airflow/example_dags/example_datasets.py
[2024-02-18T13:23:53.650+0000] {processor.py:830} INFO - Processing file /home/airflow/.local/lib/python3.8/site-packages/airflow/example_dags/example_datasets.py for tasks to queue
[2024-02-18T13:23:53.654+0000] {logging_mixin.py:188} INFO - [2024-02-18T13:23:53.653+0000] {dagbag.py:538} INFO - Filling up the DagBag from /home/airflow/.local/lib/python3.8/site-packages/airflow/example_dags/example_datasets.py
[2024-02-18T13:23:53.673+0000] {processor.py:840} INFO - DAG(s) 'dataset_consumes_1_and_2', 'dataset_produces_2', 'dataset_produces_1', 'dataset_consumes_unknown_never_scheduled', 'dataset_consumes_1', 'dataset_consumes_1_never_scheduled' retrieved from /home/airflow/.local/lib/python3.8/site-packages/airflow/example_dags/example_datasets.py
[2024-02-18T13:23:53.753+0000] {logging_mixin.py:188} INFO - [2024-02-18T13:23:53.753+0000] {dag.py:3036} INFO - Sync 6 DAGs
[2024-02-18T13:23:53.798+0000] {logging_mixin.py:188} INFO - [2024-02-18T13:23:53.797+0000] {dag.py:3823} INFO - Setting next_dagrun for dataset_consumes_1 to None, run_after=None
[2024-02-18T13:23:53.806+0000] {logging_mixin.py:188} INFO - [2024-02-18T13:23:53.806+0000] {dag.py:3823} INFO - Setting next_dagrun for dataset_consumes_1_and_2 to None, run_after=None
[2024-02-18T13:23:53.809+0000] {logging_mixin.py:188} INFO - [2024-02-18T13:23:53.809+0000] {dag.py:3823} INFO - Setting next_dagrun for dataset_consumes_1_never_scheduled to None, run_after=None
[2024-02-18T13:23:53.813+0000] {logging_mixin.py:188} INFO - [2024-02-18T13:23:53.813+0000] {dag.py:3823} INFO - Setting next_dagrun for dataset_consumes_unknown_never_scheduled to None, run_after=None
[2024-02-18T13:23:53.819+0000] {logging_mixin.py:188} INFO - [2024-02-18T13:23:53.819+0000] {dag.py:3823} INFO - Setting next_dagrun for dataset_produces_1 to 2024-02-17 00:00:00+00:00, run_after=2024-02-18 00:00:00+00:00
[2024-02-18T13:23:53.823+0000] {logging_mixin.py:188} INFO - [2024-02-18T13:23:53.823+0000] {dag.py:3823} INFO - Setting next_dagrun for dataset_produces_2 to None, run_after=None
[2024-02-18T13:23:53.896+0000] {processor.py:183} INFO - Processing /home/airflow/.local/lib/python3.8/site-packages/airflow/example_dags/example_datasets.py took 0.254 seconds
[2024-02-18T13:24:23.980+0000] {processor.py:161} INFO - Started process (PID=509) to work on /home/airflow/.local/lib/python3.8/site-packages/airflow/example_dags/example_datasets.py
[2024-02-18T13:24:23.981+0000] {processor.py:830} INFO - Processing file /home/airflow/.local/lib/python3.8/site-packages/airflow/example_dags/example_datasets.py for tasks to queue
[2024-02-18T13:24:23.985+0000] {logging_mixin.py:188} INFO - [2024-02-18T13:24:23.984+0000] {dagbag.py:538} INFO - Filling up the DagBag from /home/airflow/.local/lib/python3.8/site-packages/airflow/example_dags/example_datasets.py
[2024-02-18T13:24:24.001+0000] {processor.py:840} INFO - DAG(s) 'dataset_consumes_unknown_never_scheduled', 'dataset_produces_1', 'dataset_consumes_1_never_scheduled', 'dataset_consumes_1', 'dataset_consumes_1_and_2', 'dataset_produces_2' retrieved from /home/airflow/.local/lib/python3.8/site-packages/airflow/example_dags/example_datasets.py
[2024-02-18T13:24:24.066+0000] {logging_mixin.py:188} INFO - [2024-02-18T13:24:24.066+0000] {dag.py:3036} INFO - Sync 6 DAGs
[2024-02-18T13:24:24.110+0000] {logging_mixin.py:188} INFO - [2024-02-18T13:24:24.109+0000] {dag.py:3823} INFO - Setting next_dagrun for dataset_consumes_1 to None, run_after=None
[2024-02-18T13:24:24.117+0000] {logging_mixin.py:188} INFO - [2024-02-18T13:24:24.117+0000] {dag.py:3823} INFO - Setting next_dagrun for dataset_consumes_1_and_2 to None, run_after=None
[2024-02-18T13:24:24.121+0000] {logging_mixin.py:188} INFO - [2024-02-18T13:24:24.121+0000] {dag.py:3823} INFO - Setting next_dagrun for dataset_consumes_1_never_scheduled to None, run_after=None
[2024-02-18T13:24:24.124+0000] {logging_mixin.py:188} INFO - [2024-02-18T13:24:24.124+0000] {dag.py:3823} INFO - Setting next_dagrun for dataset_consumes_unknown_never_scheduled to None, run_after=None
[2024-02-18T13:24:24.131+0000] {logging_mixin.py:188} INFO - [2024-02-18T13:24:24.131+0000] {dag.py:3823} INFO - Setting next_dagrun for dataset_produces_1 to 2024-02-17 00:00:00+00:00, run_after=2024-02-18 00:00:00+00:00
[2024-02-18T13:24:24.134+0000] {logging_mixin.py:188} INFO - [2024-02-18T13:24:24.134+0000] {dag.py:3823} INFO - Setting next_dagrun for dataset_produces_2 to None, run_after=None
[2024-02-18T13:24:24.199+0000] {processor.py:183} INFO - Processing /home/airflow/.local/lib/python3.8/site-packages/airflow/example_dags/example_datasets.py took 0.224 seconds
[2024-02-18T13:24:54.621+0000] {processor.py:161} INFO - Started process (PID=563) to work on /home/airflow/.local/lib/python3.8/site-packages/airflow/example_dags/example_datasets.py
[2024-02-18T13:24:54.622+0000] {processor.py:830} INFO - Processing file /home/airflow/.local/lib/python3.8/site-packages/airflow/example_dags/example_datasets.py for tasks to queue
[2024-02-18T13:24:54.626+0000] {logging_mixin.py:188} INFO - [2024-02-18T13:24:54.625+0000] {dagbag.py:538} INFO - Filling up the DagBag from /home/airflow/.local/lib/python3.8/site-packages/airflow/example_dags/example_datasets.py
[2024-02-18T13:24:54.641+0000] {processor.py:840} INFO - DAG(s) 'dataset_produces_1', 'dataset_consumes_1_and_2', 'dataset_consumes_1_never_scheduled', 'dataset_produces_2', 'dataset_consumes_1', 'dataset_consumes_unknown_never_scheduled' retrieved from /home/airflow/.local/lib/python3.8/site-packages/airflow/example_dags/example_datasets.py
[2024-02-18T13:24:54.709+0000] {logging_mixin.py:188} INFO - [2024-02-18T13:24:54.709+0000] {dag.py:3036} INFO - Sync 6 DAGs
[2024-02-18T13:24:54.748+0000] {logging_mixin.py:188} INFO - [2024-02-18T13:24:54.747+0000] {dag.py:3823} INFO - Setting next_dagrun for dataset_consumes_1 to None, run_after=None
[2024-02-18T13:24:54.755+0000] {logging_mixin.py:188} INFO - [2024-02-18T13:24:54.754+0000] {dag.py:3823} INFO - Setting next_dagrun for dataset_consumes_1_and_2 to None, run_after=None
[2024-02-18T13:24:54.758+0000] {logging_mixin.py:188} INFO - [2024-02-18T13:24:54.757+0000] {dag.py:3823} INFO - Setting next_dagrun for dataset_consumes_1_never_scheduled to None, run_after=None
[2024-02-18T13:24:54.761+0000] {logging_mixin.py:188} INFO - [2024-02-18T13:24:54.760+0000] {dag.py:3823} INFO - Setting next_dagrun for dataset_consumes_unknown_never_scheduled to None, run_after=None
[2024-02-18T13:24:54.766+0000] {logging_mixin.py:188} INFO - [2024-02-18T13:24:54.766+0000] {dag.py:3823} INFO - Setting next_dagrun for dataset_produces_1 to 2024-02-17 00:00:00+00:00, run_after=2024-02-18 00:00:00+00:00
[2024-02-18T13:24:54.770+0000] {logging_mixin.py:188} INFO - [2024-02-18T13:24:54.769+0000] {dag.py:3823} INFO - Setting next_dagrun for dataset_produces_2 to None, run_after=None
[2024-02-18T13:24:54.828+0000] {processor.py:183} INFO - Processing /home/airflow/.local/lib/python3.8/site-packages/airflow/example_dags/example_datasets.py took 0.213 seconds
[2024-02-18T13:25:25.103+0000] {processor.py:161} INFO - Started process (PID=618) to work on /home/airflow/.local/lib/python3.8/site-packages/airflow/example_dags/example_datasets.py
[2024-02-18T13:25:25.106+0000] {processor.py:830} INFO - Processing file /home/airflow/.local/lib/python3.8/site-packages/airflow/example_dags/example_datasets.py for tasks to queue
[2024-02-18T13:25:25.110+0000] {logging_mixin.py:188} INFO - [2024-02-18T13:25:25.109+0000] {dagbag.py:538} INFO - Filling up the DagBag from /home/airflow/.local/lib/python3.8/site-packages/airflow/example_dags/example_datasets.py
[2024-02-18T13:25:25.128+0000] {processor.py:840} INFO - DAG(s) 'dataset_consumes_unknown_never_scheduled', 'dataset_produces_1', 'dataset_consumes_1_never_scheduled', 'dataset_consumes_1_and_2', 'dataset_produces_2', 'dataset_consumes_1' retrieved from /home/airflow/.local/lib/python3.8/site-packages/airflow/example_dags/example_datasets.py
[2024-02-18T13:25:25.205+0000] {logging_mixin.py:188} INFO - [2024-02-18T13:25:25.204+0000] {dag.py:3036} INFO - Sync 6 DAGs
[2024-02-18T13:25:25.248+0000] {logging_mixin.py:188} INFO - [2024-02-18T13:25:25.247+0000] {dag.py:3823} INFO - Setting next_dagrun for dataset_consumes_1 to None, run_after=None
[2024-02-18T13:25:25.258+0000] {logging_mixin.py:188} INFO - [2024-02-18T13:25:25.257+0000] {dag.py:3823} INFO - Setting next_dagrun for dataset_consumes_1_and_2 to None, run_after=None
[2024-02-18T13:25:25.261+0000] {logging_mixin.py:188} INFO - [2024-02-18T13:25:25.261+0000] {dag.py:3823} INFO - Setting next_dagrun for dataset_consumes_1_never_scheduled to None, run_after=None
[2024-02-18T13:25:25.265+0000] {logging_mixin.py:188} INFO - [2024-02-18T13:25:25.264+0000] {dag.py:3823} INFO - Setting next_dagrun for dataset_consumes_unknown_never_scheduled to None, run_after=None
[2024-02-18T13:25:25.273+0000] {logging_mixin.py:188} INFO - [2024-02-18T13:25:25.272+0000] {dag.py:3823} INFO - Setting next_dagrun for dataset_produces_1 to 2024-02-17 00:00:00+00:00, run_after=2024-02-18 00:00:00+00:00
[2024-02-18T13:25:25.278+0000] {logging_mixin.py:188} INFO - [2024-02-18T13:25:25.277+0000] {dag.py:3823} INFO - Setting next_dagrun for dataset_produces_2 to None, run_after=None
[2024-02-18T13:25:25.377+0000] {processor.py:183} INFO - Processing /home/airflow/.local/lib/python3.8/site-packages/airflow/example_dags/example_datasets.py took 0.280 seconds
[2024-02-18T13:25:55.521+0000] {processor.py:161} INFO - Started process (PID=673) to work on /home/airflow/.local/lib/python3.8/site-packages/airflow/example_dags/example_datasets.py
[2024-02-18T13:25:55.522+0000] {processor.py:830} INFO - Processing file /home/airflow/.local/lib/python3.8/site-packages/airflow/example_dags/example_datasets.py for tasks to queue
[2024-02-18T13:25:55.526+0000] {logging_mixin.py:188} INFO - [2024-02-18T13:25:55.525+0000] {dagbag.py:538} INFO - Filling up the DagBag from /home/airflow/.local/lib/python3.8/site-packages/airflow/example_dags/example_datasets.py
[2024-02-18T13:25:55.541+0000] {processor.py:840} INFO - DAG(s) 'dataset_consumes_1_never_scheduled', 'dataset_consumes_1', 'dataset_produces_1', 'dataset_consumes_1_and_2', 'dataset_consumes_unknown_never_scheduled', 'dataset_produces_2' retrieved from /home/airflow/.local/lib/python3.8/site-packages/airflow/example_dags/example_datasets.py
[2024-02-18T13:25:55.702+0000] {logging_mixin.py:188} INFO - [2024-02-18T13:25:55.701+0000] {dag.py:3036} INFO - Sync 6 DAGs
[2024-02-18T13:25:55.772+0000] {logging_mixin.py:188} INFO - [2024-02-18T13:25:55.771+0000] {dag.py:3823} INFO - Setting next_dagrun for dataset_consumes_1 to None, run_after=None
[2024-02-18T13:25:55.784+0000] {logging_mixin.py:188} INFO - [2024-02-18T13:25:55.784+0000] {dag.py:3823} INFO - Setting next_dagrun for dataset_consumes_1_and_2 to None, run_after=None
[2024-02-18T13:25:55.789+0000] {logging_mixin.py:188} INFO - [2024-02-18T13:25:55.788+0000] {dag.py:3823} INFO - Setting next_dagrun for dataset_consumes_1_never_scheduled to None, run_after=None
[2024-02-18T13:25:55.793+0000] {logging_mixin.py:188} INFO - [2024-02-18T13:25:55.793+0000] {dag.py:3823} INFO - Setting next_dagrun for dataset_consumes_unknown_never_scheduled to None, run_after=None
[2024-02-18T13:25:55.801+0000] {logging_mixin.py:188} INFO - [2024-02-18T13:25:55.800+0000] {dag.py:3823} INFO - Setting next_dagrun for dataset_produces_1 to 2024-02-17 00:00:00+00:00, run_after=2024-02-18 00:00:00+00:00
[2024-02-18T13:25:55.805+0000] {logging_mixin.py:188} INFO - [2024-02-18T13:25:55.805+0000] {dag.py:3823} INFO - Setting next_dagrun for dataset_produces_2 to None, run_after=None
[2024-02-18T13:25:55.879+0000] {processor.py:183} INFO - Processing /home/airflow/.local/lib/python3.8/site-packages/airflow/example_dags/example_datasets.py took 0.363 seconds
[2024-02-18T13:26:26.774+0000] {processor.py:161} INFO - Started process (PID=728) to work on /home/airflow/.local/lib/python3.8/site-packages/airflow/example_dags/example_datasets.py
[2024-02-18T13:26:26.777+0000] {processor.py:830} INFO - Processing file /home/airflow/.local/lib/python3.8/site-packages/airflow/example_dags/example_datasets.py for tasks to queue
[2024-02-18T13:26:26.783+0000] {logging_mixin.py:188} INFO - [2024-02-18T13:26:26.782+0000] {dagbag.py:538} INFO - Filling up the DagBag from /home/airflow/.local/lib/python3.8/site-packages/airflow/example_dags/example_datasets.py
[2024-02-18T13:26:26.810+0000] {processor.py:840} INFO - DAG(s) 'dataset_produces_2', 'dataset_consumes_1', 'dataset_consumes_1_and_2', 'dataset_consumes_unknown_never_scheduled', 'dataset_consumes_1_never_scheduled', 'dataset_produces_1' retrieved from /home/airflow/.local/lib/python3.8/site-packages/airflow/example_dags/example_datasets.py
[2024-02-18T13:26:26.877+0000] {logging_mixin.py:188} INFO - [2024-02-18T13:26:26.876+0000] {dag.py:3036} INFO - Sync 6 DAGs
[2024-02-18T13:26:26.915+0000] {logging_mixin.py:188} INFO - [2024-02-18T13:26:26.915+0000] {dag.py:3823} INFO - Setting next_dagrun for dataset_consumes_1 to None, run_after=None
[2024-02-18T13:26:26.922+0000] {logging_mixin.py:188} INFO - [2024-02-18T13:26:26.921+0000] {dag.py:3823} INFO - Setting next_dagrun for dataset_consumes_1_and_2 to None, run_after=None
[2024-02-18T13:26:26.925+0000] {logging_mixin.py:188} INFO - [2024-02-18T13:26:26.924+0000] {dag.py:3823} INFO - Setting next_dagrun for dataset_consumes_1_never_scheduled to None, run_after=None
[2024-02-18T13:26:26.928+0000] {logging_mixin.py:188} INFO - [2024-02-18T13:26:26.927+0000] {dag.py:3823} INFO - Setting next_dagrun for dataset_consumes_unknown_never_scheduled to None, run_after=None
[2024-02-18T13:26:26.934+0000] {logging_mixin.py:188} INFO - [2024-02-18T13:26:26.933+0000] {dag.py:3823} INFO - Setting next_dagrun for dataset_produces_1 to 2024-02-17 00:00:00+00:00, run_after=2024-02-18 00:00:00+00:00
[2024-02-18T13:26:26.937+0000] {logging_mixin.py:188} INFO - [2024-02-18T13:26:26.937+0000] {dag.py:3823} INFO - Setting next_dagrun for dataset_produces_2 to None, run_after=None
[2024-02-18T13:26:27.004+0000] {processor.py:183} INFO - Processing /home/airflow/.local/lib/python3.8/site-packages/airflow/example_dags/example_datasets.py took 0.240 seconds
[2024-02-18T13:26:57.430+0000] {processor.py:161} INFO - Started process (PID=783) to work on /home/airflow/.local/lib/python3.8/site-packages/airflow/example_dags/example_datasets.py
[2024-02-18T13:26:57.434+0000] {processor.py:830} INFO - Processing file /home/airflow/.local/lib/python3.8/site-packages/airflow/example_dags/example_datasets.py for tasks to queue
[2024-02-18T13:26:57.441+0000] {logging_mixin.py:188} INFO - [2024-02-18T13:26:57.439+0000] {dagbag.py:538} INFO - Filling up the DagBag from /home/airflow/.local/lib/python3.8/site-packages/airflow/example_dags/example_datasets.py
[2024-02-18T13:26:57.457+0000] {processor.py:840} INFO - DAG(s) 'dataset_consumes_1_never_scheduled', 'dataset_produces_1', 'dataset_consumes_1_and_2', 'dataset_consumes_unknown_never_scheduled', 'dataset_consumes_1', 'dataset_produces_2' retrieved from /home/airflow/.local/lib/python3.8/site-packages/airflow/example_dags/example_datasets.py
[2024-02-18T13:26:57.525+0000] {logging_mixin.py:188} INFO - [2024-02-18T13:26:57.525+0000] {dag.py:3036} INFO - Sync 6 DAGs
[2024-02-18T13:26:57.567+0000] {logging_mixin.py:188} INFO - [2024-02-18T13:26:57.566+0000] {dag.py:3823} INFO - Setting next_dagrun for dataset_consumes_1 to None, run_after=None
[2024-02-18T13:26:57.575+0000] {logging_mixin.py:188} INFO - [2024-02-18T13:26:57.575+0000] {dag.py:3823} INFO - Setting next_dagrun for dataset_consumes_1_and_2 to None, run_after=None
[2024-02-18T13:26:57.579+0000] {logging_mixin.py:188} INFO - [2024-02-18T13:26:57.578+0000] {dag.py:3823} INFO - Setting next_dagrun for dataset_consumes_1_never_scheduled to None, run_after=None
[2024-02-18T13:26:57.582+0000] {logging_mixin.py:188} INFO - [2024-02-18T13:26:57.582+0000] {dag.py:3823} INFO - Setting next_dagrun for dataset_consumes_unknown_never_scheduled to None, run_after=None
[2024-02-18T13:26:57.589+0000] {logging_mixin.py:188} INFO - [2024-02-18T13:26:57.588+0000] {dag.py:3823} INFO - Setting next_dagrun for dataset_produces_1 to 2024-02-17 00:00:00+00:00, run_after=2024-02-18 00:00:00+00:00
[2024-02-18T13:26:57.594+0000] {logging_mixin.py:188} INFO - [2024-02-18T13:26:57.594+0000] {dag.py:3823} INFO - Setting next_dagrun for dataset_produces_2 to None, run_after=None
[2024-02-18T13:26:57.659+0000] {processor.py:183} INFO - Processing /home/airflow/.local/lib/python3.8/site-packages/airflow/example_dags/example_datasets.py took 0.238 seconds
[2024-02-18T13:27:27.868+0000] {processor.py:161} INFO - Started process (PID=838) to work on /home/airflow/.local/lib/python3.8/site-packages/airflow/example_dags/example_datasets.py
[2024-02-18T13:27:27.872+0000] {processor.py:830} INFO - Processing file /home/airflow/.local/lib/python3.8/site-packages/airflow/example_dags/example_datasets.py for tasks to queue
[2024-02-18T13:27:27.878+0000] {logging_mixin.py:188} INFO - [2024-02-18T13:27:27.876+0000] {dagbag.py:538} INFO - Filling up the DagBag from /home/airflow/.local/lib/python3.8/site-packages/airflow/example_dags/example_datasets.py
[2024-02-18T13:27:27.912+0000] {processor.py:840} INFO - DAG(s) 'dataset_consumes_unknown_never_scheduled', 'dataset_consumes_1_and_2', 'dataset_produces_1', 'dataset_consumes_1_never_scheduled', 'dataset_produces_2', 'dataset_consumes_1' retrieved from /home/airflow/.local/lib/python3.8/site-packages/airflow/example_dags/example_datasets.py
[2024-02-18T13:27:28.010+0000] {logging_mixin.py:188} INFO - [2024-02-18T13:27:28.010+0000] {dag.py:3036} INFO - Sync 6 DAGs
[2024-02-18T13:27:28.047+0000] {logging_mixin.py:188} INFO - [2024-02-18T13:27:28.047+0000] {dag.py:3823} INFO - Setting next_dagrun for dataset_consumes_1 to None, run_after=None
[2024-02-18T13:27:28.055+0000] {logging_mixin.py:188} INFO - [2024-02-18T13:27:28.055+0000] {dag.py:3823} INFO - Setting next_dagrun for dataset_consumes_1_and_2 to None, run_after=None
[2024-02-18T13:27:28.060+0000] {logging_mixin.py:188} INFO - [2024-02-18T13:27:28.060+0000] {dag.py:3823} INFO - Setting next_dagrun for dataset_consumes_1_never_scheduled to None, run_after=None
[2024-02-18T13:27:28.063+0000] {logging_mixin.py:188} INFO - [2024-02-18T13:27:28.063+0000] {dag.py:3823} INFO - Setting next_dagrun for dataset_consumes_unknown_never_scheduled to None, run_after=None
[2024-02-18T13:27:28.069+0000] {logging_mixin.py:188} INFO - [2024-02-18T13:27:28.068+0000] {dag.py:3823} INFO - Setting next_dagrun for dataset_produces_1 to 2024-02-17 00:00:00+00:00, run_after=2024-02-18 00:00:00+00:00
[2024-02-18T13:27:28.072+0000] {logging_mixin.py:188} INFO - [2024-02-18T13:27:28.071+0000] {dag.py:3823} INFO - Setting next_dagrun for dataset_produces_2 to None, run_after=None
[2024-02-18T13:27:28.127+0000] {processor.py:183} INFO - Processing /home/airflow/.local/lib/python3.8/site-packages/airflow/example_dags/example_datasets.py took 0.270 seconds
[2024-02-18T13:27:58.167+0000] {processor.py:161} INFO - Started process (PID=894) to work on /home/airflow/.local/lib/python3.8/site-packages/airflow/example_dags/example_datasets.py
[2024-02-18T13:27:58.169+0000] {processor.py:830} INFO - Processing file /home/airflow/.local/lib/python3.8/site-packages/airflow/example_dags/example_datasets.py for tasks to queue
[2024-02-18T13:27:58.173+0000] {logging_mixin.py:188} INFO - [2024-02-18T13:27:58.172+0000] {dagbag.py:538} INFO - Filling up the DagBag from /home/airflow/.local/lib/python3.8/site-packages/airflow/example_dags/example_datasets.py
[2024-02-18T13:27:58.193+0000] {processor.py:840} INFO - DAG(s) 'dataset_produces_2', 'dataset_consumes_1_never_scheduled', 'dataset_consumes_unknown_never_scheduled', 'dataset_consumes_1_and_2', 'dataset_produces_1', 'dataset_consumes_1' retrieved from /home/airflow/.local/lib/python3.8/site-packages/airflow/example_dags/example_datasets.py
[2024-02-18T13:27:58.287+0000] {logging_mixin.py:188} INFO - [2024-02-18T13:27:58.286+0000] {dag.py:3036} INFO - Sync 6 DAGs
[2024-02-18T13:27:58.337+0000] {logging_mixin.py:188} INFO - [2024-02-18T13:27:58.336+0000] {dag.py:3823} INFO - Setting next_dagrun for dataset_consumes_1 to None, run_after=None
[2024-02-18T13:27:58.348+0000] {logging_mixin.py:188} INFO - [2024-02-18T13:27:58.347+0000] {dag.py:3823} INFO - Setting next_dagrun for dataset_consumes_1_and_2 to None, run_after=None
[2024-02-18T13:27:58.355+0000] {logging_mixin.py:188} INFO - [2024-02-18T13:27:58.354+0000] {dag.py:3823} INFO - Setting next_dagrun for dataset_consumes_1_never_scheduled to None, run_after=None
[2024-02-18T13:27:58.359+0000] {logging_mixin.py:188} INFO - [2024-02-18T13:27:58.359+0000] {dag.py:3823} INFO - Setting next_dagrun for dataset_consumes_unknown_never_scheduled to None, run_after=None
[2024-02-18T13:27:58.367+0000] {logging_mixin.py:188} INFO - [2024-02-18T13:27:58.366+0000] {dag.py:3823} INFO - Setting next_dagrun for dataset_produces_1 to 2024-02-17 00:00:00+00:00, run_after=2024-02-18 00:00:00+00:00
[2024-02-18T13:27:58.370+0000] {logging_mixin.py:188} INFO - [2024-02-18T13:27:58.370+0000] {dag.py:3823} INFO - Setting next_dagrun for dataset_produces_2 to None, run_after=None
[2024-02-18T13:27:58.449+0000] {processor.py:183} INFO - Processing /home/airflow/.local/lib/python3.8/site-packages/airflow/example_dags/example_datasets.py took 0.289 seconds
