[2024-02-18T13:20:16.659+0000] {processor.py:161} INFO - Started process (PID=53) to work on /home/airflow/.local/lib/python3.8/site-packages/airflow/example_dags/example_bash_operator.py
[2024-02-18T13:20:16.663+0000] {processor.py:830} INFO - Processing file /home/airflow/.local/lib/python3.8/site-packages/airflow/example_dags/example_bash_operator.py for tasks to queue
[2024-02-18T13:20:16.676+0000] {logging_mixin.py:188} INFO - [2024-02-18T13:20:16.674+0000] {dagbag.py:538} INFO - Filling up the DagBag from /home/airflow/.local/lib/python3.8/site-packages/airflow/example_dags/example_bash_operator.py
[2024-02-18T13:20:16.711+0000] {processor.py:840} INFO - DAG(s) 'example_bash_operator' retrieved from /home/airflow/.local/lib/python3.8/site-packages/airflow/example_dags/example_bash_operator.py
[2024-02-18T13:20:16.810+0000] {logging_mixin.py:188} INFO - [2024-02-18T13:20:16.810+0000] {dag.py:3036} INFO - Sync 1 DAGs
[2024-02-18T13:20:16.909+0000] {logging_mixin.py:188} INFO - [2024-02-18T13:20:16.908+0000] {dag.py:3823} INFO - Setting next_dagrun for example_bash_operator to 2024-02-17 00:00:00+00:00, run_after=2024-02-18 00:00:00+00:00
[2024-02-18T13:20:16.957+0000] {processor.py:183} INFO - Processing /home/airflow/.local/lib/python3.8/site-packages/airflow/example_dags/example_bash_operator.py took 0.327 seconds
[2024-02-18T13:20:47.121+0000] {processor.py:161} INFO - Started process (PID=108) to work on /home/airflow/.local/lib/python3.8/site-packages/airflow/example_dags/example_bash_operator.py
[2024-02-18T13:20:47.123+0000] {processor.py:830} INFO - Processing file /home/airflow/.local/lib/python3.8/site-packages/airflow/example_dags/example_bash_operator.py for tasks to queue
[2024-02-18T13:20:47.127+0000] {logging_mixin.py:188} INFO - [2024-02-18T13:20:47.126+0000] {dagbag.py:538} INFO - Filling up the DagBag from /home/airflow/.local/lib/python3.8/site-packages/airflow/example_dags/example_bash_operator.py
[2024-02-18T13:20:47.147+0000] {processor.py:840} INFO - DAG(s) 'example_bash_operator' retrieved from /home/airflow/.local/lib/python3.8/site-packages/airflow/example_dags/example_bash_operator.py
[2024-02-18T13:20:47.197+0000] {logging_mixin.py:188} INFO - [2024-02-18T13:20:47.196+0000] {dag.py:3036} INFO - Sync 1 DAGs
[2024-02-18T13:20:47.258+0000] {logging_mixin.py:188} INFO - [2024-02-18T13:20:47.257+0000] {dag.py:3823} INFO - Setting next_dagrun for example_bash_operator to 2024-02-17 00:00:00+00:00, run_after=2024-02-18 00:00:00+00:00
[2024-02-18T13:20:47.288+0000] {processor.py:183} INFO - Processing /home/airflow/.local/lib/python3.8/site-packages/airflow/example_dags/example_bash_operator.py took 0.172 seconds
[2024-02-18T13:21:17.664+0000] {processor.py:161} INFO - Started process (PID=163) to work on /home/airflow/.local/lib/python3.8/site-packages/airflow/example_dags/example_bash_operator.py
[2024-02-18T13:21:17.666+0000] {processor.py:830} INFO - Processing file /home/airflow/.local/lib/python3.8/site-packages/airflow/example_dags/example_bash_operator.py for tasks to queue
[2024-02-18T13:21:17.670+0000] {logging_mixin.py:188} INFO - [2024-02-18T13:21:17.669+0000] {dagbag.py:538} INFO - Filling up the DagBag from /home/airflow/.local/lib/python3.8/site-packages/airflow/example_dags/example_bash_operator.py
[2024-02-18T13:21:17.690+0000] {processor.py:840} INFO - DAG(s) 'example_bash_operator' retrieved from /home/airflow/.local/lib/python3.8/site-packages/airflow/example_dags/example_bash_operator.py
[2024-02-18T13:21:17.745+0000] {logging_mixin.py:188} INFO - [2024-02-18T13:21:17.745+0000] {dag.py:3036} INFO - Sync 1 DAGs
[2024-02-18T13:21:17.787+0000] {logging_mixin.py:188} INFO - [2024-02-18T13:21:17.786+0000] {dag.py:3823} INFO - Setting next_dagrun for example_bash_operator to 2024-02-17 00:00:00+00:00, run_after=2024-02-18 00:00:00+00:00
[2024-02-18T13:21:17.821+0000] {processor.py:183} INFO - Processing /home/airflow/.local/lib/python3.8/site-packages/airflow/example_dags/example_bash_operator.py took 0.161 seconds
[2024-02-18T13:21:48.264+0000] {processor.py:161} INFO - Started process (PID=218) to work on /home/airflow/.local/lib/python3.8/site-packages/airflow/example_dags/example_bash_operator.py
[2024-02-18T13:21:48.266+0000] {processor.py:830} INFO - Processing file /home/airflow/.local/lib/python3.8/site-packages/airflow/example_dags/example_bash_operator.py for tasks to queue
[2024-02-18T13:21:48.271+0000] {logging_mixin.py:188} INFO - [2024-02-18T13:21:48.270+0000] {dagbag.py:538} INFO - Filling up the DagBag from /home/airflow/.local/lib/python3.8/site-packages/airflow/example_dags/example_bash_operator.py
[2024-02-18T13:21:48.295+0000] {processor.py:840} INFO - DAG(s) 'example_bash_operator' retrieved from /home/airflow/.local/lib/python3.8/site-packages/airflow/example_dags/example_bash_operator.py
[2024-02-18T13:21:48.368+0000] {logging_mixin.py:188} INFO - [2024-02-18T13:21:48.367+0000] {dag.py:3036} INFO - Sync 1 DAGs
[2024-02-18T13:21:48.421+0000] {logging_mixin.py:188} INFO - [2024-02-18T13:21:48.421+0000] {dag.py:3823} INFO - Setting next_dagrun for example_bash_operator to 2024-02-17 00:00:00+00:00, run_after=2024-02-18 00:00:00+00:00
[2024-02-18T13:21:48.463+0000] {processor.py:183} INFO - Processing /home/airflow/.local/lib/python3.8/site-packages/airflow/example_dags/example_bash_operator.py took 0.204 seconds
[2024-02-18T13:22:18.799+0000] {processor.py:161} INFO - Started process (PID=273) to work on /home/airflow/.local/lib/python3.8/site-packages/airflow/example_dags/example_bash_operator.py
[2024-02-18T13:22:18.801+0000] {processor.py:830} INFO - Processing file /home/airflow/.local/lib/python3.8/site-packages/airflow/example_dags/example_bash_operator.py for tasks to queue
[2024-02-18T13:22:18.804+0000] {logging_mixin.py:188} INFO - [2024-02-18T13:22:18.803+0000] {dagbag.py:538} INFO - Filling up the DagBag from /home/airflow/.local/lib/python3.8/site-packages/airflow/example_dags/example_bash_operator.py
[2024-02-18T13:22:18.824+0000] {processor.py:840} INFO - DAG(s) 'example_bash_operator' retrieved from /home/airflow/.local/lib/python3.8/site-packages/airflow/example_dags/example_bash_operator.py
[2024-02-18T13:22:18.874+0000] {logging_mixin.py:188} INFO - [2024-02-18T13:22:18.874+0000] {dag.py:3036} INFO - Sync 1 DAGs
[2024-02-18T13:22:18.914+0000] {logging_mixin.py:188} INFO - [2024-02-18T13:22:18.913+0000] {dag.py:3823} INFO - Setting next_dagrun for example_bash_operator to 2024-02-17 00:00:00+00:00, run_after=2024-02-18 00:00:00+00:00
[2024-02-18T13:22:18.947+0000] {processor.py:183} INFO - Processing /home/airflow/.local/lib/python3.8/site-packages/airflow/example_dags/example_bash_operator.py took 0.152 seconds
[2024-02-18T13:22:49.648+0000] {processor.py:161} INFO - Started process (PID=328) to work on /home/airflow/.local/lib/python3.8/site-packages/airflow/example_dags/example_bash_operator.py
[2024-02-18T13:22:49.652+0000] {processor.py:830} INFO - Processing file /home/airflow/.local/lib/python3.8/site-packages/airflow/example_dags/example_bash_operator.py for tasks to queue
[2024-02-18T13:22:49.661+0000] {logging_mixin.py:188} INFO - [2024-02-18T13:22:49.660+0000] {dagbag.py:538} INFO - Filling up the DagBag from /home/airflow/.local/lib/python3.8/site-packages/airflow/example_dags/example_bash_operator.py
[2024-02-18T13:22:49.692+0000] {processor.py:840} INFO - DAG(s) 'example_bash_operator' retrieved from /home/airflow/.local/lib/python3.8/site-packages/airflow/example_dags/example_bash_operator.py
[2024-02-18T13:22:49.775+0000] {logging_mixin.py:188} INFO - [2024-02-18T13:22:49.774+0000] {dag.py:3036} INFO - Sync 1 DAGs
[2024-02-18T13:22:49.820+0000] {logging_mixin.py:188} INFO - [2024-02-18T13:22:49.820+0000] {dag.py:3823} INFO - Setting next_dagrun for example_bash_operator to 2024-02-17 00:00:00+00:00, run_after=2024-02-18 00:00:00+00:00
[2024-02-18T13:22:49.855+0000] {processor.py:183} INFO - Processing /home/airflow/.local/lib/python3.8/site-packages/airflow/example_dags/example_bash_operator.py took 0.215 seconds
[2024-02-18T13:23:19.934+0000] {processor.py:161} INFO - Started process (PID=383) to work on /home/airflow/.local/lib/python3.8/site-packages/airflow/example_dags/example_bash_operator.py
[2024-02-18T13:23:19.936+0000] {processor.py:830} INFO - Processing file /home/airflow/.local/lib/python3.8/site-packages/airflow/example_dags/example_bash_operator.py for tasks to queue
[2024-02-18T13:23:19.939+0000] {logging_mixin.py:188} INFO - [2024-02-18T13:23:19.939+0000] {dagbag.py:538} INFO - Filling up the DagBag from /home/airflow/.local/lib/python3.8/site-packages/airflow/example_dags/example_bash_operator.py
[2024-02-18T13:23:19.957+0000] {processor.py:840} INFO - DAG(s) 'example_bash_operator' retrieved from /home/airflow/.local/lib/python3.8/site-packages/airflow/example_dags/example_bash_operator.py
[2024-02-18T13:23:20.009+0000] {logging_mixin.py:188} INFO - [2024-02-18T13:23:20.009+0000] {dag.py:3036} INFO - Sync 1 DAGs
[2024-02-18T13:23:20.049+0000] {logging_mixin.py:188} INFO - [2024-02-18T13:23:20.048+0000] {dag.py:3823} INFO - Setting next_dagrun for example_bash_operator to 2024-02-17 00:00:00+00:00, run_after=2024-02-18 00:00:00+00:00
[2024-02-18T13:23:20.080+0000] {processor.py:183} INFO - Processing /home/airflow/.local/lib/python3.8/site-packages/airflow/example_dags/example_bash_operator.py took 0.150 seconds
[2024-02-18T13:23:50.206+0000] {processor.py:161} INFO - Started process (PID=438) to work on /home/airflow/.local/lib/python3.8/site-packages/airflow/example_dags/example_bash_operator.py
[2024-02-18T13:23:50.209+0000] {processor.py:830} INFO - Processing file /home/airflow/.local/lib/python3.8/site-packages/airflow/example_dags/example_bash_operator.py for tasks to queue
[2024-02-18T13:23:50.214+0000] {logging_mixin.py:188} INFO - [2024-02-18T13:23:50.213+0000] {dagbag.py:538} INFO - Filling up the DagBag from /home/airflow/.local/lib/python3.8/site-packages/airflow/example_dags/example_bash_operator.py
[2024-02-18T13:23:50.250+0000] {processor.py:840} INFO - DAG(s) 'example_bash_operator' retrieved from /home/airflow/.local/lib/python3.8/site-packages/airflow/example_dags/example_bash_operator.py
[2024-02-18T13:23:50.304+0000] {logging_mixin.py:188} INFO - [2024-02-18T13:23:50.304+0000] {dag.py:3036} INFO - Sync 1 DAGs
[2024-02-18T13:23:50.338+0000] {logging_mixin.py:188} INFO - [2024-02-18T13:23:50.338+0000] {dag.py:3823} INFO - Setting next_dagrun for example_bash_operator to 2024-02-17 00:00:00+00:00, run_after=2024-02-18 00:00:00+00:00
[2024-02-18T13:23:50.368+0000] {processor.py:183} INFO - Processing /home/airflow/.local/lib/python3.8/site-packages/airflow/example_dags/example_bash_operator.py took 0.170 seconds
[2024-02-18T13:24:20.626+0000] {processor.py:161} INFO - Started process (PID=493) to work on /home/airflow/.local/lib/python3.8/site-packages/airflow/example_dags/example_bash_operator.py
[2024-02-18T13:24:20.627+0000] {processor.py:830} INFO - Processing file /home/airflow/.local/lib/python3.8/site-packages/airflow/example_dags/example_bash_operator.py for tasks to queue
[2024-02-18T13:24:20.631+0000] {logging_mixin.py:188} INFO - [2024-02-18T13:24:20.630+0000] {dagbag.py:538} INFO - Filling up the DagBag from /home/airflow/.local/lib/python3.8/site-packages/airflow/example_dags/example_bash_operator.py
[2024-02-18T13:24:20.651+0000] {processor.py:840} INFO - DAG(s) 'example_bash_operator' retrieved from /home/airflow/.local/lib/python3.8/site-packages/airflow/example_dags/example_bash_operator.py
[2024-02-18T13:24:20.702+0000] {logging_mixin.py:188} INFO - [2024-02-18T13:24:20.701+0000] {dag.py:3036} INFO - Sync 1 DAGs
[2024-02-18T13:24:20.740+0000] {logging_mixin.py:188} INFO - [2024-02-18T13:24:20.740+0000] {dag.py:3823} INFO - Setting next_dagrun for example_bash_operator to 2024-02-17 00:00:00+00:00, run_after=2024-02-18 00:00:00+00:00
[2024-02-18T13:24:20.774+0000] {processor.py:183} INFO - Processing /home/airflow/.local/lib/python3.8/site-packages/airflow/example_dags/example_bash_operator.py took 0.153 seconds
[2024-02-18T13:24:51.121+0000] {processor.py:161} INFO - Started process (PID=548) to work on /home/airflow/.local/lib/python3.8/site-packages/airflow/example_dags/example_bash_operator.py
[2024-02-18T13:24:51.123+0000] {processor.py:830} INFO - Processing file /home/airflow/.local/lib/python3.8/site-packages/airflow/example_dags/example_bash_operator.py for tasks to queue
[2024-02-18T13:24:51.129+0000] {logging_mixin.py:188} INFO - [2024-02-18T13:24:51.129+0000] {dagbag.py:538} INFO - Filling up the DagBag from /home/airflow/.local/lib/python3.8/site-packages/airflow/example_dags/example_bash_operator.py
[2024-02-18T13:24:51.152+0000] {processor.py:840} INFO - DAG(s) 'example_bash_operator' retrieved from /home/airflow/.local/lib/python3.8/site-packages/airflow/example_dags/example_bash_operator.py
[2024-02-18T13:24:51.214+0000] {logging_mixin.py:188} INFO - [2024-02-18T13:24:51.214+0000] {dag.py:3036} INFO - Sync 1 DAGs
[2024-02-18T13:24:51.260+0000] {logging_mixin.py:188} INFO - [2024-02-18T13:24:51.260+0000] {dag.py:3823} INFO - Setting next_dagrun for example_bash_operator to 2024-02-17 00:00:00+00:00, run_after=2024-02-18 00:00:00+00:00
[2024-02-18T13:24:51.299+0000] {processor.py:183} INFO - Processing /home/airflow/.local/lib/python3.8/site-packages/airflow/example_dags/example_bash_operator.py took 0.183 seconds
[2024-02-18T13:25:21.505+0000] {processor.py:161} INFO - Started process (PID=603) to work on /home/airflow/.local/lib/python3.8/site-packages/airflow/example_dags/example_bash_operator.py
[2024-02-18T13:25:21.507+0000] {processor.py:830} INFO - Processing file /home/airflow/.local/lib/python3.8/site-packages/airflow/example_dags/example_bash_operator.py for tasks to queue
[2024-02-18T13:25:21.510+0000] {logging_mixin.py:188} INFO - [2024-02-18T13:25:21.510+0000] {dagbag.py:538} INFO - Filling up the DagBag from /home/airflow/.local/lib/python3.8/site-packages/airflow/example_dags/example_bash_operator.py
[2024-02-18T13:25:21.531+0000] {processor.py:840} INFO - DAG(s) 'example_bash_operator' retrieved from /home/airflow/.local/lib/python3.8/site-packages/airflow/example_dags/example_bash_operator.py
[2024-02-18T13:25:21.594+0000] {logging_mixin.py:188} INFO - [2024-02-18T13:25:21.593+0000] {dag.py:3036} INFO - Sync 1 DAGs
[2024-02-18T13:25:21.640+0000] {logging_mixin.py:188} INFO - [2024-02-18T13:25:21.640+0000] {dag.py:3823} INFO - Setting next_dagrun for example_bash_operator to 2024-02-17 00:00:00+00:00, run_after=2024-02-18 00:00:00+00:00
[2024-02-18T13:25:21.682+0000] {processor.py:183} INFO - Processing /home/airflow/.local/lib/python3.8/site-packages/airflow/example_dags/example_bash_operator.py took 0.183 seconds
[2024-02-18T13:25:51.859+0000] {processor.py:161} INFO - Started process (PID=658) to work on /home/airflow/.local/lib/python3.8/site-packages/airflow/example_dags/example_bash_operator.py
[2024-02-18T13:25:51.861+0000] {processor.py:830} INFO - Processing file /home/airflow/.local/lib/python3.8/site-packages/airflow/example_dags/example_bash_operator.py for tasks to queue
[2024-02-18T13:25:51.864+0000] {logging_mixin.py:188} INFO - [2024-02-18T13:25:51.864+0000] {dagbag.py:538} INFO - Filling up the DagBag from /home/airflow/.local/lib/python3.8/site-packages/airflow/example_dags/example_bash_operator.py
[2024-02-18T13:25:51.882+0000] {processor.py:840} INFO - DAG(s) 'example_bash_operator' retrieved from /home/airflow/.local/lib/python3.8/site-packages/airflow/example_dags/example_bash_operator.py
[2024-02-18T13:25:51.939+0000] {logging_mixin.py:188} INFO - [2024-02-18T13:25:51.938+0000] {dag.py:3036} INFO - Sync 1 DAGs
[2024-02-18T13:25:51.979+0000] {logging_mixin.py:188} INFO - [2024-02-18T13:25:51.978+0000] {dag.py:3823} INFO - Setting next_dagrun for example_bash_operator to 2024-02-17 00:00:00+00:00, run_after=2024-02-18 00:00:00+00:00
[2024-02-18T13:25:52.011+0000] {processor.py:183} INFO - Processing /home/airflow/.local/lib/python3.8/site-packages/airflow/example_dags/example_bash_operator.py took 0.157 seconds
[2024-02-18T13:26:22.115+0000] {processor.py:161} INFO - Started process (PID=713) to work on /home/airflow/.local/lib/python3.8/site-packages/airflow/example_dags/example_bash_operator.py
[2024-02-18T13:26:22.116+0000] {processor.py:830} INFO - Processing file /home/airflow/.local/lib/python3.8/site-packages/airflow/example_dags/example_bash_operator.py for tasks to queue
[2024-02-18T13:26:22.120+0000] {logging_mixin.py:188} INFO - [2024-02-18T13:26:22.119+0000] {dagbag.py:538} INFO - Filling up the DagBag from /home/airflow/.local/lib/python3.8/site-packages/airflow/example_dags/example_bash_operator.py
[2024-02-18T13:26:22.135+0000] {processor.py:840} INFO - DAG(s) 'example_bash_operator' retrieved from /home/airflow/.local/lib/python3.8/site-packages/airflow/example_dags/example_bash_operator.py
[2024-02-18T13:26:22.178+0000] {logging_mixin.py:188} INFO - [2024-02-18T13:26:22.177+0000] {dag.py:3036} INFO - Sync 1 DAGs
[2024-02-18T13:26:22.223+0000] {logging_mixin.py:188} INFO - [2024-02-18T13:26:22.223+0000] {dag.py:3823} INFO - Setting next_dagrun for example_bash_operator to 2024-02-17 00:00:00+00:00, run_after=2024-02-18 00:00:00+00:00
[2024-02-18T13:26:22.263+0000] {processor.py:183} INFO - Processing /home/airflow/.local/lib/python3.8/site-packages/airflow/example_dags/example_bash_operator.py took 0.152 seconds
[2024-02-18T13:26:53.013+0000] {processor.py:161} INFO - Started process (PID=768) to work on /home/airflow/.local/lib/python3.8/site-packages/airflow/example_dags/example_bash_operator.py
[2024-02-18T13:26:53.016+0000] {processor.py:830} INFO - Processing file /home/airflow/.local/lib/python3.8/site-packages/airflow/example_dags/example_bash_operator.py for tasks to queue
[2024-02-18T13:26:53.021+0000] {logging_mixin.py:188} INFO - [2024-02-18T13:26:53.021+0000] {dagbag.py:538} INFO - Filling up the DagBag from /home/airflow/.local/lib/python3.8/site-packages/airflow/example_dags/example_bash_operator.py
[2024-02-18T13:26:53.050+0000] {processor.py:840} INFO - DAG(s) 'example_bash_operator' retrieved from /home/airflow/.local/lib/python3.8/site-packages/airflow/example_dags/example_bash_operator.py
[2024-02-18T13:26:53.125+0000] {logging_mixin.py:188} INFO - [2024-02-18T13:26:53.124+0000] {dag.py:3036} INFO - Sync 1 DAGs
[2024-02-18T13:26:53.172+0000] {logging_mixin.py:188} INFO - [2024-02-18T13:26:53.171+0000] {dag.py:3823} INFO - Setting next_dagrun for example_bash_operator to 2024-02-17 00:00:00+00:00, run_after=2024-02-18 00:00:00+00:00
[2024-02-18T13:26:53.204+0000] {processor.py:183} INFO - Processing /home/airflow/.local/lib/python3.8/site-packages/airflow/example_dags/example_bash_operator.py took 0.197 seconds
[2024-02-18T13:27:24.093+0000] {processor.py:161} INFO - Started process (PID=823) to work on /home/airflow/.local/lib/python3.8/site-packages/airflow/example_dags/example_bash_operator.py
[2024-02-18T13:27:24.096+0000] {processor.py:830} INFO - Processing file /home/airflow/.local/lib/python3.8/site-packages/airflow/example_dags/example_bash_operator.py for tasks to queue
[2024-02-18T13:27:24.103+0000] {logging_mixin.py:188} INFO - [2024-02-18T13:27:24.102+0000] {dagbag.py:538} INFO - Filling up the DagBag from /home/airflow/.local/lib/python3.8/site-packages/airflow/example_dags/example_bash_operator.py
[2024-02-18T13:27:24.133+0000] {processor.py:840} INFO - DAG(s) 'example_bash_operator' retrieved from /home/airflow/.local/lib/python3.8/site-packages/airflow/example_dags/example_bash_operator.py
[2024-02-18T13:27:24.185+0000] {logging_mixin.py:188} INFO - [2024-02-18T13:27:24.184+0000] {dag.py:3036} INFO - Sync 1 DAGs
[2024-02-18T13:27:24.222+0000] {logging_mixin.py:188} INFO - [2024-02-18T13:27:24.221+0000] {dag.py:3823} INFO - Setting next_dagrun for example_bash_operator to 2024-02-17 00:00:00+00:00, run_after=2024-02-18 00:00:00+00:00
[2024-02-18T13:27:24.252+0000] {processor.py:183} INFO - Processing /home/airflow/.local/lib/python3.8/site-packages/airflow/example_dags/example_bash_operator.py took 0.167 seconds
[2024-02-18T13:27:54.568+0000] {processor.py:161} INFO - Started process (PID=878) to work on /home/airflow/.local/lib/python3.8/site-packages/airflow/example_dags/example_bash_operator.py
[2024-02-18T13:27:54.570+0000] {processor.py:830} INFO - Processing file /home/airflow/.local/lib/python3.8/site-packages/airflow/example_dags/example_bash_operator.py for tasks to queue
[2024-02-18T13:27:54.573+0000] {logging_mixin.py:188} INFO - [2024-02-18T13:27:54.572+0000] {dagbag.py:538} INFO - Filling up the DagBag from /home/airflow/.local/lib/python3.8/site-packages/airflow/example_dags/example_bash_operator.py
[2024-02-18T13:27:54.592+0000] {processor.py:840} INFO - DAG(s) 'example_bash_operator' retrieved from /home/airflow/.local/lib/python3.8/site-packages/airflow/example_dags/example_bash_operator.py
[2024-02-18T13:27:54.649+0000] {logging_mixin.py:188} INFO - [2024-02-18T13:27:54.648+0000] {dag.py:3036} INFO - Sync 1 DAGs
[2024-02-18T13:27:54.679+0000] {logging_mixin.py:188} INFO - [2024-02-18T13:27:54.679+0000] {dag.py:3823} INFO - Setting next_dagrun for example_bash_operator to 2024-02-17 00:00:00+00:00, run_after=2024-02-18 00:00:00+00:00
[2024-02-18T13:27:54.710+0000] {processor.py:183} INFO - Processing /home/airflow/.local/lib/python3.8/site-packages/airflow/example_dags/example_bash_operator.py took 0.146 seconds
