[2024-02-18T13:20:20.561+0000] {processor.py:161} INFO - Started process (PID=78) to work on /home/airflow/.local/lib/python3.8/site-packages/airflow/example_dags/example_nested_branch_dag.py
[2024-02-18T13:20:20.563+0000] {processor.py:830} INFO - Processing file /home/airflow/.local/lib/python3.8/site-packages/airflow/example_dags/example_nested_branch_dag.py for tasks to queue
[2024-02-18T13:20:20.568+0000] {logging_mixin.py:188} INFO - [2024-02-18T13:20:20.567+0000] {dagbag.py:538} INFO - Filling up the DagBag from /home/airflow/.local/lib/python3.8/site-packages/airflow/example_dags/example_nested_branch_dag.py
[2024-02-18T13:20:20.589+0000] {processor.py:840} INFO - DAG(s) 'example_nested_branch_dag' retrieved from /home/airflow/.local/lib/python3.8/site-packages/airflow/example_dags/example_nested_branch_dag.py
[2024-02-18T13:20:20.634+0000] {logging_mixin.py:188} INFO - [2024-02-18T13:20:20.634+0000] {dag.py:3036} INFO - Sync 1 DAGs
[2024-02-18T13:20:20.676+0000] {logging_mixin.py:188} INFO - [2024-02-18T13:20:20.675+0000] {dag.py:3823} INFO - Setting next_dagrun for example_nested_branch_dag to 2024-02-17 00:00:00+00:00, run_after=2024-02-18 00:00:00+00:00
[2024-02-18T13:20:20.714+0000] {processor.py:183} INFO - Processing /home/airflow/.local/lib/python3.8/site-packages/airflow/example_dags/example_nested_branch_dag.py took 0.159 seconds
[2024-02-18T13:20:51.273+0000] {processor.py:161} INFO - Started process (PID=133) to work on /home/airflow/.local/lib/python3.8/site-packages/airflow/example_dags/example_nested_branch_dag.py
[2024-02-18T13:20:51.275+0000] {processor.py:830} INFO - Processing file /home/airflow/.local/lib/python3.8/site-packages/airflow/example_dags/example_nested_branch_dag.py for tasks to queue
[2024-02-18T13:20:51.280+0000] {logging_mixin.py:188} INFO - [2024-02-18T13:20:51.279+0000] {dagbag.py:538} INFO - Filling up the DagBag from /home/airflow/.local/lib/python3.8/site-packages/airflow/example_dags/example_nested_branch_dag.py
[2024-02-18T13:20:51.299+0000] {processor.py:840} INFO - DAG(s) 'example_nested_branch_dag' retrieved from /home/airflow/.local/lib/python3.8/site-packages/airflow/example_dags/example_nested_branch_dag.py
[2024-02-18T13:20:51.344+0000] {logging_mixin.py:188} INFO - [2024-02-18T13:20:51.343+0000] {dag.py:3036} INFO - Sync 1 DAGs
[2024-02-18T13:20:51.389+0000] {logging_mixin.py:188} INFO - [2024-02-18T13:20:51.388+0000] {dag.py:3823} INFO - Setting next_dagrun for example_nested_branch_dag to 2024-02-17 00:00:00+00:00, run_after=2024-02-18 00:00:00+00:00
[2024-02-18T13:20:51.429+0000] {processor.py:183} INFO - Processing /home/airflow/.local/lib/python3.8/site-packages/airflow/example_dags/example_nested_branch_dag.py took 0.162 seconds
[2024-02-18T13:21:22.028+0000] {processor.py:161} INFO - Started process (PID=188) to work on /home/airflow/.local/lib/python3.8/site-packages/airflow/example_dags/example_nested_branch_dag.py
[2024-02-18T13:21:22.030+0000] {processor.py:830} INFO - Processing file /home/airflow/.local/lib/python3.8/site-packages/airflow/example_dags/example_nested_branch_dag.py for tasks to queue
[2024-02-18T13:21:22.035+0000] {logging_mixin.py:188} INFO - [2024-02-18T13:21:22.034+0000] {dagbag.py:538} INFO - Filling up the DagBag from /home/airflow/.local/lib/python3.8/site-packages/airflow/example_dags/example_nested_branch_dag.py
[2024-02-18T13:21:22.051+0000] {processor.py:840} INFO - DAG(s) 'example_nested_branch_dag' retrieved from /home/airflow/.local/lib/python3.8/site-packages/airflow/example_dags/example_nested_branch_dag.py
[2024-02-18T13:21:22.088+0000] {logging_mixin.py:188} INFO - [2024-02-18T13:21:22.088+0000] {dag.py:3036} INFO - Sync 1 DAGs
[2024-02-18T13:21:22.124+0000] {logging_mixin.py:188} INFO - [2024-02-18T13:21:22.123+0000] {dag.py:3823} INFO - Setting next_dagrun for example_nested_branch_dag to 2024-02-17 00:00:00+00:00, run_after=2024-02-18 00:00:00+00:00
[2024-02-18T13:21:22.156+0000] {processor.py:183} INFO - Processing /home/airflow/.local/lib/python3.8/site-packages/airflow/example_dags/example_nested_branch_dag.py took 0.133 seconds
[2024-02-18T13:21:52.818+0000] {processor.py:161} INFO - Started process (PID=243) to work on /home/airflow/.local/lib/python3.8/site-packages/airflow/example_dags/example_nested_branch_dag.py
[2024-02-18T13:21:52.820+0000] {processor.py:830} INFO - Processing file /home/airflow/.local/lib/python3.8/site-packages/airflow/example_dags/example_nested_branch_dag.py for tasks to queue
[2024-02-18T13:21:52.827+0000] {logging_mixin.py:188} INFO - [2024-02-18T13:21:52.826+0000] {dagbag.py:538} INFO - Filling up the DagBag from /home/airflow/.local/lib/python3.8/site-packages/airflow/example_dags/example_nested_branch_dag.py
[2024-02-18T13:21:52.846+0000] {processor.py:840} INFO - DAG(s) 'example_nested_branch_dag' retrieved from /home/airflow/.local/lib/python3.8/site-packages/airflow/example_dags/example_nested_branch_dag.py
[2024-02-18T13:21:52.887+0000] {logging_mixin.py:188} INFO - [2024-02-18T13:21:52.887+0000] {dag.py:3036} INFO - Sync 1 DAGs
[2024-02-18T13:21:52.937+0000] {logging_mixin.py:188} INFO - [2024-02-18T13:21:52.936+0000] {dag.py:3823} INFO - Setting next_dagrun for example_nested_branch_dag to 2024-02-17 00:00:00+00:00, run_after=2024-02-18 00:00:00+00:00
[2024-02-18T13:21:52.987+0000] {processor.py:183} INFO - Processing /home/airflow/.local/lib/python3.8/site-packages/airflow/example_dags/example_nested_branch_dag.py took 0.176 seconds
[2024-02-18T13:22:23.114+0000] {processor.py:161} INFO - Started process (PID=298) to work on /home/airflow/.local/lib/python3.8/site-packages/airflow/example_dags/example_nested_branch_dag.py
[2024-02-18T13:22:23.116+0000] {processor.py:830} INFO - Processing file /home/airflow/.local/lib/python3.8/site-packages/airflow/example_dags/example_nested_branch_dag.py for tasks to queue
[2024-02-18T13:22:23.119+0000] {logging_mixin.py:188} INFO - [2024-02-18T13:22:23.119+0000] {dagbag.py:538} INFO - Filling up the DagBag from /home/airflow/.local/lib/python3.8/site-packages/airflow/example_dags/example_nested_branch_dag.py
[2024-02-18T13:22:23.140+0000] {processor.py:840} INFO - DAG(s) 'example_nested_branch_dag' retrieved from /home/airflow/.local/lib/python3.8/site-packages/airflow/example_dags/example_nested_branch_dag.py
[2024-02-18T13:22:23.177+0000] {logging_mixin.py:188} INFO - [2024-02-18T13:22:23.177+0000] {dag.py:3036} INFO - Sync 1 DAGs
[2024-02-18T13:22:23.216+0000] {logging_mixin.py:188} INFO - [2024-02-18T13:22:23.215+0000] {dag.py:3823} INFO - Setting next_dagrun for example_nested_branch_dag to 2024-02-17 00:00:00+00:00, run_after=2024-02-18 00:00:00+00:00
[2024-02-18T13:22:23.251+0000] {processor.py:183} INFO - Processing /home/airflow/.local/lib/python3.8/site-packages/airflow/example_dags/example_nested_branch_dag.py took 0.142 seconds
[2024-02-18T13:22:53.866+0000] {processor.py:161} INFO - Started process (PID=353) to work on /home/airflow/.local/lib/python3.8/site-packages/airflow/example_dags/example_nested_branch_dag.py
[2024-02-18T13:22:53.868+0000] {processor.py:830} INFO - Processing file /home/airflow/.local/lib/python3.8/site-packages/airflow/example_dags/example_nested_branch_dag.py for tasks to queue
[2024-02-18T13:22:53.872+0000] {logging_mixin.py:188} INFO - [2024-02-18T13:22:53.872+0000] {dagbag.py:538} INFO - Filling up the DagBag from /home/airflow/.local/lib/python3.8/site-packages/airflow/example_dags/example_nested_branch_dag.py
[2024-02-18T13:22:53.895+0000] {processor.py:840} INFO - DAG(s) 'example_nested_branch_dag' retrieved from /home/airflow/.local/lib/python3.8/site-packages/airflow/example_dags/example_nested_branch_dag.py
[2024-02-18T13:22:53.939+0000] {logging_mixin.py:188} INFO - [2024-02-18T13:22:53.939+0000] {dag.py:3036} INFO - Sync 1 DAGs
[2024-02-18T13:22:53.978+0000] {logging_mixin.py:188} INFO - [2024-02-18T13:22:53.977+0000] {dag.py:3823} INFO - Setting next_dagrun for example_nested_branch_dag to 2024-02-17 00:00:00+00:00, run_after=2024-02-18 00:00:00+00:00
[2024-02-18T13:22:54.020+0000] {processor.py:183} INFO - Processing /home/airflow/.local/lib/python3.8/site-packages/airflow/example_dags/example_nested_branch_dag.py took 0.160 seconds
[2024-02-18T13:23:24.342+0000] {processor.py:161} INFO - Started process (PID=408) to work on /home/airflow/.local/lib/python3.8/site-packages/airflow/example_dags/example_nested_branch_dag.py
[2024-02-18T13:23:24.344+0000] {processor.py:830} INFO - Processing file /home/airflow/.local/lib/python3.8/site-packages/airflow/example_dags/example_nested_branch_dag.py for tasks to queue
[2024-02-18T13:23:24.348+0000] {logging_mixin.py:188} INFO - [2024-02-18T13:23:24.347+0000] {dagbag.py:538} INFO - Filling up the DagBag from /home/airflow/.local/lib/python3.8/site-packages/airflow/example_dags/example_nested_branch_dag.py
[2024-02-18T13:23:24.371+0000] {processor.py:840} INFO - DAG(s) 'example_nested_branch_dag' retrieved from /home/airflow/.local/lib/python3.8/site-packages/airflow/example_dags/example_nested_branch_dag.py
[2024-02-18T13:23:24.411+0000] {logging_mixin.py:188} INFO - [2024-02-18T13:23:24.410+0000] {dag.py:3036} INFO - Sync 1 DAGs
[2024-02-18T13:23:24.450+0000] {logging_mixin.py:188} INFO - [2024-02-18T13:23:24.450+0000] {dag.py:3823} INFO - Setting next_dagrun for example_nested_branch_dag to 2024-02-17 00:00:00+00:00, run_after=2024-02-18 00:00:00+00:00
[2024-02-18T13:23:24.485+0000] {processor.py:183} INFO - Processing /home/airflow/.local/lib/python3.8/site-packages/airflow/example_dags/example_nested_branch_dag.py took 0.148 seconds
[2024-02-18T13:23:54.558+0000] {processor.py:161} INFO - Started process (PID=463) to work on /home/airflow/.local/lib/python3.8/site-packages/airflow/example_dags/example_nested_branch_dag.py
[2024-02-18T13:23:54.559+0000] {processor.py:830} INFO - Processing file /home/airflow/.local/lib/python3.8/site-packages/airflow/example_dags/example_nested_branch_dag.py for tasks to queue
[2024-02-18T13:23:54.563+0000] {logging_mixin.py:188} INFO - [2024-02-18T13:23:54.562+0000] {dagbag.py:538} INFO - Filling up the DagBag from /home/airflow/.local/lib/python3.8/site-packages/airflow/example_dags/example_nested_branch_dag.py
[2024-02-18T13:23:54.578+0000] {processor.py:840} INFO - DAG(s) 'example_nested_branch_dag' retrieved from /home/airflow/.local/lib/python3.8/site-packages/airflow/example_dags/example_nested_branch_dag.py
[2024-02-18T13:23:54.618+0000] {logging_mixin.py:188} INFO - [2024-02-18T13:23:54.617+0000] {dag.py:3036} INFO - Sync 1 DAGs
[2024-02-18T13:23:54.651+0000] {logging_mixin.py:188} INFO - [2024-02-18T13:23:54.651+0000] {dag.py:3823} INFO - Setting next_dagrun for example_nested_branch_dag to 2024-02-17 00:00:00+00:00, run_after=2024-02-18 00:00:00+00:00
[2024-02-18T13:23:54.679+0000] {processor.py:183} INFO - Processing /home/airflow/.local/lib/python3.8/site-packages/airflow/example_dags/example_nested_branch_dag.py took 0.126 seconds
[2024-02-18T13:24:24.864+0000] {processor.py:161} INFO - Started process (PID=518) to work on /home/airflow/.local/lib/python3.8/site-packages/airflow/example_dags/example_nested_branch_dag.py
[2024-02-18T13:24:24.865+0000] {processor.py:830} INFO - Processing file /home/airflow/.local/lib/python3.8/site-packages/airflow/example_dags/example_nested_branch_dag.py for tasks to queue
[2024-02-18T13:24:24.868+0000] {logging_mixin.py:188} INFO - [2024-02-18T13:24:24.868+0000] {dagbag.py:538} INFO - Filling up the DagBag from /home/airflow/.local/lib/python3.8/site-packages/airflow/example_dags/example_nested_branch_dag.py
[2024-02-18T13:24:24.885+0000] {processor.py:840} INFO - DAG(s) 'example_nested_branch_dag' retrieved from /home/airflow/.local/lib/python3.8/site-packages/airflow/example_dags/example_nested_branch_dag.py
[2024-02-18T13:24:24.924+0000] {logging_mixin.py:188} INFO - [2024-02-18T13:24:24.923+0000] {dag.py:3036} INFO - Sync 1 DAGs
[2024-02-18T13:24:24.962+0000] {logging_mixin.py:188} INFO - [2024-02-18T13:24:24.962+0000] {dag.py:3823} INFO - Setting next_dagrun for example_nested_branch_dag to 2024-02-17 00:00:00+00:00, run_after=2024-02-18 00:00:00+00:00
[2024-02-18T13:24:24.996+0000] {processor.py:183} INFO - Processing /home/airflow/.local/lib/python3.8/site-packages/airflow/example_dags/example_nested_branch_dag.py took 0.137 seconds
[2024-02-18T13:24:55.657+0000] {processor.py:161} INFO - Started process (PID=573) to work on /home/airflow/.local/lib/python3.8/site-packages/airflow/example_dags/example_nested_branch_dag.py
[2024-02-18T13:24:55.659+0000] {processor.py:830} INFO - Processing file /home/airflow/.local/lib/python3.8/site-packages/airflow/example_dags/example_nested_branch_dag.py for tasks to queue
[2024-02-18T13:24:55.662+0000] {logging_mixin.py:188} INFO - [2024-02-18T13:24:55.661+0000] {dagbag.py:538} INFO - Filling up the DagBag from /home/airflow/.local/lib/python3.8/site-packages/airflow/example_dags/example_nested_branch_dag.py
[2024-02-18T13:24:55.677+0000] {processor.py:840} INFO - DAG(s) 'example_nested_branch_dag' retrieved from /home/airflow/.local/lib/python3.8/site-packages/airflow/example_dags/example_nested_branch_dag.py
[2024-02-18T13:24:55.714+0000] {logging_mixin.py:188} INFO - [2024-02-18T13:24:55.714+0000] {dag.py:3036} INFO - Sync 1 DAGs
[2024-02-18T13:24:55.753+0000] {logging_mixin.py:188} INFO - [2024-02-18T13:24:55.753+0000] {dag.py:3823} INFO - Setting next_dagrun for example_nested_branch_dag to 2024-02-17 00:00:00+00:00, run_after=2024-02-18 00:00:00+00:00
[2024-02-18T13:24:55.786+0000] {processor.py:183} INFO - Processing /home/airflow/.local/lib/python3.8/site-packages/airflow/example_dags/example_nested_branch_dag.py took 0.134 seconds
[2024-02-18T13:25:26.404+0000] {processor.py:161} INFO - Started process (PID=628) to work on /home/airflow/.local/lib/python3.8/site-packages/airflow/example_dags/example_nested_branch_dag.py
[2024-02-18T13:25:26.406+0000] {processor.py:830} INFO - Processing file /home/airflow/.local/lib/python3.8/site-packages/airflow/example_dags/example_nested_branch_dag.py for tasks to queue
[2024-02-18T13:25:26.411+0000] {logging_mixin.py:188} INFO - [2024-02-18T13:25:26.410+0000] {dagbag.py:538} INFO - Filling up the DagBag from /home/airflow/.local/lib/python3.8/site-packages/airflow/example_dags/example_nested_branch_dag.py
[2024-02-18T13:25:26.439+0000] {processor.py:840} INFO - DAG(s) 'example_nested_branch_dag' retrieved from /home/airflow/.local/lib/python3.8/site-packages/airflow/example_dags/example_nested_branch_dag.py
[2024-02-18T13:25:26.495+0000] {logging_mixin.py:188} INFO - [2024-02-18T13:25:26.495+0000] {dag.py:3036} INFO - Sync 1 DAGs
[2024-02-18T13:25:26.555+0000] {logging_mixin.py:188} INFO - [2024-02-18T13:25:26.554+0000] {dag.py:3823} INFO - Setting next_dagrun for example_nested_branch_dag to 2024-02-17 00:00:00+00:00, run_after=2024-02-18 00:00:00+00:00
[2024-02-18T13:25:26.606+0000] {processor.py:183} INFO - Processing /home/airflow/.local/lib/python3.8/site-packages/airflow/example_dags/example_nested_branch_dag.py took 0.208 seconds
[2024-02-18T13:25:57.074+0000] {processor.py:161} INFO - Started process (PID=683) to work on /home/airflow/.local/lib/python3.8/site-packages/airflow/example_dags/example_nested_branch_dag.py
[2024-02-18T13:25:57.076+0000] {processor.py:830} INFO - Processing file /home/airflow/.local/lib/python3.8/site-packages/airflow/example_dags/example_nested_branch_dag.py for tasks to queue
[2024-02-18T13:25:57.080+0000] {logging_mixin.py:188} INFO - [2024-02-18T13:25:57.079+0000] {dagbag.py:538} INFO - Filling up the DagBag from /home/airflow/.local/lib/python3.8/site-packages/airflow/example_dags/example_nested_branch_dag.py
[2024-02-18T13:25:57.096+0000] {processor.py:840} INFO - DAG(s) 'example_nested_branch_dag' retrieved from /home/airflow/.local/lib/python3.8/site-packages/airflow/example_dags/example_nested_branch_dag.py
[2024-02-18T13:25:57.140+0000] {logging_mixin.py:188} INFO - [2024-02-18T13:25:57.139+0000] {dag.py:3036} INFO - Sync 1 DAGs
[2024-02-18T13:25:57.188+0000] {logging_mixin.py:188} INFO - [2024-02-18T13:25:57.187+0000] {dag.py:3823} INFO - Setting next_dagrun for example_nested_branch_dag to 2024-02-17 00:00:00+00:00, run_after=2024-02-18 00:00:00+00:00
[2024-02-18T13:25:57.237+0000] {processor.py:183} INFO - Processing /home/airflow/.local/lib/python3.8/site-packages/airflow/example_dags/example_nested_branch_dag.py took 0.168 seconds
[2024-02-18T13:26:27.821+0000] {processor.py:161} INFO - Started process (PID=738) to work on /home/airflow/.local/lib/python3.8/site-packages/airflow/example_dags/example_nested_branch_dag.py
[2024-02-18T13:26:27.823+0000] {processor.py:830} INFO - Processing file /home/airflow/.local/lib/python3.8/site-packages/airflow/example_dags/example_nested_branch_dag.py for tasks to queue
[2024-02-18T13:26:27.827+0000] {logging_mixin.py:188} INFO - [2024-02-18T13:26:27.826+0000] {dagbag.py:538} INFO - Filling up the DagBag from /home/airflow/.local/lib/python3.8/site-packages/airflow/example_dags/example_nested_branch_dag.py
[2024-02-18T13:26:27.848+0000] {processor.py:840} INFO - DAG(s) 'example_nested_branch_dag' retrieved from /home/airflow/.local/lib/python3.8/site-packages/airflow/example_dags/example_nested_branch_dag.py
[2024-02-18T13:26:27.906+0000] {logging_mixin.py:188} INFO - [2024-02-18T13:26:27.906+0000] {dag.py:3036} INFO - Sync 1 DAGs
[2024-02-18T13:26:27.961+0000] {logging_mixin.py:188} INFO - [2024-02-18T13:26:27.960+0000] {dag.py:3823} INFO - Setting next_dagrun for example_nested_branch_dag to 2024-02-17 00:00:00+00:00, run_after=2024-02-18 00:00:00+00:00
[2024-02-18T13:26:28.006+0000] {processor.py:183} INFO - Processing /home/airflow/.local/lib/python3.8/site-packages/airflow/example_dags/example_nested_branch_dag.py took 0.192 seconds
[2024-02-18T13:26:58.413+0000] {processor.py:161} INFO - Started process (PID=793) to work on /home/airflow/.local/lib/python3.8/site-packages/airflow/example_dags/example_nested_branch_dag.py
[2024-02-18T13:26:58.415+0000] {processor.py:830} INFO - Processing file /home/airflow/.local/lib/python3.8/site-packages/airflow/example_dags/example_nested_branch_dag.py for tasks to queue
[2024-02-18T13:26:58.419+0000] {logging_mixin.py:188} INFO - [2024-02-18T13:26:58.418+0000] {dagbag.py:538} INFO - Filling up the DagBag from /home/airflow/.local/lib/python3.8/site-packages/airflow/example_dags/example_nested_branch_dag.py
[2024-02-18T13:26:58.435+0000] {processor.py:840} INFO - DAG(s) 'example_nested_branch_dag' retrieved from /home/airflow/.local/lib/python3.8/site-packages/airflow/example_dags/example_nested_branch_dag.py
[2024-02-18T13:26:58.471+0000] {logging_mixin.py:188} INFO - [2024-02-18T13:26:58.470+0000] {dag.py:3036} INFO - Sync 1 DAGs
[2024-02-18T13:26:58.511+0000] {logging_mixin.py:188} INFO - [2024-02-18T13:26:58.510+0000] {dag.py:3823} INFO - Setting next_dagrun for example_nested_branch_dag to 2024-02-17 00:00:00+00:00, run_after=2024-02-18 00:00:00+00:00
[2024-02-18T13:26:58.544+0000] {processor.py:183} INFO - Processing /home/airflow/.local/lib/python3.8/site-packages/airflow/example_dags/example_nested_branch_dag.py took 0.135 seconds
[2024-02-18T13:27:28.799+0000] {processor.py:161} INFO - Started process (PID=848) to work on /home/airflow/.local/lib/python3.8/site-packages/airflow/example_dags/example_nested_branch_dag.py
[2024-02-18T13:27:28.801+0000] {processor.py:830} INFO - Processing file /home/airflow/.local/lib/python3.8/site-packages/airflow/example_dags/example_nested_branch_dag.py for tasks to queue
[2024-02-18T13:27:28.805+0000] {logging_mixin.py:188} INFO - [2024-02-18T13:27:28.804+0000] {dagbag.py:538} INFO - Filling up the DagBag from /home/airflow/.local/lib/python3.8/site-packages/airflow/example_dags/example_nested_branch_dag.py
[2024-02-18T13:27:28.823+0000] {processor.py:840} INFO - DAG(s) 'example_nested_branch_dag' retrieved from /home/airflow/.local/lib/python3.8/site-packages/airflow/example_dags/example_nested_branch_dag.py
[2024-02-18T13:27:28.863+0000] {logging_mixin.py:188} INFO - [2024-02-18T13:27:28.862+0000] {dag.py:3036} INFO - Sync 1 DAGs
[2024-02-18T13:27:28.900+0000] {logging_mixin.py:188} INFO - [2024-02-18T13:27:28.900+0000] {dag.py:3823} INFO - Setting next_dagrun for example_nested_branch_dag to 2024-02-17 00:00:00+00:00, run_after=2024-02-18 00:00:00+00:00
[2024-02-18T13:27:28.933+0000] {processor.py:183} INFO - Processing /home/airflow/.local/lib/python3.8/site-packages/airflow/example_dags/example_nested_branch_dag.py took 0.139 seconds
