[2024-02-18T13:20:20.957+0000] {processor.py:161} INFO - Started process (PID=82) to work on /home/airflow/.local/lib/python3.8/site-packages/airflow/example_dags/example_latest_only.py
[2024-02-18T13:20:20.959+0000] {processor.py:830} INFO - Processing file /home/airflow/.local/lib/python3.8/site-packages/airflow/example_dags/example_latest_only.py for tasks to queue
[2024-02-18T13:20:20.962+0000] {logging_mixin.py:188} INFO - [2024-02-18T13:20:20.961+0000] {dagbag.py:538} INFO - Filling up the DagBag from /home/airflow/.local/lib/python3.8/site-packages/airflow/example_dags/example_latest_only.py
[2024-02-18T13:20:20.976+0000] {processor.py:840} INFO - DAG(s) 'latest_only' retrieved from /home/airflow/.local/lib/python3.8/site-packages/airflow/example_dags/example_latest_only.py
[2024-02-18T13:20:21.026+0000] {logging_mixin.py:188} INFO - [2024-02-18T13:20:21.025+0000] {dag.py:3036} INFO - Sync 1 DAGs
[2024-02-18T13:20:21.083+0000] {logging_mixin.py:188} INFO - [2024-02-18T13:20:21.082+0000] {dag.py:3823} INFO - Setting next_dagrun for latest_only to 2024-02-18 08:00:00+00:00, run_after=2024-02-18 12:00:00+00:00
[2024-02-18T13:20:21.156+0000] {processor.py:183} INFO - Processing /home/airflow/.local/lib/python3.8/site-packages/airflow/example_dags/example_latest_only.py took 0.205 seconds
[2024-02-18T13:20:51.806+0000] {processor.py:161} INFO - Started process (PID=137) to work on /home/airflow/.local/lib/python3.8/site-packages/airflow/example_dags/example_latest_only.py
[2024-02-18T13:20:51.809+0000] {processor.py:830} INFO - Processing file /home/airflow/.local/lib/python3.8/site-packages/airflow/example_dags/example_latest_only.py for tasks to queue
[2024-02-18T13:20:51.814+0000] {logging_mixin.py:188} INFO - [2024-02-18T13:20:51.813+0000] {dagbag.py:538} INFO - Filling up the DagBag from /home/airflow/.local/lib/python3.8/site-packages/airflow/example_dags/example_latest_only.py
[2024-02-18T13:20:51.824+0000] {processor.py:840} INFO - DAG(s) 'latest_only' retrieved from /home/airflow/.local/lib/python3.8/site-packages/airflow/example_dags/example_latest_only.py
[2024-02-18T13:20:51.883+0000] {logging_mixin.py:188} INFO - [2024-02-18T13:20:51.882+0000] {dag.py:3036} INFO - Sync 1 DAGs
[2024-02-18T13:20:51.947+0000] {logging_mixin.py:188} INFO - [2024-02-18T13:20:51.947+0000] {dag.py:3823} INFO - Setting next_dagrun for latest_only to 2024-02-18 08:00:00+00:00, run_after=2024-02-18 12:00:00+00:00
[2024-02-18T13:20:52.000+0000] {processor.py:183} INFO - Processing /home/airflow/.local/lib/python3.8/site-packages/airflow/example_dags/example_latest_only.py took 0.200 seconds
[2024-02-18T13:21:22.522+0000] {processor.py:161} INFO - Started process (PID=192) to work on /home/airflow/.local/lib/python3.8/site-packages/airflow/example_dags/example_latest_only.py
[2024-02-18T13:21:22.524+0000] {processor.py:830} INFO - Processing file /home/airflow/.local/lib/python3.8/site-packages/airflow/example_dags/example_latest_only.py for tasks to queue
[2024-02-18T13:21:22.527+0000] {logging_mixin.py:188} INFO - [2024-02-18T13:21:22.527+0000] {dagbag.py:538} INFO - Filling up the DagBag from /home/airflow/.local/lib/python3.8/site-packages/airflow/example_dags/example_latest_only.py
[2024-02-18T13:21:22.538+0000] {processor.py:840} INFO - DAG(s) 'latest_only' retrieved from /home/airflow/.local/lib/python3.8/site-packages/airflow/example_dags/example_latest_only.py
[2024-02-18T13:21:22.582+0000] {logging_mixin.py:188} INFO - [2024-02-18T13:21:22.581+0000] {dag.py:3036} INFO - Sync 1 DAGs
[2024-02-18T13:21:22.634+0000] {logging_mixin.py:188} INFO - [2024-02-18T13:21:22.633+0000] {dag.py:3823} INFO - Setting next_dagrun for latest_only to 2024-02-18 08:00:00+00:00, run_after=2024-02-18 12:00:00+00:00
[2024-02-18T13:21:22.685+0000] {processor.py:183} INFO - Processing /home/airflow/.local/lib/python3.8/site-packages/airflow/example_dags/example_latest_only.py took 0.168 seconds
[2024-02-18T13:21:53.322+0000] {processor.py:161} INFO - Started process (PID=248) to work on /home/airflow/.local/lib/python3.8/site-packages/airflow/example_dags/example_latest_only.py
[2024-02-18T13:21:53.324+0000] {processor.py:830} INFO - Processing file /home/airflow/.local/lib/python3.8/site-packages/airflow/example_dags/example_latest_only.py for tasks to queue
[2024-02-18T13:21:53.328+0000] {logging_mixin.py:188} INFO - [2024-02-18T13:21:53.327+0000] {dagbag.py:538} INFO - Filling up the DagBag from /home/airflow/.local/lib/python3.8/site-packages/airflow/example_dags/example_latest_only.py
[2024-02-18T13:21:53.338+0000] {processor.py:840} INFO - DAG(s) 'latest_only' retrieved from /home/airflow/.local/lib/python3.8/site-packages/airflow/example_dags/example_latest_only.py
[2024-02-18T13:21:53.381+0000] {logging_mixin.py:188} INFO - [2024-02-18T13:21:53.381+0000] {dag.py:3036} INFO - Sync 1 DAGs
[2024-02-18T13:21:53.433+0000] {logging_mixin.py:188} INFO - [2024-02-18T13:21:53.432+0000] {dag.py:3823} INFO - Setting next_dagrun for latest_only to 2024-02-18 08:00:00+00:00, run_after=2024-02-18 12:00:00+00:00
[2024-02-18T13:21:53.473+0000] {processor.py:183} INFO - Processing /home/airflow/.local/lib/python3.8/site-packages/airflow/example_dags/example_latest_only.py took 0.157 seconds
[2024-02-18T13:22:23.698+0000] {processor.py:161} INFO - Started process (PID=303) to work on /home/airflow/.local/lib/python3.8/site-packages/airflow/example_dags/example_latest_only.py
[2024-02-18T13:22:23.700+0000] {processor.py:830} INFO - Processing file /home/airflow/.local/lib/python3.8/site-packages/airflow/example_dags/example_latest_only.py for tasks to queue
[2024-02-18T13:22:23.703+0000] {logging_mixin.py:188} INFO - [2024-02-18T13:22:23.703+0000] {dagbag.py:538} INFO - Filling up the DagBag from /home/airflow/.local/lib/python3.8/site-packages/airflow/example_dags/example_latest_only.py
[2024-02-18T13:22:23.712+0000] {processor.py:840} INFO - DAG(s) 'latest_only' retrieved from /home/airflow/.local/lib/python3.8/site-packages/airflow/example_dags/example_latest_only.py
[2024-02-18T13:22:23.751+0000] {logging_mixin.py:188} INFO - [2024-02-18T13:22:23.750+0000] {dag.py:3036} INFO - Sync 1 DAGs
[2024-02-18T13:22:23.795+0000] {logging_mixin.py:188} INFO - [2024-02-18T13:22:23.795+0000] {dag.py:3823} INFO - Setting next_dagrun for latest_only to 2024-02-18 08:00:00+00:00, run_after=2024-02-18 12:00:00+00:00
[2024-02-18T13:22:23.831+0000] {processor.py:183} INFO - Processing /home/airflow/.local/lib/python3.8/site-packages/airflow/example_dags/example_latest_only.py took 0.139 seconds
[2024-02-18T13:22:54.250+0000] {processor.py:161} INFO - Started process (PID=357) to work on /home/airflow/.local/lib/python3.8/site-packages/airflow/example_dags/example_latest_only.py
[2024-02-18T13:22:54.252+0000] {processor.py:830} INFO - Processing file /home/airflow/.local/lib/python3.8/site-packages/airflow/example_dags/example_latest_only.py for tasks to queue
[2024-02-18T13:22:54.255+0000] {logging_mixin.py:188} INFO - [2024-02-18T13:22:54.255+0000] {dagbag.py:538} INFO - Filling up the DagBag from /home/airflow/.local/lib/python3.8/site-packages/airflow/example_dags/example_latest_only.py
[2024-02-18T13:22:54.265+0000] {processor.py:840} INFO - DAG(s) 'latest_only' retrieved from /home/airflow/.local/lib/python3.8/site-packages/airflow/example_dags/example_latest_only.py
[2024-02-18T13:22:54.312+0000] {logging_mixin.py:188} INFO - [2024-02-18T13:22:54.312+0000] {dag.py:3036} INFO - Sync 1 DAGs
[2024-02-18T13:22:54.358+0000] {logging_mixin.py:188} INFO - [2024-02-18T13:22:54.357+0000] {dag.py:3823} INFO - Setting next_dagrun for latest_only to 2024-02-18 08:00:00+00:00, run_after=2024-02-18 12:00:00+00:00
[2024-02-18T13:22:54.399+0000] {processor.py:183} INFO - Processing /home/airflow/.local/lib/python3.8/site-packages/airflow/example_dags/example_latest_only.py took 0.155 seconds
[2024-02-18T13:23:24.743+0000] {processor.py:161} INFO - Started process (PID=412) to work on /home/airflow/.local/lib/python3.8/site-packages/airflow/example_dags/example_latest_only.py
[2024-02-18T13:23:24.744+0000] {processor.py:830} INFO - Processing file /home/airflow/.local/lib/python3.8/site-packages/airflow/example_dags/example_latest_only.py for tasks to queue
[2024-02-18T13:23:24.748+0000] {logging_mixin.py:188} INFO - [2024-02-18T13:23:24.747+0000] {dagbag.py:538} INFO - Filling up the DagBag from /home/airflow/.local/lib/python3.8/site-packages/airflow/example_dags/example_latest_only.py
[2024-02-18T13:23:24.756+0000] {processor.py:840} INFO - DAG(s) 'latest_only' retrieved from /home/airflow/.local/lib/python3.8/site-packages/airflow/example_dags/example_latest_only.py
[2024-02-18T13:23:24.791+0000] {logging_mixin.py:188} INFO - [2024-02-18T13:23:24.790+0000] {dag.py:3036} INFO - Sync 1 DAGs
[2024-02-18T13:23:24.827+0000] {logging_mixin.py:188} INFO - [2024-02-18T13:23:24.827+0000] {dag.py:3823} INFO - Setting next_dagrun for latest_only to 2024-02-18 08:00:00+00:00, run_after=2024-02-18 12:00:00+00:00
[2024-02-18T13:23:24.862+0000] {processor.py:183} INFO - Processing /home/airflow/.local/lib/python3.8/site-packages/airflow/example_dags/example_latest_only.py took 0.123 seconds
[2024-02-18T13:23:55.054+0000] {processor.py:161} INFO - Started process (PID=467) to work on /home/airflow/.local/lib/python3.8/site-packages/airflow/example_dags/example_latest_only.py
[2024-02-18T13:23:55.056+0000] {processor.py:830} INFO - Processing file /home/airflow/.local/lib/python3.8/site-packages/airflow/example_dags/example_latest_only.py for tasks to queue
[2024-02-18T13:23:55.059+0000] {logging_mixin.py:188} INFO - [2024-02-18T13:23:55.058+0000] {dagbag.py:538} INFO - Filling up the DagBag from /home/airflow/.local/lib/python3.8/site-packages/airflow/example_dags/example_latest_only.py
[2024-02-18T13:23:55.068+0000] {processor.py:840} INFO - DAG(s) 'latest_only' retrieved from /home/airflow/.local/lib/python3.8/site-packages/airflow/example_dags/example_latest_only.py
[2024-02-18T13:23:55.112+0000] {logging_mixin.py:188} INFO - [2024-02-18T13:23:55.111+0000] {dag.py:3036} INFO - Sync 1 DAGs
[2024-02-18T13:23:55.163+0000] {logging_mixin.py:188} INFO - [2024-02-18T13:23:55.163+0000] {dag.py:3823} INFO - Setting next_dagrun for latest_only to 2024-02-18 08:00:00+00:00, run_after=2024-02-18 12:00:00+00:00
[2024-02-18T13:23:55.199+0000] {processor.py:183} INFO - Processing /home/airflow/.local/lib/python3.8/site-packages/airflow/example_dags/example_latest_only.py took 0.151 seconds
[2024-02-18T13:24:25.268+0000] {processor.py:161} INFO - Started process (PID=522) to work on /home/airflow/.local/lib/python3.8/site-packages/airflow/example_dags/example_latest_only.py
[2024-02-18T13:24:25.269+0000] {processor.py:830} INFO - Processing file /home/airflow/.local/lib/python3.8/site-packages/airflow/example_dags/example_latest_only.py for tasks to queue
[2024-02-18T13:24:25.273+0000] {logging_mixin.py:188} INFO - [2024-02-18T13:24:25.272+0000] {dagbag.py:538} INFO - Filling up the DagBag from /home/airflow/.local/lib/python3.8/site-packages/airflow/example_dags/example_latest_only.py
[2024-02-18T13:24:25.281+0000] {processor.py:840} INFO - DAG(s) 'latest_only' retrieved from /home/airflow/.local/lib/python3.8/site-packages/airflow/example_dags/example_latest_only.py
[2024-02-18T13:24:25.315+0000] {logging_mixin.py:188} INFO - [2024-02-18T13:24:25.315+0000] {dag.py:3036} INFO - Sync 1 DAGs
[2024-02-18T13:24:25.352+0000] {logging_mixin.py:188} INFO - [2024-02-18T13:24:25.352+0000] {dag.py:3823} INFO - Setting next_dagrun for latest_only to 2024-02-18 08:00:00+00:00, run_after=2024-02-18 12:00:00+00:00
[2024-02-18T13:24:25.386+0000] {processor.py:183} INFO - Processing /home/airflow/.local/lib/python3.8/site-packages/airflow/example_dags/example_latest_only.py took 0.122 seconds
[2024-02-18T13:24:55.980+0000] {processor.py:161} INFO - Started process (PID=577) to work on /home/airflow/.local/lib/python3.8/site-packages/airflow/example_dags/example_latest_only.py
[2024-02-18T13:24:55.981+0000] {processor.py:830} INFO - Processing file /home/airflow/.local/lib/python3.8/site-packages/airflow/example_dags/example_latest_only.py for tasks to queue
[2024-02-18T13:24:55.985+0000] {logging_mixin.py:188} INFO - [2024-02-18T13:24:55.984+0000] {dagbag.py:538} INFO - Filling up the DagBag from /home/airflow/.local/lib/python3.8/site-packages/airflow/example_dags/example_latest_only.py
[2024-02-18T13:24:55.994+0000] {processor.py:840} INFO - DAG(s) 'latest_only' retrieved from /home/airflow/.local/lib/python3.8/site-packages/airflow/example_dags/example_latest_only.py
[2024-02-18T13:24:56.028+0000] {logging_mixin.py:188} INFO - [2024-02-18T13:24:56.027+0000] {dag.py:3036} INFO - Sync 1 DAGs
[2024-02-18T13:24:56.065+0000] {logging_mixin.py:188} INFO - [2024-02-18T13:24:56.065+0000] {dag.py:3823} INFO - Setting next_dagrun for latest_only to 2024-02-18 08:00:00+00:00, run_after=2024-02-18 12:00:00+00:00
[2024-02-18T13:24:56.099+0000] {processor.py:183} INFO - Processing /home/airflow/.local/lib/python3.8/site-packages/airflow/example_dags/example_latest_only.py took 0.125 seconds
[2024-02-18T13:25:26.887+0000] {processor.py:161} INFO - Started process (PID=632) to work on /home/airflow/.local/lib/python3.8/site-packages/airflow/example_dags/example_latest_only.py
[2024-02-18T13:25:26.891+0000] {processor.py:830} INFO - Processing file /home/airflow/.local/lib/python3.8/site-packages/airflow/example_dags/example_latest_only.py for tasks to queue
[2024-02-18T13:25:26.895+0000] {logging_mixin.py:188} INFO - [2024-02-18T13:25:26.894+0000] {dagbag.py:538} INFO - Filling up the DagBag from /home/airflow/.local/lib/python3.8/site-packages/airflow/example_dags/example_latest_only.py
[2024-02-18T13:25:26.908+0000] {processor.py:840} INFO - DAG(s) 'latest_only' retrieved from /home/airflow/.local/lib/python3.8/site-packages/airflow/example_dags/example_latest_only.py
[2024-02-18T13:25:26.956+0000] {logging_mixin.py:188} INFO - [2024-02-18T13:25:26.955+0000] {dag.py:3036} INFO - Sync 1 DAGs
[2024-02-18T13:25:27.009+0000] {logging_mixin.py:188} INFO - [2024-02-18T13:25:27.008+0000] {dag.py:3823} INFO - Setting next_dagrun for latest_only to 2024-02-18 08:00:00+00:00, run_after=2024-02-18 12:00:00+00:00
[2024-02-18T13:25:27.057+0000] {processor.py:183} INFO - Processing /home/airflow/.local/lib/python3.8/site-packages/airflow/example_dags/example_latest_only.py took 0.176 seconds
[2024-02-18T13:25:57.486+0000] {processor.py:161} INFO - Started process (PID=687) to work on /home/airflow/.local/lib/python3.8/site-packages/airflow/example_dags/example_latest_only.py
[2024-02-18T13:25:57.487+0000] {processor.py:830} INFO - Processing file /home/airflow/.local/lib/python3.8/site-packages/airflow/example_dags/example_latest_only.py for tasks to queue
[2024-02-18T13:25:57.491+0000] {logging_mixin.py:188} INFO - [2024-02-18T13:25:57.490+0000] {dagbag.py:538} INFO - Filling up the DagBag from /home/airflow/.local/lib/python3.8/site-packages/airflow/example_dags/example_latest_only.py
[2024-02-18T13:25:57.499+0000] {processor.py:840} INFO - DAG(s) 'latest_only' retrieved from /home/airflow/.local/lib/python3.8/site-packages/airflow/example_dags/example_latest_only.py
[2024-02-18T13:25:57.535+0000] {logging_mixin.py:188} INFO - [2024-02-18T13:25:57.535+0000] {dag.py:3036} INFO - Sync 1 DAGs
[2024-02-18T13:25:57.578+0000] {logging_mixin.py:188} INFO - [2024-02-18T13:25:57.577+0000] {dag.py:3823} INFO - Setting next_dagrun for latest_only to 2024-02-18 08:00:00+00:00, run_after=2024-02-18 12:00:00+00:00
[2024-02-18T13:25:57.618+0000] {processor.py:183} INFO - Processing /home/airflow/.local/lib/python3.8/site-packages/airflow/example_dags/example_latest_only.py took 0.137 seconds
[2024-02-18T13:26:28.436+0000] {processor.py:161} INFO - Started process (PID=742) to work on /home/airflow/.local/lib/python3.8/site-packages/airflow/example_dags/example_latest_only.py
[2024-02-18T13:26:28.438+0000] {processor.py:830} INFO - Processing file /home/airflow/.local/lib/python3.8/site-packages/airflow/example_dags/example_latest_only.py for tasks to queue
[2024-02-18T13:26:28.442+0000] {logging_mixin.py:188} INFO - [2024-02-18T13:26:28.441+0000] {dagbag.py:538} INFO - Filling up the DagBag from /home/airflow/.local/lib/python3.8/site-packages/airflow/example_dags/example_latest_only.py
[2024-02-18T13:26:28.453+0000] {processor.py:840} INFO - DAG(s) 'latest_only' retrieved from /home/airflow/.local/lib/python3.8/site-packages/airflow/example_dags/example_latest_only.py
[2024-02-18T13:26:28.515+0000] {logging_mixin.py:188} INFO - [2024-02-18T13:26:28.514+0000] {dag.py:3036} INFO - Sync 1 DAGs
[2024-02-18T13:26:28.561+0000] {logging_mixin.py:188} INFO - [2024-02-18T13:26:28.561+0000] {dag.py:3823} INFO - Setting next_dagrun for latest_only to 2024-02-18 08:00:00+00:00, run_after=2024-02-18 12:00:00+00:00
[2024-02-18T13:26:28.596+0000] {processor.py:183} INFO - Processing /home/airflow/.local/lib/python3.8/site-packages/airflow/example_dags/example_latest_only.py took 0.167 seconds
[2024-02-18T13:26:58.755+0000] {processor.py:161} INFO - Started process (PID=797) to work on /home/airflow/.local/lib/python3.8/site-packages/airflow/example_dags/example_latest_only.py
[2024-02-18T13:26:58.757+0000] {processor.py:830} INFO - Processing file /home/airflow/.local/lib/python3.8/site-packages/airflow/example_dags/example_latest_only.py for tasks to queue
[2024-02-18T13:26:58.760+0000] {logging_mixin.py:188} INFO - [2024-02-18T13:26:58.759+0000] {dagbag.py:538} INFO - Filling up the DagBag from /home/airflow/.local/lib/python3.8/site-packages/airflow/example_dags/example_latest_only.py
[2024-02-18T13:26:58.768+0000] {processor.py:840} INFO - DAG(s) 'latest_only' retrieved from /home/airflow/.local/lib/python3.8/site-packages/airflow/example_dags/example_latest_only.py
[2024-02-18T13:26:58.802+0000] {logging_mixin.py:188} INFO - [2024-02-18T13:26:58.802+0000] {dag.py:3036} INFO - Sync 1 DAGs
[2024-02-18T13:26:58.838+0000] {logging_mixin.py:188} INFO - [2024-02-18T13:26:58.837+0000] {dag.py:3823} INFO - Setting next_dagrun for latest_only to 2024-02-18 08:00:00+00:00, run_after=2024-02-18 12:00:00+00:00
[2024-02-18T13:26:58.874+0000] {processor.py:183} INFO - Processing /home/airflow/.local/lib/python3.8/site-packages/airflow/example_dags/example_latest_only.py took 0.123 seconds
[2024-02-18T13:27:29.129+0000] {processor.py:161} INFO - Started process (PID=852) to work on /home/airflow/.local/lib/python3.8/site-packages/airflow/example_dags/example_latest_only.py
[2024-02-18T13:27:29.130+0000] {processor.py:830} INFO - Processing file /home/airflow/.local/lib/python3.8/site-packages/airflow/example_dags/example_latest_only.py for tasks to queue
[2024-02-18T13:27:29.134+0000] {logging_mixin.py:188} INFO - [2024-02-18T13:27:29.133+0000] {dagbag.py:538} INFO - Filling up the DagBag from /home/airflow/.local/lib/python3.8/site-packages/airflow/example_dags/example_latest_only.py
[2024-02-18T13:27:29.143+0000] {processor.py:840} INFO - DAG(s) 'latest_only' retrieved from /home/airflow/.local/lib/python3.8/site-packages/airflow/example_dags/example_latest_only.py
[2024-02-18T13:27:29.173+0000] {logging_mixin.py:188} INFO - [2024-02-18T13:27:29.173+0000] {dag.py:3036} INFO - Sync 1 DAGs
[2024-02-18T13:27:29.205+0000] {logging_mixin.py:188} INFO - [2024-02-18T13:27:29.205+0000] {dag.py:3823} INFO - Setting next_dagrun for latest_only to 2024-02-18 08:00:00+00:00, run_after=2024-02-18 12:00:00+00:00
[2024-02-18T13:27:29.246+0000] {processor.py:183} INFO - Processing /home/airflow/.local/lib/python3.8/site-packages/airflow/example_dags/example_latest_only.py took 0.122 seconds
