[2024-02-18T13:20:15.699+0000] {processor.py:161} INFO - Started process (PID=45) to work on /home/airflow/.local/lib/python3.8/site-packages/airflow/example_dags/tutorial.py
[2024-02-18T13:20:15.702+0000] {processor.py:830} INFO - Processing file /home/airflow/.local/lib/python3.8/site-packages/airflow/example_dags/tutorial.py for tasks to queue
[2024-02-18T13:20:15.710+0000] {logging_mixin.py:188} INFO - [2024-02-18T13:20:15.709+0000] {dagbag.py:538} INFO - Filling up the DagBag from /home/airflow/.local/lib/python3.8/site-packages/airflow/example_dags/tutorial.py
[2024-02-18T13:20:15.735+0000] {processor.py:840} INFO - DAG(s) 'tutorial' retrieved from /home/airflow/.local/lib/python3.8/site-packages/airflow/example_dags/tutorial.py
[2024-02-18T13:20:15.821+0000] {logging_mixin.py:188} INFO - [2024-02-18T13:20:15.820+0000] {dag.py:3036} INFO - Sync 1 DAGs
[2024-02-18T13:20:15.873+0000] {logging_mixin.py:188} INFO - [2024-02-18T13:20:15.873+0000] {dag.py:3823} INFO - Setting next_dagrun for tutorial to 2024-02-17 00:00:00+00:00, run_after=2024-02-18 00:00:00+00:00
[2024-02-18T13:20:15.916+0000] {processor.py:183} INFO - Processing /home/airflow/.local/lib/python3.8/site-packages/airflow/example_dags/tutorial.py took 0.224 seconds
[2024-02-18T13:20:46.132+0000] {processor.py:161} INFO - Started process (PID=100) to work on /home/airflow/.local/lib/python3.8/site-packages/airflow/example_dags/tutorial.py
[2024-02-18T13:20:46.134+0000] {processor.py:830} INFO - Processing file /home/airflow/.local/lib/python3.8/site-packages/airflow/example_dags/tutorial.py for tasks to queue
[2024-02-18T13:20:46.138+0000] {logging_mixin.py:188} INFO - [2024-02-18T13:20:46.137+0000] {dagbag.py:538} INFO - Filling up the DagBag from /home/airflow/.local/lib/python3.8/site-packages/airflow/example_dags/tutorial.py
[2024-02-18T13:20:46.149+0000] {processor.py:840} INFO - DAG(s) 'tutorial' retrieved from /home/airflow/.local/lib/python3.8/site-packages/airflow/example_dags/tutorial.py
[2024-02-18T13:20:46.183+0000] {logging_mixin.py:188} INFO - [2024-02-18T13:20:46.183+0000] {dag.py:3036} INFO - Sync 1 DAGs
[2024-02-18T13:20:46.222+0000] {logging_mixin.py:188} INFO - [2024-02-18T13:20:46.221+0000] {dag.py:3823} INFO - Setting next_dagrun for tutorial to 2024-02-17 00:00:00+00:00, run_after=2024-02-18 00:00:00+00:00
[2024-02-18T13:20:46.255+0000] {processor.py:183} INFO - Processing /home/airflow/.local/lib/python3.8/site-packages/airflow/example_dags/tutorial.py took 0.129 seconds
[2024-02-18T13:21:16.863+0000] {processor.py:161} INFO - Started process (PID=155) to work on /home/airflow/.local/lib/python3.8/site-packages/airflow/example_dags/tutorial.py
[2024-02-18T13:21:16.864+0000] {processor.py:830} INFO - Processing file /home/airflow/.local/lib/python3.8/site-packages/airflow/example_dags/tutorial.py for tasks to queue
[2024-02-18T13:21:16.868+0000] {logging_mixin.py:188} INFO - [2024-02-18T13:21:16.867+0000] {dagbag.py:538} INFO - Filling up the DagBag from /home/airflow/.local/lib/python3.8/site-packages/airflow/example_dags/tutorial.py
[2024-02-18T13:21:16.880+0000] {processor.py:840} INFO - DAG(s) 'tutorial' retrieved from /home/airflow/.local/lib/python3.8/site-packages/airflow/example_dags/tutorial.py
[2024-02-18T13:21:16.920+0000] {logging_mixin.py:188} INFO - [2024-02-18T13:21:16.919+0000] {dag.py:3036} INFO - Sync 1 DAGs
[2024-02-18T13:21:16.961+0000] {logging_mixin.py:188} INFO - [2024-02-18T13:21:16.961+0000] {dag.py:3823} INFO - Setting next_dagrun for tutorial to 2024-02-17 00:00:00+00:00, run_after=2024-02-18 00:00:00+00:00
[2024-02-18T13:21:16.997+0000] {processor.py:183} INFO - Processing /home/airflow/.local/lib/python3.8/site-packages/airflow/example_dags/tutorial.py took 0.140 seconds
[2024-02-18T13:21:47.372+0000] {processor.py:161} INFO - Started process (PID=210) to work on /home/airflow/.local/lib/python3.8/site-packages/airflow/example_dags/tutorial.py
[2024-02-18T13:21:47.373+0000] {processor.py:830} INFO - Processing file /home/airflow/.local/lib/python3.8/site-packages/airflow/example_dags/tutorial.py for tasks to queue
[2024-02-18T13:21:47.377+0000] {logging_mixin.py:188} INFO - [2024-02-18T13:21:47.376+0000] {dagbag.py:538} INFO - Filling up the DagBag from /home/airflow/.local/lib/python3.8/site-packages/airflow/example_dags/tutorial.py
[2024-02-18T13:21:47.387+0000] {processor.py:840} INFO - DAG(s) 'tutorial' retrieved from /home/airflow/.local/lib/python3.8/site-packages/airflow/example_dags/tutorial.py
[2024-02-18T13:21:47.426+0000] {logging_mixin.py:188} INFO - [2024-02-18T13:21:47.426+0000] {dag.py:3036} INFO - Sync 1 DAGs
[2024-02-18T13:21:47.465+0000] {logging_mixin.py:188} INFO - [2024-02-18T13:21:47.464+0000] {dag.py:3823} INFO - Setting next_dagrun for tutorial to 2024-02-17 00:00:00+00:00, run_after=2024-02-18 00:00:00+00:00
[2024-02-18T13:21:47.501+0000] {processor.py:183} INFO - Processing /home/airflow/.local/lib/python3.8/site-packages/airflow/example_dags/tutorial.py took 0.135 seconds
[2024-02-18T13:22:18.099+0000] {processor.py:161} INFO - Started process (PID=265) to work on /home/airflow/.local/lib/python3.8/site-packages/airflow/example_dags/tutorial.py
[2024-02-18T13:22:18.101+0000] {processor.py:830} INFO - Processing file /home/airflow/.local/lib/python3.8/site-packages/airflow/example_dags/tutorial.py for tasks to queue
[2024-02-18T13:22:18.104+0000] {logging_mixin.py:188} INFO - [2024-02-18T13:22:18.103+0000] {dagbag.py:538} INFO - Filling up the DagBag from /home/airflow/.local/lib/python3.8/site-packages/airflow/example_dags/tutorial.py
[2024-02-18T13:22:18.113+0000] {processor.py:840} INFO - DAG(s) 'tutorial' retrieved from /home/airflow/.local/lib/python3.8/site-packages/airflow/example_dags/tutorial.py
[2024-02-18T13:22:18.150+0000] {logging_mixin.py:188} INFO - [2024-02-18T13:22:18.149+0000] {dag.py:3036} INFO - Sync 1 DAGs
[2024-02-18T13:22:18.188+0000] {logging_mixin.py:188} INFO - [2024-02-18T13:22:18.188+0000] {dag.py:3823} INFO - Setting next_dagrun for tutorial to 2024-02-17 00:00:00+00:00, run_after=2024-02-18 00:00:00+00:00
[2024-02-18T13:22:18.237+0000] {processor.py:183} INFO - Processing /home/airflow/.local/lib/python3.8/site-packages/airflow/example_dags/tutorial.py took 0.143 seconds
[2024-02-18T13:22:48.820+0000] {processor.py:161} INFO - Started process (PID=320) to work on /home/airflow/.local/lib/python3.8/site-packages/airflow/example_dags/tutorial.py
[2024-02-18T13:22:48.822+0000] {processor.py:830} INFO - Processing file /home/airflow/.local/lib/python3.8/site-packages/airflow/example_dags/tutorial.py for tasks to queue
[2024-02-18T13:22:48.827+0000] {logging_mixin.py:188} INFO - [2024-02-18T13:22:48.826+0000] {dagbag.py:538} INFO - Filling up the DagBag from /home/airflow/.local/lib/python3.8/site-packages/airflow/example_dags/tutorial.py
[2024-02-18T13:22:48.842+0000] {processor.py:840} INFO - DAG(s) 'tutorial' retrieved from /home/airflow/.local/lib/python3.8/site-packages/airflow/example_dags/tutorial.py
[2024-02-18T13:22:48.895+0000] {logging_mixin.py:188} INFO - [2024-02-18T13:22:48.895+0000] {dag.py:3036} INFO - Sync 1 DAGs
[2024-02-18T13:22:48.938+0000] {logging_mixin.py:188} INFO - [2024-02-18T13:22:48.937+0000] {dag.py:3823} INFO - Setting next_dagrun for tutorial to 2024-02-17 00:00:00+00:00, run_after=2024-02-18 00:00:00+00:00
[2024-02-18T13:22:48.977+0000] {processor.py:183} INFO - Processing /home/airflow/.local/lib/python3.8/site-packages/airflow/example_dags/tutorial.py took 0.165 seconds
[2024-02-18T13:23:19.155+0000] {processor.py:161} INFO - Started process (PID=375) to work on /home/airflow/.local/lib/python3.8/site-packages/airflow/example_dags/tutorial.py
[2024-02-18T13:23:19.157+0000] {processor.py:830} INFO - Processing file /home/airflow/.local/lib/python3.8/site-packages/airflow/example_dags/tutorial.py for tasks to queue
[2024-02-18T13:23:19.160+0000] {logging_mixin.py:188} INFO - [2024-02-18T13:23:19.159+0000] {dagbag.py:538} INFO - Filling up the DagBag from /home/airflow/.local/lib/python3.8/site-packages/airflow/example_dags/tutorial.py
[2024-02-18T13:23:19.169+0000] {processor.py:840} INFO - DAG(s) 'tutorial' retrieved from /home/airflow/.local/lib/python3.8/site-packages/airflow/example_dags/tutorial.py
[2024-02-18T13:23:19.203+0000] {logging_mixin.py:188} INFO - [2024-02-18T13:23:19.203+0000] {dag.py:3036} INFO - Sync 1 DAGs
[2024-02-18T13:23:19.241+0000] {logging_mixin.py:188} INFO - [2024-02-18T13:23:19.240+0000] {dag.py:3823} INFO - Setting next_dagrun for tutorial to 2024-02-17 00:00:00+00:00, run_after=2024-02-18 00:00:00+00:00
[2024-02-18T13:23:19.274+0000] {processor.py:183} INFO - Processing /home/airflow/.local/lib/python3.8/site-packages/airflow/example_dags/tutorial.py took 0.124 seconds
[2024-02-18T13:23:49.366+0000] {processor.py:161} INFO - Started process (PID=429) to work on /home/airflow/.local/lib/python3.8/site-packages/airflow/example_dags/tutorial.py
[2024-02-18T13:23:49.367+0000] {processor.py:830} INFO - Processing file /home/airflow/.local/lib/python3.8/site-packages/airflow/example_dags/tutorial.py for tasks to queue
[2024-02-18T13:23:49.370+0000] {logging_mixin.py:188} INFO - [2024-02-18T13:23:49.370+0000] {dagbag.py:538} INFO - Filling up the DagBag from /home/airflow/.local/lib/python3.8/site-packages/airflow/example_dags/tutorial.py
[2024-02-18T13:23:49.379+0000] {processor.py:840} INFO - DAG(s) 'tutorial' retrieved from /home/airflow/.local/lib/python3.8/site-packages/airflow/example_dags/tutorial.py
[2024-02-18T13:23:49.409+0000] {logging_mixin.py:188} INFO - [2024-02-18T13:23:49.408+0000] {dag.py:3036} INFO - Sync 1 DAGs
[2024-02-18T13:23:49.438+0000] {logging_mixin.py:188} INFO - [2024-02-18T13:23:49.438+0000] {dag.py:3823} INFO - Setting next_dagrun for tutorial to 2024-02-17 00:00:00+00:00, run_after=2024-02-18 00:00:00+00:00
[2024-02-18T13:23:49.470+0000] {processor.py:183} INFO - Processing /home/airflow/.local/lib/python3.8/site-packages/airflow/example_dags/tutorial.py took 0.110 seconds
[2024-02-18T13:24:19.668+0000] {processor.py:161} INFO - Started process (PID=484) to work on /home/airflow/.local/lib/python3.8/site-packages/airflow/example_dags/tutorial.py
[2024-02-18T13:24:19.670+0000] {processor.py:830} INFO - Processing file /home/airflow/.local/lib/python3.8/site-packages/airflow/example_dags/tutorial.py for tasks to queue
[2024-02-18T13:24:19.673+0000] {logging_mixin.py:188} INFO - [2024-02-18T13:24:19.673+0000] {dagbag.py:538} INFO - Filling up the DagBag from /home/airflow/.local/lib/python3.8/site-packages/airflow/example_dags/tutorial.py
[2024-02-18T13:24:19.682+0000] {processor.py:840} INFO - DAG(s) 'tutorial' retrieved from /home/airflow/.local/lib/python3.8/site-packages/airflow/example_dags/tutorial.py
[2024-02-18T13:24:19.717+0000] {logging_mixin.py:188} INFO - [2024-02-18T13:24:19.716+0000] {dag.py:3036} INFO - Sync 1 DAGs
[2024-02-18T13:24:19.751+0000] {logging_mixin.py:188} INFO - [2024-02-18T13:24:19.750+0000] {dag.py:3823} INFO - Setting next_dagrun for tutorial to 2024-02-17 00:00:00+00:00, run_after=2024-02-18 00:00:00+00:00
[2024-02-18T13:24:19.783+0000] {processor.py:183} INFO - Processing /home/airflow/.local/lib/python3.8/site-packages/airflow/example_dags/tutorial.py took 0.119 seconds
[2024-02-18T13:24:49.924+0000] {processor.py:161} INFO - Started process (PID=539) to work on /home/airflow/.local/lib/python3.8/site-packages/airflow/example_dags/tutorial.py
[2024-02-18T13:24:49.926+0000] {processor.py:830} INFO - Processing file /home/airflow/.local/lib/python3.8/site-packages/airflow/example_dags/tutorial.py for tasks to queue
[2024-02-18T13:24:49.931+0000] {logging_mixin.py:188} INFO - [2024-02-18T13:24:49.930+0000] {dagbag.py:538} INFO - Filling up the DagBag from /home/airflow/.local/lib/python3.8/site-packages/airflow/example_dags/tutorial.py
[2024-02-18T13:24:49.944+0000] {processor.py:840} INFO - DAG(s) 'tutorial' retrieved from /home/airflow/.local/lib/python3.8/site-packages/airflow/example_dags/tutorial.py
[2024-02-18T13:24:49.985+0000] {logging_mixin.py:188} INFO - [2024-02-18T13:24:49.985+0000] {dag.py:3036} INFO - Sync 1 DAGs
[2024-02-18T13:24:50.030+0000] {logging_mixin.py:188} INFO - [2024-02-18T13:24:50.029+0000] {dag.py:3823} INFO - Setting next_dagrun for tutorial to 2024-02-17 00:00:00+00:00, run_after=2024-02-18 00:00:00+00:00
[2024-02-18T13:24:50.065+0000] {processor.py:183} INFO - Processing /home/airflow/.local/lib/python3.8/site-packages/airflow/example_dags/tutorial.py took 0.147 seconds
[2024-02-18T13:25:20.534+0000] {processor.py:161} INFO - Started process (PID=594) to work on /home/airflow/.local/lib/python3.8/site-packages/airflow/example_dags/tutorial.py
[2024-02-18T13:25:20.536+0000] {processor.py:830} INFO - Processing file /home/airflow/.local/lib/python3.8/site-packages/airflow/example_dags/tutorial.py for tasks to queue
[2024-02-18T13:25:20.540+0000] {logging_mixin.py:188} INFO - [2024-02-18T13:25:20.539+0000] {dagbag.py:538} INFO - Filling up the DagBag from /home/airflow/.local/lib/python3.8/site-packages/airflow/example_dags/tutorial.py
[2024-02-18T13:25:20.553+0000] {processor.py:840} INFO - DAG(s) 'tutorial' retrieved from /home/airflow/.local/lib/python3.8/site-packages/airflow/example_dags/tutorial.py
[2024-02-18T13:25:20.597+0000] {logging_mixin.py:188} INFO - [2024-02-18T13:25:20.596+0000] {dag.py:3036} INFO - Sync 1 DAGs
[2024-02-18T13:25:20.640+0000] {logging_mixin.py:188} INFO - [2024-02-18T13:25:20.640+0000] {dag.py:3823} INFO - Setting next_dagrun for tutorial to 2024-02-17 00:00:00+00:00, run_after=2024-02-18 00:00:00+00:00
[2024-02-18T13:25:20.679+0000] {processor.py:183} INFO - Processing /home/airflow/.local/lib/python3.8/site-packages/airflow/example_dags/tutorial.py took 0.151 seconds
[2024-02-18T13:25:50.855+0000] {processor.py:161} INFO - Started process (PID=649) to work on /home/airflow/.local/lib/python3.8/site-packages/airflow/example_dags/tutorial.py
[2024-02-18T13:25:50.857+0000] {processor.py:830} INFO - Processing file /home/airflow/.local/lib/python3.8/site-packages/airflow/example_dags/tutorial.py for tasks to queue
[2024-02-18T13:25:50.861+0000] {logging_mixin.py:188} INFO - [2024-02-18T13:25:50.860+0000] {dagbag.py:538} INFO - Filling up the DagBag from /home/airflow/.local/lib/python3.8/site-packages/airflow/example_dags/tutorial.py
[2024-02-18T13:25:50.871+0000] {processor.py:840} INFO - DAG(s) 'tutorial' retrieved from /home/airflow/.local/lib/python3.8/site-packages/airflow/example_dags/tutorial.py
[2024-02-18T13:25:50.909+0000] {logging_mixin.py:188} INFO - [2024-02-18T13:25:50.909+0000] {dag.py:3036} INFO - Sync 1 DAGs
[2024-02-18T13:25:50.948+0000] {logging_mixin.py:188} INFO - [2024-02-18T13:25:50.948+0000] {dag.py:3823} INFO - Setting next_dagrun for tutorial to 2024-02-17 00:00:00+00:00, run_after=2024-02-18 00:00:00+00:00
[2024-02-18T13:25:50.981+0000] {processor.py:183} INFO - Processing /home/airflow/.local/lib/python3.8/site-packages/airflow/example_dags/tutorial.py took 0.130 seconds
[2024-02-18T13:26:21.221+0000] {processor.py:161} INFO - Started process (PID=704) to work on /home/airflow/.local/lib/python3.8/site-packages/airflow/example_dags/tutorial.py
[2024-02-18T13:26:21.223+0000] {processor.py:830} INFO - Processing file /home/airflow/.local/lib/python3.8/site-packages/airflow/example_dags/tutorial.py for tasks to queue
[2024-02-18T13:26:21.226+0000] {logging_mixin.py:188} INFO - [2024-02-18T13:26:21.225+0000] {dagbag.py:538} INFO - Filling up the DagBag from /home/airflow/.local/lib/python3.8/site-packages/airflow/example_dags/tutorial.py
[2024-02-18T13:26:21.235+0000] {processor.py:840} INFO - DAG(s) 'tutorial' retrieved from /home/airflow/.local/lib/python3.8/site-packages/airflow/example_dags/tutorial.py
[2024-02-18T13:26:21.271+0000] {logging_mixin.py:188} INFO - [2024-02-18T13:26:21.270+0000] {dag.py:3036} INFO - Sync 1 DAGs
[2024-02-18T13:26:21.306+0000] {logging_mixin.py:188} INFO - [2024-02-18T13:26:21.305+0000] {dag.py:3823} INFO - Setting next_dagrun for tutorial to 2024-02-17 00:00:00+00:00, run_after=2024-02-18 00:00:00+00:00
[2024-02-18T13:26:21.340+0000] {processor.py:183} INFO - Processing /home/airflow/.local/lib/python3.8/site-packages/airflow/example_dags/tutorial.py took 0.123 seconds
[2024-02-18T13:26:51.926+0000] {processor.py:161} INFO - Started process (PID=759) to work on /home/airflow/.local/lib/python3.8/site-packages/airflow/example_dags/tutorial.py
[2024-02-18T13:26:51.928+0000] {processor.py:830} INFO - Processing file /home/airflow/.local/lib/python3.8/site-packages/airflow/example_dags/tutorial.py for tasks to queue
[2024-02-18T13:26:51.931+0000] {logging_mixin.py:188} INFO - [2024-02-18T13:26:51.931+0000] {dagbag.py:538} INFO - Filling up the DagBag from /home/airflow/.local/lib/python3.8/site-packages/airflow/example_dags/tutorial.py
[2024-02-18T13:26:51.941+0000] {processor.py:840} INFO - DAG(s) 'tutorial' retrieved from /home/airflow/.local/lib/python3.8/site-packages/airflow/example_dags/tutorial.py
[2024-02-18T13:26:51.980+0000] {logging_mixin.py:188} INFO - [2024-02-18T13:26:51.980+0000] {dag.py:3036} INFO - Sync 1 DAGs
[2024-02-18T13:26:52.016+0000] {logging_mixin.py:188} INFO - [2024-02-18T13:26:52.015+0000] {dag.py:3823} INFO - Setting next_dagrun for tutorial to 2024-02-17 00:00:00+00:00, run_after=2024-02-18 00:00:00+00:00
[2024-02-18T13:26:52.050+0000] {processor.py:183} INFO - Processing /home/airflow/.local/lib/python3.8/site-packages/airflow/example_dags/tutorial.py took 0.130 seconds
[2024-02-18T13:27:22.355+0000] {processor.py:161} INFO - Started process (PID=814) to work on /home/airflow/.local/lib/python3.8/site-packages/airflow/example_dags/tutorial.py
[2024-02-18T13:27:22.356+0000] {processor.py:830} INFO - Processing file /home/airflow/.local/lib/python3.8/site-packages/airflow/example_dags/tutorial.py for tasks to queue
[2024-02-18T13:27:22.359+0000] {logging_mixin.py:188} INFO - [2024-02-18T13:27:22.358+0000] {dagbag.py:538} INFO - Filling up the DagBag from /home/airflow/.local/lib/python3.8/site-packages/airflow/example_dags/tutorial.py
[2024-02-18T13:27:22.369+0000] {processor.py:840} INFO - DAG(s) 'tutorial' retrieved from /home/airflow/.local/lib/python3.8/site-packages/airflow/example_dags/tutorial.py
[2024-02-18T13:27:22.404+0000] {logging_mixin.py:188} INFO - [2024-02-18T13:27:22.404+0000] {dag.py:3036} INFO - Sync 1 DAGs
[2024-02-18T13:27:22.436+0000] {logging_mixin.py:188} INFO - [2024-02-18T13:27:22.435+0000] {dag.py:3823} INFO - Setting next_dagrun for tutorial to 2024-02-17 00:00:00+00:00, run_after=2024-02-18 00:00:00+00:00
[2024-02-18T13:27:22.463+0000] {processor.py:183} INFO - Processing /home/airflow/.local/lib/python3.8/site-packages/airflow/example_dags/tutorial.py took 0.114 seconds
[2024-02-18T13:27:52.796+0000] {processor.py:161} INFO - Started process (PID=869) to work on /home/airflow/.local/lib/python3.8/site-packages/airflow/example_dags/tutorial.py
[2024-02-18T13:27:52.798+0000] {processor.py:830} INFO - Processing file /home/airflow/.local/lib/python3.8/site-packages/airflow/example_dags/tutorial.py for tasks to queue
[2024-02-18T13:27:52.801+0000] {logging_mixin.py:188} INFO - [2024-02-18T13:27:52.801+0000] {dagbag.py:538} INFO - Filling up the DagBag from /home/airflow/.local/lib/python3.8/site-packages/airflow/example_dags/tutorial.py
[2024-02-18T13:27:52.810+0000] {processor.py:840} INFO - DAG(s) 'tutorial' retrieved from /home/airflow/.local/lib/python3.8/site-packages/airflow/example_dags/tutorial.py
[2024-02-18T13:27:52.848+0000] {logging_mixin.py:188} INFO - [2024-02-18T13:27:52.847+0000] {dag.py:3036} INFO - Sync 1 DAGs
[2024-02-18T13:27:52.887+0000] {logging_mixin.py:188} INFO - [2024-02-18T13:27:52.886+0000] {dag.py:3823} INFO - Setting next_dagrun for tutorial to 2024-02-17 00:00:00+00:00, run_after=2024-02-18 00:00:00+00:00
[2024-02-18T13:27:52.925+0000] {processor.py:183} INFO - Processing /home/airflow/.local/lib/python3.8/site-packages/airflow/example_dags/tutorial.py took 0.133 seconds
