[2024-02-18T13:20:16.216+0000] {processor.py:161} INFO - Started process (PID=49) to work on /home/airflow/.local/lib/python3.8/site-packages/airflow/example_dags/tutorial_dag.py
[2024-02-18T13:20:16.218+0000] {processor.py:830} INFO - Processing file /home/airflow/.local/lib/python3.8/site-packages/airflow/example_dags/tutorial_dag.py for tasks to queue
[2024-02-18T13:20:16.224+0000] {logging_mixin.py:188} INFO - [2024-02-18T13:20:16.223+0000] {dagbag.py:538} INFO - Filling up the DagBag from /home/airflow/.local/lib/python3.8/site-packages/airflow/example_dags/tutorial_dag.py
[2024-02-18T13:20:16.237+0000] {processor.py:840} INFO - DAG(s) 'tutorial_dag' retrieved from /home/airflow/.local/lib/python3.8/site-packages/airflow/example_dags/tutorial_dag.py
[2024-02-18T13:20:16.308+0000] {logging_mixin.py:188} INFO - [2024-02-18T13:20:16.307+0000] {dag.py:3036} INFO - Sync 1 DAGs
[2024-02-18T13:20:16.333+0000] {logging_mixin.py:188} INFO - [2024-02-18T13:20:16.332+0000] {dag.py:3823} INFO - Setting next_dagrun for tutorial_dag to None, run_after=None
[2024-02-18T13:20:16.373+0000] {processor.py:183} INFO - Processing /home/airflow/.local/lib/python3.8/site-packages/airflow/example_dags/tutorial_dag.py took 0.163 seconds
[2024-02-18T13:20:46.670+0000] {processor.py:161} INFO - Started process (PID=104) to work on /home/airflow/.local/lib/python3.8/site-packages/airflow/example_dags/tutorial_dag.py
[2024-02-18T13:20:46.672+0000] {processor.py:830} INFO - Processing file /home/airflow/.local/lib/python3.8/site-packages/airflow/example_dags/tutorial_dag.py for tasks to queue
[2024-02-18T13:20:46.677+0000] {logging_mixin.py:188} INFO - [2024-02-18T13:20:46.676+0000] {dagbag.py:538} INFO - Filling up the DagBag from /home/airflow/.local/lib/python3.8/site-packages/airflow/example_dags/tutorial_dag.py
[2024-02-18T13:20:46.687+0000] {processor.py:840} INFO - DAG(s) 'tutorial_dag' retrieved from /home/airflow/.local/lib/python3.8/site-packages/airflow/example_dags/tutorial_dag.py
[2024-02-18T13:20:46.727+0000] {logging_mixin.py:188} INFO - [2024-02-18T13:20:46.726+0000] {dag.py:3036} INFO - Sync 1 DAGs
[2024-02-18T13:20:46.752+0000] {logging_mixin.py:188} INFO - [2024-02-18T13:20:46.751+0000] {dag.py:3823} INFO - Setting next_dagrun for tutorial_dag to None, run_after=None
[2024-02-18T13:20:46.789+0000] {processor.py:183} INFO - Processing /home/airflow/.local/lib/python3.8/site-packages/airflow/example_dags/tutorial_dag.py took 0.124 seconds
[2024-02-18T13:21:17.380+0000] {processor.py:161} INFO - Started process (PID=159) to work on /home/airflow/.local/lib/python3.8/site-packages/airflow/example_dags/tutorial_dag.py
[2024-02-18T13:21:17.382+0000] {processor.py:830} INFO - Processing file /home/airflow/.local/lib/python3.8/site-packages/airflow/example_dags/tutorial_dag.py for tasks to queue
[2024-02-18T13:21:17.386+0000] {logging_mixin.py:188} INFO - [2024-02-18T13:21:17.385+0000] {dagbag.py:538} INFO - Filling up the DagBag from /home/airflow/.local/lib/python3.8/site-packages/airflow/example_dags/tutorial_dag.py
[2024-02-18T13:21:17.394+0000] {processor.py:840} INFO - DAG(s) 'tutorial_dag' retrieved from /home/airflow/.local/lib/python3.8/site-packages/airflow/example_dags/tutorial_dag.py
[2024-02-18T13:21:17.430+0000] {logging_mixin.py:188} INFO - [2024-02-18T13:21:17.429+0000] {dag.py:3036} INFO - Sync 1 DAGs
[2024-02-18T13:21:17.459+0000] {logging_mixin.py:188} INFO - [2024-02-18T13:21:17.458+0000] {dag.py:3823} INFO - Setting next_dagrun for tutorial_dag to None, run_after=None
[2024-02-18T13:21:17.493+0000] {processor.py:183} INFO - Processing /home/airflow/.local/lib/python3.8/site-packages/airflow/example_dags/tutorial_dag.py took 0.118 seconds
[2024-02-18T13:21:47.812+0000] {processor.py:161} INFO - Started process (PID=214) to work on /home/airflow/.local/lib/python3.8/site-packages/airflow/example_dags/tutorial_dag.py
[2024-02-18T13:21:47.813+0000] {processor.py:830} INFO - Processing file /home/airflow/.local/lib/python3.8/site-packages/airflow/example_dags/tutorial_dag.py for tasks to queue
[2024-02-18T13:21:47.818+0000] {logging_mixin.py:188} INFO - [2024-02-18T13:21:47.818+0000] {dagbag.py:538} INFO - Filling up the DagBag from /home/airflow/.local/lib/python3.8/site-packages/airflow/example_dags/tutorial_dag.py
[2024-02-18T13:21:47.831+0000] {processor.py:840} INFO - DAG(s) 'tutorial_dag' retrieved from /home/airflow/.local/lib/python3.8/site-packages/airflow/example_dags/tutorial_dag.py
[2024-02-18T13:21:47.885+0000] {logging_mixin.py:188} INFO - [2024-02-18T13:21:47.884+0000] {dag.py:3036} INFO - Sync 1 DAGs
[2024-02-18T13:21:47.918+0000] {logging_mixin.py:188} INFO - [2024-02-18T13:21:47.917+0000] {dag.py:3823} INFO - Setting next_dagrun for tutorial_dag to None, run_after=None
[2024-02-18T13:21:47.965+0000] {processor.py:183} INFO - Processing /home/airflow/.local/lib/python3.8/site-packages/airflow/example_dags/tutorial_dag.py took 0.159 seconds
[2024-02-18T13:22:18.511+0000] {processor.py:161} INFO - Started process (PID=269) to work on /home/airflow/.local/lib/python3.8/site-packages/airflow/example_dags/tutorial_dag.py
[2024-02-18T13:22:18.513+0000] {processor.py:830} INFO - Processing file /home/airflow/.local/lib/python3.8/site-packages/airflow/example_dags/tutorial_dag.py for tasks to queue
[2024-02-18T13:22:18.517+0000] {logging_mixin.py:188} INFO - [2024-02-18T13:22:18.516+0000] {dagbag.py:538} INFO - Filling up the DagBag from /home/airflow/.local/lib/python3.8/site-packages/airflow/example_dags/tutorial_dag.py
[2024-02-18T13:22:18.528+0000] {processor.py:840} INFO - DAG(s) 'tutorial_dag' retrieved from /home/airflow/.local/lib/python3.8/site-packages/airflow/example_dags/tutorial_dag.py
[2024-02-18T13:22:18.565+0000] {logging_mixin.py:188} INFO - [2024-02-18T13:22:18.564+0000] {dag.py:3036} INFO - Sync 1 DAGs
[2024-02-18T13:22:18.587+0000] {logging_mixin.py:188} INFO - [2024-02-18T13:22:18.587+0000] {dag.py:3823} INFO - Setting next_dagrun for tutorial_dag to None, run_after=None
[2024-02-18T13:22:18.620+0000] {processor.py:183} INFO - Processing /home/airflow/.local/lib/python3.8/site-packages/airflow/example_dags/tutorial_dag.py took 0.114 seconds
[2024-02-18T13:22:49.262+0000] {processor.py:161} INFO - Started process (PID=324) to work on /home/airflow/.local/lib/python3.8/site-packages/airflow/example_dags/tutorial_dag.py
[2024-02-18T13:22:49.265+0000] {processor.py:830} INFO - Processing file /home/airflow/.local/lib/python3.8/site-packages/airflow/example_dags/tutorial_dag.py for tasks to queue
[2024-02-18T13:22:49.268+0000] {logging_mixin.py:188} INFO - [2024-02-18T13:22:49.267+0000] {dagbag.py:538} INFO - Filling up the DagBag from /home/airflow/.local/lib/python3.8/site-packages/airflow/example_dags/tutorial_dag.py
[2024-02-18T13:22:49.277+0000] {processor.py:840} INFO - DAG(s) 'tutorial_dag' retrieved from /home/airflow/.local/lib/python3.8/site-packages/airflow/example_dags/tutorial_dag.py
[2024-02-18T13:22:49.315+0000] {logging_mixin.py:188} INFO - [2024-02-18T13:22:49.315+0000] {dag.py:3036} INFO - Sync 1 DAGs
[2024-02-18T13:22:49.338+0000] {logging_mixin.py:188} INFO - [2024-02-18T13:22:49.337+0000] {dag.py:3823} INFO - Setting next_dagrun for tutorial_dag to None, run_after=None
[2024-02-18T13:22:49.378+0000] {processor.py:183} INFO - Processing /home/airflow/.local/lib/python3.8/site-packages/airflow/example_dags/tutorial_dag.py took 0.122 seconds
[2024-02-18T13:23:19.627+0000] {processor.py:161} INFO - Started process (PID=379) to work on /home/airflow/.local/lib/python3.8/site-packages/airflow/example_dags/tutorial_dag.py
[2024-02-18T13:23:19.629+0000] {processor.py:830} INFO - Processing file /home/airflow/.local/lib/python3.8/site-packages/airflow/example_dags/tutorial_dag.py for tasks to queue
[2024-02-18T13:23:19.632+0000] {logging_mixin.py:188} INFO - [2024-02-18T13:23:19.632+0000] {dagbag.py:538} INFO - Filling up the DagBag from /home/airflow/.local/lib/python3.8/site-packages/airflow/example_dags/tutorial_dag.py
[2024-02-18T13:23:19.642+0000] {processor.py:840} INFO - DAG(s) 'tutorial_dag' retrieved from /home/airflow/.local/lib/python3.8/site-packages/airflow/example_dags/tutorial_dag.py
[2024-02-18T13:23:19.682+0000] {logging_mixin.py:188} INFO - [2024-02-18T13:23:19.682+0000] {dag.py:3036} INFO - Sync 1 DAGs
[2024-02-18T13:23:19.707+0000] {logging_mixin.py:188} INFO - [2024-02-18T13:23:19.707+0000] {dag.py:3823} INFO - Setting next_dagrun for tutorial_dag to None, run_after=None
[2024-02-18T13:23:19.745+0000] {processor.py:183} INFO - Processing /home/airflow/.local/lib/python3.8/site-packages/airflow/example_dags/tutorial_dag.py took 0.126 seconds
[2024-02-18T13:23:49.931+0000] {processor.py:161} INFO - Started process (PID=434) to work on /home/airflow/.local/lib/python3.8/site-packages/airflow/example_dags/tutorial_dag.py
[2024-02-18T13:23:49.932+0000] {processor.py:830} INFO - Processing file /home/airflow/.local/lib/python3.8/site-packages/airflow/example_dags/tutorial_dag.py for tasks to queue
[2024-02-18T13:23:49.936+0000] {logging_mixin.py:188} INFO - [2024-02-18T13:23:49.935+0000] {dagbag.py:538} INFO - Filling up the DagBag from /home/airflow/.local/lib/python3.8/site-packages/airflow/example_dags/tutorial_dag.py
[2024-02-18T13:23:49.947+0000] {processor.py:840} INFO - DAG(s) 'tutorial_dag' retrieved from /home/airflow/.local/lib/python3.8/site-packages/airflow/example_dags/tutorial_dag.py
[2024-02-18T13:23:49.986+0000] {logging_mixin.py:188} INFO - [2024-02-18T13:23:49.986+0000] {dag.py:3036} INFO - Sync 1 DAGs
[2024-02-18T13:23:50.010+0000] {logging_mixin.py:188} INFO - [2024-02-18T13:23:50.009+0000] {dag.py:3823} INFO - Setting next_dagrun for tutorial_dag to None, run_after=None
[2024-02-18T13:23:50.040+0000] {processor.py:183} INFO - Processing /home/airflow/.local/lib/python3.8/site-packages/airflow/example_dags/tutorial_dag.py took 0.114 seconds
[2024-02-18T13:24:20.347+0000] {processor.py:161} INFO - Started process (PID=489) to work on /home/airflow/.local/lib/python3.8/site-packages/airflow/example_dags/tutorial_dag.py
[2024-02-18T13:24:20.349+0000] {processor.py:830} INFO - Processing file /home/airflow/.local/lib/python3.8/site-packages/airflow/example_dags/tutorial_dag.py for tasks to queue
[2024-02-18T13:24:20.352+0000] {logging_mixin.py:188} INFO - [2024-02-18T13:24:20.351+0000] {dagbag.py:538} INFO - Filling up the DagBag from /home/airflow/.local/lib/python3.8/site-packages/airflow/example_dags/tutorial_dag.py
[2024-02-18T13:24:20.361+0000] {processor.py:840} INFO - DAG(s) 'tutorial_dag' retrieved from /home/airflow/.local/lib/python3.8/site-packages/airflow/example_dags/tutorial_dag.py
[2024-02-18T13:24:20.395+0000] {logging_mixin.py:188} INFO - [2024-02-18T13:24:20.395+0000] {dag.py:3036} INFO - Sync 1 DAGs
[2024-02-18T13:24:20.415+0000] {logging_mixin.py:188} INFO - [2024-02-18T13:24:20.414+0000] {dag.py:3823} INFO - Setting next_dagrun for tutorial_dag to None, run_after=None
[2024-02-18T13:24:20.449+0000] {processor.py:183} INFO - Processing /home/airflow/.local/lib/python3.8/site-packages/airflow/example_dags/tutorial_dag.py took 0.107 seconds
[2024-02-18T13:24:50.686+0000] {processor.py:161} INFO - Started process (PID=544) to work on /home/airflow/.local/lib/python3.8/site-packages/airflow/example_dags/tutorial_dag.py
[2024-02-18T13:24:50.688+0000] {processor.py:830} INFO - Processing file /home/airflow/.local/lib/python3.8/site-packages/airflow/example_dags/tutorial_dag.py for tasks to queue
[2024-02-18T13:24:50.691+0000] {logging_mixin.py:188} INFO - [2024-02-18T13:24:50.690+0000] {dagbag.py:538} INFO - Filling up the DagBag from /home/airflow/.local/lib/python3.8/site-packages/airflow/example_dags/tutorial_dag.py
[2024-02-18T13:24:50.700+0000] {processor.py:840} INFO - DAG(s) 'tutorial_dag' retrieved from /home/airflow/.local/lib/python3.8/site-packages/airflow/example_dags/tutorial_dag.py
[2024-02-18T13:24:50.736+0000] {logging_mixin.py:188} INFO - [2024-02-18T13:24:50.736+0000] {dag.py:3036} INFO - Sync 1 DAGs
[2024-02-18T13:24:50.758+0000] {logging_mixin.py:188} INFO - [2024-02-18T13:24:50.758+0000] {dag.py:3823} INFO - Setting next_dagrun for tutorial_dag to None, run_after=None
[2024-02-18T13:24:50.793+0000] {processor.py:183} INFO - Processing /home/airflow/.local/lib/python3.8/site-packages/airflow/example_dags/tutorial_dag.py took 0.113 seconds
[2024-02-18T13:25:20.906+0000] {processor.py:161} INFO - Started process (PID=598) to work on /home/airflow/.local/lib/python3.8/site-packages/airflow/example_dags/tutorial_dag.py
[2024-02-18T13:25:20.907+0000] {processor.py:830} INFO - Processing file /home/airflow/.local/lib/python3.8/site-packages/airflow/example_dags/tutorial_dag.py for tasks to queue
[2024-02-18T13:25:20.913+0000] {logging_mixin.py:188} INFO - [2024-02-18T13:25:20.912+0000] {dagbag.py:538} INFO - Filling up the DagBag from /home/airflow/.local/lib/python3.8/site-packages/airflow/example_dags/tutorial_dag.py
[2024-02-18T13:25:20.922+0000] {processor.py:840} INFO - DAG(s) 'tutorial_dag' retrieved from /home/airflow/.local/lib/python3.8/site-packages/airflow/example_dags/tutorial_dag.py
[2024-02-18T13:25:20.955+0000] {logging_mixin.py:188} INFO - [2024-02-18T13:25:20.955+0000] {dag.py:3036} INFO - Sync 1 DAGs
[2024-02-18T13:25:20.973+0000] {logging_mixin.py:188} INFO - [2024-02-18T13:25:20.973+0000] {dag.py:3823} INFO - Setting next_dagrun for tutorial_dag to None, run_after=None
[2024-02-18T13:25:21.005+0000] {processor.py:183} INFO - Processing /home/airflow/.local/lib/python3.8/site-packages/airflow/example_dags/tutorial_dag.py took 0.104 seconds
[2024-02-18T13:25:51.215+0000] {processor.py:161} INFO - Started process (PID=653) to work on /home/airflow/.local/lib/python3.8/site-packages/airflow/example_dags/tutorial_dag.py
[2024-02-18T13:25:51.217+0000] {processor.py:830} INFO - Processing file /home/airflow/.local/lib/python3.8/site-packages/airflow/example_dags/tutorial_dag.py for tasks to queue
[2024-02-18T13:25:51.220+0000] {logging_mixin.py:188} INFO - [2024-02-18T13:25:51.220+0000] {dagbag.py:538} INFO - Filling up the DagBag from /home/airflow/.local/lib/python3.8/site-packages/airflow/example_dags/tutorial_dag.py
[2024-02-18T13:25:51.231+0000] {processor.py:840} INFO - DAG(s) 'tutorial_dag' retrieved from /home/airflow/.local/lib/python3.8/site-packages/airflow/example_dags/tutorial_dag.py
[2024-02-18T13:25:51.267+0000] {logging_mixin.py:188} INFO - [2024-02-18T13:25:51.266+0000] {dag.py:3036} INFO - Sync 1 DAGs
[2024-02-18T13:25:51.287+0000] {logging_mixin.py:188} INFO - [2024-02-18T13:25:51.287+0000] {dag.py:3823} INFO - Setting next_dagrun for tutorial_dag to None, run_after=None
[2024-02-18T13:25:51.326+0000] {processor.py:183} INFO - Processing /home/airflow/.local/lib/python3.8/site-packages/airflow/example_dags/tutorial_dag.py took 0.115 seconds
[2024-02-18T13:26:21.573+0000] {processor.py:161} INFO - Started process (PID=708) to work on /home/airflow/.local/lib/python3.8/site-packages/airflow/example_dags/tutorial_dag.py
[2024-02-18T13:26:21.574+0000] {processor.py:830} INFO - Processing file /home/airflow/.local/lib/python3.8/site-packages/airflow/example_dags/tutorial_dag.py for tasks to queue
[2024-02-18T13:26:21.578+0000] {logging_mixin.py:188} INFO - [2024-02-18T13:26:21.577+0000] {dagbag.py:538} INFO - Filling up the DagBag from /home/airflow/.local/lib/python3.8/site-packages/airflow/example_dags/tutorial_dag.py
[2024-02-18T13:26:21.586+0000] {processor.py:840} INFO - DAG(s) 'tutorial_dag' retrieved from /home/airflow/.local/lib/python3.8/site-packages/airflow/example_dags/tutorial_dag.py
[2024-02-18T13:26:21.619+0000] {logging_mixin.py:188} INFO - [2024-02-18T13:26:21.618+0000] {dag.py:3036} INFO - Sync 1 DAGs
[2024-02-18T13:26:21.638+0000] {logging_mixin.py:188} INFO - [2024-02-18T13:26:21.637+0000] {dag.py:3823} INFO - Setting next_dagrun for tutorial_dag to None, run_after=None
[2024-02-18T13:26:21.668+0000] {processor.py:183} INFO - Processing /home/airflow/.local/lib/python3.8/site-packages/airflow/example_dags/tutorial_dag.py took 0.100 seconds
[2024-02-18T13:26:52.320+0000] {processor.py:161} INFO - Started process (PID=763) to work on /home/airflow/.local/lib/python3.8/site-packages/airflow/example_dags/tutorial_dag.py
[2024-02-18T13:26:52.322+0000] {processor.py:830} INFO - Processing file /home/airflow/.local/lib/python3.8/site-packages/airflow/example_dags/tutorial_dag.py for tasks to queue
[2024-02-18T13:26:52.325+0000] {logging_mixin.py:188} INFO - [2024-02-18T13:26:52.325+0000] {dagbag.py:538} INFO - Filling up the DagBag from /home/airflow/.local/lib/python3.8/site-packages/airflow/example_dags/tutorial_dag.py
[2024-02-18T13:26:52.334+0000] {processor.py:840} INFO - DAG(s) 'tutorial_dag' retrieved from /home/airflow/.local/lib/python3.8/site-packages/airflow/example_dags/tutorial_dag.py
[2024-02-18T13:26:52.364+0000] {logging_mixin.py:188} INFO - [2024-02-18T13:26:52.363+0000] {dag.py:3036} INFO - Sync 1 DAGs
[2024-02-18T13:26:52.388+0000] {logging_mixin.py:188} INFO - [2024-02-18T13:26:52.387+0000] {dag.py:3823} INFO - Setting next_dagrun for tutorial_dag to None, run_after=None
[2024-02-18T13:26:52.418+0000] {processor.py:183} INFO - Processing /home/airflow/.local/lib/python3.8/site-packages/airflow/example_dags/tutorial_dag.py took 0.102 seconds
[2024-02-18T13:27:22.676+0000] {processor.py:161} INFO - Started process (PID=818) to work on /home/airflow/.local/lib/python3.8/site-packages/airflow/example_dags/tutorial_dag.py
[2024-02-18T13:27:22.678+0000] {processor.py:830} INFO - Processing file /home/airflow/.local/lib/python3.8/site-packages/airflow/example_dags/tutorial_dag.py for tasks to queue
[2024-02-18T13:27:22.681+0000] {logging_mixin.py:188} INFO - [2024-02-18T13:27:22.681+0000] {dagbag.py:538} INFO - Filling up the DagBag from /home/airflow/.local/lib/python3.8/site-packages/airflow/example_dags/tutorial_dag.py
[2024-02-18T13:27:22.690+0000] {processor.py:840} INFO - DAG(s) 'tutorial_dag' retrieved from /home/airflow/.local/lib/python3.8/site-packages/airflow/example_dags/tutorial_dag.py
[2024-02-18T13:27:22.723+0000] {logging_mixin.py:188} INFO - [2024-02-18T13:27:22.723+0000] {dag.py:3036} INFO - Sync 1 DAGs
[2024-02-18T13:27:22.743+0000] {logging_mixin.py:188} INFO - [2024-02-18T13:27:22.743+0000] {dag.py:3823} INFO - Setting next_dagrun for tutorial_dag to None, run_after=None
[2024-02-18T13:27:22.778+0000] {processor.py:183} INFO - Processing /home/airflow/.local/lib/python3.8/site-packages/airflow/example_dags/tutorial_dag.py took 0.106 seconds
[2024-02-18T13:27:53.190+0000] {processor.py:161} INFO - Started process (PID=873) to work on /home/airflow/.local/lib/python3.8/site-packages/airflow/example_dags/tutorial_dag.py
[2024-02-18T13:27:53.192+0000] {processor.py:830} INFO - Processing file /home/airflow/.local/lib/python3.8/site-packages/airflow/example_dags/tutorial_dag.py for tasks to queue
[2024-02-18T13:27:53.195+0000] {logging_mixin.py:188} INFO - [2024-02-18T13:27:53.194+0000] {dagbag.py:538} INFO - Filling up the DagBag from /home/airflow/.local/lib/python3.8/site-packages/airflow/example_dags/tutorial_dag.py
[2024-02-18T13:27:53.204+0000] {processor.py:840} INFO - DAG(s) 'tutorial_dag' retrieved from /home/airflow/.local/lib/python3.8/site-packages/airflow/example_dags/tutorial_dag.py
[2024-02-18T13:27:53.238+0000] {logging_mixin.py:188} INFO - [2024-02-18T13:27:53.237+0000] {dag.py:3036} INFO - Sync 1 DAGs
[2024-02-18T13:27:53.257+0000] {logging_mixin.py:188} INFO - [2024-02-18T13:27:53.256+0000] {dag.py:3823} INFO - Setting next_dagrun for tutorial_dag to None, run_after=None
[2024-02-18T13:27:53.292+0000] {processor.py:183} INFO - Processing /home/airflow/.local/lib/python3.8/site-packages/airflow/example_dags/tutorial_dag.py took 0.106 seconds
